[0.017s] Invoking command in '/home/jowi/dev_ws/build/gpio_controllers': AMENT_PREFIX_PATH=/home/jowi/dev_ws/install/controller_manager:/home/jowi/dev_ws/install/hardware_interface_testing:/home/jowi/dev_ws/install/controller_interface:/home/jowi/dev_ws/install/hardware_interface:/home/jowi/dev_ws/install/ros2_control_test_assets:/home/jowi/dev_ws/install/controller_manager_msgs:${AMENT_PREFIX_PATH} CMAKE_PREFIX_PATH=/home/jowi/dev_ws/install/controller_manager:/home/jowi/dev_ws/install/hardware_interface_testing:/home/jowi/dev_ws/install/controller_interface:/home/jowi/dev_ws/install/hardware_interface:/home/jowi/dev_ws/install/ros2_control_test_assets:/home/jowi/dev_ws/install/controller_manager_msgs:/home/jowi/dev_ws/install/columbus:/opt/ros/humble LD_LIBRARY_PATH=/home/jowi/dev_ws/install/controller_manager/lib:/home/jowi/dev_ws/install/hardware_interface_testing/lib:/home/jowi/dev_ws/install/controller_interface/lib:/home/jowi/dev_ws/install/hardware_interface/lib:/home/jowi/dev_ws/install/controller_manager_msgs/lib:${LD_LIBRARY_PATH} PYTHONPATH=/home/jowi/dev_ws/install/controller_manager/local/lib/python3.10/dist-packages:/home/jowi/dev_ws/install/controller_manager_msgs/local/lib/python3.10/dist-packages:${PYTHONPATH} /usr/local/bin/cmake /home/jowi/dev_ws/src/ros2_controllers/gpio_controllers -DAMENT_CMAKE_SYMLINK_INSTALL=1 -DCMAKE_INSTALL_PREFIX=/home/jowi/dev_ws/install/gpio_controllers
[0.067s] -- The C compiler identification is GNU 11.4.0
[0.134s] -- The CXX compiler identification is GNU 11.4.0
[0.147s] -- Detecting C compiler ABI info
[0.222s] -- Detecting C compiler ABI info - done
[0.242s] -- Check for working C compiler: /usr/bin/cc - skipped
[0.242s] -- Detecting C compile features
[0.243s] -- Detecting C compile features - done
[0.248s] -- Detecting CXX compiler ABI info
[0.335s] -- Detecting CXX compiler ABI info - done
[0.357s] -- Check for working CXX compiler: /usr/bin/c++ - skipped
[0.357s] -- Detecting CXX compile features
[0.358s] -- Detecting CXX compile features - done
[0.363s] -- Found ament_cmake: 1.3.11 (/opt/ros/humble/share/ament_cmake/cmake)
[0.606s] -- Found Python3: /usr/bin/python3 (found version "3.10.12") found components: Interpreter 
[0.709s] -- Override CMake install command with custom implementation using symlinks instead of copying resources
[0.746s] -- Found controller_interface: 2.48.0 (/home/jowi/dev_ws/install/controller_interface/share/controller_interface/cmake)
[0.808s] -- Found rosidl_generator_c: 3.1.6 (/opt/ros/humble/share/rosidl_generator_c/cmake)
[0.816s] -- Found rosidl_adapter: 3.1.6 (/opt/ros/humble/share/rosidl_adapter/cmake)
[0.830s] -- Found rosidl_generator_cpp: 3.1.6 (/opt/ros/humble/share/rosidl_generator_cpp/cmake)
[0.852s] -- Using all available rosidl_typesupport_c: rosidl_typesupport_fastrtps_c;rosidl_typesupport_introspection_c
[0.881s] -- Using all available rosidl_typesupport_cpp: rosidl_typesupport_fastrtps_cpp;rosidl_typesupport_introspection_cpp
[1.289s] -- Found rmw_implementation_cmake: 6.1.2 (/opt/ros/humble/share/rmw_implementation_cmake/cmake)
[1.295s] -- Found rmw_fastrtps_cpp: 6.2.7 (/opt/ros/humble/share/rmw_fastrtps_cpp/cmake)
[1.342s] -- Found TinyXML2 via Config file: TinyXML2_DIR-NOTFOUND
[1.420s] -- Found OpenSSL: /usr/lib/x86_64-linux-gnu/libcrypto.so (found version "3.0.2")  
[1.426s] -- Found TinyXML2 via Config file: TinyXML2_DIR-NOTFOUND
[1.452s] -- Found FastRTPS: /opt/ros/humble/include  
[1.459s] -- Found TinyXML2 via Config file: TinyXML2_DIR-NOTFOUND
[1.471s] -- Found TinyXML2 via Config file: TinyXML2_DIR-NOTFOUND
[1.488s] -- Using RMW implementation 'rmw_fastrtps_cpp' as default
[1.507s] -- Performing Test CMAKE_HAVE_LIBC_PTHREAD
[1.585s] -- Performing Test CMAKE_HAVE_LIBC_PTHREAD - Success
[1.586s] -- Found Threads: TRUE  
[1.680s] -- Found realtime_tools: 2.11.0 (/opt/ros/humble/share/realtime_tools/cmake)
[1.707s] -- Found generate_parameter_library: 0.4.0 (/opt/ros/humble/share/generate_parameter_library/cmake)
[1.710s] -- Found parameter_traits: 0.4.0 (/opt/ros/humble/share/parameter_traits/cmake)
[1.773s] -- Found ament_cmake_gmock: 1.3.11 (/opt/ros/humble/share/ament_cmake_gmock/cmake)
[1.775s] -- Found controller_manager: 2.48.0 (/home/jowi/dev_ws/install/controller_manager/share/controller_manager/cmake)
[1.833s] -- Found ros2_control_test_assets: 2.48.0 (/home/jowi/dev_ws/install/ros2_control_test_assets/share/ros2_control_test_assets/cmake)
[1.838s] -- Found gmock sources under '/opt/ros/humble/src/gmock_vendor': C++ tests using 'Google Mock' will be built
[1.845s] -- Found ament_cmake_gtest: 1.3.11 (/opt/ros/humble/share/ament_cmake_gtest/cmake)
[1.847s] -- Found gtest sources under '/opt/ros/humble/src/gtest_vendor': C++ tests using 'Google Test' will be built
[2.026s] -- Configuring done (2.0s)
[2.128s] -- Generating done (0.1s)
[2.143s] -- Build files have been written to: /home/jowi/dev_ws/build/gpio_controllers
[2.162s] Invoked command in '/home/jowi/dev_ws/build/gpio_controllers' returned '0': AMENT_PREFIX_PATH=/home/jowi/dev_ws/install/controller_manager:/home/jowi/dev_ws/install/hardware_interface_testing:/home/jowi/dev_ws/install/controller_interface:/home/jowi/dev_ws/install/hardware_interface:/home/jowi/dev_ws/install/ros2_control_test_assets:/home/jowi/dev_ws/install/controller_manager_msgs:${AMENT_PREFIX_PATH} CMAKE_PREFIX_PATH=/home/jowi/dev_ws/install/controller_manager:/home/jowi/dev_ws/install/hardware_interface_testing:/home/jowi/dev_ws/install/controller_interface:/home/jowi/dev_ws/install/hardware_interface:/home/jowi/dev_ws/install/ros2_control_test_assets:/home/jowi/dev_ws/install/controller_manager_msgs:/home/jowi/dev_ws/install/columbus:/opt/ros/humble LD_LIBRARY_PATH=/home/jowi/dev_ws/install/controller_manager/lib:/home/jowi/dev_ws/install/hardware_interface_testing/lib:/home/jowi/dev_ws/install/controller_interface/lib:/home/jowi/dev_ws/install/hardware_interface/lib:/home/jowi/dev_ws/install/controller_manager_msgs/lib:${LD_LIBRARY_PATH} PYTHONPATH=/home/jowi/dev_ws/install/controller_manager/local/lib/python3.10/dist-packages:/home/jowi/dev_ws/install/controller_manager_msgs/local/lib/python3.10/dist-packages:${PYTHONPATH} /usr/local/bin/cmake /home/jowi/dev_ws/src/ros2_controllers/gpio_controllers -DAMENT_CMAKE_SYMLINK_INSTALL=1 -DCMAKE_INSTALL_PREFIX=/home/jowi/dev_ws/install/gpio_controllers
[2.165s] Invoking command in '/home/jowi/dev_ws/build/gpio_controllers': AMENT_PREFIX_PATH=/home/jowi/dev_ws/install/controller_manager:/home/jowi/dev_ws/install/hardware_interface_testing:/home/jowi/dev_ws/install/controller_interface:/home/jowi/dev_ws/install/hardware_interface:/home/jowi/dev_ws/install/ros2_control_test_assets:/home/jowi/dev_ws/install/controller_manager_msgs:${AMENT_PREFIX_PATH} CMAKE_PREFIX_PATH=/home/jowi/dev_ws/install/controller_manager:/home/jowi/dev_ws/install/hardware_interface_testing:/home/jowi/dev_ws/install/controller_interface:/home/jowi/dev_ws/install/hardware_interface:/home/jowi/dev_ws/install/ros2_control_test_assets:/home/jowi/dev_ws/install/controller_manager_msgs:/home/jowi/dev_ws/install/columbus:/opt/ros/humble LD_LIBRARY_PATH=/home/jowi/dev_ws/install/controller_manager/lib:/home/jowi/dev_ws/install/hardware_interface_testing/lib:/home/jowi/dev_ws/install/controller_interface/lib:/home/jowi/dev_ws/install/hardware_interface/lib:/home/jowi/dev_ws/install/controller_manager_msgs/lib:${LD_LIBRARY_PATH} PYTHONPATH=/home/jowi/dev_ws/install/controller_manager/local/lib/python3.10/dist-packages:/home/jowi/dev_ws/install/controller_manager_msgs/local/lib/python3.10/dist-packages:${PYTHONPATH} /usr/local/bin/cmake --build /home/jowi/dev_ws/build/gpio_controllers -- -j8 -l8
[2.201s] [  7%] [34m[1mRunning `/opt/ros/humble/bin/generate_parameter_library_cpp /home/jowi/dev_ws/build/gpio_controllers/include/gpio_controllers/gpio_command_controller_parameters.hpp /home/jowi/dev_ws/src/ros2_controllers/gpio_controllers/src/gpio_command_controller_parameters.yaml `[0m
[2.205s] [ 15%] [32mBuilding CXX object gmock/CMakeFiles/gmock.dir/src/gmock-all.cc.o[0m
[2.205s] [ 23%] [32mBuilding CXX object gmock/CMakeFiles/gmock.dir/opt/ros/humble/src/gtest_vendor/src/gtest-all.cc.o[0m
[2.205s] [ 30%] [32mBuilding CXX object gmock/CMakeFiles/gmock_main.dir/src/gmock_main.cc.o[0m
[2.924s] [ 38%] [34m[1mCreating deprecated header file /home/jowi/dev_ws/build/gpio_controllers/include/gpio_command_controller_parameters.hpp[0m
[2.962s] [ 38%] Built target gpio_command_controller_parameters
[2.987s] [ 46%] [32mBuilding CXX object CMakeFiles/gpio_controllers.dir/src/gpio_command_controller.cpp.o[0m
[3.672s] [ 53%] [32m[1mLinking CXX static library libgmock_main.a[0m
[3.696s] [ 53%] Built target gmock_main
[7.338s] [ 61%] [32m[1mLinking CXX static library libgmock.a[0m
[7.404s] [ 61%] Built target gmock
[7.419s] [ 69%] [32mBuilding CXX object CMakeFiles/test_load_gpio_command_controller.dir/test/test_load_gpio_command_controller.cpp.o[0m
[14.605s] [ 76%] [32m[1mLinking CXX executable test_load_gpio_command_controller[0m
[16.477s] [ 76%] Built target test_load_gpio_command_controller
[18.193s] [ 84%] [32m[1mLinking CXX shared library libgpio_controllers.so[0m
[18.919s] [ 84%] Built target gpio_controllers
[18.931s] [ 92%] [32mBuilding CXX object CMakeFiles/test_gpio_command_controller.dir/test/test_gpio_command_controller.cpp.o[0m
[37.374s] [100%] [32m[1mLinking CXX executable test_gpio_command_controller[0m
[38.622s] [100%] Built target test_gpio_command_controller
[38.629s] Invoked command in '/home/jowi/dev_ws/build/gpio_controllers' returned '0': AMENT_PREFIX_PATH=/home/jowi/dev_ws/install/controller_manager:/home/jowi/dev_ws/install/hardware_interface_testing:/home/jowi/dev_ws/install/controller_interface:/home/jowi/dev_ws/install/hardware_interface:/home/jowi/dev_ws/install/ros2_control_test_assets:/home/jowi/dev_ws/install/controller_manager_msgs:${AMENT_PREFIX_PATH} CMAKE_PREFIX_PATH=/home/jowi/dev_ws/install/controller_manager:/home/jowi/dev_ws/install/hardware_interface_testing:/home/jowi/dev_ws/install/controller_interface:/home/jowi/dev_ws/install/hardware_interface:/home/jowi/dev_ws/install/ros2_control_test_assets:/home/jowi/dev_ws/install/controller_manager_msgs:/home/jowi/dev_ws/install/columbus:/opt/ros/humble LD_LIBRARY_PATH=/home/jowi/dev_ws/install/controller_manager/lib:/home/jowi/dev_ws/install/hardware_interface_testing/lib:/home/jowi/dev_ws/install/controller_interface/lib:/home/jowi/dev_ws/install/hardware_interface/lib:/home/jowi/dev_ws/install/controller_manager_msgs/lib:${LD_LIBRARY_PATH} PYTHONPATH=/home/jowi/dev_ws/install/controller_manager/local/lib/python3.10/dist-packages:/home/jowi/dev_ws/install/controller_manager_msgs/local/lib/python3.10/dist-packages:${PYTHONPATH} /usr/local/bin/cmake --build /home/jowi/dev_ws/build/gpio_controllers -- -j8 -l8
[38.630s] Invoking command in '/home/jowi/dev_ws/build/gpio_controllers': AMENT_PREFIX_PATH=/home/jowi/dev_ws/install/controller_manager:/home/jowi/dev_ws/install/hardware_interface_testing:/home/jowi/dev_ws/install/controller_interface:/home/jowi/dev_ws/install/hardware_interface:/home/jowi/dev_ws/install/ros2_control_test_assets:/home/jowi/dev_ws/install/controller_manager_msgs:${AMENT_PREFIX_PATH} CMAKE_PREFIX_PATH=/home/jowi/dev_ws/install/controller_manager:/home/jowi/dev_ws/install/hardware_interface_testing:/home/jowi/dev_ws/install/controller_interface:/home/jowi/dev_ws/install/hardware_interface:/home/jowi/dev_ws/install/ros2_control_test_assets:/home/jowi/dev_ws/install/controller_manager_msgs:/home/jowi/dev_ws/install/columbus:/opt/ros/humble LD_LIBRARY_PATH=/home/jowi/dev_ws/install/controller_manager/lib:/home/jowi/dev_ws/install/hardware_interface_testing/lib:/home/jowi/dev_ws/install/controller_interface/lib:/home/jowi/dev_ws/install/hardware_interface/lib:/home/jowi/dev_ws/install/controller_manager_msgs/lib:${LD_LIBRARY_PATH} PYTHONPATH=/home/jowi/dev_ws/install/controller_manager/local/lib/python3.10/dist-packages:/home/jowi/dev_ws/install/controller_manager_msgs/local/lib/python3.10/dist-packages:${PYTHONPATH} /usr/local/bin/cmake --install /home/jowi/dev_ws/build/gpio_controllers
[38.634s] -- Install configuration: ""
[38.635s] -- Execute custom install script
[38.635s] -- Symlinking: /home/jowi/dev_ws/install/gpio_controllers/include/gpio_controllers/gpio_command_controller_parameters.hpp
[38.640s] -- Symlinking: /home/jowi/dev_ws/install/gpio_controllers/share/gpio_controllers//gpio_controllers_plugin.xml
[38.644s] -- Symlinking: /home/jowi/dev_ws/install/gpio_controllers/include/gpio_controllers/gpio_command_controller.hpp
[38.648s] -- Symlinking: /home/jowi/dev_ws/install/gpio_controllers/include/gpio_controllers/visibility_control.h
[38.652s] -- Symlinking: /home/jowi/dev_ws/install/gpio_controllers/lib/libgpio_controllers.so
[38.656s] -- Symlinking: /home/jowi/dev_ws/install/gpio_controllers/share/gpio_controllers/environment/library_path.sh
[38.660s] -- Symlinking: /home/jowi/dev_ws/install/gpio_controllers/share/gpio_controllers/environment/library_path.dsv
[38.663s] -- Symlinking: /home/jowi/dev_ws/install/gpio_controllers/share/ament_index/resource_index/package_run_dependencies/gpio_controllers
[38.668s] -- Symlinking: /home/jowi/dev_ws/install/gpio_controllers/share/ament_index/resource_index/parent_prefix_path/gpio_controllers
[38.672s] -- Symlinking: /home/jowi/dev_ws/install/gpio_controllers/share/gpio_controllers/environment/ament_prefix_path.sh
[38.677s] -- Symlinking: /home/jowi/dev_ws/install/gpio_controllers/share/gpio_controllers/environment/ament_prefix_path.dsv
[38.681s] -- Symlinking: /home/jowi/dev_ws/install/gpio_controllers/share/gpio_controllers/environment/path.sh
[38.685s] -- Symlinking: /home/jowi/dev_ws/install/gpio_controllers/share/gpio_controllers/environment/path.dsv
[38.689s] -- Symlinking: /home/jowi/dev_ws/install/gpio_controllers/share/gpio_controllers/local_setup.bash
[38.692s] -- Symlinking: /home/jowi/dev_ws/install/gpio_controllers/share/gpio_controllers/local_setup.sh
[38.696s] -- Symlinking: /home/jowi/dev_ws/install/gpio_controllers/share/gpio_controllers/local_setup.zsh
[38.700s] -- Symlinking: /home/jowi/dev_ws/install/gpio_controllers/share/gpio_controllers/local_setup.dsv
[38.704s] -- Symlinking: /home/jowi/dev_ws/install/gpio_controllers/share/gpio_controllers/package.dsv
[38.708s] -- Symlinking: /home/jowi/dev_ws/install/gpio_controllers/share/ament_index/resource_index/packages/gpio_controllers
[38.712s] -- Symlinking: /home/jowi/dev_ws/install/gpio_controllers/share/ament_index/resource_index/controller_interface__pluginlib__plugin/gpio_controllers
[38.716s] -- Symlinking: /home/jowi/dev_ws/install/gpio_controllers/share/gpio_controllers/cmake/ament_cmake_export_dependencies-extras.cmake
[38.720s] -- Symlinking: /home/jowi/dev_ws/install/gpio_controllers/share/gpio_controllers/cmake/ament_cmake_export_include_directories-extras.cmake
[38.724s] -- Symlinking: /home/jowi/dev_ws/install/gpio_controllers/share/gpio_controllers/cmake/ament_cmake_export_libraries-extras.cmake
[38.728s] -- Symlinking: /home/jowi/dev_ws/install/gpio_controllers/share/gpio_controllers/cmake/gpio_controllersConfig.cmake
[38.732s] -- Symlinking: /home/jowi/dev_ws/install/gpio_controllers/share/gpio_controllers/cmake/gpio_controllersConfig-version.cmake
[38.736s] -- Symlinking: /home/jowi/dev_ws/install/gpio_controllers/share/gpio_controllers/package.xml
[38.742s] Invoked command in '/home/jowi/dev_ws/build/gpio_controllers' returned '0': AMENT_PREFIX_PATH=/home/jowi/dev_ws/install/controller_manager:/home/jowi/dev_ws/install/hardware_interface_testing:/home/jowi/dev_ws/install/controller_interface:/home/jowi/dev_ws/install/hardware_interface:/home/jowi/dev_ws/install/ros2_control_test_assets:/home/jowi/dev_ws/install/controller_manager_msgs:${AMENT_PREFIX_PATH} CMAKE_PREFIX_PATH=/home/jowi/dev_ws/install/controller_manager:/home/jowi/dev_ws/install/hardware_interface_testing:/home/jowi/dev_ws/install/controller_interface:/home/jowi/dev_ws/install/hardware_interface:/home/jowi/dev_ws/install/ros2_control_test_assets:/home/jowi/dev_ws/install/controller_manager_msgs:/home/jowi/dev_ws/install/columbus:/opt/ros/humble LD_LIBRARY_PATH=/home/jowi/dev_ws/install/controller_manager/lib:/home/jowi/dev_ws/install/hardware_interface_testing/lib:/home/jowi/dev_ws/install/controller_interface/lib:/home/jowi/dev_ws/install/hardware_interface/lib:/home/jowi/dev_ws/install/controller_manager_msgs/lib:${LD_LIBRARY_PATH} PYTHONPATH=/home/jowi/dev_ws/install/controller_manager/local/lib/python3.10/dist-packages:/home/jowi/dev_ws/install/controller_manager_msgs/local/lib/python3.10/dist-packages:${PYTHONPATH} /usr/local/bin/cmake --install /home/jowi/dev_ws/build/gpio_controllers
