[0.015s] Invoking command in '/home/jowi/dev_ws/build/controller_manager_msgs': CMAKE_PREFIX_PATH=${CMAKE_PREFIX_PATH}:/opt/ros/humble /usr/local/bin/cmake --build /home/jowi/dev_ws/build/controller_manager_msgs -- -j8 -l8
[0.061s] [  0%] Built target controller_manager_msgs__cpp
[0.065s] [  0%] Built target ament_cmake_python_symlink_controller_manager_msgs
[0.089s] [ 12%] Built target controller_manager_msgs__rosidl_generator_c
[0.121s] [ 24%] Built target controller_manager_msgs__rosidl_typesupport_cpp
[0.125s] [ 36%] Built target controller_manager_msgs__rosidl_typesupport_c
[0.128s] [ 48%] Built target controller_manager_msgs__rosidl_typesupport_introspection_cpp
[0.139s] [ 60%] Built target controller_manager_msgs__rosidl_typesupport_introspection_c
[0.140s] [ 72%] Built target controller_manager_msgs__rosidl_typesupport_fastrtps_c
[0.142s] [ 84%] Built target controller_manager_msgs__rosidl_typesupport_fastrtps_cpp
[0.156s] [ 84%] Built target controller_manager_msgs
[0.167s] [ 85%] Built target controller_manager_msgs__py
[0.194s] [ 96%] Built target controller_manager_msgs__rosidl_generator_py
[0.213s] [ 97%] Built target controller_manager_msgs__rosidl_typesupport_fastrtps_c__pyext
[0.214s] [ 99%] Built target controller_manager_msgs__rosidl_typesupport_introspection_c__pyext
[0.215s] [100%] Built target controller_manager_msgs__rosidl_typesupport_c__pyext
[0.429s] running egg_info
[0.435s] writing controller_manager_msgs.egg-info/PKG-INFO
[0.435s] writing dependency_links to controller_manager_msgs.egg-info/dependency_links.txt
[0.435s] writing top-level names to controller_manager_msgs.egg-info/top_level.txt
[0.438s] reading manifest file 'controller_manager_msgs.egg-info/SOURCES.txt'
[0.439s] writing manifest file 'controller_manager_msgs.egg-info/SOURCES.txt'
[0.465s] [100%] Built target ament_cmake_python_build_controller_manager_msgs_egg
[0.471s] Invoked command in '/home/jowi/dev_ws/build/controller_manager_msgs' returned '0': CMAKE_PREFIX_PATH=${CMAKE_PREFIX_PATH}:/opt/ros/humble /usr/local/bin/cmake --build /home/jowi/dev_ws/build/controller_manager_msgs -- -j8 -l8
[0.472s] Invoking command in '/home/jowi/dev_ws/build/controller_manager_msgs': CMAKE_PREFIX_PATH=${CMAKE_PREFIX_PATH}:/opt/ros/humble /usr/local/bin/cmake --install /home/jowi/dev_ws/build/controller_manager_msgs
[0.476s] -- Install configuration: ""
[0.476s] -- Execute custom install script
[0.477s] -- Up-to-date symlink: /home/jowi/dev_ws/install/controller_manager_msgs/share/ament_index/resource_index/rosidl_interfaces/controller_manager_msgs
[0.477s] -- Up-to-date symlink: /home/jowi/dev_ws/install/controller_manager_msgs/include/controller_manager_msgs/controller_manager_msgs/msg/chain_connection.h
[0.478s] -- Up-to-date symlink: /home/jowi/dev_ws/install/controller_manager_msgs/include/controller_manager_msgs/controller_manager_msgs/msg/controller_manager_activity.h
[0.478s] -- Up-to-date symlink: /home/jowi/dev_ws/install/controller_manager_msgs/include/controller_manager_msgs/controller_manager_msgs/msg/controller_state.h
[0.478s] -- Up-to-date symlink: /home/jowi/dev_ws/install/controller_manager_msgs/include/controller_manager_msgs/controller_manager_msgs/msg/detail/chain_connection__functions.h
[0.478s] -- Up-to-date symlink: /home/jowi/dev_ws/install/controller_manager_msgs/include/controller_manager_msgs/controller_manager_msgs/msg/detail/chain_connection__struct.h
[0.478s] -- Up-to-date symlink: /home/jowi/dev_ws/install/controller_manager_msgs/include/controller_manager_msgs/controller_manager_msgs/msg/detail/chain_connection__type_support.h
[0.478s] -- Up-to-date symlink: /home/jowi/dev_ws/install/controller_manager_msgs/include/controller_manager_msgs/controller_manager_msgs/msg/detail/controller_manager_activity__functions.h
[0.478s] -- Up-to-date symlink: /home/jowi/dev_ws/install/controller_manager_msgs/include/controller_manager_msgs/controller_manager_msgs/msg/detail/controller_manager_activity__struct.h
[0.478s] -- Up-to-date symlink: /home/jowi/dev_ws/install/controller_manager_msgs/include/controller_manager_msgs/controller_manager_msgs/msg/detail/controller_manager_activity__type_support.h
[0.479s] -- Up-to-date symlink: /home/jowi/dev_ws/install/controller_manager_msgs/include/controller_manager_msgs/controller_manager_msgs/msg/detail/controller_state__functions.h
[0.479s] -- Up-to-date symlink: /home/jowi/dev_ws/install/controller_manager_msgs/include/controller_manager_msgs/controller_manager_msgs/msg/detail/controller_state__struct.h
[0.479s] -- Up-to-date symlink: /home/jowi/dev_ws/install/controller_manager_msgs/include/controller_manager_msgs/controller_manager_msgs/msg/detail/controller_state__type_support.h
[0.479s] -- Up-to-date symlink: /home/jowi/dev_ws/install/controller_manager_msgs/include/controller_manager_msgs/controller_manager_msgs/msg/detail/hardware_component_state__functions.h
[0.479s] -- Up-to-date symlink: /home/jowi/dev_ws/install/controller_manager_msgs/include/controller_manager_msgs/controller_manager_msgs/msg/detail/hardware_component_state__struct.h
[0.479s] -- Up-to-date symlink: /home/jowi/dev_ws/install/controller_manager_msgs/include/controller_manager_msgs/controller_manager_msgs/msg/detail/hardware_component_state__type_support.h
[0.479s] -- Up-to-date symlink: /home/jowi/dev_ws/install/controller_manager_msgs/include/controller_manager_msgs/controller_manager_msgs/msg/detail/hardware_interface__functions.h
[0.480s] -- Up-to-date symlink: /home/jowi/dev_ws/install/controller_manager_msgs/include/controller_manager_msgs/controller_manager_msgs/msg/detail/hardware_interface__struct.h
[0.480s] -- Up-to-date symlink: /home/jowi/dev_ws/install/controller_manager_msgs/include/controller_manager_msgs/controller_manager_msgs/msg/detail/hardware_interface__type_support.h
[0.480s] -- Up-to-date symlink: /home/jowi/dev_ws/install/controller_manager_msgs/include/controller_manager_msgs/controller_manager_msgs/msg/detail/named_lifecycle_state__functions.h
[0.480s] -- Up-to-date symlink: /home/jowi/dev_ws/install/controller_manager_msgs/include/controller_manager_msgs/controller_manager_msgs/msg/detail/named_lifecycle_state__struct.h
[0.480s] -- Up-to-date symlink: /home/jowi/dev_ws/install/controller_manager_msgs/include/controller_manager_msgs/controller_manager_msgs/msg/detail/named_lifecycle_state__type_support.h
[0.480s] -- Up-to-date symlink: /home/jowi/dev_ws/install/controller_manager_msgs/include/controller_manager_msgs/controller_manager_msgs/msg/hardware_component_state.h
[0.480s] -- Up-to-date symlink: /home/jowi/dev_ws/install/controller_manager_msgs/include/controller_manager_msgs/controller_manager_msgs/msg/hardware_interface.h
[0.480s] -- Up-to-date symlink: /home/jowi/dev_ws/install/controller_manager_msgs/include/controller_manager_msgs/controller_manager_msgs/msg/named_lifecycle_state.h
[0.480s] -- Up-to-date symlink: /home/jowi/dev_ws/install/controller_manager_msgs/include/controller_manager_msgs/controller_manager_msgs/msg/rosidl_generator_c__visibility_control.h
[0.481s] -- Up-to-date symlink: /home/jowi/dev_ws/install/controller_manager_msgs/include/controller_manager_msgs/controller_manager_msgs/srv/configure_controller.h
[0.481s] -- Up-to-date symlink: /home/jowi/dev_ws/install/controller_manager_msgs/include/controller_manager_msgs/controller_manager_msgs/srv/detail/configure_controller__functions.h
[0.481s] -- Up-to-date symlink: /home/jowi/dev_ws/install/controller_manager_msgs/include/controller_manager_msgs/controller_manager_msgs/srv/detail/configure_controller__struct.h
[0.481s] -- Up-to-date symlink: /home/jowi/dev_ws/install/controller_manager_msgs/include/controller_manager_msgs/controller_manager_msgs/srv/detail/configure_controller__type_support.h
[0.481s] -- Up-to-date symlink: /home/jowi/dev_ws/install/controller_manager_msgs/include/controller_manager_msgs/controller_manager_msgs/srv/detail/list_controller_types__functions.h
[0.481s] -- Up-to-date symlink: /home/jowi/dev_ws/install/controller_manager_msgs/include/controller_manager_msgs/controller_manager_msgs/srv/detail/list_controller_types__struct.h
[0.481s] -- Up-to-date symlink: /home/jowi/dev_ws/install/controller_manager_msgs/include/controller_manager_msgs/controller_manager_msgs/srv/detail/list_controller_types__type_support.h
[0.482s] -- Up-to-date symlink: /home/jowi/dev_ws/install/controller_manager_msgs/include/controller_manager_msgs/controller_manager_msgs/srv/detail/list_controllers__functions.h
[0.482s] -- Up-to-date symlink: /home/jowi/dev_ws/install/controller_manager_msgs/include/controller_manager_msgs/controller_manager_msgs/srv/detail/list_controllers__struct.h
[0.482s] -- Up-to-date symlink: /home/jowi/dev_ws/install/controller_manager_msgs/include/controller_manager_msgs/controller_manager_msgs/srv/detail/list_controllers__type_support.h
[0.482s] -- Up-to-date symlink: /home/jowi/dev_ws/install/controller_manager_msgs/include/controller_manager_msgs/controller_manager_msgs/srv/detail/list_hardware_components__functions.h
[0.482s] -- Up-to-date symlink: /home/jowi/dev_ws/install/controller_manager_msgs/include/controller_manager_msgs/controller_manager_msgs/srv/detail/list_hardware_components__struct.h
[0.482s] -- Up-to-date symlink: /home/jowi/dev_ws/install/controller_manager_msgs/include/controller_manager_msgs/controller_manager_msgs/srv/detail/list_hardware_components__type_support.h
[0.482s] -- Up-to-date symlink: /home/jowi/dev_ws/install/controller_manager_msgs/include/controller_manager_msgs/controller_manager_msgs/srv/detail/list_hardware_interfaces__functions.h
[0.482s] -- Up-to-date symlink: /home/jowi/dev_ws/install/controller_manager_msgs/include/controller_manager_msgs/controller_manager_msgs/srv/detail/list_hardware_interfaces__struct.h
[0.482s] -- Up-to-date symlink: /home/jowi/dev_ws/install/controller_manager_msgs/include/controller_manager_msgs/controller_manager_msgs/srv/detail/list_hardware_interfaces__type_support.h
[0.483s] -- Up-to-date symlink: /home/jowi/dev_ws/install/controller_manager_msgs/include/controller_manager_msgs/controller_manager_msgs/srv/detail/load_controller__functions.h
[0.483s] -- Up-to-date symlink: /home/jowi/dev_ws/install/controller_manager_msgs/include/controller_manager_msgs/controller_manager_msgs/srv/detail/load_controller__struct.h
[0.483s] -- Up-to-date symlink: /home/jowi/dev_ws/install/controller_manager_msgs/include/controller_manager_msgs/controller_manager_msgs/srv/detail/load_controller__type_support.h
[0.483s] -- Up-to-date symlink: /home/jowi/dev_ws/install/controller_manager_msgs/include/controller_manager_msgs/controller_manager_msgs/srv/detail/reload_controller_libraries__functions.h
[0.483s] -- Up-to-date symlink: /home/jowi/dev_ws/install/controller_manager_msgs/include/controller_manager_msgs/controller_manager_msgs/srv/detail/reload_controller_libraries__struct.h
[0.483s] -- Up-to-date symlink: /home/jowi/dev_ws/install/controller_manager_msgs/include/controller_manager_msgs/controller_manager_msgs/srv/detail/reload_controller_libraries__type_support.h
[0.483s] -- Up-to-date symlink: /home/jowi/dev_ws/install/controller_manager_msgs/include/controller_manager_msgs/controller_manager_msgs/srv/detail/set_hardware_component_state__functions.h
[0.483s] -- Up-to-date symlink: /home/jowi/dev_ws/install/controller_manager_msgs/include/controller_manager_msgs/controller_manager_msgs/srv/detail/set_hardware_component_state__struct.h
[0.484s] -- Up-to-date symlink: /home/jowi/dev_ws/install/controller_manager_msgs/include/controller_manager_msgs/controller_manager_msgs/srv/detail/set_hardware_component_state__type_support.h
[0.484s] -- Up-to-date symlink: /home/jowi/dev_ws/install/controller_manager_msgs/include/controller_manager_msgs/controller_manager_msgs/srv/detail/switch_controller__functions.h
[0.484s] -- Up-to-date symlink: /home/jowi/dev_ws/install/controller_manager_msgs/include/controller_manager_msgs/controller_manager_msgs/srv/detail/switch_controller__struct.h
[0.484s] -- Up-to-date symlink: /home/jowi/dev_ws/install/controller_manager_msgs/include/controller_manager_msgs/controller_manager_msgs/srv/detail/switch_controller__type_support.h
[0.484s] -- Up-to-date symlink: /home/jowi/dev_ws/install/controller_manager_msgs/include/controller_manager_msgs/controller_manager_msgs/srv/detail/unload_controller__functions.h
[0.484s] -- Up-to-date symlink: /home/jowi/dev_ws/install/controller_manager_msgs/include/controller_manager_msgs/controller_manager_msgs/srv/detail/unload_controller__struct.h
[0.484s] -- Up-to-date symlink: /home/jowi/dev_ws/install/controller_manager_msgs/include/controller_manager_msgs/controller_manager_msgs/srv/detail/unload_controller__type_support.h
[0.484s] -- Up-to-date symlink: /home/jowi/dev_ws/install/controller_manager_msgs/include/controller_manager_msgs/controller_manager_msgs/srv/list_controller_types.h
[0.485s] -- Up-to-date symlink: /home/jowi/dev_ws/install/controller_manager_msgs/include/controller_manager_msgs/controller_manager_msgs/srv/list_controllers.h
[0.485s] -- Up-to-date symlink: /home/jowi/dev_ws/install/controller_manager_msgs/include/controller_manager_msgs/controller_manager_msgs/srv/list_hardware_components.h
[0.485s] -- Up-to-date symlink: /home/jowi/dev_ws/install/controller_manager_msgs/include/controller_manager_msgs/controller_manager_msgs/srv/list_hardware_interfaces.h
[0.485s] -- Up-to-date symlink: /home/jowi/dev_ws/install/controller_manager_msgs/include/controller_manager_msgs/controller_manager_msgs/srv/load_controller.h
[0.485s] -- Up-to-date symlink: /home/jowi/dev_ws/install/controller_manager_msgs/include/controller_manager_msgs/controller_manager_msgs/srv/reload_controller_libraries.h
[0.485s] -- Up-to-date symlink: /home/jowi/dev_ws/install/controller_manager_msgs/include/controller_manager_msgs/controller_manager_msgs/srv/set_hardware_component_state.h
[0.485s] -- Up-to-date symlink: /home/jowi/dev_ws/install/controller_manager_msgs/include/controller_manager_msgs/controller_manager_msgs/srv/switch_controller.h
[0.485s] -- Up-to-date symlink: /home/jowi/dev_ws/install/controller_manager_msgs/include/controller_manager_msgs/controller_manager_msgs/srv/unload_controller.h
[0.486s] -- Up-to-date symlink: /home/jowi/dev_ws/install/controller_manager_msgs/share/controller_manager_msgs/environment/library_path.sh
[0.486s] -- Up-to-date symlink: /home/jowi/dev_ws/install/controller_manager_msgs/share/controller_manager_msgs/environment/library_path.dsv
[0.487s] -- Up-to-date symlink: /home/jowi/dev_ws/install/controller_manager_msgs/include/controller_manager_msgs/controller_manager_msgs/msg/detail/chain_connection__rosidl_typesupport_fastrtps_c.h
[0.487s] -- Up-to-date symlink: /home/jowi/dev_ws/install/controller_manager_msgs/include/controller_manager_msgs/controller_manager_msgs/msg/detail/controller_manager_activity__rosidl_typesupport_fastrtps_c.h
[0.487s] -- Up-to-date symlink: /home/jowi/dev_ws/install/controller_manager_msgs/include/controller_manager_msgs/controller_manager_msgs/msg/detail/controller_state__rosidl_typesupport_fastrtps_c.h
[0.487s] -- Up-to-date symlink: /home/jowi/dev_ws/install/controller_manager_msgs/include/controller_manager_msgs/controller_manager_msgs/msg/detail/hardware_component_state__rosidl_typesupport_fastrtps_c.h
[0.487s] -- Up-to-date symlink: /home/jowi/dev_ws/install/controller_manager_msgs/include/controller_manager_msgs/controller_manager_msgs/msg/detail/hardware_interface__rosidl_typesupport_fastrtps_c.h
[0.487s] -- Up-to-date symlink: /home/jowi/dev_ws/install/controller_manager_msgs/include/controller_manager_msgs/controller_manager_msgs/msg/detail/named_lifecycle_state__rosidl_typesupport_fastrtps_c.h
[0.487s] -- Up-to-date symlink: /home/jowi/dev_ws/install/controller_manager_msgs/include/controller_manager_msgs/controller_manager_msgs/msg/rosidl_typesupport_fastrtps_c__visibility_control.h
[0.487s] -- Up-to-date symlink: /home/jowi/dev_ws/install/controller_manager_msgs/include/controller_manager_msgs/controller_manager_msgs/srv/detail/configure_controller__rosidl_typesupport_fastrtps_c.h
[0.488s] -- Up-to-date symlink: /home/jowi/dev_ws/install/controller_manager_msgs/include/controller_manager_msgs/controller_manager_msgs/srv/detail/list_controller_types__rosidl_typesupport_fastrtps_c.h
[0.488s] -- Up-to-date symlink: /home/jowi/dev_ws/install/controller_manager_msgs/include/controller_manager_msgs/controller_manager_msgs/srv/detail/list_controllers__rosidl_typesupport_fastrtps_c.h
[0.488s] -- Up-to-date symlink: /home/jowi/dev_ws/install/controller_manager_msgs/include/controller_manager_msgs/controller_manager_msgs/srv/detail/list_hardware_components__rosidl_typesupport_fastrtps_c.h
[0.488s] -- Up-to-date symlink: /home/jowi/dev_ws/install/controller_manager_msgs/include/controller_manager_msgs/controller_manager_msgs/srv/detail/list_hardware_interfaces__rosidl_typesupport_fastrtps_c.h
[0.488s] -- Up-to-date symlink: /home/jowi/dev_ws/install/controller_manager_msgs/include/controller_manager_msgs/controller_manager_msgs/srv/detail/load_controller__rosidl_typesupport_fastrtps_c.h
[0.488s] -- Up-to-date symlink: /home/jowi/dev_ws/install/controller_manager_msgs/include/controller_manager_msgs/controller_manager_msgs/srv/detail/reload_controller_libraries__rosidl_typesupport_fastrtps_c.h
[0.488s] -- Up-to-date symlink: /home/jowi/dev_ws/install/controller_manager_msgs/include/controller_manager_msgs/controller_manager_msgs/srv/detail/set_hardware_component_state__rosidl_typesupport_fastrtps_c.h
[0.488s] -- Up-to-date symlink: /home/jowi/dev_ws/install/controller_manager_msgs/include/controller_manager_msgs/controller_manager_msgs/srv/detail/switch_controller__rosidl_typesupport_fastrtps_c.h
[0.488s] -- Up-to-date symlink: /home/jowi/dev_ws/install/controller_manager_msgs/include/controller_manager_msgs/controller_manager_msgs/srv/detail/unload_controller__rosidl_typesupport_fastrtps_c.h
[0.489s] -- Up-to-date symlink: /home/jowi/dev_ws/install/controller_manager_msgs/include/controller_manager_msgs/controller_manager_msgs/msg/chain_connection.hpp
[0.490s] -- Up-to-date symlink: /home/jowi/dev_ws/install/controller_manager_msgs/include/controller_manager_msgs/controller_manager_msgs/msg/controller_manager_activity.hpp
[0.490s] -- Up-to-date symlink: /home/jowi/dev_ws/install/controller_manager_msgs/include/controller_manager_msgs/controller_manager_msgs/msg/controller_state.hpp
[0.490s] -- Up-to-date symlink: /home/jowi/dev_ws/install/controller_manager_msgs/include/controller_manager_msgs/controller_manager_msgs/msg/detail/chain_connection__builder.hpp
[0.490s] -- Up-to-date symlink: /home/jowi/dev_ws/install/controller_manager_msgs/include/controller_manager_msgs/controller_manager_msgs/msg/detail/chain_connection__struct.hpp
[0.490s] -- Up-to-date symlink: /home/jowi/dev_ws/install/controller_manager_msgs/include/controller_manager_msgs/controller_manager_msgs/msg/detail/chain_connection__traits.hpp
[0.490s] -- Up-to-date symlink: /home/jowi/dev_ws/install/controller_manager_msgs/include/controller_manager_msgs/controller_manager_msgs/msg/detail/chain_connection__type_support.hpp
[0.490s] -- Up-to-date symlink: /home/jowi/dev_ws/install/controller_manager_msgs/include/controller_manager_msgs/controller_manager_msgs/msg/detail/controller_manager_activity__builder.hpp
[0.490s] -- Up-to-date symlink: /home/jowi/dev_ws/install/controller_manager_msgs/include/controller_manager_msgs/controller_manager_msgs/msg/detail/controller_manager_activity__struct.hpp
[0.491s] -- Up-to-date symlink: /home/jowi/dev_ws/install/controller_manager_msgs/include/controller_manager_msgs/controller_manager_msgs/msg/detail/controller_manager_activity__traits.hpp
[0.491s] -- Up-to-date symlink: /home/jowi/dev_ws/install/controller_manager_msgs/include/controller_manager_msgs/controller_manager_msgs/msg/detail/controller_manager_activity__type_support.hpp
[0.491s] -- Up-to-date symlink: /home/jowi/dev_ws/install/controller_manager_msgs/include/controller_manager_msgs/controller_manager_msgs/msg/detail/controller_state__builder.hpp
[0.491s] -- Up-to-date symlink: /home/jowi/dev_ws/install/controller_manager_msgs/include/controller_manager_msgs/controller_manager_msgs/msg/detail/controller_state__struct.hpp
[0.491s] -- Up-to-date symlink: /home/jowi/dev_ws/install/controller_manager_msgs/include/controller_manager_msgs/controller_manager_msgs/msg/detail/controller_state__traits.hpp
[0.491s] -- Up-to-date symlink: /home/jowi/dev_ws/install/controller_manager_msgs/include/controller_manager_msgs/controller_manager_msgs/msg/detail/controller_state__type_support.hpp
[0.491s] -- Up-to-date symlink: /home/jowi/dev_ws/install/controller_manager_msgs/include/controller_manager_msgs/controller_manager_msgs/msg/detail/hardware_component_state__builder.hpp
[0.491s] -- Up-to-date symlink: /home/jowi/dev_ws/install/controller_manager_msgs/include/controller_manager_msgs/controller_manager_msgs/msg/detail/hardware_component_state__struct.hpp
[0.491s] -- Up-to-date symlink: /home/jowi/dev_ws/install/controller_manager_msgs/include/controller_manager_msgs/controller_manager_msgs/msg/detail/hardware_component_state__traits.hpp
[0.492s] -- Up-to-date symlink: /home/jowi/dev_ws/install/controller_manager_msgs/include/controller_manager_msgs/controller_manager_msgs/msg/detail/hardware_component_state__type_support.hpp
[0.492s] -- Up-to-date symlink: /home/jowi/dev_ws/install/controller_manager_msgs/include/controller_manager_msgs/controller_manager_msgs/msg/detail/hardware_interface__builder.hpp
[0.492s] -- Up-to-date symlink: /home/jowi/dev_ws/install/controller_manager_msgs/include/controller_manager_msgs/controller_manager_msgs/msg/detail/hardware_interface__struct.hpp
[0.492s] -- Up-to-date symlink: /home/jowi/dev_ws/install/controller_manager_msgs/include/controller_manager_msgs/controller_manager_msgs/msg/detail/hardware_interface__traits.hpp
[0.492s] -- Up-to-date symlink: /home/jowi/dev_ws/install/controller_manager_msgs/include/controller_manager_msgs/controller_manager_msgs/msg/detail/hardware_interface__type_support.hpp
[0.492s] -- Up-to-date symlink: /home/jowi/dev_ws/install/controller_manager_msgs/include/controller_manager_msgs/controller_manager_msgs/msg/detail/named_lifecycle_state__builder.hpp
[0.492s] -- Up-to-date symlink: /home/jowi/dev_ws/install/controller_manager_msgs/include/controller_manager_msgs/controller_manager_msgs/msg/detail/named_lifecycle_state__struct.hpp
[0.492s] -- Up-to-date symlink: /home/jowi/dev_ws/install/controller_manager_msgs/include/controller_manager_msgs/controller_manager_msgs/msg/detail/named_lifecycle_state__traits.hpp
[0.493s] -- Up-to-date symlink: /home/jowi/dev_ws/install/controller_manager_msgs/include/controller_manager_msgs/controller_manager_msgs/msg/detail/named_lifecycle_state__type_support.hpp
[0.493s] -- Up-to-date symlink: /home/jowi/dev_ws/install/controller_manager_msgs/include/controller_manager_msgs/controller_manager_msgs/msg/hardware_component_state.hpp
[0.493s] -- Up-to-date symlink: /home/jowi/dev_ws/install/controller_manager_msgs/include/controller_manager_msgs/controller_manager_msgs/msg/hardware_interface.hpp
[0.493s] -- Up-to-date symlink: /home/jowi/dev_ws/install/controller_manager_msgs/include/controller_manager_msgs/controller_manager_msgs/msg/named_lifecycle_state.hpp
[0.493s] -- Up-to-date symlink: /home/jowi/dev_ws/install/controller_manager_msgs/include/controller_manager_msgs/controller_manager_msgs/msg/rosidl_generator_cpp__visibility_control.hpp
[0.493s] -- Up-to-date symlink: /home/jowi/dev_ws/install/controller_manager_msgs/include/controller_manager_msgs/controller_manager_msgs/srv/configure_controller.hpp
[0.493s] -- Up-to-date symlink: /home/jowi/dev_ws/install/controller_manager_msgs/include/controller_manager_msgs/controller_manager_msgs/srv/detail/configure_controller__builder.hpp
[0.494s] -- Up-to-date symlink: /home/jowi/dev_ws/install/controller_manager_msgs/include/controller_manager_msgs/controller_manager_msgs/srv/detail/configure_controller__struct.hpp
[0.494s] -- Up-to-date symlink: /home/jowi/dev_ws/install/controller_manager_msgs/include/controller_manager_msgs/controller_manager_msgs/srv/detail/configure_controller__traits.hpp
[0.494s] -- Up-to-date symlink: /home/jowi/dev_ws/install/controller_manager_msgs/include/controller_manager_msgs/controller_manager_msgs/srv/detail/configure_controller__type_support.hpp
[0.494s] -- Up-to-date symlink: /home/jowi/dev_ws/install/controller_manager_msgs/include/controller_manager_msgs/controller_manager_msgs/srv/detail/list_controller_types__builder.hpp
[0.494s] -- Up-to-date symlink: /home/jowi/dev_ws/install/controller_manager_msgs/include/controller_manager_msgs/controller_manager_msgs/srv/detail/list_controller_types__struct.hpp
[0.494s] -- Up-to-date symlink: /home/jowi/dev_ws/install/controller_manager_msgs/include/controller_manager_msgs/controller_manager_msgs/srv/detail/list_controller_types__traits.hpp
[0.494s] -- Up-to-date symlink: /home/jowi/dev_ws/install/controller_manager_msgs/include/controller_manager_msgs/controller_manager_msgs/srv/detail/list_controller_types__type_support.hpp
[0.494s] -- Up-to-date symlink: /home/jowi/dev_ws/install/controller_manager_msgs/include/controller_manager_msgs/controller_manager_msgs/srv/detail/list_controllers__builder.hpp
[0.494s] -- Up-to-date symlink: /home/jowi/dev_ws/install/controller_manager_msgs/include/controller_manager_msgs/controller_manager_msgs/srv/detail/list_controllers__struct.hpp
[0.494s] -- Up-to-date symlink: /home/jowi/dev_ws/install/controller_manager_msgs/include/controller_manager_msgs/controller_manager_msgs/srv/detail/list_controllers__traits.hpp
[0.494s] -- Up-to-date symlink: /home/jowi/dev_ws/install/controller_manager_msgs/include/controller_manager_msgs/controller_manager_msgs/srv/detail/list_controllers__type_support.hpp
[0.495s] -- Up-to-date symlink: /home/jowi/dev_ws/install/controller_manager_msgs/include/controller_manager_msgs/controller_manager_msgs/srv/detail/list_hardware_components__builder.hpp
[0.495s] -- Up-to-date symlink: /home/jowi/dev_ws/install/controller_manager_msgs/include/controller_manager_msgs/controller_manager_msgs/srv/detail/list_hardware_components__struct.hpp
[0.495s] -- Up-to-date symlink: /home/jowi/dev_ws/install/controller_manager_msgs/include/controller_manager_msgs/controller_manager_msgs/srv/detail/list_hardware_components__traits.hpp
[0.495s] -- Up-to-date symlink: /home/jowi/dev_ws/install/controller_manager_msgs/include/controller_manager_msgs/controller_manager_msgs/srv/detail/list_hardware_components__type_support.hpp
[0.495s] -- Up-to-date symlink: /home/jowi/dev_ws/install/controller_manager_msgs/include/controller_manager_msgs/controller_manager_msgs/srv/detail/list_hardware_interfaces__builder.hpp
[0.495s] -- Up-to-date symlink: /home/jowi/dev_ws/install/controller_manager_msgs/include/controller_manager_msgs/controller_manager_msgs/srv/detail/list_hardware_interfaces__struct.hpp
[0.495s] -- Up-to-date symlink: /home/jowi/dev_ws/install/controller_manager_msgs/include/controller_manager_msgs/controller_manager_msgs/srv/detail/list_hardware_interfaces__traits.hpp
[0.495s] -- Up-to-date symlink: /home/jowi/dev_ws/install/controller_manager_msgs/include/controller_manager_msgs/controller_manager_msgs/srv/detail/list_hardware_interfaces__type_support.hpp
[0.495s] -- Up-to-date symlink: /home/jowi/dev_ws/install/controller_manager_msgs/include/controller_manager_msgs/controller_manager_msgs/srv/detail/load_controller__builder.hpp
[0.495s] -- Up-to-date symlink: /home/jowi/dev_ws/install/controller_manager_msgs/include/controller_manager_msgs/controller_manager_msgs/srv/detail/load_controller__struct.hpp
[0.496s] -- Up-to-date symlink: /home/jowi/dev_ws/install/controller_manager_msgs/include/controller_manager_msgs/controller_manager_msgs/srv/detail/load_controller__traits.hpp
[0.496s] -- Up-to-date symlink: /home/jowi/dev_ws/install/controller_manager_msgs/include/controller_manager_msgs/controller_manager_msgs/srv/detail/load_controller__type_support.hpp
[0.496s] -- Up-to-date symlink: /home/jowi/dev_ws/install/controller_manager_msgs/include/controller_manager_msgs/controller_manager_msgs/srv/detail/reload_controller_libraries__builder.hpp
[0.496s] -- Up-to-date symlink: /home/jowi/dev_ws/install/controller_manager_msgs/include/controller_manager_msgs/controller_manager_msgs/srv/detail/reload_controller_libraries__struct.hpp
[0.496s] -- Up-to-date symlink: /home/jowi/dev_ws/install/controller_manager_msgs/include/controller_manager_msgs/controller_manager_msgs/srv/detail/reload_controller_libraries__traits.hpp
[0.496s] -- Up-to-date symlink: /home/jowi/dev_ws/install/controller_manager_msgs/include/controller_manager_msgs/controller_manager_msgs/srv/detail/reload_controller_libraries__type_support.hpp
[0.496s] -- Up-to-date symlink: /home/jowi/dev_ws/install/controller_manager_msgs/include/controller_manager_msgs/controller_manager_msgs/srv/detail/set_hardware_component_state__builder.hpp
[0.496s] -- Up-to-date symlink: /home/jowi/dev_ws/install/controller_manager_msgs/include/controller_manager_msgs/controller_manager_msgs/srv/detail/set_hardware_component_state__struct.hpp
[0.496s] -- Up-to-date symlink: /home/jowi/dev_ws/install/controller_manager_msgs/include/controller_manager_msgs/controller_manager_msgs/srv/detail/set_hardware_component_state__traits.hpp
[0.496s] -- Up-to-date symlink: /home/jowi/dev_ws/install/controller_manager_msgs/include/controller_manager_msgs/controller_manager_msgs/srv/detail/set_hardware_component_state__type_support.hpp
[0.497s] -- Up-to-date symlink: /home/jowi/dev_ws/install/controller_manager_msgs/include/controller_manager_msgs/controller_manager_msgs/srv/detail/switch_controller__builder.hpp
[0.497s] -- Up-to-date symlink: /home/jowi/dev_ws/install/controller_manager_msgs/include/controller_manager_msgs/controller_manager_msgs/srv/detail/switch_controller__struct.hpp
[0.497s] -- Up-to-date symlink: /home/jowi/dev_ws/install/controller_manager_msgs/include/controller_manager_msgs/controller_manager_msgs/srv/detail/switch_controller__traits.hpp
[0.497s] -- Up-to-date symlink: /home/jowi/dev_ws/install/controller_manager_msgs/include/controller_manager_msgs/controller_manager_msgs/srv/detail/switch_controller__type_support.hpp
[0.497s] -- Up-to-date symlink: /home/jowi/dev_ws/install/controller_manager_msgs/include/controller_manager_msgs/controller_manager_msgs/srv/detail/unload_controller__builder.hpp
[0.497s] -- Up-to-date symlink: /home/jowi/dev_ws/install/controller_manager_msgs/include/controller_manager_msgs/controller_manager_msgs/srv/detail/unload_controller__struct.hpp
[0.497s] -- Up-to-date symlink: /home/jowi/dev_ws/install/controller_manager_msgs/include/controller_manager_msgs/controller_manager_msgs/srv/detail/unload_controller__traits.hpp
[0.497s] -- Up-to-date symlink: /home/jowi/dev_ws/install/controller_manager_msgs/include/controller_manager_msgs/controller_manager_msgs/srv/detail/unload_controller__type_support.hpp
[0.497s] -- Up-to-date symlink: /home/jowi/dev_ws/install/controller_manager_msgs/include/controller_manager_msgs/controller_manager_msgs/srv/list_controller_types.hpp
[0.498s] -- Up-to-date symlink: /home/jowi/dev_ws/install/controller_manager_msgs/include/controller_manager_msgs/controller_manager_msgs/srv/list_controllers.hpp
[0.498s] -- Up-to-date symlink: /home/jowi/dev_ws/install/controller_manager_msgs/include/controller_manager_msgs/controller_manager_msgs/srv/list_hardware_components.hpp
[0.498s] -- Up-to-date symlink: /home/jowi/dev_ws/install/controller_manager_msgs/include/controller_manager_msgs/controller_manager_msgs/srv/list_hardware_interfaces.hpp
[0.498s] -- Up-to-date symlink: /home/jowi/dev_ws/install/controller_manager_msgs/include/controller_manager_msgs/controller_manager_msgs/srv/load_controller.hpp
[0.498s] -- Up-to-date symlink: /home/jowi/dev_ws/install/controller_manager_msgs/include/controller_manager_msgs/controller_manager_msgs/srv/reload_controller_libraries.hpp
[0.498s] -- Up-to-date symlink: /home/jowi/dev_ws/install/controller_manager_msgs/include/controller_manager_msgs/controller_manager_msgs/srv/set_hardware_component_state.hpp
[0.498s] -- Up-to-date symlink: /home/jowi/dev_ws/install/controller_manager_msgs/include/controller_manager_msgs/controller_manager_msgs/srv/switch_controller.hpp
[0.498s] -- Up-to-date symlink: /home/jowi/dev_ws/install/controller_manager_msgs/include/controller_manager_msgs/controller_manager_msgs/srv/unload_controller.hpp
[0.499s] -- Up-to-date symlink: /home/jowi/dev_ws/install/controller_manager_msgs/include/controller_manager_msgs/controller_manager_msgs/msg/detail/chain_connection__rosidl_typesupport_fastrtps_cpp.hpp
[0.499s] -- Up-to-date symlink: /home/jowi/dev_ws/install/controller_manager_msgs/include/controller_manager_msgs/controller_manager_msgs/msg/detail/controller_manager_activity__rosidl_typesupport_fastrtps_cpp.hpp
[0.499s] -- Up-to-date symlink: /home/jowi/dev_ws/install/controller_manager_msgs/include/controller_manager_msgs/controller_manager_msgs/msg/detail/controller_state__rosidl_typesupport_fastrtps_cpp.hpp
[0.500s] -- Up-to-date symlink: /home/jowi/dev_ws/install/controller_manager_msgs/include/controller_manager_msgs/controller_manager_msgs/msg/detail/hardware_component_state__rosidl_typesupport_fastrtps_cpp.hpp
[0.500s] -- Up-to-date symlink: /home/jowi/dev_ws/install/controller_manager_msgs/include/controller_manager_msgs/controller_manager_msgs/msg/detail/hardware_interface__rosidl_typesupport_fastrtps_cpp.hpp
[0.500s] -- Up-to-date symlink: /home/jowi/dev_ws/install/controller_manager_msgs/include/controller_manager_msgs/controller_manager_msgs/msg/detail/named_lifecycle_state__rosidl_typesupport_fastrtps_cpp.hpp
[0.500s] -- Up-to-date symlink: /home/jowi/dev_ws/install/controller_manager_msgs/include/controller_manager_msgs/controller_manager_msgs/msg/rosidl_typesupport_fastrtps_cpp__visibility_control.h
[0.500s] -- Up-to-date symlink: /home/jowi/dev_ws/install/controller_manager_msgs/include/controller_manager_msgs/controller_manager_msgs/srv/detail/configure_controller__rosidl_typesupport_fastrtps_cpp.hpp
[0.500s] -- Up-to-date symlink: /home/jowi/dev_ws/install/controller_manager_msgs/include/controller_manager_msgs/controller_manager_msgs/srv/detail/list_controller_types__rosidl_typesupport_fastrtps_cpp.hpp
[0.500s] -- Up-to-date symlink: /home/jowi/dev_ws/install/controller_manager_msgs/include/controller_manager_msgs/controller_manager_msgs/srv/detail/list_controllers__rosidl_typesupport_fastrtps_cpp.hpp
[0.500s] -- Up-to-date symlink: /home/jowi/dev_ws/install/controller_manager_msgs/include/controller_manager_msgs/controller_manager_msgs/srv/detail/list_hardware_components__rosidl_typesupport_fastrtps_cpp.hpp
[0.500s] -- Up-to-date symlink: /home/jowi/dev_ws/install/controller_manager_msgs/include/controller_manager_msgs/controller_manager_msgs/srv/detail/list_hardware_interfaces__rosidl_typesupport_fastrtps_cpp.hpp
[0.501s] -- Up-to-date symlink: /home/jowi/dev_ws/install/controller_manager_msgs/include/controller_manager_msgs/controller_manager_msgs/srv/detail/load_controller__rosidl_typesupport_fastrtps_cpp.hpp
[0.501s] -- Up-to-date symlink: /home/jowi/dev_ws/install/controller_manager_msgs/include/controller_manager_msgs/controller_manager_msgs/srv/detail/reload_controller_libraries__rosidl_typesupport_fastrtps_cpp.hpp
[0.501s] -- Up-to-date symlink: /home/jowi/dev_ws/install/controller_manager_msgs/include/controller_manager_msgs/controller_manager_msgs/srv/detail/set_hardware_component_state__rosidl_typesupport_fastrtps_cpp.hpp
[0.501s] -- Up-to-date symlink: /home/jowi/dev_ws/install/controller_manager_msgs/include/controller_manager_msgs/controller_manager_msgs/srv/detail/switch_controller__rosidl_typesupport_fastrtps_cpp.hpp
[0.501s] -- Up-to-date symlink: /home/jowi/dev_ws/install/controller_manager_msgs/include/controller_manager_msgs/controller_manager_msgs/srv/detail/unload_controller__rosidl_typesupport_fastrtps_cpp.hpp
[0.502s] -- Up-to-date symlink: /home/jowi/dev_ws/install/controller_manager_msgs/include/controller_manager_msgs/controller_manager_msgs/msg/detail/chain_connection__rosidl_typesupport_introspection_c.h
[0.502s] -- Up-to-date symlink: /home/jowi/dev_ws/install/controller_manager_msgs/include/controller_manager_msgs/controller_manager_msgs/msg/detail/controller_manager_activity__rosidl_typesupport_introspection_c.h
[0.502s] -- Up-to-date symlink: /home/jowi/dev_ws/install/controller_manager_msgs/include/controller_manager_msgs/controller_manager_msgs/msg/detail/controller_state__rosidl_typesupport_introspection_c.h
[0.502s] -- Up-to-date symlink: /home/jowi/dev_ws/install/controller_manager_msgs/include/controller_manager_msgs/controller_manager_msgs/msg/detail/hardware_component_state__rosidl_typesupport_introspection_c.h
[0.502s] -- Up-to-date symlink: /home/jowi/dev_ws/install/controller_manager_msgs/include/controller_manager_msgs/controller_manager_msgs/msg/detail/hardware_interface__rosidl_typesupport_introspection_c.h
[0.502s] -- Up-to-date symlink: /home/jowi/dev_ws/install/controller_manager_msgs/include/controller_manager_msgs/controller_manager_msgs/msg/detail/named_lifecycle_state__rosidl_typesupport_introspection_c.h
[0.502s] -- Up-to-date symlink: /home/jowi/dev_ws/install/controller_manager_msgs/include/controller_manager_msgs/controller_manager_msgs/msg/rosidl_typesupport_introspection_c__visibility_control.h
[0.502s] -- Up-to-date symlink: /home/jowi/dev_ws/install/controller_manager_msgs/include/controller_manager_msgs/controller_manager_msgs/srv/detail/configure_controller__rosidl_typesupport_introspection_c.h
[0.503s] -- Up-to-date symlink: /home/jowi/dev_ws/install/controller_manager_msgs/include/controller_manager_msgs/controller_manager_msgs/srv/detail/list_controller_types__rosidl_typesupport_introspection_c.h
[0.503s] -- Up-to-date symlink: /home/jowi/dev_ws/install/controller_manager_msgs/include/controller_manager_msgs/controller_manager_msgs/srv/detail/list_controllers__rosidl_typesupport_introspection_c.h
[0.503s] -- Up-to-date symlink: /home/jowi/dev_ws/install/controller_manager_msgs/include/controller_manager_msgs/controller_manager_msgs/srv/detail/list_hardware_components__rosidl_typesupport_introspection_c.h
[0.503s] -- Up-to-date symlink: /home/jowi/dev_ws/install/controller_manager_msgs/include/controller_manager_msgs/controller_manager_msgs/srv/detail/list_hardware_interfaces__rosidl_typesupport_introspection_c.h
[0.503s] -- Up-to-date symlink: /home/jowi/dev_ws/install/controller_manager_msgs/include/controller_manager_msgs/controller_manager_msgs/srv/detail/load_controller__rosidl_typesupport_introspection_c.h
[0.503s] -- Up-to-date symlink: /home/jowi/dev_ws/install/controller_manager_msgs/include/controller_manager_msgs/controller_manager_msgs/srv/detail/reload_controller_libraries__rosidl_typesupport_introspection_c.h
[0.503s] -- Up-to-date symlink: /home/jowi/dev_ws/install/controller_manager_msgs/include/controller_manager_msgs/controller_manager_msgs/srv/detail/set_hardware_component_state__rosidl_typesupport_introspection_c.h
[0.503s] -- Up-to-date symlink: /home/jowi/dev_ws/install/controller_manager_msgs/include/controller_manager_msgs/controller_manager_msgs/srv/detail/switch_controller__rosidl_typesupport_introspection_c.h
[0.504s] -- Up-to-date symlink: /home/jowi/dev_ws/install/controller_manager_msgs/include/controller_manager_msgs/controller_manager_msgs/srv/detail/unload_controller__rosidl_typesupport_introspection_c.h
[0.504s] -- Up-to-date symlink: /home/jowi/dev_ws/install/controller_manager_msgs/include/controller_manager_msgs/controller_manager_msgs/msg/detail/chain_connection__rosidl_typesupport_introspection_cpp.hpp
[0.504s] -- Up-to-date symlink: /home/jowi/dev_ws/install/controller_manager_msgs/include/controller_manager_msgs/controller_manager_msgs/msg/detail/controller_manager_activity__rosidl_typesupport_introspection_cpp.hpp
[0.505s] -- Up-to-date symlink: /home/jowi/dev_ws/install/controller_manager_msgs/include/controller_manager_msgs/controller_manager_msgs/msg/detail/controller_state__rosidl_typesupport_introspection_cpp.hpp
[0.505s] -- Up-to-date symlink: /home/jowi/dev_ws/install/controller_manager_msgs/include/controller_manager_msgs/controller_manager_msgs/msg/detail/hardware_component_state__rosidl_typesupport_introspection_cpp.hpp
[0.505s] -- Up-to-date symlink: /home/jowi/dev_ws/install/controller_manager_msgs/include/controller_manager_msgs/controller_manager_msgs/msg/detail/hardware_interface__rosidl_typesupport_introspection_cpp.hpp
[0.505s] -- Up-to-date symlink: /home/jowi/dev_ws/install/controller_manager_msgs/include/controller_manager_msgs/controller_manager_msgs/msg/detail/named_lifecycle_state__rosidl_typesupport_introspection_cpp.hpp
[0.505s] -- Up-to-date symlink: /home/jowi/dev_ws/install/controller_manager_msgs/include/controller_manager_msgs/controller_manager_msgs/srv/detail/configure_controller__rosidl_typesupport_introspection_cpp.hpp
[0.505s] -- Up-to-date symlink: /home/jowi/dev_ws/install/controller_manager_msgs/include/controller_manager_msgs/controller_manager_msgs/srv/detail/list_controller_types__rosidl_typesupport_introspection_cpp.hpp
[0.505s] -- Up-to-date symlink: /home/jowi/dev_ws/install/controller_manager_msgs/include/controller_manager_msgs/controller_manager_msgs/srv/detail/list_controllers__rosidl_typesupport_introspection_cpp.hpp
[0.505s] -- Up-to-date symlink: /home/jowi/dev_ws/install/controller_manager_msgs/include/controller_manager_msgs/controller_manager_msgs/srv/detail/list_hardware_components__rosidl_typesupport_introspection_cpp.hpp
[0.506s] -- Up-to-date symlink: /home/jowi/dev_ws/install/controller_manager_msgs/include/controller_manager_msgs/controller_manager_msgs/srv/detail/list_hardware_interfaces__rosidl_typesupport_introspection_cpp.hpp
[0.506s] -- Up-to-date symlink: /home/jowi/dev_ws/install/controller_manager_msgs/include/controller_manager_msgs/controller_manager_msgs/srv/detail/load_controller__rosidl_typesupport_introspection_cpp.hpp
[0.506s] -- Up-to-date symlink: /home/jowi/dev_ws/install/controller_manager_msgs/include/controller_manager_msgs/controller_manager_msgs/srv/detail/reload_controller_libraries__rosidl_typesupport_introspection_cpp.hpp
[0.506s] -- Up-to-date symlink: /home/jowi/dev_ws/install/controller_manager_msgs/include/controller_manager_msgs/controller_manager_msgs/srv/detail/set_hardware_component_state__rosidl_typesupport_introspection_cpp.hpp
[0.506s] -- Up-to-date symlink: /home/jowi/dev_ws/install/controller_manager_msgs/include/controller_manager_msgs/controller_manager_msgs/srv/detail/switch_controller__rosidl_typesupport_introspection_cpp.hpp
[0.506s] -- Up-to-date symlink: /home/jowi/dev_ws/install/controller_manager_msgs/include/controller_manager_msgs/controller_manager_msgs/srv/detail/unload_controller__rosidl_typesupport_introspection_cpp.hpp
[0.506s] -- Up-to-date symlink: /home/jowi/dev_ws/install/controller_manager_msgs/share/controller_manager_msgs/environment/pythonpath.sh
[0.506s] -- Up-to-date symlink: /home/jowi/dev_ws/install/controller_manager_msgs/share/controller_manager_msgs/environment/pythonpath.dsv
[0.507s] -- Up-to-date symlink: /home/jowi/dev_ws/install/controller_manager_msgs/local/lib/python3.10/dist-packages/controller_manager_msgs-4.27.0-py3.10.egg-info/PKG-INFO
[0.507s] -- Up-to-date symlink: /home/jowi/dev_ws/install/controller_manager_msgs/local/lib/python3.10/dist-packages/controller_manager_msgs-4.27.0-py3.10.egg-info/SOURCES.txt
[0.507s] -- Up-to-date symlink: /home/jowi/dev_ws/install/controller_manager_msgs/local/lib/python3.10/dist-packages/controller_manager_msgs-4.27.0-py3.10.egg-info/dependency_links.txt
[0.507s] -- Up-to-date symlink: /home/jowi/dev_ws/install/controller_manager_msgs/local/lib/python3.10/dist-packages/controller_manager_msgs-4.27.0-py3.10.egg-info/top_level.txt
[0.508s] -- Up-to-date symlink: /home/jowi/dev_ws/install/controller_manager_msgs/local/lib/python3.10/dist-packages/controller_manager_msgs/__init__.py
[0.508s] -- Up-to-date symlink: /home/jowi/dev_ws/install/controller_manager_msgs/local/lib/python3.10/dist-packages/controller_manager_msgs/_controller_manager_msgs_s.ep.rosidl_typesupport_c.c
[0.509s] -- Up-to-date symlink: /home/jowi/dev_ws/install/controller_manager_msgs/local/lib/python3.10/dist-packages/controller_manager_msgs/_controller_manager_msgs_s.ep.rosidl_typesupport_fastrtps_c.c
[0.509s] -- Up-to-date symlink: /home/jowi/dev_ws/install/controller_manager_msgs/local/lib/python3.10/dist-packages/controller_manager_msgs/_controller_manager_msgs_s.ep.rosidl_typesupport_introspection_c.c
[0.509s] -- Up-to-date symlink: /home/jowi/dev_ws/install/controller_manager_msgs/local/lib/python3.10/dist-packages/controller_manager_msgs/controller_manager_msgs_s__rosidl_typesupport_c.cpython-310-x86_64-linux-gnu.so
[0.509s] -- Up-to-date symlink: /home/jowi/dev_ws/install/controller_manager_msgs/local/lib/python3.10/dist-packages/controller_manager_msgs/controller_manager_msgs_s__rosidl_typesupport_fastrtps_c.cpython-310-x86_64-linux-gnu.so
[0.509s] -- Up-to-date symlink: /home/jowi/dev_ws/install/controller_manager_msgs/local/lib/python3.10/dist-packages/controller_manager_msgs/controller_manager_msgs_s__rosidl_typesupport_introspection_c.cpython-310-x86_64-linux-gnu.so
[0.509s] -- Up-to-date symlink: /home/jowi/dev_ws/install/controller_manager_msgs/local/lib/python3.10/dist-packages/controller_manager_msgs/libcontroller_manager_msgs__rosidl_generator_py.so
[0.509s] -- Up-to-date symlink: /home/jowi/dev_ws/install/controller_manager_msgs/local/lib/python3.10/dist-packages/controller_manager_msgs/msg/__init__.py
[0.509s] -- Up-to-date symlink: /home/jowi/dev_ws/install/controller_manager_msgs/local/lib/python3.10/dist-packages/controller_manager_msgs/msg/_chain_connection.py
[0.509s] -- Up-to-date symlink: /home/jowi/dev_ws/install/controller_manager_msgs/local/lib/python3.10/dist-packages/controller_manager_msgs/msg/_chain_connection_s.c
[0.509s] -- Up-to-date symlink: /home/jowi/dev_ws/install/controller_manager_msgs/local/lib/python3.10/dist-packages/controller_manager_msgs/msg/_controller_manager_activity.py
[0.510s] -- Up-to-date symlink: /home/jowi/dev_ws/install/controller_manager_msgs/local/lib/python3.10/dist-packages/controller_manager_msgs/msg/_controller_manager_activity_s.c
[0.510s] -- Up-to-date symlink: /home/jowi/dev_ws/install/controller_manager_msgs/local/lib/python3.10/dist-packages/controller_manager_msgs/msg/_controller_state.py
[0.510s] -- Up-to-date symlink: /home/jowi/dev_ws/install/controller_manager_msgs/local/lib/python3.10/dist-packages/controller_manager_msgs/msg/_controller_state_s.c
[0.510s] -- Up-to-date symlink: /home/jowi/dev_ws/install/controller_manager_msgs/local/lib/python3.10/dist-packages/controller_manager_msgs/msg/_hardware_component_state.py
[0.510s] -- Up-to-date symlink: /home/jowi/dev_ws/install/controller_manager_msgs/local/lib/python3.10/dist-packages/controller_manager_msgs/msg/_hardware_component_state_s.c
[0.510s] -- Up-to-date symlink: /home/jowi/dev_ws/install/controller_manager_msgs/local/lib/python3.10/dist-packages/controller_manager_msgs/msg/_hardware_interface.py
[0.510s] -- Up-to-date symlink: /home/jowi/dev_ws/install/controller_manager_msgs/local/lib/python3.10/dist-packages/controller_manager_msgs/msg/_hardware_interface_s.c
[0.510s] -- Up-to-date symlink: /home/jowi/dev_ws/install/controller_manager_msgs/local/lib/python3.10/dist-packages/controller_manager_msgs/msg/_named_lifecycle_state.py
[0.510s] -- Up-to-date symlink: /home/jowi/dev_ws/install/controller_manager_msgs/local/lib/python3.10/dist-packages/controller_manager_msgs/msg/_named_lifecycle_state_s.c
[0.510s] -- Up-to-date symlink: /home/jowi/dev_ws/install/controller_manager_msgs/local/lib/python3.10/dist-packages/controller_manager_msgs/srv/__init__.py
[0.511s] -- Up-to-date symlink: /home/jowi/dev_ws/install/controller_manager_msgs/local/lib/python3.10/dist-packages/controller_manager_msgs/srv/_configure_controller.py
[0.511s] -- Up-to-date symlink: /home/jowi/dev_ws/install/controller_manager_msgs/local/lib/python3.10/dist-packages/controller_manager_msgs/srv/_configure_controller_s.c
[0.511s] -- Up-to-date symlink: /home/jowi/dev_ws/install/controller_manager_msgs/local/lib/python3.10/dist-packages/controller_manager_msgs/srv/_list_controller_types.py
[0.511s] -- Up-to-date symlink: /home/jowi/dev_ws/install/controller_manager_msgs/local/lib/python3.10/dist-packages/controller_manager_msgs/srv/_list_controller_types_s.c
[0.511s] -- Up-to-date symlink: /home/jowi/dev_ws/install/controller_manager_msgs/local/lib/python3.10/dist-packages/controller_manager_msgs/srv/_list_controllers.py
[0.511s] -- Up-to-date symlink: /home/jowi/dev_ws/install/controller_manager_msgs/local/lib/python3.10/dist-packages/controller_manager_msgs/srv/_list_controllers_s.c
[0.511s] -- Up-to-date symlink: /home/jowi/dev_ws/install/controller_manager_msgs/local/lib/python3.10/dist-packages/controller_manager_msgs/srv/_list_hardware_components.py
[0.511s] -- Up-to-date symlink: /home/jowi/dev_ws/install/controller_manager_msgs/local/lib/python3.10/dist-packages/controller_manager_msgs/srv/_list_hardware_components_s.c
[0.511s] -- Up-to-date symlink: /home/jowi/dev_ws/install/controller_manager_msgs/local/lib/python3.10/dist-packages/controller_manager_msgs/srv/_list_hardware_interfaces.py
[0.511s] -- Up-to-date symlink: /home/jowi/dev_ws/install/controller_manager_msgs/local/lib/python3.10/dist-packages/controller_manager_msgs/srv/_list_hardware_interfaces_s.c
[0.512s] -- Up-to-date symlink: /home/jowi/dev_ws/install/controller_manager_msgs/local/lib/python3.10/dist-packages/controller_manager_msgs/srv/_load_controller.py
[0.512s] -- Up-to-date symlink: /home/jowi/dev_ws/install/controller_manager_msgs/local/lib/python3.10/dist-packages/controller_manager_msgs/srv/_load_controller_s.c
[0.512s] -- Up-to-date symlink: /home/jowi/dev_ws/install/controller_manager_msgs/local/lib/python3.10/dist-packages/controller_manager_msgs/srv/_reload_controller_libraries.py
[0.512s] -- Up-to-date symlink: /home/jowi/dev_ws/install/controller_manager_msgs/local/lib/python3.10/dist-packages/controller_manager_msgs/srv/_reload_controller_libraries_s.c
[0.512s] -- Up-to-date symlink: /home/jowi/dev_ws/install/controller_manager_msgs/local/lib/python3.10/dist-packages/controller_manager_msgs/srv/_set_hardware_component_state.py
[0.512s] -- Up-to-date symlink: /home/jowi/dev_ws/install/controller_manager_msgs/local/lib/python3.10/dist-packages/controller_manager_msgs/srv/_set_hardware_component_state_s.c
[0.512s] -- Up-to-date symlink: /home/jowi/dev_ws/install/controller_manager_msgs/local/lib/python3.10/dist-packages/controller_manager_msgs/srv/_switch_controller.py
[0.513s] -- Up-to-date symlink: /home/jowi/dev_ws/install/controller_manager_msgs/local/lib/python3.10/dist-packages/controller_manager_msgs/srv/_switch_controller_s.c
[0.513s] -- Up-to-date symlink: /home/jowi/dev_ws/install/controller_manager_msgs/local/lib/python3.10/dist-packages/controller_manager_msgs/srv/_unload_controller.py
[0.513s] -- Up-to-date symlink: /home/jowi/dev_ws/install/controller_manager_msgs/local/lib/python3.10/dist-packages/controller_manager_msgs/srv/_unload_controller_s.c
[0.513s] -- Up-to-date symlink: /home/jowi/dev_ws/install/controller_manager_msgs/local/lib/python3.10/dist-packages/controller_manager_msgs/controller_manager_msgs_s__rosidl_typesupport_fastrtps_c.cpython-310-x86_64-linux-gnu.so
[0.514s] -- Up-to-date symlink: /home/jowi/dev_ws/install/controller_manager_msgs/local/lib/python3.10/dist-packages/controller_manager_msgs/controller_manager_msgs_s__rosidl_typesupport_introspection_c.cpython-310-x86_64-linux-gnu.so
[0.514s] -- Up-to-date symlink: /home/jowi/dev_ws/install/controller_manager_msgs/local/lib/python3.10/dist-packages/controller_manager_msgs/controller_manager_msgs_s__rosidl_typesupport_c.cpython-310-x86_64-linux-gnu.so
[0.514s] -- Up-to-date symlink: /home/jowi/dev_ws/install/controller_manager_msgs/share/controller_manager_msgs/msg/ControllerState.idl
[0.514s] -- Up-to-date symlink: /home/jowi/dev_ws/install/controller_manager_msgs/share/controller_manager_msgs/msg/ChainConnection.idl
[0.515s] -- Up-to-date symlink: /home/jowi/dev_ws/install/controller_manager_msgs/share/controller_manager_msgs/msg/HardwareComponentState.idl
[0.515s] -- Up-to-date symlink: /home/jowi/dev_ws/install/controller_manager_msgs/share/controller_manager_msgs/msg/HardwareInterface.idl
[0.515s] -- Up-to-date symlink: /home/jowi/dev_ws/install/controller_manager_msgs/share/controller_manager_msgs/msg/NamedLifecycleState.idl
[0.515s] -- Up-to-date symlink: /home/jowi/dev_ws/install/controller_manager_msgs/share/controller_manager_msgs/msg/ControllerManagerActivity.idl
[0.515s] -- Up-to-date symlink: /home/jowi/dev_ws/install/controller_manager_msgs/share/controller_manager_msgs/srv/ConfigureController.idl
[0.516s] -- Up-to-date symlink: /home/jowi/dev_ws/install/controller_manager_msgs/share/controller_manager_msgs/srv/ListControllers.idl
[0.516s] -- Up-to-date symlink: /home/jowi/dev_ws/install/controller_manager_msgs/share/controller_manager_msgs/srv/ListControllerTypes.idl
[0.516s] -- Up-to-date symlink: /home/jowi/dev_ws/install/controller_manager_msgs/share/controller_manager_msgs/srv/ListHardwareComponents.idl
[0.516s] -- Up-to-date symlink: /home/jowi/dev_ws/install/controller_manager_msgs/share/controller_manager_msgs/srv/ListHardwareInterfaces.idl
[0.516s] -- Up-to-date symlink: /home/jowi/dev_ws/install/controller_manager_msgs/share/controller_manager_msgs/srv/LoadController.idl
[0.517s] -- Up-to-date symlink: /home/jowi/dev_ws/install/controller_manager_msgs/share/controller_manager_msgs/srv/ReloadControllerLibraries.idl
[0.517s] -- Up-to-date symlink: /home/jowi/dev_ws/install/controller_manager_msgs/share/controller_manager_msgs/srv/SetHardwareComponentState.idl
[0.517s] -- Up-to-date symlink: /home/jowi/dev_ws/install/controller_manager_msgs/share/controller_manager_msgs/srv/SwitchController.idl
[0.517s] -- Up-to-date symlink: /home/jowi/dev_ws/install/controller_manager_msgs/share/controller_manager_msgs/srv/UnloadController.idl
[0.517s] -- Up-to-date symlink: /home/jowi/dev_ws/install/controller_manager_msgs/share/controller_manager_msgs/msg/ControllerState.msg
[0.518s] -- Up-to-date symlink: /home/jowi/dev_ws/install/controller_manager_msgs/share/controller_manager_msgs/msg/ChainConnection.msg
[0.518s] -- Up-to-date symlink: /home/jowi/dev_ws/install/controller_manager_msgs/share/controller_manager_msgs/msg/HardwareComponentState.msg
[0.518s] -- Up-to-date symlink: /home/jowi/dev_ws/install/controller_manager_msgs/share/controller_manager_msgs/msg/HardwareInterface.msg
[0.518s] -- Up-to-date symlink: /home/jowi/dev_ws/install/controller_manager_msgs/share/controller_manager_msgs/msg/NamedLifecycleState.msg
[0.518s] -- Up-to-date symlink: /home/jowi/dev_ws/install/controller_manager_msgs/share/controller_manager_msgs/msg/ControllerManagerActivity.msg
[0.519s] -- Up-to-date symlink: /home/jowi/dev_ws/install/controller_manager_msgs/share/controller_manager_msgs/srv/ConfigureController.srv
[0.519s] -- Up-to-date symlink: /home/jowi/dev_ws/install/controller_manager_msgs/share/controller_manager_msgs/srv/ConfigureController_Request.msg
[0.519s] -- Up-to-date symlink: /home/jowi/dev_ws/install/controller_manager_msgs/share/controller_manager_msgs/srv/ConfigureController_Response.msg
[0.519s] -- Up-to-date symlink: /home/jowi/dev_ws/install/controller_manager_msgs/share/controller_manager_msgs/srv/ListControllers.srv
[0.520s] -- Up-to-date symlink: /home/jowi/dev_ws/install/controller_manager_msgs/share/controller_manager_msgs/srv/ListControllers_Request.msg
[0.520s] -- Up-to-date symlink: /home/jowi/dev_ws/install/controller_manager_msgs/share/controller_manager_msgs/srv/ListControllers_Response.msg
[0.520s] -- Up-to-date symlink: /home/jowi/dev_ws/install/controller_manager_msgs/share/controller_manager_msgs/srv/ListControllerTypes.srv
[0.520s] -- Up-to-date symlink: /home/jowi/dev_ws/install/controller_manager_msgs/share/controller_manager_msgs/srv/ListControllerTypes_Request.msg
[0.520s] -- Up-to-date symlink: /home/jowi/dev_ws/install/controller_manager_msgs/share/controller_manager_msgs/srv/ListControllerTypes_Response.msg
[0.520s] -- Up-to-date symlink: /home/jowi/dev_ws/install/controller_manager_msgs/share/controller_manager_msgs/srv/ListHardwareComponents.srv
[0.521s] -- Up-to-date symlink: /home/jowi/dev_ws/install/controller_manager_msgs/share/controller_manager_msgs/srv/ListHardwareComponents_Request.msg
[0.521s] -- Up-to-date symlink: /home/jowi/dev_ws/install/controller_manager_msgs/share/controller_manager_msgs/srv/ListHardwareComponents_Response.msg
[0.521s] -- Up-to-date symlink: /home/jowi/dev_ws/install/controller_manager_msgs/share/controller_manager_msgs/srv/ListHardwareInterfaces.srv
[0.521s] -- Up-to-date symlink: /home/jowi/dev_ws/install/controller_manager_msgs/share/controller_manager_msgs/srv/ListHardwareInterfaces_Request.msg
[0.521s] -- Up-to-date symlink: /home/jowi/dev_ws/install/controller_manager_msgs/share/controller_manager_msgs/srv/ListHardwareInterfaces_Response.msg
[0.521s] -- Up-to-date symlink: /home/jowi/dev_ws/install/controller_manager_msgs/share/controller_manager_msgs/srv/LoadController.srv
[0.522s] -- Up-to-date symlink: /home/jowi/dev_ws/install/controller_manager_msgs/share/controller_manager_msgs/srv/LoadController_Request.msg
[0.522s] -- Up-to-date symlink: /home/jowi/dev_ws/install/controller_manager_msgs/share/controller_manager_msgs/srv/LoadController_Response.msg
[0.522s] -- Up-to-date symlink: /home/jowi/dev_ws/install/controller_manager_msgs/share/controller_manager_msgs/srv/ReloadControllerLibraries.srv
[0.522s] -- Up-to-date symlink: /home/jowi/dev_ws/install/controller_manager_msgs/share/controller_manager_msgs/srv/ReloadControllerLibraries_Request.msg
[0.522s] -- Up-to-date symlink: /home/jowi/dev_ws/install/controller_manager_msgs/share/controller_manager_msgs/srv/ReloadControllerLibraries_Response.msg
[0.522s] -- Up-to-date symlink: /home/jowi/dev_ws/install/controller_manager_msgs/share/controller_manager_msgs/srv/SetHardwareComponentState.srv
[0.523s] -- Up-to-date symlink: /home/jowi/dev_ws/install/controller_manager_msgs/share/controller_manager_msgs/srv/SetHardwareComponentState_Request.msg
[0.523s] -- Up-to-date symlink: /home/jowi/dev_ws/install/controller_manager_msgs/share/controller_manager_msgs/srv/SetHardwareComponentState_Response.msg
[0.523s] -- Up-to-date symlink: /home/jowi/dev_ws/install/controller_manager_msgs/share/controller_manager_msgs/srv/SwitchController.srv
[0.523s] -- Up-to-date symlink: /home/jowi/dev_ws/install/controller_manager_msgs/share/controller_manager_msgs/srv/SwitchController_Request.msg
[0.523s] -- Up-to-date symlink: /home/jowi/dev_ws/install/controller_manager_msgs/share/controller_manager_msgs/srv/SwitchController_Response.msg
[0.523s] -- Up-to-date symlink: /home/jowi/dev_ws/install/controller_manager_msgs/share/controller_manager_msgs/srv/UnloadController.srv
[0.523s] -- Up-to-date symlink: /home/jowi/dev_ws/install/controller_manager_msgs/share/controller_manager_msgs/srv/UnloadController_Request.msg
[0.523s] -- Up-to-date symlink: /home/jowi/dev_ws/install/controller_manager_msgs/share/controller_manager_msgs/srv/UnloadController_Response.msg
[0.524s] -- Up-to-date symlink: /home/jowi/dev_ws/install/controller_manager_msgs/share/ament_index/resource_index/package_run_dependencies/controller_manager_msgs
[0.524s] -- Up-to-date symlink: /home/jowi/dev_ws/install/controller_manager_msgs/share/ament_index/resource_index/parent_prefix_path/controller_manager_msgs
[0.524s] -- Up-to-date symlink: /home/jowi/dev_ws/install/controller_manager_msgs/share/controller_manager_msgs/environment/ament_prefix_path.sh
[0.524s] -- Up-to-date symlink: /home/jowi/dev_ws/install/controller_manager_msgs/share/controller_manager_msgs/environment/ament_prefix_path.dsv
[0.524s] -- Up-to-date symlink: /home/jowi/dev_ws/install/controller_manager_msgs/share/controller_manager_msgs/environment/path.sh
[0.524s] -- Up-to-date symlink: /home/jowi/dev_ws/install/controller_manager_msgs/share/controller_manager_msgs/environment/path.dsv
[0.525s] -- Up-to-date symlink: /home/jowi/dev_ws/install/controller_manager_msgs/share/controller_manager_msgs/local_setup.bash
[0.525s] -- Up-to-date symlink: /home/jowi/dev_ws/install/controller_manager_msgs/share/controller_manager_msgs/local_setup.sh
[0.525s] -- Up-to-date symlink: /home/jowi/dev_ws/install/controller_manager_msgs/share/controller_manager_msgs/local_setup.zsh
[0.525s] -- Up-to-date symlink: /home/jowi/dev_ws/install/controller_manager_msgs/share/controller_manager_msgs/local_setup.dsv
[0.525s] -- Symlinking: /home/jowi/dev_ws/install/controller_manager_msgs/share/controller_manager_msgs/package.dsv
[0.530s] -- Up-to-date symlink: /home/jowi/dev_ws/install/controller_manager_msgs/share/ament_index/resource_index/packages/controller_manager_msgs
[0.530s] -- Up-to-date symlink: /home/jowi/dev_ws/install/controller_manager_msgs/share/controller_manager_msgs/cmake/rosidl_cmake-extras.cmake
[0.530s] -- Up-to-date symlink: /home/jowi/dev_ws/install/controller_manager_msgs/share/controller_manager_msgs/cmake/ament_cmake_export_dependencies-extras.cmake
[0.530s] -- Up-to-date symlink: /home/jowi/dev_ws/install/controller_manager_msgs/share/controller_manager_msgs/cmake/ament_cmake_export_include_directories-extras.cmake
[0.530s] -- Up-to-date symlink: /home/jowi/dev_ws/install/controller_manager_msgs/share/controller_manager_msgs/cmake/ament_cmake_export_libraries-extras.cmake
[0.531s] -- Up-to-date symlink: /home/jowi/dev_ws/install/controller_manager_msgs/share/controller_manager_msgs/cmake/ament_cmake_export_targets-extras.cmake
[0.531s] -- Up-to-date symlink: /home/jowi/dev_ws/install/controller_manager_msgs/share/controller_manager_msgs/cmake/rosidl_cmake_export_typesupport_targets-extras.cmake
[0.531s] -- Up-to-date symlink: /home/jowi/dev_ws/install/controller_manager_msgs/share/controller_manager_msgs/cmake/rosidl_cmake_export_typesupport_libraries-extras.cmake
[0.531s] -- Up-to-date symlink: /home/jowi/dev_ws/install/controller_manager_msgs/share/controller_manager_msgs/cmake/controller_manager_msgsConfig.cmake
[0.531s] -- Up-to-date symlink: /home/jowi/dev_ws/install/controller_manager_msgs/share/controller_manager_msgs/cmake/controller_manager_msgsConfig-version.cmake
[0.532s] -- Up-to-date symlink: /home/jowi/dev_ws/install/controller_manager_msgs/share/controller_manager_msgs/package.xml
[0.532s] -- Up-to-date: /home/jowi/dev_ws/install/controller_manager_msgs/lib/libcontroller_manager_msgs__rosidl_generator_c.so
[0.532s] -- Up-to-date: /home/jowi/dev_ws/install/controller_manager_msgs/lib/libcontroller_manager_msgs__rosidl_typesupport_fastrtps_c.so
[0.532s] -- Up-to-date: /home/jowi/dev_ws/install/controller_manager_msgs/lib/libcontroller_manager_msgs__rosidl_typesupport_fastrtps_cpp.so
[0.533s] -- Up-to-date: /home/jowi/dev_ws/install/controller_manager_msgs/lib/libcontroller_manager_msgs__rosidl_typesupport_introspection_c.so
[0.533s] -- Up-to-date: /home/jowi/dev_ws/install/controller_manager_msgs/lib/libcontroller_manager_msgs__rosidl_typesupport_c.so
[0.533s] -- Up-to-date: /home/jowi/dev_ws/install/controller_manager_msgs/lib/libcontroller_manager_msgs__rosidl_typesupport_introspection_cpp.so
[0.533s] -- Up-to-date: /home/jowi/dev_ws/install/controller_manager_msgs/lib/libcontroller_manager_msgs__rosidl_typesupport_cpp.so
[0.567s] Listing '/home/jowi/dev_ws/install/controller_manager_msgs/local/lib/python3.10/dist-packages/controller_manager_msgs'...
[0.567s] Listing '/home/jowi/dev_ws/install/controller_manager_msgs/local/lib/python3.10/dist-packages/controller_manager_msgs/msg'...
[0.567s] Listing '/home/jowi/dev_ws/install/controller_manager_msgs/local/lib/python3.10/dist-packages/controller_manager_msgs/srv'...
[0.572s] -- Up-to-date: /home/jowi/dev_ws/install/controller_manager_msgs/lib/libcontroller_manager_msgs__rosidl_generator_py.so
[0.572s] -- Up-to-date: /home/jowi/dev_ws/install/controller_manager_msgs/share/controller_manager_msgs/cmake/export_controller_manager_msgs__rosidl_generator_cExport.cmake
[0.572s] -- Up-to-date: /home/jowi/dev_ws/install/controller_manager_msgs/share/controller_manager_msgs/cmake/export_controller_manager_msgs__rosidl_generator_cExport-noconfig.cmake
[0.573s] -- Up-to-date: /home/jowi/dev_ws/install/controller_manager_msgs/share/controller_manager_msgs/cmake/export_controller_manager_msgs__rosidl_typesupport_fastrtps_cExport.cmake
[0.573s] -- Up-to-date: /home/jowi/dev_ws/install/controller_manager_msgs/share/controller_manager_msgs/cmake/export_controller_manager_msgs__rosidl_typesupport_fastrtps_cExport-noconfig.cmake
[0.573s] -- Up-to-date: /home/jowi/dev_ws/install/controller_manager_msgs/share/controller_manager_msgs/cmake/export_controller_manager_msgs__rosidl_generator_cppExport.cmake
[0.573s] -- Up-to-date: /home/jowi/dev_ws/install/controller_manager_msgs/share/controller_manager_msgs/cmake/export_controller_manager_msgs__rosidl_typesupport_fastrtps_cppExport.cmake
[0.573s] -- Up-to-date: /home/jowi/dev_ws/install/controller_manager_msgs/share/controller_manager_msgs/cmake/export_controller_manager_msgs__rosidl_typesupport_fastrtps_cppExport-noconfig.cmake
[0.573s] -- Up-to-date: /home/jowi/dev_ws/install/controller_manager_msgs/share/controller_manager_msgs/cmake/controller_manager_msgs__rosidl_typesupport_introspection_cExport.cmake
[0.573s] -- Up-to-date: /home/jowi/dev_ws/install/controller_manager_msgs/share/controller_manager_msgs/cmake/controller_manager_msgs__rosidl_typesupport_introspection_cExport-noconfig.cmake
[0.574s] -- Up-to-date: /home/jowi/dev_ws/install/controller_manager_msgs/share/controller_manager_msgs/cmake/controller_manager_msgs__rosidl_typesupport_cExport.cmake
[0.574s] -- Up-to-date: /home/jowi/dev_ws/install/controller_manager_msgs/share/controller_manager_msgs/cmake/controller_manager_msgs__rosidl_typesupport_cExport-noconfig.cmake
[0.574s] -- Up-to-date: /home/jowi/dev_ws/install/controller_manager_msgs/share/controller_manager_msgs/cmake/controller_manager_msgs__rosidl_typesupport_introspection_cppExport.cmake
[0.574s] -- Up-to-date: /home/jowi/dev_ws/install/controller_manager_msgs/share/controller_manager_msgs/cmake/controller_manager_msgs__rosidl_typesupport_introspection_cppExport-noconfig.cmake
[0.574s] -- Up-to-date: /home/jowi/dev_ws/install/controller_manager_msgs/share/controller_manager_msgs/cmake/controller_manager_msgs__rosidl_typesupport_cppExport.cmake
[0.574s] -- Up-to-date: /home/jowi/dev_ws/install/controller_manager_msgs/share/controller_manager_msgs/cmake/controller_manager_msgs__rosidl_typesupport_cppExport-noconfig.cmake
[0.574s] -- Up-to-date: /home/jowi/dev_ws/install/controller_manager_msgs/share/controller_manager_msgs/cmake/export_controller_manager_msgs__rosidl_generator_pyExport.cmake
[0.575s] -- Up-to-date: /home/jowi/dev_ws/install/controller_manager_msgs/share/controller_manager_msgs/cmake/export_controller_manager_msgs__rosidl_generator_pyExport-noconfig.cmake
[0.576s] Invoked command in '/home/jowi/dev_ws/build/controller_manager_msgs' returned '0': CMAKE_PREFIX_PATH=${CMAKE_PREFIX_PATH}:/opt/ros/humble /usr/local/bin/cmake --install /home/jowi/dev_ws/build/controller_manager_msgs
