[0.023s] Invoking command in '/home/jowi/dev_ws/build/gripper_controllers': AMENT_PREFIX_PATH=/home/jowi/dev_ws/install/controller_manager:/home/jowi/dev_ws/install/hardware_interface_testing:/home/jowi/dev_ws/install/controller_interface:/home/jowi/dev_ws/install/hardware_interface:/home/jowi/dev_ws/install/ros2_control_test_assets:/home/jowi/dev_ws/install/controller_manager_msgs:/home/jowi/dev_ws/install/control_msgs:${AMENT_PREFIX_PATH} CMAKE_PREFIX_PATH=/home/jowi/dev_ws/install/controller_manager:/home/jowi/dev_ws/install/hardware_interface_testing:/home/jowi/dev_ws/install/controller_interface:/home/jowi/dev_ws/install/hardware_interface:/home/jowi/dev_ws/install/ros2_control_test_assets:/home/jowi/dev_ws/install/controller_manager_msgs:/home/jowi/dev_ws/install/control_msgs:/opt/ros/humble LD_LIBRARY_PATH=/home/jowi/dev_ws/install/controller_manager/lib:/home/jowi/dev_ws/install/hardware_interface_testing/lib:/home/jowi/dev_ws/install/controller_interface/lib:/home/jowi/dev_ws/install/hardware_interface/lib:/home/jowi/dev_ws/install/controller_manager_msgs/lib:/home/jowi/dev_ws/install/control_msgs/lib:${LD_LIBRARY_PATH} PYTHONPATH=/home/jowi/dev_ws/install/controller_manager/local/lib/python3.10/dist-packages:/home/jowi/dev_ws/install/controller_manager_msgs/local/lib/python3.10/dist-packages:/home/jowi/dev_ws/install/control_msgs/local/lib/python3.10/dist-packages:${PYTHONPATH} /usr/local/bin/cmake --build /home/jowi/dev_ws/build/gripper_controllers -- -j8 -l8
[0.056s] [ 15%] Built target gripper_action_controller_parameters
[0.061s] [ 30%] Built target gmock_main
[0.068s] [ 53%] Built target gmock
[0.086s] [ 61%] [32m[1mLinking CXX shared library libgripper_action_controller.so[0m
[0.096s] [ 69%] [32m[1mLinking CXX executable test_load_gripper_action_controllers[0m
[0.497s] [ 76%] Built target gripper_action_controller
[0.532s] [ 84%] [32m[1mLinking CXX executable test_gripper_controllers[0m
[1.643s] [ 92%] Built target test_gripper_controllers
[2.271s] [100%] Built target test_load_gripper_action_controllers
[2.283s] Invoked command in '/home/jowi/dev_ws/build/gripper_controllers' returned '0': AMENT_PREFIX_PATH=/home/jowi/dev_ws/install/controller_manager:/home/jowi/dev_ws/install/hardware_interface_testing:/home/jowi/dev_ws/install/controller_interface:/home/jowi/dev_ws/install/hardware_interface:/home/jowi/dev_ws/install/ros2_control_test_assets:/home/jowi/dev_ws/install/controller_manager_msgs:/home/jowi/dev_ws/install/control_msgs:${AMENT_PREFIX_PATH} CMAKE_PREFIX_PATH=/home/jowi/dev_ws/install/controller_manager:/home/jowi/dev_ws/install/hardware_interface_testing:/home/jowi/dev_ws/install/controller_interface:/home/jowi/dev_ws/install/hardware_interface:/home/jowi/dev_ws/install/ros2_control_test_assets:/home/jowi/dev_ws/install/controller_manager_msgs:/home/jowi/dev_ws/install/control_msgs:/opt/ros/humble LD_LIBRARY_PATH=/home/jowi/dev_ws/install/controller_manager/lib:/home/jowi/dev_ws/install/hardware_interface_testing/lib:/home/jowi/dev_ws/install/controller_interface/lib:/home/jowi/dev_ws/install/hardware_interface/lib:/home/jowi/dev_ws/install/controller_manager_msgs/lib:/home/jowi/dev_ws/install/control_msgs/lib:${LD_LIBRARY_PATH} PYTHONPATH=/home/jowi/dev_ws/install/controller_manager/local/lib/python3.10/dist-packages:/home/jowi/dev_ws/install/controller_manager_msgs/local/lib/python3.10/dist-packages:/home/jowi/dev_ws/install/control_msgs/local/lib/python3.10/dist-packages:${PYTHONPATH} /usr/local/bin/cmake --build /home/jowi/dev_ws/build/gripper_controllers -- -j8 -l8
[2.287s] Invoking command in '/home/jowi/dev_ws/build/gripper_controllers': AMENT_PREFIX_PATH=/home/jowi/dev_ws/install/controller_manager:/home/jowi/dev_ws/install/hardware_interface_testing:/home/jowi/dev_ws/install/controller_interface:/home/jowi/dev_ws/install/hardware_interface:/home/jowi/dev_ws/install/ros2_control_test_assets:/home/jowi/dev_ws/install/controller_manager_msgs:/home/jowi/dev_ws/install/control_msgs:${AMENT_PREFIX_PATH} CMAKE_PREFIX_PATH=/home/jowi/dev_ws/install/controller_manager:/home/jowi/dev_ws/install/hardware_interface_testing:/home/jowi/dev_ws/install/controller_interface:/home/jowi/dev_ws/install/hardware_interface:/home/jowi/dev_ws/install/ros2_control_test_assets:/home/jowi/dev_ws/install/controller_manager_msgs:/home/jowi/dev_ws/install/control_msgs:/opt/ros/humble LD_LIBRARY_PATH=/home/jowi/dev_ws/install/controller_manager/lib:/home/jowi/dev_ws/install/hardware_interface_testing/lib:/home/jowi/dev_ws/install/controller_interface/lib:/home/jowi/dev_ws/install/hardware_interface/lib:/home/jowi/dev_ws/install/controller_manager_msgs/lib:/home/jowi/dev_ws/install/control_msgs/lib:${LD_LIBRARY_PATH} PYTHONPATH=/home/jowi/dev_ws/install/controller_manager/local/lib/python3.10/dist-packages:/home/jowi/dev_ws/install/controller_manager_msgs/local/lib/python3.10/dist-packages:/home/jowi/dev_ws/install/control_msgs/local/lib/python3.10/dist-packages:${PYTHONPATH} /usr/local/bin/cmake --install /home/jowi/dev_ws/build/gripper_controllers
[2.293s] -- Install configuration: ""
[2.295s] -- Execute custom install script
[2.297s] -- Up-to-date symlink: /home/jowi/dev_ws/install/gripper_controllers/include/gripper_controllers/gripper_action_controller_parameters.hpp
[2.297s] -- Up-to-date symlink: /home/jowi/dev_ws/install/gripper_controllers/share/gripper_controllers//ros_control_plugins.xml
[2.298s] -- Up-to-date symlink: /home/jowi/dev_ws/install/gripper_controllers/include/gripper_action_controller/gripper_controllers/gripper_action_controller.hpp
[2.299s] -- Up-to-date symlink: /home/jowi/dev_ws/install/gripper_controllers/include/gripper_action_controller/gripper_controllers/gripper_action_controller_impl.hpp
[2.299s] -- Up-to-date symlink: /home/jowi/dev_ws/install/gripper_controllers/include/gripper_action_controller/gripper_controllers/hardware_interface_adapter.hpp
[2.299s] -- Up-to-date symlink: /home/jowi/dev_ws/install/gripper_controllers/include/gripper_action_controller/gripper_controllers/visibility_control.hpp
[2.300s] -- Up-to-date symlink: /home/jowi/dev_ws/install/gripper_controllers/share/gripper_controllers/environment/library_path.sh
[2.300s] -- Up-to-date symlink: /home/jowi/dev_ws/install/gripper_controllers/share/gripper_controllers/environment/library_path.dsv
[2.302s] -- Up-to-date symlink: /home/jowi/dev_ws/install/gripper_controllers/share/ament_index/resource_index/package_run_dependencies/gripper_controllers
[2.302s] -- Up-to-date symlink: /home/jowi/dev_ws/install/gripper_controllers/share/ament_index/resource_index/parent_prefix_path/gripper_controllers
[2.303s] -- Up-to-date symlink: /home/jowi/dev_ws/install/gripper_controllers/share/gripper_controllers/environment/ament_prefix_path.sh
[2.303s] -- Up-to-date symlink: /home/jowi/dev_ws/install/gripper_controllers/share/gripper_controllers/environment/ament_prefix_path.dsv
[2.304s] -- Up-to-date symlink: /home/jowi/dev_ws/install/gripper_controllers/share/gripper_controllers/environment/path.sh
[2.305s] -- Up-to-date symlink: /home/jowi/dev_ws/install/gripper_controllers/share/gripper_controllers/environment/path.dsv
[2.305s] -- Up-to-date symlink: /home/jowi/dev_ws/install/gripper_controllers/share/gripper_controllers/local_setup.bash
[2.306s] -- Up-to-date symlink: /home/jowi/dev_ws/install/gripper_controllers/share/gripper_controllers/local_setup.sh
[2.306s] -- Up-to-date symlink: /home/jowi/dev_ws/install/gripper_controllers/share/gripper_controllers/local_setup.zsh
[2.307s] -- Up-to-date symlink: /home/jowi/dev_ws/install/gripper_controllers/share/gripper_controllers/local_setup.dsv
[2.307s] -- Symlinking: /home/jowi/dev_ws/install/gripper_controllers/share/gripper_controllers/package.dsv
[2.316s] -- Up-to-date symlink: /home/jowi/dev_ws/install/gripper_controllers/share/ament_index/resource_index/packages/gripper_controllers
[2.316s] -- Up-to-date symlink: /home/jowi/dev_ws/install/gripper_controllers/share/ament_index/resource_index/controller_interface__pluginlib__plugin/gripper_controllers
[2.317s] -- Up-to-date symlink: /home/jowi/dev_ws/install/gripper_controllers/share/gripper_controllers/cmake/ament_cmake_export_dependencies-extras.cmake
[2.317s] -- Up-to-date symlink: /home/jowi/dev_ws/install/gripper_controllers/share/gripper_controllers/cmake/ament_cmake_export_targets-extras.cmake
[2.318s] -- Up-to-date symlink: /home/jowi/dev_ws/install/gripper_controllers/share/gripper_controllers/cmake/gripper_controllersConfig.cmake
[2.318s] -- Up-to-date symlink: /home/jowi/dev_ws/install/gripper_controllers/share/gripper_controllers/cmake/gripper_controllersConfig-version.cmake
[2.319s] -- Up-to-date symlink: /home/jowi/dev_ws/install/gripper_controllers/share/gripper_controllers/package.xml
[2.321s] -- Installing: /home/jowi/dev_ws/install/gripper_controllers/lib/libgripper_action_controller.so
[2.326s] -- Set non-toolchain portion of runtime path of "/home/jowi/dev_ws/install/gripper_controllers/lib/libgripper_action_controller.so" to ""
[2.327s] -- Up-to-date: /home/jowi/dev_ws/install/gripper_controllers/share/gripper_controllers/cmake/export_gripper_action_controllerExport.cmake
[2.327s] -- Up-to-date: /home/jowi/dev_ws/install/gripper_controllers/share/gripper_controllers/cmake/export_gripper_action_controllerExport-noconfig.cmake
[2.331s] Invoked command in '/home/jowi/dev_ws/build/gripper_controllers' returned '0': AMENT_PREFIX_PATH=/home/jowi/dev_ws/install/controller_manager:/home/jowi/dev_ws/install/hardware_interface_testing:/home/jowi/dev_ws/install/controller_interface:/home/jowi/dev_ws/install/hardware_interface:/home/jowi/dev_ws/install/ros2_control_test_assets:/home/jowi/dev_ws/install/controller_manager_msgs:/home/jowi/dev_ws/install/control_msgs:${AMENT_PREFIX_PATH} CMAKE_PREFIX_PATH=/home/jowi/dev_ws/install/controller_manager:/home/jowi/dev_ws/install/hardware_interface_testing:/home/jowi/dev_ws/install/controller_interface:/home/jowi/dev_ws/install/hardware_interface:/home/jowi/dev_ws/install/ros2_control_test_assets:/home/jowi/dev_ws/install/controller_manager_msgs:/home/jowi/dev_ws/install/control_msgs:/opt/ros/humble LD_LIBRARY_PATH=/home/jowi/dev_ws/install/controller_manager/lib:/home/jowi/dev_ws/install/hardware_interface_testing/lib:/home/jowi/dev_ws/install/controller_interface/lib:/home/jowi/dev_ws/install/hardware_interface/lib:/home/jowi/dev_ws/install/controller_manager_msgs/lib:/home/jowi/dev_ws/install/control_msgs/lib:${LD_LIBRARY_PATH} PYTHONPATH=/home/jowi/dev_ws/install/controller_manager/local/lib/python3.10/dist-packages:/home/jowi/dev_ws/install/controller_manager_msgs/local/lib/python3.10/dist-packages:/home/jowi/dev_ws/install/control_msgs/local/lib/python3.10/dist-packages:${PYTHONPATH} /usr/local/bin/cmake --install /home/jowi/dev_ws/build/gripper_controllers
