[0.029s] Invoking command in '/home/jowi/dev_ws/build/columbus': CMAKE_PREFIX_PATH=${CMAKE_PREFIX_PATH}:/opt/ros/humble /usr/local/bin/cmake --build /home/jowi/dev_ws/build/columbus -- -j8 -l8
[0.165s] Invoked command in '/home/jowi/dev_ws/build/columbus' returned '0': CMAKE_PREFIX_PATH=${CMAKE_PREFIX_PATH}:/opt/ros/humble /usr/local/bin/cmake --build /home/jowi/dev_ws/build/columbus -- -j8 -l8
[0.188s] Invoking command in '/home/jowi/dev_ws/build/columbus': CMAKE_PREFIX_PATH=${CMAKE_PREFIX_PATH}:/opt/ros/humble /usr/local/bin/cmake --install /home/jowi/dev_ws/build/columbus
[0.198s] -- Install configuration: ""
[0.201s] -- Execute custom install script
[0.203s] -- Up-to-date symlink: /home/jowi/dev_ws/install/columbus/share/columbus/config/empty.yaml
[0.204s] -- Up-to-date symlink: /home/jowi/dev_ws/install/columbus/share/columbus/description/robot.urdf.xacro
[0.205s] -- Symlinking: /home/jowi/dev_ws/install/columbus/share/columbus/description/robot_core.xacro
[0.213s] -- Up-to-date symlink: /home/jowi/dev_ws/install/columbus/share/columbus/launch/rsp.launch.py
[0.213s] -- Up-to-date symlink: /home/jowi/dev_ws/install/columbus/share/columbus/worlds/empty.world
[0.214s] -- Up-to-date symlink: /home/jowi/dev_ws/install/columbus/share/ament_index/resource_index/package_run_dependencies/columbus
[0.215s] -- Up-to-date symlink: /home/jowi/dev_ws/install/columbus/share/ament_index/resource_index/parent_prefix_path/columbus
[0.215s] -- Up-to-date symlink: /home/jowi/dev_ws/install/columbus/share/columbus/environment/ament_prefix_path.sh
[0.216s] -- Up-to-date symlink: /home/jowi/dev_ws/install/columbus/share/columbus/environment/ament_prefix_path.dsv
[0.216s] -- Up-to-date symlink: /home/jowi/dev_ws/install/columbus/share/columbus/environment/path.sh
[0.217s] -- Up-to-date symlink: /home/jowi/dev_ws/install/columbus/share/columbus/environment/path.dsv
[0.217s] -- Up-to-date symlink: /home/jowi/dev_ws/install/columbus/share/columbus/local_setup.bash
[0.218s] -- Up-to-date symlink: /home/jowi/dev_ws/install/columbus/share/columbus/local_setup.sh
[0.218s] -- Up-to-date symlink: /home/jowi/dev_ws/install/columbus/share/columbus/local_setup.zsh
[0.219s] -- Up-to-date symlink: /home/jowi/dev_ws/install/columbus/share/columbus/local_setup.dsv
[0.219s] -- Symlinking: /home/jowi/dev_ws/install/columbus/share/columbus/package.dsv
[0.227s] -- Up-to-date symlink: /home/jowi/dev_ws/install/columbus/share/ament_index/resource_index/packages/columbus
[0.228s] -- Up-to-date symlink: /home/jowi/dev_ws/install/columbus/share/columbus/cmake/columbusConfig.cmake
[0.228s] -- Up-to-date symlink: /home/jowi/dev_ws/install/columbus/share/columbus/cmake/columbusConfig-version.cmake
[0.229s] -- Up-to-date symlink: /home/jowi/dev_ws/install/columbus/share/columbus/package.xml
[0.233s] Invoked command in '/home/jowi/dev_ws/build/columbus' returned '0': CMAKE_PREFIX_PATH=${CMAKE_PREFIX_PATH}:/opt/ros/humble /usr/local/bin/cmake --install /home/jowi/dev_ws/build/columbus
