[0.015s] Invoking command in '/home/jowi/dev_ws/build/controller_interface': AMENT_PREFIX_PATH=/home/jowi/dev_ws/install/ros2_control_test_assets:/home/jowi/dev_ws/install/joint_limits:/home/jowi/dev_ws/install/control_msgs:${AMENT_PREFIX_PATH} CMAKE_PREFIX_PATH=/home/jowi/dev_ws/install/ros2_control_test_assets:/home/jowi/dev_ws/install/joint_limits:/home/jowi/dev_ws/install/control_msgs:/home/jowi/dev_ws/install/columbus:/opt/ros/humble LD_LIBRARY_PATH=/home/jowi/dev_ws/install/ros2_control_test_assets/lib:/home/jowi/dev_ws/install/joint_limits/lib:/home/jowi/dev_ws/install/control_msgs/lib:${LD_LIBRARY_PATH} PYTHONPATH=/home/jowi/dev_ws/install/control_msgs/local/lib/python3.10/dist-packages:${PYTHONPATH} /usr/local/bin/cmake /home/jowi/dev_ws/src/ros2_control/controller_interface -DAMENT_CMAKE_SYMLINK_INSTALL=1 -DCMAKE_INSTALL_PREFIX=/home/jowi/dev_ws/install/controller_interface
[0.071s] -- The CXX compiler identification is GNU 11.4.0
[0.081s] -- Detecting CXX compiler ABI info
[0.150s] -- Detecting CXX compiler ABI info - done
[0.166s] -- Check for working CXX compiler: /usr/bin/c++ - skipped
[0.166s] -- Detecting CXX compile features
[0.167s] -- Detecting CXX compile features - done
[0.169s] -- Found ament_cmake: 1.3.11 (/opt/ros/humble/share/ament_cmake/cmake)
[0.315s] -- Found Python3: /usr/bin/python3 (found version "3.10.12") found components: Interpreter 
[0.380s] -- Override CMake install command with custom implementation using symlinks instead of copying resources
[0.412s] -- Found hardware_interface: 2.48.0 (/opt/ros/humble/share/hardware_interface/cmake)
[0.455s] -- Found rosidl_generator_c: 3.1.6 (/opt/ros/humble/share/rosidl_generator_c/cmake)
[0.460s] -- Found rosidl_adapter: 3.1.6 (/opt/ros/humble/share/rosidl_adapter/cmake)
[0.470s] -- Found rosidl_generator_cpp: 3.1.6 (/opt/ros/humble/share/rosidl_generator_cpp/cmake)
[0.483s] -- Using all available rosidl_typesupport_c: rosidl_typesupport_fastrtps_c;rosidl_typesupport_introspection_c
[0.501s] -- Using all available rosidl_typesupport_cpp: rosidl_typesupport_fastrtps_cpp;rosidl_typesupport_introspection_cpp
[0.772s] -- Found rmw_implementation_cmake: 6.1.2 (/opt/ros/humble/share/rmw_implementation_cmake/cmake)
[0.775s] -- Found rmw_fastrtps_cpp: 6.2.7 (/opt/ros/humble/share/rmw_fastrtps_cpp/cmake)
[0.803s] -- Found TinyXML2 via Config file: TinyXML2_DIR-NOTFOUND
[0.845s] -- Found OpenSSL: /usr/lib/x86_64-linux-gnu/libcrypto.so (found version "3.0.2")  
[0.849s] -- Found TinyXML2 via Config file: TinyXML2_DIR-NOTFOUND
[0.865s] -- Found FastRTPS: /opt/ros/humble/include  
[0.869s] -- Found TinyXML2 via Config file: TinyXML2_DIR-NOTFOUND
[0.878s] -- Found TinyXML2 via Config file: TinyXML2_DIR-NOTFOUND
[0.889s] -- Using RMW implementation 'rmw_fastrtps_cpp' as default
[0.898s] -- Performing Test CMAKE_HAVE_LIBC_PTHREAD
[0.971s] -- Performing Test CMAKE_HAVE_LIBC_PTHREAD - Success
[0.973s] -- Found Threads: TRUE  
[1.042s] -- Found realtime_tools: 2.11.0 (/opt/ros/humble/share/realtime_tools/cmake)
[1.067s] -- Found ament_cmake_gmock: 1.3.11 (/opt/ros/humble/share/ament_cmake_gmock/cmake)
[1.070s] -- Found gmock sources under '/opt/ros/humble/src/gmock_vendor': C++ tests using 'Google Mock' will be built
[1.119s] -- The C compiler identification is GNU 11.4.0
[1.127s] -- Detecting C compiler ABI info
[1.181s] -- Detecting C compiler ABI info - done
[1.196s] -- Check for working C compiler: /usr/bin/cc - skipped
[1.197s] -- Detecting C compile features
[1.197s] -- Detecting C compile features - done
[1.201s] -- Found ament_cmake_gtest: 1.3.11 (/opt/ros/humble/share/ament_cmake_gtest/cmake)
[1.202s] -- Found gtest sources under '/opt/ros/humble/src/gtest_vendor': C++ tests using 'Google Test' will be built
[1.282s] -- Configuring done (1.3s)
[1.471s] [31mCMake Error at CMakeLists.txt:56 (target_link_libraries):
[1.471s]   Target "test_chainable_controller_interface" links to:
[1.471s] 
[1.471s]     hardware_interface::hardware_interface
[1.471s] 
[1.471s]   but the target was not found.  Possible reasons include:
[1.471s] 
[1.471s]     * There is a typo in the target name.
[1.471s]     * A find_package call is missing for an IMPORTED target.
[1.471s]     * An ALIAS target is missing.
[1.471s] 
[1.471s] 
[1.471s] [0m
[1.471s] [31mCMake Error at CMakeLists.txt:62 (target_link_libraries):
[1.472s]   Target "test_semantic_component_interface" links to:
[1.472s] 
[1.472s]     hardware_interface::hardware_interface
[1.472s] 
[1.472s]   but the target was not found.  Possible reasons include:
[1.472s] 
[1.472s]     * There is a typo in the target name.
[1.472s]     * A find_package call is missing for an IMPORTED target.
[1.472s]     * An ALIAS target is missing.
[1.472s] 
[1.472s] 
[1.472s] [0m
[1.472s] [31mCMake Error at CMakeLists.txt:68 (target_link_libraries):
[1.472s]   Target "test_force_torque_sensor" links to:
[1.472s] 
[1.472s]     hardware_interface::hardware_interface
[1.472s] 
[1.472s]   but the target was not found.  Possible reasons include:
[1.472s] 
[1.472s]     * There is a typo in the target name.
[1.473s]     * A find_package call is missing for an IMPORTED target.
[1.473s]     * An ALIAS target is missing.
[1.473s] 
[1.473s] 
[1.473s] [0m
[1.473s] [31mCMake Error at CMakeLists.txt:74 (target_link_libraries):
[1.473s]   Target "test_imu_sensor" links to:
[1.473s] 
[1.473s]     hardware_interface::hardware_interface
[1.473s] 
[1.473s]   but the target was not found.  Possible reasons include:
[1.473s] 
[1.473s]     * There is a typo in the target name.
[1.473s]     * A find_package call is missing for an IMPORTED target.
[1.473s]     * An ALIAS target is missing.
[1.473s] 
[1.473s] 
[1.473s] [0m
[1.473s] [31mCMake Error at CMakeLists.txt:83 (target_link_libraries):
[1.474s]   Target "test_pose_sensor" links to:
[1.474s] 
[1.474s]     hardware_interface::hardware_interface
[1.474s] 
[1.474s]   but the target was not found.  Possible reasons include:
[1.474s] 
[1.474s]     * There is a typo in the target name.
[1.474s]     * A find_package call is missing for an IMPORTED target.
[1.474s]     * An ALIAS target is missing.
[1.474s] 
[1.474s] 
[1.474s] [0m
[1.474s] [31mCMake Error at CMakeLists.txt:91 (target_link_libraries):
[1.474s]   Target "test_gps_sensor" links to:
[1.474s] 
[1.474s]     hardware_interface::hardware_interface
[1.474s] 
[1.474s]   but the target was not found.  Possible reasons include:
[1.474s] 
[1.475s]     * There is a typo in the target name.
[1.475s]     * A find_package call is missing for an IMPORTED target.
[1.475s]     * An ALIAS target is missing.
[1.475s] 
[1.475s] 
[1.475s] [0m
[1.475s] [31mCMake Error at CMakeLists.txt:101 (target_link_libraries):
[1.475s]   Target "test_semantic_component_command_interface" links to:
[1.475s] 
[1.475s]     hardware_interface::hardware_interface
[1.475s] -- Generating done (0.2s)
[1.475s] 
[1.475s]   but the target was not found.  Possible reasons include:
[1.475s] 
[1.475s]     * There is a typo in the target name.
[1.475s]     * A find_package call is missing for an IMPORTED target.
[1.475s]     * An ALIAS target is missing.
[1.475s] 
[1.475s] 
[1.475s] [0m
[1.476s] [31mCMake Error at CMakeLists.txt:107 (target_link_libraries):
[1.476s]   Target "test_led_rgb_device" links to:
[1.476s] 
[1.476s]     hardware_interface::hardware_interface
[1.476s] 
[1.476s]   but the target was not found.  Possible reasons include:
[1.476s] 
[1.476s]     * There is a typo in the target name.
[1.476s]     * A find_package call is missing for an IMPORTED target.
[1.476s]     * An ALIAS target is missing.
[1.476s] 
[1.476s] 
[1.476s] [0m
[1.476s] [0mCMake Generate step failed.  Build files cannot be regenerated correctly.[0m
[1.488s] Invoked command in '/home/jowi/dev_ws/build/controller_interface' returned '1': AMENT_PREFIX_PATH=/home/jowi/dev_ws/install/ros2_control_test_assets:/home/jowi/dev_ws/install/joint_limits:/home/jowi/dev_ws/install/control_msgs:${AMENT_PREFIX_PATH} CMAKE_PREFIX_PATH=/home/jowi/dev_ws/install/ros2_control_test_assets:/home/jowi/dev_ws/install/joint_limits:/home/jowi/dev_ws/install/control_msgs:/home/jowi/dev_ws/install/columbus:/opt/ros/humble LD_LIBRARY_PATH=/home/jowi/dev_ws/install/ros2_control_test_assets/lib:/home/jowi/dev_ws/install/joint_limits/lib:/home/jowi/dev_ws/install/control_msgs/lib:${LD_LIBRARY_PATH} PYTHONPATH=/home/jowi/dev_ws/install/control_msgs/local/lib/python3.10/dist-packages:${PYTHONPATH} /usr/local/bin/cmake /home/jowi/dev_ws/src/ros2_control/controller_interface -DAMENT_CMAKE_SYMLINK_INSTALL=1 -DCMAKE_INSTALL_PREFIX=/home/jowi/dev_ws/install/controller_interface
