[2.757s] Invoking command in '/home/jowi/dev_ws/build/pi2stm_comms': PYTHONPATH=/home/jowi/dev_ws/build/pi2stm_comms/prefix_override:/usr/lib/python3/dist-packages/colcon_core/task/python/colcon_distutils_commands:/home/jowi/dev_ws/install/pi2stm_comms/lib/python3.10/site-packages:${PYTHONPATH} /usr/bin/python3 -W ignore:setup.py install is deprecated -W ignore:easy_install command is deprecated setup.py develop --editable --build-directory /home/jowi/dev_ws/build/pi2stm_comms/build --no-deps symlink_data
[4.303s] running develop
[4.961s] running egg_info
[4.961s] creating pi2stm_comms.egg-info
[4.979s] writing pi2stm_comms.egg-info/PKG-INFO
[4.980s] writing dependency_links to pi2stm_comms.egg-info/dependency_links.txt
[4.980s] writing entry points to pi2stm_comms.egg-info/entry_points.txt
[4.980s] writing requirements to pi2stm_comms.egg-info/requires.txt
[4.980s] writing top-level names to pi2stm_comms.egg-info/top_level.txt
[4.980s] writing manifest file 'pi2stm_comms.egg-info/SOURCES.txt'
[4.991s] reading manifest file 'pi2stm_comms.egg-info/SOURCES.txt'
[4.991s] writing manifest file 'pi2stm_comms.egg-info/SOURCES.txt'
[4.994s] running build_ext
[4.994s] Creating /home/jowi/dev_ws/install/pi2stm_comms/lib/python3.10/site-packages/pi2stm-comms.egg-link (link to .)
[4.995s] Installing mecanum_controller_interface script to /home/jowi/dev_ws/install/pi2stm_comms/lib/pi2stm_comms
[4.996s] 
[4.996s] Installed /home/jowi/dev_ws/build/pi2stm_comms
[4.996s] running symlink_data
[4.996s] creating /home/jowi/dev_ws/install/pi2stm_comms/share/ament_index
[4.996s] creating /home/jowi/dev_ws/install/pi2stm_comms/share/ament_index/resource_index
[4.996s] creating /home/jowi/dev_ws/install/pi2stm_comms/share/ament_index/resource_index/packages
[4.996s] symbolically linking /home/jowi/dev_ws/build/pi2stm_comms/resource/pi2stm_comms -> /home/jowi/dev_ws/install/pi2stm_comms/share/ament_index/resource_index/packages
[4.996s] symbolically linking /home/jowi/dev_ws/build/pi2stm_comms/package.xml -> /home/jowi/dev_ws/install/pi2stm_comms/share/pi2stm_comms
[5.077s] Invoked command in '/home/jowi/dev_ws/build/pi2stm_comms' returned '0': PYTHONPATH=/home/jowi/dev_ws/build/pi2stm_comms/prefix_override:/usr/lib/python3/dist-packages/colcon_core/task/python/colcon_distutils_commands:/home/jowi/dev_ws/install/pi2stm_comms/lib/python3.10/site-packages:${PYTHONPATH} /usr/bin/python3 -W ignore:setup.py install is deprecated -W ignore:easy_install command is deprecated setup.py develop --editable --build-directory /home/jowi/dev_ws/build/pi2stm_comms/build --no-deps symlink_data
