[0.010s] Invoking command in '/home/jowi/dev_ws/build/joint_limits': CMAKE_PREFIX_PATH=${CMAKE_PREFIX_PATH}:/opt/ros/humble /usr/local/bin/cmake /home/jowi/dev_ws/src/ros2_control/joint_limits -DAMENT_CMAKE_SYMLINK_INSTALL=1 -DCMAKE_INSTALL_PREFIX=/home/jowi/dev_ws/install/joint_limits
[0.228s] -- The CXX compiler identification is GNU 11.4.0
[0.243s] -- Detecting CXX compiler ABI info
[0.325s] -- Detecting CXX compiler ABI info - done
[0.341s] -- Check for working CXX compiler: /usr/bin/c++ - skipped
[0.342s] -- Detecting CXX compile features
[0.342s] -- Detecting CXX compile features - done
[0.351s] -- Found ament_cmake: 1.3.11 (/opt/ros/humble/share/ament_cmake/cmake)
[0.501s] -- Found Python3: /usr/bin/python3 (found version "3.10.12") found components: Interpreter 
[0.578s] -- Override CMake install command with custom implementation using symlinks instead of copying resources
[0.620s] -- Found pluginlib: 5.1.0 (/opt/ros/humble/share/pluginlib/cmake)
[0.678s] -- Found realtime_tools: 2.11.0 (/opt/ros/humble/share/realtime_tools/cmake)
[0.723s] -- Found rosidl_generator_c: 3.1.6 (/opt/ros/humble/share/rosidl_generator_c/cmake)
[0.732s] -- Found rosidl_adapter: 3.1.6 (/opt/ros/humble/share/rosidl_adapter/cmake)
[0.744s] -- Found rosidl_generator_cpp: 3.1.6 (/opt/ros/humble/share/rosidl_generator_cpp/cmake)
[0.764s] -- Using all available rosidl_typesupport_c: rosidl_typesupport_fastrtps_c;rosidl_typesupport_introspection_c
[0.781s] -- Using all available rosidl_typesupport_cpp: rosidl_typesupport_fastrtps_cpp;rosidl_typesupport_introspection_cpp
[0.857s] -- Found rmw_implementation_cmake: 6.1.2 (/opt/ros/humble/share/rmw_implementation_cmake/cmake)
[0.862s] -- Found rmw_fastrtps_cpp: 6.2.7 (/opt/ros/humble/share/rmw_fastrtps_cpp/cmake)
[0.899s] -- Found TinyXML2 via Config file: TinyXML2_DIR-NOTFOUND
[0.942s] -- Found OpenSSL: /usr/lib/x86_64-linux-gnu/libcrypto.so (found version "3.0.2")  
[0.947s] -- Found TinyXML2 via Config file: TinyXML2_DIR-NOTFOUND
[0.963s] -- Found FastRTPS: /opt/ros/humble/include  
[0.968s] -- Found TinyXML2 via Config file: TinyXML2_DIR-NOTFOUND
[0.976s] -- Found TinyXML2 via Config file: TinyXML2_DIR-NOTFOUND
[0.987s] -- Using RMW implementation 'rmw_fastrtps_cpp' as default
[1.000s] -- Performing Test CMAKE_HAVE_LIBC_PTHREAD
[1.135s] -- Performing Test CMAKE_HAVE_LIBC_PTHREAD - Success
[1.136s] -- Found Threads: TRUE  
[1.284s] -- Found rclcpp_lifecycle: 16.0.11 (/opt/ros/humble/share/rclcpp_lifecycle/cmake)
[1.318s] -- Found trajectory_msgs: 4.2.4 (/opt/ros/humble/share/trajectory_msgs/cmake)
[1.363s] -- Found urdf: 2.6.1 (/opt/ros/humble/share/urdf/cmake)
[1.382s] -- Found ament_cmake_gtest: 1.3.11 (/opt/ros/humble/share/ament_cmake_gtest/cmake)
[1.385s] -- Found ament_cmake_gmock: 1.3.11 (/opt/ros/humble/share/ament_cmake_gmock/cmake)
[1.389s] -- Found generate_parameter_library: 0.4.0 (/opt/ros/humble/share/generate_parameter_library/cmake)
[1.391s] -- Found parameter_traits: 0.4.0 (/opt/ros/humble/share/parameter_traits/cmake)
[1.417s] -- Found launch_testing_ament_cmake: 1.0.7 (/opt/ros/humble/share/launch_testing_ament_cmake/cmake)
[1.420s] -- Found python_cmake_module: 0.10.0 (/opt/ros/humble/share/python_cmake_module/cmake)
[1.421s] [33mCMake Warning (dev) at /opt/ros/humble/share/python_cmake_module/cmake/Modules/FindPythonExtra.cmake:52 (find_package):
[1.421s]   Policy CMP0148 is not set: The FindPythonInterp and FindPythonLibs modules
[1.421s]   are removed.  Run "cmake --help-policy CMP0148" for policy details.  Use
[1.422s]   the cmake_policy command to set the policy and suppress this warning.
[1.422s] 
[1.422s] Call Stack (most recent call first):
[1.422s]   /opt/ros/humble/share/launch_testing_ament_cmake/cmake/launch_testing_ament_cmake-extras.cmake:18 (find_package)
[1.422s]   /opt/ros/humble/share/launch_testing_ament_cmake/cmake/launch_testing_ament_cmakeConfig.cmake:41 (include)
[1.422s]   CMakeLists.txt:77 (find_package)
[1.422s] This warning is for project developers.  Use -Wno-dev to suppress it.
[1.422s] [0m
[1.452s] -- Found PythonInterp: /usr/bin/python3 (found suitable version "3.10.12", minimum required is "3.6") 
[1.453s] [33mCMake Warning (dev) at /opt/ros/humble/share/python_cmake_module/cmake/Modules/FindPythonExtra.cmake:140 (find_package):
[1.453s]   Policy CMP0148 is not set: The FindPythonInterp and FindPythonLibs modules
[1.453s]   are removed.  Run "cmake --help-policy CMP0148" for policy details.  Use
[1.453s]   the cmake_policy command to set the policy and suppress this warning.
[1.453s] 
[1.453s] Call Stack (most recent call first):
[1.453s]   /opt/ros/humble/share/launch_testing_ament_cmake/cmake/launch_testing_ament_cmake-extras.cmake:18 (find_package)
[1.453s]   /opt/ros/humble/share/launch_testing_ament_cmake/cmake/launch_testing_ament_cmakeConfig.cmake:41 (include)
[1.453s]   CMakeLists.txt:77 (find_package)
[1.453s] This warning is for project developers.  Use -Wno-dev to suppress it.
[1.453s] [0m
[1.462s] -- Found PythonLibs: /usr/lib/x86_64-linux-gnu/libpython3.10.so (found suitable version "3.10.12", minimum required is "3.5") 
[1.462s] -- Using PYTHON_EXECUTABLE: /usr/bin/python3
[1.462s] -- Using PYTHON_INCLUDE_DIRS: /usr/include/python3.10
[1.463s] -- Using PYTHON_LIBRARIES: /usr/lib/x86_64-linux-gnu/libpython3.10.so
[1.486s] -- Found PythonExtra: .so  
[1.490s] -- Found gtest sources under '/opt/ros/humble/src/gtest_vendor': C++ tests using 'Google Test' will be built
[1.531s] -- The C compiler identification is GNU 11.4.0
[1.538s] -- Detecting C compiler ABI info
[1.628s] -- Detecting C compiler ABI info - done
[1.646s] -- Check for working C compiler: /usr/bin/cc - skipped
[1.646s] -- Detecting C compile features
[1.647s] -- Detecting C compile features - done
[1.660s] -- Found gmock sources under '/opt/ros/humble/src/gmock_vendor': C++ tests using 'Google Mock' will be built
[1.666s] -- Found gmock sources under '/opt/ros/humble/src/gmock_vendor': C++ tests using 'Google Mock' will be built
[1.751s] -- Configuring done (1.7s)
[1.809s] -- Generating done (0.0s)
[1.831s] -- Build files have been written to: /home/jowi/dev_ws/build/joint_limits
[1.847s] Invoked command in '/home/jowi/dev_ws/build/joint_limits' returned '0': CMAKE_PREFIX_PATH=${CMAKE_PREFIX_PATH}:/opt/ros/humble /usr/local/bin/cmake /home/jowi/dev_ws/src/ros2_control/joint_limits -DAMENT_CMAKE_SYMLINK_INSTALL=1 -DCMAKE_INSTALL_PREFIX=/home/jowi/dev_ws/install/joint_limits
[1.848s] Invoking command in '/home/jowi/dev_ws/build/joint_limits': CMAKE_PREFIX_PATH=${CMAKE_PREFIX_PATH}:/opt/ros/humble /usr/local/bin/cmake --build /home/jowi/dev_ws/build/joint_limits -- -j8 -l8
[1.876s] [  3%] [32mBuilding CXX object gtest/CMakeFiles/gtest.dir/src/gtest-all.cc.o[0m
[1.877s] [ 17%] [32mBuilding CXX object gmock/CMakeFiles/gmock_main.dir/src/gmock_main.cc.o[0m
[1.877s] [ 17%] [34m[1mGenerating joint_limits/version.h[0m
[1.877s] [ 17%] [32mBuilding CXX object CMakeFiles/joint_limits_helpers.dir/src/joint_limits_helpers.cpp.o[0m
[1.877s] [ 17%] [32mBuilding CXX object gtest/CMakeFiles/gtest_main.dir/src/gtest_main.cc.o[0m
[1.878s] [ 21%] [32mBuilding CXX object gmock/CMakeFiles/gmock.dir/opt/ros/humble/src/gtest_vendor/src/gtest-all.cc.o[0m
[1.878s] [ 25%] [32mBuilding CXX object gmock/CMakeFiles/gmock.dir/src/gmock-all.cc.o[0m
[1.879s] [ 28%] [32mBuilding CXX object CMakeFiles/joint_limiter_interface.dir/src/joint_limiter_interface.cpp.o[0m
[1.891s] [ 28%] Built target ament_generate_version_header__joint_limits
[4.327s] [ 32%] [32m[1mLinking CXX shared library libjoint_limits_helpers.so[0m
[4.523s] [ 35%] [32m[1mLinking CXX static library libgtest_main.a[0m
[4.566s] [ 35%] Built target gtest_main
[4.717s] [ 35%] Built target joint_limits_helpers
[4.736s] [ 39%] [32mBuilding CXX object CMakeFiles/joint_saturation_limiter.dir/src/joint_saturation_limiter.cpp.o[0m
[4.739s] [ 42%] [32mBuilding CXX object CMakeFiles/joint_saturation_limiter.dir/src/joint_range_limiter.cpp.o[0m
[4.743s] [ 46%] [32mBuilding CXX object CMakeFiles/joint_saturation_limiter.dir/src/joint_soft_limiter.cpp.o[0m
[5.386s] [ 50%] [32m[1mLinking CXX static library libgmock_main.a[0m
[5.416s] [ 50%] Built target gmock_main
[12.675s] [ 53%] [32m[1mLinking CXX shared library libjoint_limiter_interface.so[0m
[13.112s] [ 57%] [32m[1mLinking CXX static library libgmock.a[0m
[13.851s] [ 57%] Built target joint_limiter_interface
[13.864s] [ 57%] Built target gmock
[13.882s] [ 60%] [32mBuilding CXX object CMakeFiles/test_joint_saturation_limiter.dir/test/test_joint_saturation_limiter.cpp.o[0m
[13.884s] [ 64%] [32mBuilding CXX object CMakeFiles/test_joint_range_limiter.dir/test/test_joint_range_limiter.cpp.o[0m
[13.890s] [ 67%] [32mBuilding CXX object CMakeFiles/test_joint_soft_limiter.dir/test/test_joint_soft_limiter.cpp.o[0m
[14.129s] [ 71%] [32m[1mLinking CXX shared library libjoint_saturation_limiter.so[0m
[14.339s] [ 75%] [32m[1mLinking CXX static library libgtest.a[0m
[14.433s] [ 75%] Built target gtest
[14.443s] [ 82%] [32mBuilding CXX object CMakeFiles/joint_limits_rosparam_test.dir/test/joint_limits_rosparam_test.cpp.o[0m
[14.443s] [ 82%] [32mBuilding CXX object CMakeFiles/joint_limits_urdf_test.dir/test/joint_limits_urdf_test.cpp.o[0m
[14.690s] [ 82%] Built target joint_saturation_limiter
[19.041s] [ 85%] [32m[1mLinking CXX executable joint_limits_urdf_test[0m
[19.594s] [ 85%] Built target joint_limits_urdf_test
[24.217s] [ 89%] [32m[1mLinking CXX executable joint_limits_rosparam_test[0m
[25.370s] [ 89%] Built target joint_limits_rosparam_test
[30.601s] [ 92%] [32m[1mLinking CXX executable test_joint_range_limiter[0m
[31.945s] [ 92%] Built target test_joint_range_limiter
[34.007s] [ 96%] [32m[1mLinking CXX executable test_joint_saturation_limiter[0m
[34.307s] [100%] [32m[1mLinking CXX executable test_joint_soft_limiter[0m
[35.562s] [100%] Built target test_joint_saturation_limiter
[35.699s] [100%] Built target test_joint_soft_limiter
[35.728s] Invoked command in '/home/jowi/dev_ws/build/joint_limits' returned '0': CMAKE_PREFIX_PATH=${CMAKE_PREFIX_PATH}:/opt/ros/humble /usr/local/bin/cmake --build /home/jowi/dev_ws/build/joint_limits -- -j8 -l8
[35.738s] Invoking command in '/home/jowi/dev_ws/build/joint_limits': CMAKE_PREFIX_PATH=${CMAKE_PREFIX_PATH}:/opt/ros/humble /usr/local/bin/cmake --install /home/jowi/dev_ws/build/joint_limits
[35.750s] -- Install configuration: ""
[35.760s] -- Execute custom install script
[35.760s] -- Symlinking: /home/jowi/dev_ws/install/joint_limits/share/joint_limits//joint_limiters.xml
[35.775s] -- Symlinking: /home/jowi/dev_ws/install/joint_limits/lib/joint_limits/joint_limits_rosparam_test
[35.791s] -- Symlinking: /home/jowi/dev_ws/install/joint_limits/share/joint_limits/test/joint_limits_rosparam.yaml
[35.806s] -- Symlinking: /home/jowi/dev_ws/install/joint_limits/share/joint_limits/test/joint_saturation_limiter_param.yaml
[35.830s] -- Symlinking: /home/jowi/dev_ws/install/joint_limits/include/joint_limits/joint_limits/data_structures.hpp
[35.844s] -- Symlinking: /home/jowi/dev_ws/install/joint_limits/include/joint_limits/joint_limits/joint_limiter_interface.hpp
[35.857s] -- Symlinking: /home/jowi/dev_ws/install/joint_limits/include/joint_limits/joint_limits/joint_limits.hpp
[35.865s] -- Symlinking: /home/jowi/dev_ws/install/joint_limits/include/joint_limits/joint_limits/joint_limits_helpers.hpp
[35.874s] -- Symlinking: /home/jowi/dev_ws/install/joint_limits/include/joint_limits/joint_limits/joint_limits_rosparam.hpp
[35.899s] -- Symlinking: /home/jowi/dev_ws/install/joint_limits/include/joint_limits/joint_limits/joint_limits_urdf.hpp
[35.911s] -- Symlinking: /home/jowi/dev_ws/install/joint_limits/include/joint_limits/joint_limits/joint_saturation_limiter.hpp
[35.919s] -- Symlinking: /home/jowi/dev_ws/install/joint_limits/include/joint_limits/joint_limits/joint_soft_limiter.hpp
[35.929s] -- Symlinking: /home/jowi/dev_ws/install/joint_limits/share/joint_limits/environment/library_path.sh
[35.936s] -- Symlinking: /home/jowi/dev_ws/install/joint_limits/share/joint_limits/environment/library_path.dsv
[35.950s] -- Symlinking: /home/jowi/dev_ws/install/joint_limits/share/ament_index/resource_index/package_run_dependencies/joint_limits
[35.964s] -- Symlinking: /home/jowi/dev_ws/install/joint_limits/share/ament_index/resource_index/parent_prefix_path/joint_limits
[35.978s] -- Symlinking: /home/jowi/dev_ws/install/joint_limits/share/joint_limits/environment/ament_prefix_path.sh
[35.999s] -- Symlinking: /home/jowi/dev_ws/install/joint_limits/share/joint_limits/environment/ament_prefix_path.dsv
[36.015s] -- Symlinking: /home/jowi/dev_ws/install/joint_limits/share/joint_limits/environment/path.sh
[36.029s] -- Symlinking: /home/jowi/dev_ws/install/joint_limits/share/joint_limits/environment/path.dsv
[36.042s] -- Symlinking: /home/jowi/dev_ws/install/joint_limits/share/joint_limits/local_setup.bash
[36.059s] -- Symlinking: /home/jowi/dev_ws/install/joint_limits/share/joint_limits/local_setup.sh
[36.073s] -- Symlinking: /home/jowi/dev_ws/install/joint_limits/share/joint_limits/local_setup.zsh
[36.087s] -- Symlinking: /home/jowi/dev_ws/install/joint_limits/share/joint_limits/local_setup.dsv
[36.105s] -- Symlinking: /home/jowi/dev_ws/install/joint_limits/share/joint_limits/package.dsv
[36.119s] -- Symlinking: /home/jowi/dev_ws/install/joint_limits/share/ament_index/resource_index/packages/joint_limits
[36.142s] -- Symlinking: /home/jowi/dev_ws/install/joint_limits/share/ament_index/resource_index/joint_limits__pluginlib__plugin/joint_limits
[36.154s] -- Symlinking: /home/jowi/dev_ws/install/joint_limits/share/joint_limits/cmake/ament_cmake_export_targets-extras.cmake
[36.171s] -- Symlinking: /home/jowi/dev_ws/install/joint_limits/share/joint_limits/cmake/ament_cmake_export_dependencies-extras.cmake
[36.181s] -- Symlinking: /home/jowi/dev_ws/install/joint_limits/share/joint_limits/cmake/joint_limitsConfig.cmake
[36.190s] -- Symlinking: /home/jowi/dev_ws/install/joint_limits/share/joint_limits/cmake/joint_limitsConfig-version.cmake
[36.200s] -- Symlinking: /home/jowi/dev_ws/install/joint_limits/share/joint_limits/package.xml
[36.210s] -- Symlinking: /home/jowi/dev_ws/install/joint_limits/include/joint_limits/joint_limits/version.h
[36.220s] -- Installing: /home/jowi/dev_ws/install/joint_limits/lib/libjoint_limiter_interface.so
[36.226s] -- Set non-toolchain portion of runtime path of "/home/jowi/dev_ws/install/joint_limits/lib/libjoint_limiter_interface.so" to ""
[36.226s] -- Installing: /home/jowi/dev_ws/install/joint_limits/lib/libjoint_saturation_limiter.so
[36.235s] -- Set non-toolchain portion of runtime path of "/home/jowi/dev_ws/install/joint_limits/lib/libjoint_saturation_limiter.so" to ""
[36.236s] -- Installing: /home/jowi/dev_ws/install/joint_limits/lib/libjoint_limits_helpers.so
[36.236s] -- Set non-toolchain portion of runtime path of "/home/jowi/dev_ws/install/joint_limits/lib/libjoint_limits_helpers.so" to ""
[36.237s] -- Installing: /home/jowi/dev_ws/install/joint_limits/share/joint_limits/cmake/export_joint_limitsExport.cmake
[36.237s] -- Installing: /home/jowi/dev_ws/install/joint_limits/share/joint_limits/cmake/export_joint_limitsExport-noconfig.cmake
[36.249s] Invoked command in '/home/jowi/dev_ws/build/joint_limits' returned '0': CMAKE_PREFIX_PATH=${CMAKE_PREFIX_PATH}:/opt/ros/humble /usr/local/bin/cmake --install /home/jowi/dev_ws/build/joint_limits
