[0.024s] Invoking command in '/home/jowi/dev_ws/build/gpio_controllers': AMENT_PREFIX_PATH=/home/jowi/dev_ws/install/controller_manager:/home/jowi/dev_ws/install/hardware_interface_testing:/home/jowi/dev_ws/install/controller_interface:/home/jowi/dev_ws/install/hardware_interface:/home/jowi/dev_ws/install/ros2_control_test_assets:/home/jowi/dev_ws/install/controller_manager_msgs:/home/jowi/dev_ws/install/control_msgs:${AMENT_PREFIX_PATH} CMAKE_PREFIX_PATH=/home/jowi/dev_ws/install/controller_manager:/home/jowi/dev_ws/install/hardware_interface_testing:/home/jowi/dev_ws/install/controller_interface:/home/jowi/dev_ws/install/hardware_interface:/home/jowi/dev_ws/install/ros2_control_test_assets:/home/jowi/dev_ws/install/controller_manager_msgs:/home/jowi/dev_ws/install/control_msgs:/opt/ros/humble LD_LIBRARY_PATH=/home/jowi/dev_ws/install/controller_manager/lib:/home/jowi/dev_ws/install/hardware_interface_testing/lib:/home/jowi/dev_ws/install/controller_interface/lib:/home/jowi/dev_ws/install/hardware_interface/lib:/home/jowi/dev_ws/install/controller_manager_msgs/lib:/home/jowi/dev_ws/install/control_msgs/lib:${LD_LIBRARY_PATH} PYTHONPATH=/home/jowi/dev_ws/install/controller_manager/local/lib/python3.10/dist-packages:/home/jowi/dev_ws/install/controller_manager_msgs/local/lib/python3.10/dist-packages:/home/jowi/dev_ws/install/control_msgs/local/lib/python3.10/dist-packages:${PYTHONPATH} /usr/local/bin/cmake --build /home/jowi/dev_ws/build/gpio_controllers -- -j8 -l8
[0.063s] [ 15%] Built target gpio_command_controller_parameters
[0.071s] [ 30%] Built target gmock_main
[0.072s] [ 53%] Built target gmock
[0.094s] [ 61%] [32m[1mLinking CXX shared library libgpio_controllers.so[0m
[0.102s] [ 69%] [32m[1mLinking CXX executable test_load_gpio_command_controller[0m
[2.351s] [ 76%] Built target gpio_controllers
[2.396s] [ 84%] [32m[1mLinking CXX executable test_gpio_command_controller[0m
[3.708s] [ 92%] Built target test_load_gpio_command_controller
[4.585s] [100%] Built target test_gpio_command_controller
[4.593s] Invoked command in '/home/jowi/dev_ws/build/gpio_controllers' returned '0': AMENT_PREFIX_PATH=/home/jowi/dev_ws/install/controller_manager:/home/jowi/dev_ws/install/hardware_interface_testing:/home/jowi/dev_ws/install/controller_interface:/home/jowi/dev_ws/install/hardware_interface:/home/jowi/dev_ws/install/ros2_control_test_assets:/home/jowi/dev_ws/install/controller_manager_msgs:/home/jowi/dev_ws/install/control_msgs:${AMENT_PREFIX_PATH} CMAKE_PREFIX_PATH=/home/jowi/dev_ws/install/controller_manager:/home/jowi/dev_ws/install/hardware_interface_testing:/home/jowi/dev_ws/install/controller_interface:/home/jowi/dev_ws/install/hardware_interface:/home/jowi/dev_ws/install/ros2_control_test_assets:/home/jowi/dev_ws/install/controller_manager_msgs:/home/jowi/dev_ws/install/control_msgs:/opt/ros/humble LD_LIBRARY_PATH=/home/jowi/dev_ws/install/controller_manager/lib:/home/jowi/dev_ws/install/hardware_interface_testing/lib:/home/jowi/dev_ws/install/controller_interface/lib:/home/jowi/dev_ws/install/hardware_interface/lib:/home/jowi/dev_ws/install/controller_manager_msgs/lib:/home/jowi/dev_ws/install/control_msgs/lib:${LD_LIBRARY_PATH} PYTHONPATH=/home/jowi/dev_ws/install/controller_manager/local/lib/python3.10/dist-packages:/home/jowi/dev_ws/install/controller_manager_msgs/local/lib/python3.10/dist-packages:/home/jowi/dev_ws/install/control_msgs/local/lib/python3.10/dist-packages:${PYTHONPATH} /usr/local/bin/cmake --build /home/jowi/dev_ws/build/gpio_controllers -- -j8 -l8
[4.596s] Invoking command in '/home/jowi/dev_ws/build/gpio_controllers': AMENT_PREFIX_PATH=/home/jowi/dev_ws/install/controller_manager:/home/jowi/dev_ws/install/hardware_interface_testing:/home/jowi/dev_ws/install/controller_interface:/home/jowi/dev_ws/install/hardware_interface:/home/jowi/dev_ws/install/ros2_control_test_assets:/home/jowi/dev_ws/install/controller_manager_msgs:/home/jowi/dev_ws/install/control_msgs:${AMENT_PREFIX_PATH} CMAKE_PREFIX_PATH=/home/jowi/dev_ws/install/controller_manager:/home/jowi/dev_ws/install/hardware_interface_testing:/home/jowi/dev_ws/install/controller_interface:/home/jowi/dev_ws/install/hardware_interface:/home/jowi/dev_ws/install/ros2_control_test_assets:/home/jowi/dev_ws/install/controller_manager_msgs:/home/jowi/dev_ws/install/control_msgs:/opt/ros/humble LD_LIBRARY_PATH=/home/jowi/dev_ws/install/controller_manager/lib:/home/jowi/dev_ws/install/hardware_interface_testing/lib:/home/jowi/dev_ws/install/controller_interface/lib:/home/jowi/dev_ws/install/hardware_interface/lib:/home/jowi/dev_ws/install/controller_manager_msgs/lib:/home/jowi/dev_ws/install/control_msgs/lib:${LD_LIBRARY_PATH} PYTHONPATH=/home/jowi/dev_ws/install/controller_manager/local/lib/python3.10/dist-packages:/home/jowi/dev_ws/install/controller_manager_msgs/local/lib/python3.10/dist-packages:/home/jowi/dev_ws/install/control_msgs/local/lib/python3.10/dist-packages:${PYTHONPATH} /usr/local/bin/cmake --install /home/jowi/dev_ws/build/gpio_controllers
[4.602s] -- Install configuration: ""
[4.603s] -- Execute custom install script
[4.604s] -- Up-to-date symlink: /home/jowi/dev_ws/install/gpio_controllers/include/gpio_controllers/gpio_command_controller_parameters.hpp
[4.605s] -- Up-to-date symlink: /home/jowi/dev_ws/install/gpio_controllers/share/gpio_controllers//gpio_controllers_plugin.xml
[4.605s] -- Up-to-date symlink: /home/jowi/dev_ws/install/gpio_controllers/include/gpio_controllers/gpio_command_controller.hpp
[4.605s] -- Up-to-date symlink: /home/jowi/dev_ws/install/gpio_controllers/include/gpio_controllers/visibility_control.h
[4.606s] -- Up-to-date symlink: /home/jowi/dev_ws/install/gpio_controllers/lib/libgpio_controllers.so
[4.607s] -- Up-to-date symlink: /home/jowi/dev_ws/install/gpio_controllers/share/gpio_controllers/environment/library_path.sh
[4.607s] -- Up-to-date symlink: /home/jowi/dev_ws/install/gpio_controllers/share/gpio_controllers/environment/library_path.dsv
[4.608s] -- Up-to-date symlink: /home/jowi/dev_ws/install/gpio_controllers/share/ament_index/resource_index/package_run_dependencies/gpio_controllers
[4.609s] -- Up-to-date symlink: /home/jowi/dev_ws/install/gpio_controllers/share/ament_index/resource_index/parent_prefix_path/gpio_controllers
[4.610s] -- Up-to-date symlink: /home/jowi/dev_ws/install/gpio_controllers/share/gpio_controllers/environment/ament_prefix_path.sh
[4.610s] -- Up-to-date symlink: /home/jowi/dev_ws/install/gpio_controllers/share/gpio_controllers/environment/ament_prefix_path.dsv
[4.610s] -- Up-to-date symlink: /home/jowi/dev_ws/install/gpio_controllers/share/gpio_controllers/environment/path.sh
[4.611s] -- Up-to-date symlink: /home/jowi/dev_ws/install/gpio_controllers/share/gpio_controllers/environment/path.dsv
[4.611s] -- Up-to-date symlink: /home/jowi/dev_ws/install/gpio_controllers/share/gpio_controllers/local_setup.bash
[4.612s] -- Up-to-date symlink: /home/jowi/dev_ws/install/gpio_controllers/share/gpio_controllers/local_setup.sh
[4.612s] -- Up-to-date symlink: /home/jowi/dev_ws/install/gpio_controllers/share/gpio_controllers/local_setup.zsh
[4.612s] -- Up-to-date symlink: /home/jowi/dev_ws/install/gpio_controllers/share/gpio_controllers/local_setup.dsv
[4.613s] -- Symlinking: /home/jowi/dev_ws/install/gpio_controllers/share/gpio_controllers/package.dsv
[4.619s] -- Up-to-date symlink: /home/jowi/dev_ws/install/gpio_controllers/share/ament_index/resource_index/packages/gpio_controllers
[4.620s] -- Up-to-date symlink: /home/jowi/dev_ws/install/gpio_controllers/share/ament_index/resource_index/controller_interface__pluginlib__plugin/gpio_controllers
[4.620s] -- Up-to-date symlink: /home/jowi/dev_ws/install/gpio_controllers/share/gpio_controllers/cmake/ament_cmake_export_dependencies-extras.cmake
[4.620s] -- Up-to-date symlink: /home/jowi/dev_ws/install/gpio_controllers/share/gpio_controllers/cmake/ament_cmake_export_include_directories-extras.cmake
[4.620s] -- Up-to-date symlink: /home/jowi/dev_ws/install/gpio_controllers/share/gpio_controllers/cmake/ament_cmake_export_libraries-extras.cmake
[4.621s] -- Up-to-date symlink: /home/jowi/dev_ws/install/gpio_controllers/share/gpio_controllers/cmake/gpio_controllersConfig.cmake
[4.621s] -- Up-to-date symlink: /home/jowi/dev_ws/install/gpio_controllers/share/gpio_controllers/cmake/gpio_controllersConfig-version.cmake
[4.621s] -- Up-to-date symlink: /home/jowi/dev_ws/install/gpio_controllers/share/gpio_controllers/package.xml
[4.625s] Invoked command in '/home/jowi/dev_ws/build/gpio_controllers' returned '0': AMENT_PREFIX_PATH=/home/jowi/dev_ws/install/controller_manager:/home/jowi/dev_ws/install/hardware_interface_testing:/home/jowi/dev_ws/install/controller_interface:/home/jowi/dev_ws/install/hardware_interface:/home/jowi/dev_ws/install/ros2_control_test_assets:/home/jowi/dev_ws/install/controller_manager_msgs:/home/jowi/dev_ws/install/control_msgs:${AMENT_PREFIX_PATH} CMAKE_PREFIX_PATH=/home/jowi/dev_ws/install/controller_manager:/home/jowi/dev_ws/install/hardware_interface_testing:/home/jowi/dev_ws/install/controller_interface:/home/jowi/dev_ws/install/hardware_interface:/home/jowi/dev_ws/install/ros2_control_test_assets:/home/jowi/dev_ws/install/controller_manager_msgs:/home/jowi/dev_ws/install/control_msgs:/opt/ros/humble LD_LIBRARY_PATH=/home/jowi/dev_ws/install/controller_manager/lib:/home/jowi/dev_ws/install/hardware_interface_testing/lib:/home/jowi/dev_ws/install/controller_interface/lib:/home/jowi/dev_ws/install/hardware_interface/lib:/home/jowi/dev_ws/install/controller_manager_msgs/lib:/home/jowi/dev_ws/install/control_msgs/lib:${LD_LIBRARY_PATH} PYTHONPATH=/home/jowi/dev_ws/install/controller_manager/local/lib/python3.10/dist-packages:/home/jowi/dev_ws/install/controller_manager_msgs/local/lib/python3.10/dist-packages:/home/jowi/dev_ws/install/control_msgs/local/lib/python3.10/dist-packages:${PYTHONPATH} /usr/local/bin/cmake --install /home/jowi/dev_ws/build/gpio_controllers
