[0.025s] Invoking command in '/home/jowi/dev_ws/build/tricycle_controller': AMENT_PREFIX_PATH=/home/jowi/dev_ws/install/controller_manager:/home/jowi/dev_ws/install/hardware_interface_testing:/home/jowi/dev_ws/install/controller_interface:/home/jowi/dev_ws/install/hardware_interface:/home/jowi/dev_ws/install/ros2_control_test_assets:/home/jowi/dev_ws/install/controller_manager_msgs:${AMENT_PREFIX_PATH} CMAKE_PREFIX_PATH=/home/jowi/dev_ws/install/controller_manager:/home/jowi/dev_ws/install/hardware_interface_testing:/home/jowi/dev_ws/install/controller_interface:/home/jowi/dev_ws/install/hardware_interface:/home/jowi/dev_ws/install/ros2_control_test_assets:/home/jowi/dev_ws/install/controller_manager_msgs:/home/jowi/dev_ws/install/columbus:/opt/ros/humble LD_LIBRARY_PATH=/home/jowi/dev_ws/install/controller_manager/lib:/home/jowi/dev_ws/install/hardware_interface_testing/lib:/home/jowi/dev_ws/install/controller_interface/lib:/home/jowi/dev_ws/install/hardware_interface/lib:/home/jowi/dev_ws/install/controller_manager_msgs/lib:${LD_LIBRARY_PATH} PYTHONPATH=/home/jowi/dev_ws/install/controller_manager/local/lib/python3.10/dist-packages:/home/jowi/dev_ws/install/controller_manager_msgs/local/lib/python3.10/dist-packages:${PYTHONPATH} /usr/local/bin/cmake /home/jowi/dev_ws/src/ros2_controllers/tricycle_controller -DAMENT_CMAKE_SYMLINK_INSTALL=1 -DCMAKE_INSTALL_PREFIX=/home/jowi/dev_ws/install/tricycle_controller
[0.111s] -- The CXX compiler identification is GNU 11.4.0
[0.126s] -- Detecting CXX compiler ABI info
[0.222s] -- Detecting CXX compiler ABI info - done
[0.260s] -- Check for working CXX compiler: /usr/bin/c++ - skipped
[0.260s] -- Detecting CXX compile features
[0.261s] -- Detecting CXX compile features - done
[0.265s] -- Found ament_cmake: 1.3.11 (/opt/ros/humble/share/ament_cmake/cmake)
[0.474s] -- Found Python3: /usr/bin/python3 (found version "3.10.12") found components: Interpreter 
[0.582s] -- Override CMake install command with custom implementation using symlinks instead of copying resources
[0.632s] -- Found ackermann_msgs: 2.0.2 (/opt/ros/humble/share/ackermann_msgs/cmake)
[0.692s] -- Found rosidl_generator_c: 3.1.6 (/opt/ros/humble/share/rosidl_generator_c/cmake)
[0.700s] -- Found rosidl_adapter: 3.1.6 (/opt/ros/humble/share/rosidl_adapter/cmake)
[0.714s] -- Found rosidl_generator_cpp: 3.1.6 (/opt/ros/humble/share/rosidl_generator_cpp/cmake)
[0.735s] -- Using all available rosidl_typesupport_c: rosidl_typesupport_fastrtps_c;rosidl_typesupport_introspection_c
[0.764s] -- Using all available rosidl_typesupport_cpp: rosidl_typesupport_fastrtps_cpp;rosidl_typesupport_introspection_cpp
[0.848s] -- Found controller_interface: 2.48.0 (/home/jowi/dev_ws/install/controller_interface/share/controller_interface/cmake)
[1.196s] -- Found rmw_implementation_cmake: 6.1.2 (/opt/ros/humble/share/rmw_implementation_cmake/cmake)
[1.201s] -- Found rmw_fastrtps_cpp: 6.2.7 (/opt/ros/humble/share/rmw_fastrtps_cpp/cmake)
[1.245s] -- Found TinyXML2 via Config file: TinyXML2_DIR-NOTFOUND
[1.307s] -- Found OpenSSL: /usr/lib/x86_64-linux-gnu/libcrypto.so (found version "3.0.2")  
[1.312s] -- Found TinyXML2 via Config file: TinyXML2_DIR-NOTFOUND
[1.338s] -- Found FastRTPS: /opt/ros/humble/include  
[1.344s] -- Found TinyXML2 via Config file: TinyXML2_DIR-NOTFOUND
[1.356s] -- Found TinyXML2 via Config file: TinyXML2_DIR-NOTFOUND
[1.373s] -- Using RMW implementation 'rmw_fastrtps_cpp' as default
[1.386s] -- Performing Test CMAKE_HAVE_LIBC_PTHREAD
[1.524s] -- Performing Test CMAKE_HAVE_LIBC_PTHREAD - Success
[1.526s] -- Found Threads: TRUE  
[1.624s] -- Found nav_msgs: 4.2.4 (/opt/ros/humble/share/nav_msgs/cmake)
[1.660s] -- Found realtime_tools: 2.11.0 (/opt/ros/humble/share/realtime_tools/cmake)
[1.685s] -- Found std_srvs: 4.2.4 (/opt/ros/humble/share/std_srvs/cmake)
[1.701s] -- Found tf2: 0.25.12 (/opt/ros/humble/share/tf2/cmake)
[1.709s] -- Found tf2_msgs: 0.25.12 (/opt/ros/humble/share/tf2_msgs/cmake)
[1.786s] -- Found ament_cmake_gmock: 1.3.11 (/opt/ros/humble/share/ament_cmake_gmock/cmake)
[1.786s] -- Found controller_manager: 2.48.0 (/home/jowi/dev_ws/install/controller_manager/share/controller_manager/cmake)
[1.832s] -- Found ros2_control_test_assets: 2.48.0 (/home/jowi/dev_ws/install/ros2_control_test_assets/share/ros2_control_test_assets/cmake)
[1.836s] -- Found gmock sources under '/opt/ros/humble/src/gmock_vendor': C++ tests using 'Google Mock' will be built
[1.888s] -- The C compiler identification is GNU 11.4.0
[1.897s] -- Detecting C compiler ABI info
[2.010s] -- Detecting C compiler ABI info - done
[2.041s] -- Check for working C compiler: /usr/bin/cc - skipped
[2.041s] -- Detecting C compile features
[2.042s] -- Detecting C compile features - done
[2.047s] -- Found ament_cmake_gtest: 1.3.11 (/opt/ros/humble/share/ament_cmake_gtest/cmake)
[2.049s] -- Found gtest sources under '/opt/ros/humble/src/gtest_vendor': C++ tests using 'Google Test' will be built
[2.203s] -- Configuring done (2.2s)
[2.339s] -- Generating done (0.1s)
[2.356s] -- Build files have been written to: /home/jowi/dev_ws/build/tricycle_controller
[2.374s] Invoked command in '/home/jowi/dev_ws/build/tricycle_controller' returned '0': AMENT_PREFIX_PATH=/home/jowi/dev_ws/install/controller_manager:/home/jowi/dev_ws/install/hardware_interface_testing:/home/jowi/dev_ws/install/controller_interface:/home/jowi/dev_ws/install/hardware_interface:/home/jowi/dev_ws/install/ros2_control_test_assets:/home/jowi/dev_ws/install/controller_manager_msgs:${AMENT_PREFIX_PATH} CMAKE_PREFIX_PATH=/home/jowi/dev_ws/install/controller_manager:/home/jowi/dev_ws/install/hardware_interface_testing:/home/jowi/dev_ws/install/controller_interface:/home/jowi/dev_ws/install/hardware_interface:/home/jowi/dev_ws/install/ros2_control_test_assets:/home/jowi/dev_ws/install/controller_manager_msgs:/home/jowi/dev_ws/install/columbus:/opt/ros/humble LD_LIBRARY_PATH=/home/jowi/dev_ws/install/controller_manager/lib:/home/jowi/dev_ws/install/hardware_interface_testing/lib:/home/jowi/dev_ws/install/controller_interface/lib:/home/jowi/dev_ws/install/hardware_interface/lib:/home/jowi/dev_ws/install/controller_manager_msgs/lib:${LD_LIBRARY_PATH} PYTHONPATH=/home/jowi/dev_ws/install/controller_manager/local/lib/python3.10/dist-packages:/home/jowi/dev_ws/install/controller_manager_msgs/local/lib/python3.10/dist-packages:${PYTHONPATH} /usr/local/bin/cmake /home/jowi/dev_ws/src/ros2_controllers/tricycle_controller -DAMENT_CMAKE_SYMLINK_INSTALL=1 -DCMAKE_INSTALL_PREFIX=/home/jowi/dev_ws/install/tricycle_controller
[2.376s] Invoking command in '/home/jowi/dev_ws/build/tricycle_controller': AMENT_PREFIX_PATH=/home/jowi/dev_ws/install/controller_manager:/home/jowi/dev_ws/install/hardware_interface_testing:/home/jowi/dev_ws/install/controller_interface:/home/jowi/dev_ws/install/hardware_interface:/home/jowi/dev_ws/install/ros2_control_test_assets:/home/jowi/dev_ws/install/controller_manager_msgs:${AMENT_PREFIX_PATH} CMAKE_PREFIX_PATH=/home/jowi/dev_ws/install/controller_manager:/home/jowi/dev_ws/install/hardware_interface_testing:/home/jowi/dev_ws/install/controller_interface:/home/jowi/dev_ws/install/hardware_interface:/home/jowi/dev_ws/install/ros2_control_test_assets:/home/jowi/dev_ws/install/controller_manager_msgs:/home/jowi/dev_ws/install/columbus:/opt/ros/humble LD_LIBRARY_PATH=/home/jowi/dev_ws/install/controller_manager/lib:/home/jowi/dev_ws/install/hardware_interface_testing/lib:/home/jowi/dev_ws/install/controller_interface/lib:/home/jowi/dev_ws/install/hardware_interface/lib:/home/jowi/dev_ws/install/controller_manager_msgs/lib:${LD_LIBRARY_PATH} PYTHONPATH=/home/jowi/dev_ws/install/controller_manager/local/lib/python3.10/dist-packages:/home/jowi/dev_ws/install/controller_manager_msgs/local/lib/python3.10/dist-packages:${PYTHONPATH} /usr/local/bin/cmake --build /home/jowi/dev_ws/build/tricycle_controller -- -j8 -l8
[2.414s] [  6%] [32mBuilding CXX object gmock/CMakeFiles/gmock_main.dir/src/gmock_main.cc.o[0m
[2.415s] [ 18%] [32mBuilding CXX object gmock/CMakeFiles/gmock.dir/src/gmock-all.cc.o[0m
[2.415s] [ 18%] [32mBuilding CXX object CMakeFiles/tricycle_controller.dir/src/traction_limiter.cpp.o[0m
[2.415s] [ 25%] [32mBuilding CXX object gmock/CMakeFiles/gmock.dir/opt/ros/humble/src/gtest_vendor/src/gtest-all.cc.o[0m
[2.415s] [ 31%] [32mBuilding CXX object CMakeFiles/tricycle_controller.dir/src/tricycle_controller.cpp.o[0m
[2.418s] [ 37%] [32mBuilding CXX object CMakeFiles/tricycle_controller.dir/src/odometry.cpp.o[0m
[2.421s] [ 43%] [32mBuilding CXX object CMakeFiles/tricycle_controller.dir/src/steering_limiter.cpp.o[0m
[5.246s] [ 50%] [32m[1mLinking CXX static library libgmock_main.a[0m
[5.270s] [ 50%] Built target gmock_main
[8.438s] [ 56%] [32m[1mLinking CXX static library libgmock.a[0m
[8.716s] [ 56%] Built target gmock
[21.416s] [ 62%] [32m[1mLinking CXX shared library libtricycle_controller.so[0m
[22.594s] [ 62%] Built target tricycle_controller
[22.607s] [ 81%] [32mBuilding CXX object CMakeFiles/test_traction_limiter.dir/test/test_traction_limiter.cpp.o[0m
[22.608s] [ 81%] [32mBuilding CXX object CMakeFiles/test_tricycle_controller.dir/test/test_tricycle_controller.cpp.o[0m
[22.608s] [ 81%] [32mBuilding CXX object CMakeFiles/test_load_tricycle_controller.dir/test/test_load_tricycle_controller.cpp.o[0m
[25.426s] [ 87%] [32m[1mLinking CXX executable test_traction_limiter[0m
[27.027s] [ 87%] Built target test_traction_limiter
[32.296s] [ 93%] [32m[1mLinking CXX executable test_load_tricycle_controller[0m
[33.785s] [100%] [32m[1mLinking CXX executable test_tricycle_controller[0m
[35.964s] [100%] Built target test_load_tricycle_controller
[36.334s] [100%] Built target test_tricycle_controller
[36.342s] Invoked command in '/home/jowi/dev_ws/build/tricycle_controller' returned '0': AMENT_PREFIX_PATH=/home/jowi/dev_ws/install/controller_manager:/home/jowi/dev_ws/install/hardware_interface_testing:/home/jowi/dev_ws/install/controller_interface:/home/jowi/dev_ws/install/hardware_interface:/home/jowi/dev_ws/install/ros2_control_test_assets:/home/jowi/dev_ws/install/controller_manager_msgs:${AMENT_PREFIX_PATH} CMAKE_PREFIX_PATH=/home/jowi/dev_ws/install/controller_manager:/home/jowi/dev_ws/install/hardware_interface_testing:/home/jowi/dev_ws/install/controller_interface:/home/jowi/dev_ws/install/hardware_interface:/home/jowi/dev_ws/install/ros2_control_test_assets:/home/jowi/dev_ws/install/controller_manager_msgs:/home/jowi/dev_ws/install/columbus:/opt/ros/humble LD_LIBRARY_PATH=/home/jowi/dev_ws/install/controller_manager/lib:/home/jowi/dev_ws/install/hardware_interface_testing/lib:/home/jowi/dev_ws/install/controller_interface/lib:/home/jowi/dev_ws/install/hardware_interface/lib:/home/jowi/dev_ws/install/controller_manager_msgs/lib:${LD_LIBRARY_PATH} PYTHONPATH=/home/jowi/dev_ws/install/controller_manager/local/lib/python3.10/dist-packages:/home/jowi/dev_ws/install/controller_manager_msgs/local/lib/python3.10/dist-packages:${PYTHONPATH} /usr/local/bin/cmake --build /home/jowi/dev_ws/build/tricycle_controller -- -j8 -l8
[36.345s] Invoking command in '/home/jowi/dev_ws/build/tricycle_controller': AMENT_PREFIX_PATH=/home/jowi/dev_ws/install/controller_manager:/home/jowi/dev_ws/install/hardware_interface_testing:/home/jowi/dev_ws/install/controller_interface:/home/jowi/dev_ws/install/hardware_interface:/home/jowi/dev_ws/install/ros2_control_test_assets:/home/jowi/dev_ws/install/controller_manager_msgs:${AMENT_PREFIX_PATH} CMAKE_PREFIX_PATH=/home/jowi/dev_ws/install/controller_manager:/home/jowi/dev_ws/install/hardware_interface_testing:/home/jowi/dev_ws/install/controller_interface:/home/jowi/dev_ws/install/hardware_interface:/home/jowi/dev_ws/install/ros2_control_test_assets:/home/jowi/dev_ws/install/controller_manager_msgs:/home/jowi/dev_ws/install/columbus:/opt/ros/humble LD_LIBRARY_PATH=/home/jowi/dev_ws/install/controller_manager/lib:/home/jowi/dev_ws/install/hardware_interface_testing/lib:/home/jowi/dev_ws/install/controller_interface/lib:/home/jowi/dev_ws/install/hardware_interface/lib:/home/jowi/dev_ws/install/controller_manager_msgs/lib:${LD_LIBRARY_PATH} PYTHONPATH=/home/jowi/dev_ws/install/controller_manager/local/lib/python3.10/dist-packages:/home/jowi/dev_ws/install/controller_manager_msgs/local/lib/python3.10/dist-packages:${PYTHONPATH} /usr/local/bin/cmake --install /home/jowi/dev_ws/build/tricycle_controller
[36.349s] -- Install configuration: ""
[36.350s] -- Execute custom install script
[36.350s] -- Symlinking: /home/jowi/dev_ws/install/tricycle_controller/share/tricycle_controller//tricycle_controller.xml
[36.356s] -- Symlinking: /home/jowi/dev_ws/install/tricycle_controller/include/tricycle_controller/tricycle_controller/odometry.hpp
[36.362s] -- Symlinking: /home/jowi/dev_ws/install/tricycle_controller/include/tricycle_controller/tricycle_controller/steering_limiter.hpp
[36.368s] -- Symlinking: /home/jowi/dev_ws/install/tricycle_controller/include/tricycle_controller/tricycle_controller/traction_limiter.hpp
[36.375s] -- Symlinking: /home/jowi/dev_ws/install/tricycle_controller/include/tricycle_controller/tricycle_controller/tricycle_controller.hpp
[36.380s] -- Symlinking: /home/jowi/dev_ws/install/tricycle_controller/include/tricycle_controller/tricycle_controller/visibility_control.h
[36.385s] -- Symlinking: /home/jowi/dev_ws/install/tricycle_controller/share/tricycle_controller/environment/library_path.sh
[36.390s] -- Symlinking: /home/jowi/dev_ws/install/tricycle_controller/share/tricycle_controller/environment/library_path.dsv
[36.395s] -- Symlinking: /home/jowi/dev_ws/install/tricycle_controller/share/ament_index/resource_index/package_run_dependencies/tricycle_controller
[36.400s] -- Symlinking: /home/jowi/dev_ws/install/tricycle_controller/share/ament_index/resource_index/parent_prefix_path/tricycle_controller
[36.405s] -- Symlinking: /home/jowi/dev_ws/install/tricycle_controller/share/tricycle_controller/environment/ament_prefix_path.sh
[36.410s] -- Symlinking: /home/jowi/dev_ws/install/tricycle_controller/share/tricycle_controller/environment/ament_prefix_path.dsv
[36.415s] -- Symlinking: /home/jowi/dev_ws/install/tricycle_controller/share/tricycle_controller/environment/path.sh
[36.420s] -- Symlinking: /home/jowi/dev_ws/install/tricycle_controller/share/tricycle_controller/environment/path.dsv
[36.425s] -- Symlinking: /home/jowi/dev_ws/install/tricycle_controller/share/tricycle_controller/local_setup.bash
[36.430s] -- Symlinking: /home/jowi/dev_ws/install/tricycle_controller/share/tricycle_controller/local_setup.sh
[36.435s] -- Symlinking: /home/jowi/dev_ws/install/tricycle_controller/share/tricycle_controller/local_setup.zsh
[36.440s] -- Symlinking: /home/jowi/dev_ws/install/tricycle_controller/share/tricycle_controller/local_setup.dsv
[36.446s] -- Symlinking: /home/jowi/dev_ws/install/tricycle_controller/share/tricycle_controller/package.dsv
[36.451s] -- Symlinking: /home/jowi/dev_ws/install/tricycle_controller/share/ament_index/resource_index/packages/tricycle_controller
[36.456s] -- Symlinking: /home/jowi/dev_ws/install/tricycle_controller/share/ament_index/resource_index/controller_interface__pluginlib__plugin/tricycle_controller
[36.461s] -- Symlinking: /home/jowi/dev_ws/install/tricycle_controller/share/tricycle_controller/cmake/ament_cmake_export_targets-extras.cmake
[36.466s] -- Symlinking: /home/jowi/dev_ws/install/tricycle_controller/share/tricycle_controller/cmake/ament_cmake_export_dependencies-extras.cmake
[36.472s] -- Symlinking: /home/jowi/dev_ws/install/tricycle_controller/share/tricycle_controller/cmake/tricycle_controllerConfig.cmake
[36.477s] -- Symlinking: /home/jowi/dev_ws/install/tricycle_controller/share/tricycle_controller/cmake/tricycle_controllerConfig-version.cmake
[36.482s] -- Symlinking: /home/jowi/dev_ws/install/tricycle_controller/share/tricycle_controller/package.xml
[36.488s] -- Installing: /home/jowi/dev_ws/install/tricycle_controller/lib/libtricycle_controller.so
[36.508s] -- Set non-toolchain portion of runtime path of "/home/jowi/dev_ws/install/tricycle_controller/lib/libtricycle_controller.so" to ""
[36.509s] -- Installing: /home/jowi/dev_ws/install/tricycle_controller/share/tricycle_controller/cmake/export_tricycle_controllerExport.cmake
[36.509s] -- Installing: /home/jowi/dev_ws/install/tricycle_controller/share/tricycle_controller/cmake/export_tricycle_controllerExport-noconfig.cmake
[36.512s] Invoked command in '/home/jowi/dev_ws/build/tricycle_controller' returned '0': AMENT_PREFIX_PATH=/home/jowi/dev_ws/install/controller_manager:/home/jowi/dev_ws/install/hardware_interface_testing:/home/jowi/dev_ws/install/controller_interface:/home/jowi/dev_ws/install/hardware_interface:/home/jowi/dev_ws/install/ros2_control_test_assets:/home/jowi/dev_ws/install/controller_manager_msgs:${AMENT_PREFIX_PATH} CMAKE_PREFIX_PATH=/home/jowi/dev_ws/install/controller_manager:/home/jowi/dev_ws/install/hardware_interface_testing:/home/jowi/dev_ws/install/controller_interface:/home/jowi/dev_ws/install/hardware_interface:/home/jowi/dev_ws/install/ros2_control_test_assets:/home/jowi/dev_ws/install/controller_manager_msgs:/home/jowi/dev_ws/install/columbus:/opt/ros/humble LD_LIBRARY_PATH=/home/jowi/dev_ws/install/controller_manager/lib:/home/jowi/dev_ws/install/hardware_interface_testing/lib:/home/jowi/dev_ws/install/controller_interface/lib:/home/jowi/dev_ws/install/hardware_interface/lib:/home/jowi/dev_ws/install/controller_manager_msgs/lib:${LD_LIBRARY_PATH} PYTHONPATH=/home/jowi/dev_ws/install/controller_manager/local/lib/python3.10/dist-packages:/home/jowi/dev_ws/install/controller_manager_msgs/local/lib/python3.10/dist-packages:${PYTHONPATH} /usr/local/bin/cmake --install /home/jowi/dev_ws/build/tricycle_controller
