[0.008s] Invoking command in '/home/jowi/dev_ws/build/joint_limits': CMAKE_PREFIX_PATH=${CMAKE_PREFIX_PATH}:/opt/ros/humble /usr/local/bin/cmake --build /home/jowi/dev_ws/build/joint_limits -- -j8 -l8
[0.028s] -- Found ament_cmake: 1.3.11 (/opt/ros/humble/share/ament_cmake/cmake)
[0.283s] -- Override CMake install command with custom implementation using symlinks instead of copying resources
[0.291s] -- Found rclcpp: 16.0.11 (/opt/ros/humble/share/rclcpp/cmake)
[0.328s] -- Found rosidl_generator_c: 3.1.6 (/opt/ros/humble/share/rosidl_generator_c/cmake)
[0.332s] -- Found rosidl_adapter: 3.1.6 (/opt/ros/humble/share/rosidl_adapter/cmake)
[0.340s] -- Found rosidl_generator_cpp: 3.1.6 (/opt/ros/humble/share/rosidl_generator_cpp/cmake)
[0.354s] -- Using all available rosidl_typesupport_c: rosidl_typesupport_fastrtps_c;rosidl_typesupport_introspection_c
[0.371s] -- Using all available rosidl_typesupport_cpp: rosidl_typesupport_fastrtps_cpp;rosidl_typesupport_introspection_cpp
[0.419s] -- Found rmw_implementation_cmake: 6.1.2 (/opt/ros/humble/share/rmw_implementation_cmake/cmake)
[0.421s] -- Found rmw_fastrtps_cpp: 6.2.7 (/opt/ros/humble/share/rmw_fastrtps_cpp/cmake)
[0.553s] -- Using RMW implementation 'rmw_fastrtps_cpp' as default
[0.627s] -- Found rclcpp_lifecycle: 16.0.11 (/opt/ros/humble/share/rclcpp_lifecycle/cmake)
[0.652s] -- Found ament_cmake_gtest: 1.3.11 (/opt/ros/humble/share/ament_cmake_gtest/cmake)
[0.653s] -- Found launch_testing_ament_cmake: 1.0.7 (/opt/ros/humble/share/launch_testing_ament_cmake/cmake)
[0.653s] -- Found python_cmake_module: 0.10.0 (/opt/ros/humble/share/python_cmake_module/cmake)
[0.654s] [33mCMake Warning (dev) at /opt/ros/humble/share/python_cmake_module/cmake/Modules/FindPythonExtra.cmake:52 (find_package):
[0.654s]   Policy CMP0148 is not set: The FindPythonInterp and FindPythonLibs modules
[0.654s]   are removed.  Run "cmake --help-policy CMP0148" for policy details.  Use
[0.654s]   the cmake_policy command to set the policy and suppress this warning.
[0.654s] 
[0.654s] Call Stack (most recent call first):
[0.654s]   /opt/ros/humble/share/launch_testing_ament_cmake/cmake/launch_testing_ament_cmake-extras.cmake:18 (find_package)
[0.654s]   /opt/ros/humble/share/launch_testing_ament_cmake/cmake/launch_testing_ament_cmakeConfig.cmake:41 (include)
[0.654s]   CMakeLists.txt:34 (find_package)
[0.655s] This warning is for project developers.  Use -Wno-dev to suppress it.
[0.655s] [0m
[0.681s] [33mCMake Warning (dev) at /opt/ros/humble/share/python_cmake_module/cmake/Modules/FindPythonExtra.cmake:140 (find_package):
[0.681s]   Policy CMP0148 is not set: The FindPythonInterp and FindPythonLibs modules
[0.681s]   are removed.  Run "cmake --help-policy CMP0148" for policy details.  Use
[0.681s]   the cmake_policy command to set the policy and suppress this warning.
[0.682s] 
[0.682s] Call Stack (most recent call first):
[0.682s]   /opt/ros/humble/share/launch_testing_ament_cmake/cmake/launch_testing_ament_cmake-extras.cmake:18 (find_package)
[0.682s]   /opt/ros/humble/share/launch_testing_ament_cmake/cmake/launch_testing_ament_cmakeConfig.cmake:41 (include)
[0.682s]   CMakeLists.txt:34 (find_package)
[0.682s] This warning is for project developers.  Use -Wno-dev to suppress it.
[0.682s] [0m
[0.684s] -- Using PYTHON_EXECUTABLE: /usr/bin/python3
[0.684s] -- Using PYTHON_INCLUDE_DIRS: /usr/include/python3.10
[0.684s] -- Using PYTHON_LIBRARIES: /usr/lib/x86_64-linux-gnu/libpython3.10.so
[0.686s] -- Found gtest sources under '/opt/ros/humble/src/gtest_vendor': C++ tests using 'Google Test' will be built
[0.775s] -- Configuring done (0.8s)
[0.790s] -- Generating done (0.0s)
[0.796s] -- Build files have been written to: /home/jowi/dev_ws/build/joint_limits
[0.820s] [ 14%] [34m[1mGenerating joint_limits/version.h[0m
[0.826s] [ 28%] [32mBuilding CXX object gtest/CMakeFiles/gtest.dir/src/gtest-all.cc.o[0m
[0.826s] [ 42%] [32mBuilding CXX object gtest/CMakeFiles/gtest_main.dir/src/gtest_main.cc.o[0m
[0.830s] [ 42%] Built target ament_generate_version_header__joint_limits
[1.634s] [ 57%] [32m[1mLinking CXX static library libgtest_main.a[0m
[1.652s] [ 57%] Built target gtest_main
[4.825s] [ 71%] [32m[1mLinking CXX static library libgtest.a[0m
[4.909s] [ 71%] Built target gtest
[4.952s] [ 85%] [32mBuilding CXX object CMakeFiles/joint_limits_rosparam_test.dir/test/joint_limits_rosparam_test.cpp.o[0m
[10.525s] [100%] [32m[1mLinking CXX executable joint_limits_rosparam_test[0m
[10.735s] [100%] Built target joint_limits_rosparam_test
[10.742s] Invoked command in '/home/jowi/dev_ws/build/joint_limits' returned '0': CMAKE_PREFIX_PATH=${CMAKE_PREFIX_PATH}:/opt/ros/humble /usr/local/bin/cmake --build /home/jowi/dev_ws/build/joint_limits -- -j8 -l8
[10.744s] Invoking command in '/home/jowi/dev_ws/build/joint_limits': CMAKE_PREFIX_PATH=${CMAKE_PREFIX_PATH}:/opt/ros/humble /usr/local/bin/cmake --install /home/jowi/dev_ws/build/joint_limits
[10.747s] -- Install configuration: ""
[10.747s] -- Execute custom install script
[10.748s] -- Symlinking: /home/jowi/dev_ws/install/joint_limits/include/joint_limits/joint_limits.hpp
[10.752s] -- Symlinking: /home/jowi/dev_ws/install/joint_limits/include/joint_limits/joint_limits_rosparam.hpp
[10.756s] -- Up-to-date symlink: /home/jowi/dev_ws/install/joint_limits/lib/joint_limits/joint_limits_rosparam_test
[10.756s] -- Up-to-date symlink: /home/jowi/dev_ws/install/joint_limits/share/joint_limits/test/joint_limits_rosparam.yaml
[10.756s] -- Up-to-date symlink: /home/jowi/dev_ws/install/joint_limits/include/joint_limits/joint_limits/joint_limits.hpp
[10.757s] -- Up-to-date symlink: /home/jowi/dev_ws/install/joint_limits/include/joint_limits/joint_limits/joint_limits_rosparam.hpp
[10.757s] -- Up-to-date symlink: /home/jowi/dev_ws/install/joint_limits/share/joint_limits/environment/library_path.sh
[10.757s] -- Up-to-date symlink: /home/jowi/dev_ws/install/joint_limits/share/joint_limits/environment/library_path.dsv
[10.757s] -- Up-to-date symlink: /home/jowi/dev_ws/install/joint_limits/share/ament_index/resource_index/package_run_dependencies/joint_limits
[10.758s] -- Up-to-date symlink: /home/jowi/dev_ws/install/joint_limits/share/ament_index/resource_index/parent_prefix_path/joint_limits
[10.758s] -- Up-to-date symlink: /home/jowi/dev_ws/install/joint_limits/share/joint_limits/environment/ament_prefix_path.sh
[10.758s] -- Up-to-date symlink: /home/jowi/dev_ws/install/joint_limits/share/joint_limits/environment/ament_prefix_path.dsv
[10.758s] -- Up-to-date symlink: /home/jowi/dev_ws/install/joint_limits/share/joint_limits/environment/path.sh
[10.759s] -- Up-to-date symlink: /home/jowi/dev_ws/install/joint_limits/share/joint_limits/environment/path.dsv
[10.759s] -- Up-to-date symlink: /home/jowi/dev_ws/install/joint_limits/share/joint_limits/local_setup.bash
[10.759s] -- Up-to-date symlink: /home/jowi/dev_ws/install/joint_limits/share/joint_limits/local_setup.sh
[10.759s] -- Up-to-date symlink: /home/jowi/dev_ws/install/joint_limits/share/joint_limits/local_setup.zsh
[10.759s] -- Up-to-date symlink: /home/jowi/dev_ws/install/joint_limits/share/joint_limits/local_setup.dsv
[10.760s] -- Symlinking: /home/jowi/dev_ws/install/joint_limits/share/joint_limits/package.dsv
[10.764s] -- Up-to-date symlink: /home/jowi/dev_ws/install/joint_limits/share/ament_index/resource_index/packages/joint_limits
[10.764s] -- Up-to-date symlink: /home/jowi/dev_ws/install/joint_limits/share/joint_limits/cmake/ament_cmake_export_targets-extras.cmake
[10.764s] -- Up-to-date symlink: /home/jowi/dev_ws/install/joint_limits/share/joint_limits/cmake/ament_cmake_export_dependencies-extras.cmake
[10.764s] -- Symlinking: /home/jowi/dev_ws/install/joint_limits/share/joint_limits/cmake/ament_cmake_export_include_directories-extras.cmake
[10.768s] -- Up-to-date symlink: /home/jowi/dev_ws/install/joint_limits/share/joint_limits/cmake/joint_limitsConfig.cmake
[10.768s] -- Up-to-date symlink: /home/jowi/dev_ws/install/joint_limits/share/joint_limits/cmake/joint_limitsConfig-version.cmake
[10.769s] -- Up-to-date symlink: /home/jowi/dev_ws/install/joint_limits/share/joint_limits/package.xml
[10.769s] -- Up-to-date symlink: /home/jowi/dev_ws/install/joint_limits/include/joint_limits/joint_limits/version.h
[10.769s] -- Old export file "/home/jowi/dev_ws/install/joint_limits/share/joint_limits/cmake/export_joint_limitsExport.cmake" will be replaced.  Removing files [/home/jowi/dev_ws/install/joint_limits/share/joint_limits/cmake/export_joint_limitsExport-noconfig.cmake].
[10.769s] -- Installing: /home/jowi/dev_ws/install/joint_limits/share/joint_limits/cmake/export_joint_limitsExport.cmake
[10.772s] Invoked command in '/home/jowi/dev_ws/build/joint_limits' returned '0': CMAKE_PREFIX_PATH=${CMAKE_PREFIX_PATH}:/opt/ros/humble /usr/local/bin/cmake --install /home/jowi/dev_ws/build/joint_limits
