[0.036s] Invoking command in '/home/jowi/dev_ws/build/bicycle_steering_controller': AMENT_PREFIX_PATH=/home/jowi/dev_ws/install/steering_controllers_library:/home/jowi/dev_ws/install/controller_manager:/home/jowi/dev_ws/install/hardware_interface_testing:/home/jowi/dev_ws/install/controller_interface:/home/jowi/dev_ws/install/hardware_interface:/home/jowi/dev_ws/install/ros2_control_test_assets:/home/jowi/dev_ws/install/controller_manager_msgs:${AMENT_PREFIX_PATH} CMAKE_PREFIX_PATH=/home/jowi/dev_ws/install/steering_controllers_library:/home/jowi/dev_ws/install/controller_manager:/home/jowi/dev_ws/install/hardware_interface_testing:/home/jowi/dev_ws/install/controller_interface:/home/jowi/dev_ws/install/hardware_interface:/home/jowi/dev_ws/install/ros2_control_test_assets:/home/jowi/dev_ws/install/controller_manager_msgs:/home/jowi/dev_ws/install/columbus:/opt/ros/humble LD_LIBRARY_PATH=/home/jowi/dev_ws/install/steering_controllers_library/lib:/home/jowi/dev_ws/install/controller_manager/lib:/home/jowi/dev_ws/install/hardware_interface_testing/lib:/home/jowi/dev_ws/install/controller_interface/lib:/home/jowi/dev_ws/install/hardware_interface/lib:/home/jowi/dev_ws/install/controller_manager_msgs/lib:${LD_LIBRARY_PATH} PYTHONPATH=/home/jowi/dev_ws/install/controller_manager/local/lib/python3.10/dist-packages:/home/jowi/dev_ws/install/controller_manager_msgs/local/lib/python3.10/dist-packages:${PYTHONPATH} /usr/local/bin/cmake /home/jowi/dev_ws/src/ros2_controllers/bicycle_steering_controller -DAMENT_CMAKE_SYMLINK_INSTALL=1 -DCMAKE_INSTALL_PREFIX=/home/jowi/dev_ws/install/bicycle_steering_controller
[0.121s] -- The CXX compiler identification is GNU 11.4.0
[0.134s] -- Detecting CXX compiler ABI info
[0.253s] -- Detecting CXX compiler ABI info - done
[0.289s] -- Check for working CXX compiler: /usr/bin/c++ - skipped
[0.289s] -- Detecting CXX compile features
[0.290s] -- Detecting CXX compile features - done
[0.295s] -- Found ament_cmake: 1.3.11 (/opt/ros/humble/share/ament_cmake/cmake)
[0.510s] -- Found Python3: /usr/bin/python3 (found version "3.10.12") found components: Interpreter 
[0.614s] -- Override CMake install command with custom implementation using symlinks instead of copying resources
[0.662s] -- Found controller_interface: 2.48.0 (/home/jowi/dev_ws/install/controller_interface/share/controller_interface/cmake)
[0.728s] -- Found rosidl_generator_c: 3.1.6 (/opt/ros/humble/share/rosidl_generator_c/cmake)
[0.737s] -- Found rosidl_adapter: 3.1.6 (/opt/ros/humble/share/rosidl_adapter/cmake)
[0.751s] -- Found rosidl_generator_cpp: 3.1.6 (/opt/ros/humble/share/rosidl_generator_cpp/cmake)
[0.775s] -- Using all available rosidl_typesupport_c: rosidl_typesupport_fastrtps_c;rosidl_typesupport_introspection_c
[0.804s] -- Using all available rosidl_typesupport_cpp: rosidl_typesupport_fastrtps_cpp;rosidl_typesupport_introspection_cpp
[1.191s] -- Found rmw_implementation_cmake: 6.1.2 (/opt/ros/humble/share/rmw_implementation_cmake/cmake)
[1.196s] -- Found rmw_fastrtps_cpp: 6.2.7 (/opt/ros/humble/share/rmw_fastrtps_cpp/cmake)
[1.244s] -- Found TinyXML2 via Config file: TinyXML2_DIR-NOTFOUND
[1.310s] -- Found OpenSSL: /usr/lib/x86_64-linux-gnu/libcrypto.so (found version "3.0.2")  
[1.315s] -- Found TinyXML2 via Config file: TinyXML2_DIR-NOTFOUND
[1.341s] -- Found FastRTPS: /opt/ros/humble/include  
[1.347s] -- Found TinyXML2 via Config file: TinyXML2_DIR-NOTFOUND
[1.360s] -- Found TinyXML2 via Config file: TinyXML2_DIR-NOTFOUND
[1.379s] -- Using RMW implementation 'rmw_fastrtps_cpp' as default
[1.393s] -- Performing Test CMAKE_HAVE_LIBC_PTHREAD
[1.544s] -- Performing Test CMAKE_HAVE_LIBC_PTHREAD - Success
[1.546s] -- Found Threads: TRUE  
[1.650s] -- Found generate_parameter_library: 0.4.0 (/opt/ros/humble/share/generate_parameter_library/cmake)
[1.654s] -- Found parameter_traits: 0.4.0 (/opt/ros/humble/share/parameter_traits/cmake)
[1.683s] -- Found realtime_tools: 2.11.0 (/opt/ros/humble/share/realtime_tools/cmake)
[1.720s] -- Found std_srvs: 4.2.4 (/opt/ros/humble/share/std_srvs/cmake)
[1.745s] -- Found steering_controllers_library: 2.42.1 (/home/jowi/dev_ws/install/steering_controllers_library/share/steering_controllers_library/cmake)
[1.897s] -- Found eigen3_cmake_module: 0.1.1 (/opt/ros/humble/share/eigen3_cmake_module/cmake)
[1.899s] -- Found Eigen3: TRUE (found version "3.4.0") 
[1.899s] -- Ensuring Eigen3 include directory is part of orocos-kdl CMake target
[2.026s] -- Found ament_cmake_gmock: 1.3.11 (/opt/ros/humble/share/ament_cmake_gmock/cmake)
[2.027s] -- Found controller_manager: 2.48.0 (/home/jowi/dev_ws/install/controller_manager/share/controller_manager/cmake)
[2.080s] -- Found ros2_control_test_assets: 2.48.0 (/home/jowi/dev_ws/install/ros2_control_test_assets/share/ros2_control_test_assets/cmake)
[2.085s] -- Found gmock sources under '/opt/ros/humble/src/gmock_vendor': C++ tests using 'Google Mock' will be built
[2.145s] -- The C compiler identification is GNU 11.4.0
[2.155s] -- Detecting C compiler ABI info
[2.290s] -- Detecting C compiler ABI info - done
[2.327s] -- Check for working C compiler: /usr/bin/cc - skipped
[2.328s] -- Detecting C compile features
[2.329s] -- Detecting C compile features - done
[2.338s] -- Found ament_cmake_gtest: 1.3.11 (/opt/ros/humble/share/ament_cmake_gtest/cmake)
[2.341s] -- Found gtest sources under '/opt/ros/humble/src/gtest_vendor': C++ tests using 'Google Test' will be built
[2.417s] -- Found gmock sources under '/opt/ros/humble/src/gmock_vendor': C++ tests using 'Google Mock' will be built
[2.417s] -- Found ament_cmake_gtest: 1.3.11 (/opt/ros/humble/share/ament_cmake_gtest/cmake)
[2.418s] -- Found gtest sources under '/opt/ros/humble/src/gtest_vendor': C++ tests using 'Google Test' will be built
[2.441s] -- Found gmock sources under '/opt/ros/humble/src/gmock_vendor': C++ tests using 'Google Mock' will be built
[2.441s] -- Found ament_cmake_gtest: 1.3.11 (/opt/ros/humble/share/ament_cmake_gtest/cmake)
[2.442s] -- Found gtest sources under '/opt/ros/humble/src/gtest_vendor': C++ tests using 'Google Test' will be built
[2.602s] -- Configuring done (2.6s)
[2.805s] -- Generating done (0.2s)
[2.840s] -- Build files have been written to: /home/jowi/dev_ws/build/bicycle_steering_controller
[2.876s] Invoked command in '/home/jowi/dev_ws/build/bicycle_steering_controller' returned '0': AMENT_PREFIX_PATH=/home/jowi/dev_ws/install/steering_controllers_library:/home/jowi/dev_ws/install/controller_manager:/home/jowi/dev_ws/install/hardware_interface_testing:/home/jowi/dev_ws/install/controller_interface:/home/jowi/dev_ws/install/hardware_interface:/home/jowi/dev_ws/install/ros2_control_test_assets:/home/jowi/dev_ws/install/controller_manager_msgs:${AMENT_PREFIX_PATH} CMAKE_PREFIX_PATH=/home/jowi/dev_ws/install/steering_controllers_library:/home/jowi/dev_ws/install/controller_manager:/home/jowi/dev_ws/install/hardware_interface_testing:/home/jowi/dev_ws/install/controller_interface:/home/jowi/dev_ws/install/hardware_interface:/home/jowi/dev_ws/install/ros2_control_test_assets:/home/jowi/dev_ws/install/controller_manager_msgs:/home/jowi/dev_ws/install/columbus:/opt/ros/humble LD_LIBRARY_PATH=/home/jowi/dev_ws/install/steering_controllers_library/lib:/home/jowi/dev_ws/install/controller_manager/lib:/home/jowi/dev_ws/install/hardware_interface_testing/lib:/home/jowi/dev_ws/install/controller_interface/lib:/home/jowi/dev_ws/install/hardware_interface/lib:/home/jowi/dev_ws/install/controller_manager_msgs/lib:${LD_LIBRARY_PATH} PYTHONPATH=/home/jowi/dev_ws/install/controller_manager/local/lib/python3.10/dist-packages:/home/jowi/dev_ws/install/controller_manager_msgs/local/lib/python3.10/dist-packages:${PYTHONPATH} /usr/local/bin/cmake /home/jowi/dev_ws/src/ros2_controllers/bicycle_steering_controller -DAMENT_CMAKE_SYMLINK_INSTALL=1 -DCMAKE_INSTALL_PREFIX=/home/jowi/dev_ws/install/bicycle_steering_controller
[2.880s] Invoking command in '/home/jowi/dev_ws/build/bicycle_steering_controller': AMENT_PREFIX_PATH=/home/jowi/dev_ws/install/steering_controllers_library:/home/jowi/dev_ws/install/controller_manager:/home/jowi/dev_ws/install/hardware_interface_testing:/home/jowi/dev_ws/install/controller_interface:/home/jowi/dev_ws/install/hardware_interface:/home/jowi/dev_ws/install/ros2_control_test_assets:/home/jowi/dev_ws/install/controller_manager_msgs:${AMENT_PREFIX_PATH} CMAKE_PREFIX_PATH=/home/jowi/dev_ws/install/steering_controllers_library:/home/jowi/dev_ws/install/controller_manager:/home/jowi/dev_ws/install/hardware_interface_testing:/home/jowi/dev_ws/install/controller_interface:/home/jowi/dev_ws/install/hardware_interface:/home/jowi/dev_ws/install/ros2_control_test_assets:/home/jowi/dev_ws/install/controller_manager_msgs:/home/jowi/dev_ws/install/columbus:/opt/ros/humble LD_LIBRARY_PATH=/home/jowi/dev_ws/install/steering_controllers_library/lib:/home/jowi/dev_ws/install/controller_manager/lib:/home/jowi/dev_ws/install/hardware_interface_testing/lib:/home/jowi/dev_ws/install/controller_interface/lib:/home/jowi/dev_ws/install/hardware_interface/lib:/home/jowi/dev_ws/install/controller_manager_msgs/lib:${LD_LIBRARY_PATH} PYTHONPATH=/home/jowi/dev_ws/install/controller_manager/local/lib/python3.10/dist-packages:/home/jowi/dev_ws/install/controller_manager_msgs/local/lib/python3.10/dist-packages:${PYTHONPATH} /usr/local/bin/cmake --build /home/jowi/dev_ws/build/bicycle_steering_controller -- -j8 -l8
[2.947s] [  7%] [34m[1mRunning `/opt/ros/humble/bin/generate_parameter_library_cpp /home/jowi/dev_ws/build/bicycle_steering_controller/include/bicycle_steering_controller/bicycle_steering_controller_parameters.hpp /home/jowi/dev_ws/src/ros2_controllers/bicycle_steering_controller/src/bicycle_steering_controller.yaml `[0m
[2.966s] [ 15%] [32mBuilding CXX object gmock/CMakeFiles/gmock.dir/opt/ros/humble/src/gtest_vendor/src/gtest-all.cc.o[0m
[2.976s] [ 23%] [32mBuilding CXX object gmock/CMakeFiles/gmock.dir/src/gmock-all.cc.o[0m
[3.515s] [ 30%] [34m[1mCreating deprecated header file /home/jowi/dev_ws/build/bicycle_steering_controller/include/bicycle_steering_controller_parameters.hpp[0m
[3.560s] [ 30%] Built target bicycle_steering_controller_parameters
[3.586s] [ 38%] [32mBuilding CXX object CMakeFiles/bicycle_steering_controller.dir/src/bicycle_steering_controller.cpp.o[0m
[8.042s] [ 46%] [32m[1mLinking CXX static library libgmock.a[0m
[8.124s] [ 46%] Built target gmock
[8.144s] [ 53%] [32mBuilding CXX object CMakeFiles/test_load_bicycle_steering_controller.dir/test/test_load_bicycle_steering_controller.cpp.o[0m
[9.619s] [ 61%] [32m[1mLinking CXX shared library libbicycle_steering_controller.so[0m
[10.615s] [ 61%] Built target bicycle_steering_controller
[10.629s] [ 76%] [32mBuilding CXX object CMakeFiles/test_bicycle_steering_controller_preceeding.dir/test/test_bicycle_steering_controller_preceeding.cpp.o[0m
[10.629s] [ 76%] [32mBuilding CXX object CMakeFiles/test_bicycle_steering_controller.dir/test/test_bicycle_steering_controller.cpp.o[0m
[16.211s] [ 84%] [32m[1mLinking CXX executable test_load_bicycle_steering_controller[0m
[18.003s] [ 84%] Built target test_load_bicycle_steering_controller
[20.555s] [ 92%] [32m[1mLinking CXX executable test_bicycle_steering_controller_preceeding[0m
[22.523s] [ 92%] Built target test_bicycle_steering_controller_preceeding
[27.243s] [100%] [32m[1mLinking CXX executable test_bicycle_steering_controller[0m
[29.053s] [100%] Built target test_bicycle_steering_controller
[29.061s] Invoked command in '/home/jowi/dev_ws/build/bicycle_steering_controller' returned '0': AMENT_PREFIX_PATH=/home/jowi/dev_ws/install/steering_controllers_library:/home/jowi/dev_ws/install/controller_manager:/home/jowi/dev_ws/install/hardware_interface_testing:/home/jowi/dev_ws/install/controller_interface:/home/jowi/dev_ws/install/hardware_interface:/home/jowi/dev_ws/install/ros2_control_test_assets:/home/jowi/dev_ws/install/controller_manager_msgs:${AMENT_PREFIX_PATH} CMAKE_PREFIX_PATH=/home/jowi/dev_ws/install/steering_controllers_library:/home/jowi/dev_ws/install/controller_manager:/home/jowi/dev_ws/install/hardware_interface_testing:/home/jowi/dev_ws/install/controller_interface:/home/jowi/dev_ws/install/hardware_interface:/home/jowi/dev_ws/install/ros2_control_test_assets:/home/jowi/dev_ws/install/controller_manager_msgs:/home/jowi/dev_ws/install/columbus:/opt/ros/humble LD_LIBRARY_PATH=/home/jowi/dev_ws/install/steering_controllers_library/lib:/home/jowi/dev_ws/install/controller_manager/lib:/home/jowi/dev_ws/install/hardware_interface_testing/lib:/home/jowi/dev_ws/install/controller_interface/lib:/home/jowi/dev_ws/install/hardware_interface/lib:/home/jowi/dev_ws/install/controller_manager_msgs/lib:${LD_LIBRARY_PATH} PYTHONPATH=/home/jowi/dev_ws/install/controller_manager/local/lib/python3.10/dist-packages:/home/jowi/dev_ws/install/controller_manager_msgs/local/lib/python3.10/dist-packages:${PYTHONPATH} /usr/local/bin/cmake --build /home/jowi/dev_ws/build/bicycle_steering_controller -- -j8 -l8
[29.064s] Invoking command in '/home/jowi/dev_ws/build/bicycle_steering_controller': AMENT_PREFIX_PATH=/home/jowi/dev_ws/install/steering_controllers_library:/home/jowi/dev_ws/install/controller_manager:/home/jowi/dev_ws/install/hardware_interface_testing:/home/jowi/dev_ws/install/controller_interface:/home/jowi/dev_ws/install/hardware_interface:/home/jowi/dev_ws/install/ros2_control_test_assets:/home/jowi/dev_ws/install/controller_manager_msgs:${AMENT_PREFIX_PATH} CMAKE_PREFIX_PATH=/home/jowi/dev_ws/install/steering_controllers_library:/home/jowi/dev_ws/install/controller_manager:/home/jowi/dev_ws/install/hardware_interface_testing:/home/jowi/dev_ws/install/controller_interface:/home/jowi/dev_ws/install/hardware_interface:/home/jowi/dev_ws/install/ros2_control_test_assets:/home/jowi/dev_ws/install/controller_manager_msgs:/home/jowi/dev_ws/install/columbus:/opt/ros/humble LD_LIBRARY_PATH=/home/jowi/dev_ws/install/steering_controllers_library/lib:/home/jowi/dev_ws/install/controller_manager/lib:/home/jowi/dev_ws/install/hardware_interface_testing/lib:/home/jowi/dev_ws/install/controller_interface/lib:/home/jowi/dev_ws/install/hardware_interface/lib:/home/jowi/dev_ws/install/controller_manager_msgs/lib:${LD_LIBRARY_PATH} PYTHONPATH=/home/jowi/dev_ws/install/controller_manager/local/lib/python3.10/dist-packages:/home/jowi/dev_ws/install/controller_manager_msgs/local/lib/python3.10/dist-packages:${PYTHONPATH} /usr/local/bin/cmake --install /home/jowi/dev_ws/build/bicycle_steering_controller
[29.067s] -- Install configuration: ""
[29.068s] -- Execute custom install script
[29.068s] -- Symlinking: /home/jowi/dev_ws/install/bicycle_steering_controller/include/bicycle_steering_controller/bicycle_steering_controller_parameters.hpp
[29.073s] -- Symlinking: /home/jowi/dev_ws/install/bicycle_steering_controller/share/bicycle_steering_controller//bicycle_steering_controller.xml
[29.078s] -- Symlinking: /home/jowi/dev_ws/install/bicycle_steering_controller/include/bicycle_steering_controller/bicycle_steering_controller/bicycle_steering_controller.hpp
[29.083s] -- Symlinking: /home/jowi/dev_ws/install/bicycle_steering_controller/include/bicycle_steering_controller/bicycle_steering_controller/visibility_control.h
[29.087s] -- Symlinking: /home/jowi/dev_ws/install/bicycle_steering_controller/share/bicycle_steering_controller/environment/library_path.sh
[29.092s] -- Symlinking: /home/jowi/dev_ws/install/bicycle_steering_controller/share/bicycle_steering_controller/environment/library_path.dsv
[29.097s] -- Symlinking: /home/jowi/dev_ws/install/bicycle_steering_controller/share/ament_index/resource_index/package_run_dependencies/bicycle_steering_controller
[29.101s] -- Symlinking: /home/jowi/dev_ws/install/bicycle_steering_controller/share/ament_index/resource_index/parent_prefix_path/bicycle_steering_controller
[29.106s] -- Symlinking: /home/jowi/dev_ws/install/bicycle_steering_controller/share/bicycle_steering_controller/environment/ament_prefix_path.sh
[29.111s] -- Symlinking: /home/jowi/dev_ws/install/bicycle_steering_controller/share/bicycle_steering_controller/environment/ament_prefix_path.dsv
[29.115s] -- Symlinking: /home/jowi/dev_ws/install/bicycle_steering_controller/share/bicycle_steering_controller/environment/path.sh
[29.120s] -- Symlinking: /home/jowi/dev_ws/install/bicycle_steering_controller/share/bicycle_steering_controller/environment/path.dsv
[29.124s] -- Symlinking: /home/jowi/dev_ws/install/bicycle_steering_controller/share/bicycle_steering_controller/local_setup.bash
[29.129s] -- Symlinking: /home/jowi/dev_ws/install/bicycle_steering_controller/share/bicycle_steering_controller/local_setup.sh
[29.133s] -- Symlinking: /home/jowi/dev_ws/install/bicycle_steering_controller/share/bicycle_steering_controller/local_setup.zsh
[29.138s] -- Symlinking: /home/jowi/dev_ws/install/bicycle_steering_controller/share/bicycle_steering_controller/local_setup.dsv
[29.142s] -- Symlinking: /home/jowi/dev_ws/install/bicycle_steering_controller/share/bicycle_steering_controller/package.dsv
[29.147s] -- Symlinking: /home/jowi/dev_ws/install/bicycle_steering_controller/share/ament_index/resource_index/packages/bicycle_steering_controller
[29.152s] -- Symlinking: /home/jowi/dev_ws/install/bicycle_steering_controller/share/ament_index/resource_index/controller_interface__pluginlib__plugin/bicycle_steering_controller
[29.156s] -- Symlinking: /home/jowi/dev_ws/install/bicycle_steering_controller/share/bicycle_steering_controller/cmake/ament_cmake_export_dependencies-extras.cmake
[29.161s] -- Symlinking: /home/jowi/dev_ws/install/bicycle_steering_controller/share/bicycle_steering_controller/cmake/ament_cmake_export_targets-extras.cmake
[29.165s] -- Symlinking: /home/jowi/dev_ws/install/bicycle_steering_controller/share/bicycle_steering_controller/cmake/bicycle_steering_controllerConfig.cmake
[29.170s] -- Symlinking: /home/jowi/dev_ws/install/bicycle_steering_controller/share/bicycle_steering_controller/cmake/bicycle_steering_controllerConfig-version.cmake
[29.174s] -- Symlinking: /home/jowi/dev_ws/install/bicycle_steering_controller/share/bicycle_steering_controller/package.xml
[29.179s] -- Installing: /home/jowi/dev_ws/install/bicycle_steering_controller/lib/libbicycle_steering_controller.so
[29.180s] -- Set non-toolchain portion of runtime path of "/home/jowi/dev_ws/install/bicycle_steering_controller/lib/libbicycle_steering_controller.so" to ""
[29.180s] -- Installing: /home/jowi/dev_ws/install/bicycle_steering_controller/share/bicycle_steering_controller/cmake/export_bicycle_steering_controllerExport.cmake
[29.180s] -- Installing: /home/jowi/dev_ws/install/bicycle_steering_controller/share/bicycle_steering_controller/cmake/export_bicycle_steering_controllerExport-noconfig.cmake
[29.182s] Invoked command in '/home/jowi/dev_ws/build/bicycle_steering_controller' returned '0': AMENT_PREFIX_PATH=/home/jowi/dev_ws/install/steering_controllers_library:/home/jowi/dev_ws/install/controller_manager:/home/jowi/dev_ws/install/hardware_interface_testing:/home/jowi/dev_ws/install/controller_interface:/home/jowi/dev_ws/install/hardware_interface:/home/jowi/dev_ws/install/ros2_control_test_assets:/home/jowi/dev_ws/install/controller_manager_msgs:${AMENT_PREFIX_PATH} CMAKE_PREFIX_PATH=/home/jowi/dev_ws/install/steering_controllers_library:/home/jowi/dev_ws/install/controller_manager:/home/jowi/dev_ws/install/hardware_interface_testing:/home/jowi/dev_ws/install/controller_interface:/home/jowi/dev_ws/install/hardware_interface:/home/jowi/dev_ws/install/ros2_control_test_assets:/home/jowi/dev_ws/install/controller_manager_msgs:/home/jowi/dev_ws/install/columbus:/opt/ros/humble LD_LIBRARY_PATH=/home/jowi/dev_ws/install/steering_controllers_library/lib:/home/jowi/dev_ws/install/controller_manager/lib:/home/jowi/dev_ws/install/hardware_interface_testing/lib:/home/jowi/dev_ws/install/controller_interface/lib:/home/jowi/dev_ws/install/hardware_interface/lib:/home/jowi/dev_ws/install/controller_manager_msgs/lib:${LD_LIBRARY_PATH} PYTHONPATH=/home/jowi/dev_ws/install/controller_manager/local/lib/python3.10/dist-packages:/home/jowi/dev_ws/install/controller_manager_msgs/local/lib/python3.10/dist-packages:${PYTHONPATH} /usr/local/bin/cmake --install /home/jowi/dev_ws/build/bicycle_steering_controller
