[0.011s] Invoking command in '/home/jowi/dev_ws/build/columbus': CMAKE_PREFIX_PATH=${CMAKE_PREFIX_PATH}:/opt/ros/humble /usr/local/bin/cmake --build /home/jowi/dev_ws/build/columbus -- -j8 -l8
[0.032s] Invoked command in '/home/jowi/dev_ws/build/columbus' returned '0': CMAKE_PREFIX_PATH=${CMAKE_PREFIX_PATH}:/opt/ros/humble /usr/local/bin/cmake --build /home/jowi/dev_ws/build/columbus -- -j8 -l8
[0.037s] Invoking command in '/home/jowi/dev_ws/build/columbus': CMAKE_PREFIX_PATH=${CMAKE_PREFIX_PATH}:/opt/ros/humble /usr/local/bin/cmake --install /home/jowi/dev_ws/build/columbus
[0.040s] -- Install configuration: ""
[0.040s] -- Execute custom install script
[0.041s] -- Up-to-date symlink: /home/jowi/dev_ws/install/columbus/share/columbus/config/empty.yaml
[0.041s] -- Up-to-date symlink: /home/jowi/dev_ws/install/columbus/share/columbus/config/view_bot.rviz
[0.041s] -- Up-to-date symlink: /home/jowi/dev_ws/install/columbus/share/columbus/description/gazebo_control.xacro
[0.041s] -- Up-to-date symlink: /home/jowi/dev_ws/install/columbus/share/columbus/description/inertial_macros.xacro
[0.042s] -- Up-to-date symlink: /home/jowi/dev_ws/install/columbus/share/columbus/description/robot.urdf.xacro
[0.042s] -- Up-to-date symlink: /home/jowi/dev_ws/install/columbus/share/columbus/description/robot_core.xacro
[0.042s] -- Up-to-date symlink: /home/jowi/dev_ws/install/columbus/share/columbus/launch/launch_sim.launch.py
[0.042s] -- Up-to-date symlink: /home/jowi/dev_ws/install/columbus/share/columbus/launch/rsp.launch.py
[0.042s] -- Up-to-date symlink: /home/jowi/dev_ws/install/columbus/share/columbus/worlds/empty.world
[0.042s] -- Up-to-date symlink: /home/jowi/dev_ws/install/columbus/share/ament_index/resource_index/package_run_dependencies/columbus
[0.043s] -- Up-to-date symlink: /home/jowi/dev_ws/install/columbus/share/ament_index/resource_index/parent_prefix_path/columbus
[0.043s] -- Up-to-date symlink: /home/jowi/dev_ws/install/columbus/share/columbus/environment/ament_prefix_path.sh
[0.043s] -- Up-to-date symlink: /home/jowi/dev_ws/install/columbus/share/columbus/environment/ament_prefix_path.dsv
[0.043s] -- Up-to-date symlink: /home/jowi/dev_ws/install/columbus/share/columbus/environment/path.sh
[0.043s] -- Up-to-date symlink: /home/jowi/dev_ws/install/columbus/share/columbus/environment/path.dsv
[0.043s] -- Up-to-date symlink: /home/jowi/dev_ws/install/columbus/share/columbus/local_setup.bash
[0.044s] -- Up-to-date symlink: /home/jowi/dev_ws/install/columbus/share/columbus/local_setup.sh
[0.044s] -- Up-to-date symlink: /home/jowi/dev_ws/install/columbus/share/columbus/local_setup.zsh
[0.044s] -- Up-to-date symlink: /home/jowi/dev_ws/install/columbus/share/columbus/local_setup.dsv
[0.044s] -- Symlinking: /home/jowi/dev_ws/install/columbus/share/columbus/package.dsv
[0.048s] -- Up-to-date symlink: /home/jowi/dev_ws/install/columbus/share/ament_index/resource_index/packages/columbus
[0.048s] -- Up-to-date symlink: /home/jowi/dev_ws/install/columbus/share/columbus/cmake/columbusConfig.cmake
[0.048s] -- Up-to-date symlink: /home/jowi/dev_ws/install/columbus/share/columbus/cmake/columbusConfig-version.cmake
[0.048s] -- Up-to-date symlink: /home/jowi/dev_ws/install/columbus/share/columbus/package.xml
[0.050s] Invoked command in '/home/jowi/dev_ws/build/columbus' returned '0': CMAKE_PREFIX_PATH=${CMAKE_PREFIX_PATH}:/opt/ros/humble /usr/local/bin/cmake --install /home/jowi/dev_ws/build/columbus
