[0.193s] DEBUG:colcon:Command line arguments: ['/usr/bin/colcon', 'build', '--symlink-install']
[0.193s] DEBUG:colcon:Parsed command line arguments: Namespace(log_base=None, log_level=None, verb_name='build', build_base='build', install_base='install', merge_install=False, symlink_install=True, test_result_base=None, continue_on_error=False, executor='parallel', parallel_workers=8, event_handlers=None, ignore_user_meta=False, metas=['./colcon.meta'], base_paths=['.'], packages_ignore=None, packages_ignore_regex=None, paths=None, packages_up_to=None, packages_up_to_regex=None, packages_above=None, packages_above_and_dependencies=None, packages_above_depth=None, packages_select_by_dep=None, packages_skip_by_dep=None, packages_skip_up_to=None, packages_select_build_failed=False, packages_skip_build_finished=False, packages_select_test_failures=False, packages_skip_test_passed=False, packages_select=None, packages_skip=None, packages_select_regex=None, packages_skip_regex=None, packages_start=None, packages_end=None, allow_overriding=[], cmake_args=None, cmake_target=None, cmake_target_skip_unavailable=False, cmake_clean_cache=False, cmake_clean_first=False, cmake_force_configure=False, ament_cmake_args=None, catkin_cmake_args=None, catkin_skip_building_tests=False, mixin_files=None, mixin=None, verb_parser=<colcon_mixin.mixin.mixin_argument.MixinArgumentDecorator object at 0x7988593b8160>, verb_extension=<colcon_core.verb.build.BuildVerb object at 0x7988594c10c0>, main=<bound method BuildVerb.main of <colcon_core.verb.build.BuildVerb object at 0x7988594c10c0>>, mixin_verb=('build',))
[0.541s] Level 1:colcon.colcon_core.package_discovery:discover_packages(colcon_meta) check parameters
[0.541s] Level 1:colcon.colcon_core.package_discovery:discover_packages(recursive) check parameters
[0.541s] Level 1:colcon.colcon_core.package_discovery:discover_packages(ignore) check parameters
[0.541s] Level 1:colcon.colcon_core.package_discovery:discover_packages(path) check parameters
[0.541s] Level 1:colcon.colcon_core.package_discovery:discover_packages(colcon_meta) discover
[0.541s] Level 1:colcon.colcon_core.package_discovery:discover_packages(recursive) discover
[0.541s] INFO:colcon.colcon_core.package_discovery:Crawling recursively for packages in '/home/jowi/dev_ws'
[0.541s] Level 1:colcon.colcon_core.package_identification:_identify(.) by extensions ['ignore', 'ignore_ament_install']
[0.541s] Level 1:colcon.colcon_core.package_identification:_identify(.) by extension 'ignore'
[0.541s] Level 1:colcon.colcon_core.package_identification:_identify(.) by extension 'ignore_ament_install'
[0.541s] Level 1:colcon.colcon_core.package_identification:_identify(.) by extensions ['colcon_pkg']
[0.541s] Level 1:colcon.colcon_core.package_identification:_identify(.) by extension 'colcon_pkg'
[0.541s] Level 1:colcon.colcon_core.package_identification:_identify(.) by extensions ['colcon_meta']
[0.541s] Level 1:colcon.colcon_core.package_identification:_identify(.) by extension 'colcon_meta'
[0.541s] Level 1:colcon.colcon_core.package_identification:_identify(.) by extensions ['ros']
[0.541s] Level 1:colcon.colcon_core.package_identification:_identify(.) by extension 'ros'
[0.557s] Level 1:colcon.colcon_core.package_identification:_identify(.) by extensions ['cmake', 'python']
[0.557s] Level 1:colcon.colcon_core.package_identification:_identify(.) by extension 'cmake'
[0.557s] Level 1:colcon.colcon_core.package_identification:_identify(.) by extension 'python'
[0.557s] Level 1:colcon.colcon_core.package_identification:_identify(.) by extensions ['python_setup_py']
[0.557s] Level 1:colcon.colcon_core.package_identification:_identify(.) by extension 'python_setup_py'
[0.557s] Level 1:colcon.colcon_core.package_identification:_identify(build) by extensions ['ignore', 'ignore_ament_install']
[0.557s] Level 1:colcon.colcon_core.package_identification:_identify(build) by extension 'ignore'
[0.557s] Level 1:colcon.colcon_core.package_identification:_identify(build) ignored
[0.557s] Level 1:colcon.colcon_core.package_identification:_identify(install) by extensions ['ignore', 'ignore_ament_install']
[0.557s] Level 1:colcon.colcon_core.package_identification:_identify(install) by extension 'ignore'
[0.558s] Level 1:colcon.colcon_core.package_identification:_identify(install) ignored
[0.558s] Level 1:colcon.colcon_core.package_identification:_identify(log) by extensions ['ignore', 'ignore_ament_install']
[0.558s] Level 1:colcon.colcon_core.package_identification:_identify(log) by extension 'ignore'
[0.558s] Level 1:colcon.colcon_core.package_identification:_identify(log) ignored
[0.558s] Level 1:colcon.colcon_core.package_identification:_identify(src) by extensions ['ignore', 'ignore_ament_install']
[0.558s] Level 1:colcon.colcon_core.package_identification:_identify(src) by extension 'ignore'
[0.558s] Level 1:colcon.colcon_core.package_identification:_identify(src) by extension 'ignore_ament_install'
[0.558s] Level 1:colcon.colcon_core.package_identification:_identify(src) by extensions ['colcon_pkg']
[0.558s] Level 1:colcon.colcon_core.package_identification:_identify(src) by extension 'colcon_pkg'
[0.558s] Level 1:colcon.colcon_core.package_identification:_identify(src) by extensions ['colcon_meta']
[0.558s] Level 1:colcon.colcon_core.package_identification:_identify(src) by extension 'colcon_meta'
[0.558s] Level 1:colcon.colcon_core.package_identification:_identify(src) by extensions ['ros']
[0.558s] Level 1:colcon.colcon_core.package_identification:_identify(src) by extension 'ros'
[0.558s] Level 1:colcon.colcon_core.package_identification:_identify(src) by extensions ['cmake', 'python']
[0.558s] Level 1:colcon.colcon_core.package_identification:_identify(src) by extension 'cmake'
[0.558s] Level 1:colcon.colcon_core.package_identification:_identify(src) by extension 'python'
[0.558s] Level 1:colcon.colcon_core.package_identification:_identify(src) by extensions ['python_setup_py']
[0.558s] Level 1:colcon.colcon_core.package_identification:_identify(src) by extension 'python_setup_py'
[0.559s] Level 1:colcon.colcon_core.package_identification:_identify(src/columbus) by extensions ['ignore', 'ignore_ament_install']
[0.559s] Level 1:colcon.colcon_core.package_identification:_identify(src/columbus) by extension 'ignore'
[0.559s] Level 1:colcon.colcon_core.package_identification:_identify(src/columbus) by extension 'ignore_ament_install'
[0.559s] Level 1:colcon.colcon_core.package_identification:_identify(src/columbus) by extensions ['colcon_pkg']
[0.559s] Level 1:colcon.colcon_core.package_identification:_identify(src/columbus) by extension 'colcon_pkg'
[0.559s] Level 1:colcon.colcon_core.package_identification:_identify(src/columbus) by extensions ['colcon_meta']
[0.559s] Level 1:colcon.colcon_core.package_identification:_identify(src/columbus) by extension 'colcon_meta'
[0.559s] Level 1:colcon.colcon_core.package_identification:_identify(src/columbus) by extensions ['ros']
[0.559s] Level 1:colcon.colcon_core.package_identification:_identify(src/columbus) by extension 'ros'
[0.562s] DEBUG:colcon.colcon_core.package_identification:Package 'src/columbus' with type 'ros.ament_cmake' and name 'columbus'
[0.562s] Level 1:colcon.colcon_core.package_discovery:discover_packages(recursive) using defaults
[0.562s] Level 1:colcon.colcon_core.package_discovery:discover_packages(ignore) discover
[0.562s] Level 1:colcon.colcon_core.package_discovery:discover_packages(ignore) using defaults
[0.562s] Level 1:colcon.colcon_core.package_discovery:discover_packages(path) discover
[0.562s] Level 1:colcon.colcon_core.package_discovery:discover_packages(path) using defaults
[0.590s] Level 1:colcon.colcon_core.package_discovery:discover_packages(prefix_path) check parameters
[0.590s] Level 1:colcon.colcon_core.package_discovery:discover_packages(prefix_path) discover
[0.593s] DEBUG:colcon.colcon_installed_package_information.package_discovery:Found 1 installed packages in /home/jowi/dev_ws/install
[0.596s] DEBUG:colcon.colcon_installed_package_information.package_discovery:Found 340 installed packages in /opt/ros/humble
[0.597s] Level 1:colcon.colcon_core.package_discovery:discover_packages(prefix_path) using defaults
[0.687s] Level 5:colcon.colcon_core.verb:set package 'columbus' build argument 'cmake_args' from command line to 'None'
[0.687s] Level 5:colcon.colcon_core.verb:set package 'columbus' build argument 'cmake_target' from command line to 'None'
[0.687s] Level 5:colcon.colcon_core.verb:set package 'columbus' build argument 'cmake_target_skip_unavailable' from command line to 'False'
[0.687s] Level 5:colcon.colcon_core.verb:set package 'columbus' build argument 'cmake_clean_cache' from command line to 'False'
[0.687s] Level 5:colcon.colcon_core.verb:set package 'columbus' build argument 'cmake_clean_first' from command line to 'False'
[0.687s] Level 5:colcon.colcon_core.verb:set package 'columbus' build argument 'cmake_force_configure' from command line to 'False'
[0.687s] Level 5:colcon.colcon_core.verb:set package 'columbus' build argument 'ament_cmake_args' from command line to 'None'
[0.687s] Level 5:colcon.colcon_core.verb:set package 'columbus' build argument 'catkin_cmake_args' from command line to 'None'
[0.687s] Level 5:colcon.colcon_core.verb:set package 'columbus' build argument 'catkin_skip_building_tests' from command line to 'False'
[0.687s] DEBUG:colcon.colcon_core.verb:Building package 'columbus' with the following arguments: {'ament_cmake_args': None, 'build_base': '/home/jowi/dev_ws/build/columbus', 'catkin_cmake_args': None, 'catkin_skip_building_tests': False, 'cmake_args': None, 'cmake_clean_cache': False, 'cmake_clean_first': False, 'cmake_force_configure': False, 'cmake_target': None, 'cmake_target_skip_unavailable': False, 'install_base': '/home/jowi/dev_ws/install/columbus', 'merge_install': False, 'path': '/home/jowi/dev_ws/src/columbus', 'symlink_install': True, 'test_result_base': None}
[0.687s] INFO:colcon.colcon_core.executor:Executing jobs using 'parallel' executor
[0.688s] DEBUG:colcon.colcon_parallel_executor.executor.parallel:run_until_complete
[0.689s] INFO:colcon.colcon_ros.task.ament_cmake.build:Building ROS package in '/home/jowi/dev_ws/src/columbus' with build type 'ament_cmake'
[0.689s] INFO:colcon.colcon_cmake.task.cmake.build:Building CMake package in '/home/jowi/dev_ws/src/columbus'
[0.696s] INFO:colcon.colcon_core.plugin_system:Skipping extension 'colcon_core.shell.bat': Not used on non-Windows systems
[0.696s] INFO:colcon.colcon_core.shell:Skip shell extension 'powershell' for command environment: Not usable outside of PowerShell
[0.697s] DEBUG:colcon.colcon_core.shell:Skip shell extension 'dsv' for command environment
[0.712s] DEBUG:colcon.colcon_core.event_handler.log_command:Invoking command in '/home/jowi/dev_ws/build/columbus': CMAKE_PREFIX_PATH=${CMAKE_PREFIX_PATH}:/opt/ros/humble /usr/local/bin/cmake --build /home/jowi/dev_ws/build/columbus -- -j8 -l8
[0.811s] DEBUG:colcon.colcon_core.event_handler.log_command:Invoked command in '/home/jowi/dev_ws/build/columbus' returned '0': CMAKE_PREFIX_PATH=${CMAKE_PREFIX_PATH}:/opt/ros/humble /usr/local/bin/cmake --build /home/jowi/dev_ws/build/columbus -- -j8 -l8
[0.821s] DEBUG:colcon.colcon_core.event_handler.log_command:Invoking command in '/home/jowi/dev_ws/build/columbus': CMAKE_PREFIX_PATH=${CMAKE_PREFIX_PATH}:/opt/ros/humble /usr/local/bin/cmake --install /home/jowi/dev_ws/build/columbus
[0.853s] Level 1:colcon.colcon_core.environment:create_environment_scripts_only(columbus)
[0.854s] DEBUG:colcon.colcon_core.event_handler.log_command:Invoked command in '/home/jowi/dev_ws/build/columbus' returned '0': CMAKE_PREFIX_PATH=${CMAKE_PREFIX_PATH}:/opt/ros/humble /usr/local/bin/cmake --install /home/jowi/dev_ws/build/columbus
[0.859s] Level 1:colcon.colcon_core.environment:checking '/home/jowi/dev_ws/install/columbus' for CMake module files
[0.859s] Level 1:colcon.colcon_core.environment:checking '/home/jowi/dev_ws/install/columbus' for CMake config files
[0.860s] Level 1:colcon.colcon_core.shell:create_environment_hook('columbus', 'cmake_prefix_path')
[0.860s] INFO:colcon.colcon_core.shell:Creating environment hook '/home/jowi/dev_ws/install/columbus/share/columbus/hook/cmake_prefix_path.ps1'
[0.861s] INFO:colcon.colcon_core.shell:Creating environment descriptor '/home/jowi/dev_ws/install/columbus/share/columbus/hook/cmake_prefix_path.dsv'
[0.862s] INFO:colcon.colcon_core.shell:Creating environment hook '/home/jowi/dev_ws/install/columbus/share/columbus/hook/cmake_prefix_path.sh'
[0.863s] Level 1:colcon.colcon_core.environment:checking '/home/jowi/dev_ws/install/columbus/bin'
[0.863s] Level 1:colcon.colcon_core.environment:checking '/home/jowi/dev_ws/install/columbus/lib/pkgconfig/columbus.pc'
[0.863s] Level 1:colcon.colcon_core.environment:checking '/home/jowi/dev_ws/install/columbus/lib/python3.10/site-packages'
[0.863s] Level 1:colcon.colcon_core.environment:checking '/home/jowi/dev_ws/install/columbus/bin'
[0.864s] INFO:colcon.colcon_core.shell:Creating package script '/home/jowi/dev_ws/install/columbus/share/columbus/package.ps1'
[0.865s] INFO:colcon.colcon_core.shell:Creating package descriptor '/home/jowi/dev_ws/install/columbus/share/columbus/package.dsv'
[0.865s] INFO:colcon.colcon_core.shell:Creating package script '/home/jowi/dev_ws/install/columbus/share/columbus/package.sh'
[0.866s] INFO:colcon.colcon_core.shell:Creating package script '/home/jowi/dev_ws/install/columbus/share/columbus/package.bash'
[0.868s] INFO:colcon.colcon_core.shell:Creating package script '/home/jowi/dev_ws/install/columbus/share/columbus/package.zsh'
[0.869s] Level 1:colcon.colcon_core.environment:create_file_with_runtime_dependencies(/home/jowi/dev_ws/install/columbus/share/colcon-core/packages/columbus)
[0.869s] Level 1:colcon.colcon_core.environment:create_environment_scripts_only(columbus)
[0.870s] Level 1:colcon.colcon_core.environment:checking '/home/jowi/dev_ws/install/columbus' for CMake module files
[0.870s] Level 1:colcon.colcon_core.environment:checking '/home/jowi/dev_ws/install/columbus' for CMake config files
[0.871s] Level 1:colcon.colcon_core.shell:create_environment_hook('columbus', 'cmake_prefix_path')
[0.871s] INFO:colcon.colcon_core.shell:Creating environment hook '/home/jowi/dev_ws/install/columbus/share/columbus/hook/cmake_prefix_path.ps1'
[0.871s] INFO:colcon.colcon_core.shell:Creating environment descriptor '/home/jowi/dev_ws/install/columbus/share/columbus/hook/cmake_prefix_path.dsv'
[0.872s] INFO:colcon.colcon_core.shell:Creating environment hook '/home/jowi/dev_ws/install/columbus/share/columbus/hook/cmake_prefix_path.sh'
[0.872s] Level 1:colcon.colcon_core.environment:checking '/home/jowi/dev_ws/install/columbus/bin'
[0.873s] Level 1:colcon.colcon_core.environment:checking '/home/jowi/dev_ws/install/columbus/lib/pkgconfig/columbus.pc'
[0.873s] Level 1:colcon.colcon_core.environment:checking '/home/jowi/dev_ws/install/columbus/lib/python3.10/site-packages'
[0.873s] Level 1:colcon.colcon_core.environment:checking '/home/jowi/dev_ws/install/columbus/bin'
[0.873s] INFO:colcon.colcon_core.shell:Creating package script '/home/jowi/dev_ws/install/columbus/share/columbus/package.ps1'
[0.874s] INFO:colcon.colcon_core.shell:Creating package descriptor '/home/jowi/dev_ws/install/columbus/share/columbus/package.dsv'
[0.874s] INFO:colcon.colcon_core.shell:Creating package script '/home/jowi/dev_ws/install/columbus/share/columbus/package.sh'
[0.875s] INFO:colcon.colcon_core.shell:Creating package script '/home/jowi/dev_ws/install/columbus/share/columbus/package.bash'
[0.875s] INFO:colcon.colcon_core.shell:Creating package script '/home/jowi/dev_ws/install/columbus/share/columbus/package.zsh'
[0.876s] Level 1:colcon.colcon_core.environment:create_file_with_runtime_dependencies(/home/jowi/dev_ws/install/columbus/share/colcon-core/packages/columbus)
[0.876s] DEBUG:colcon.colcon_parallel_executor.executor.parallel:closing loop
[0.876s] DEBUG:colcon.colcon_parallel_executor.executor.parallel:loop closed
[0.877s] DEBUG:colcon.colcon_parallel_executor.executor.parallel:run_until_complete finished with '0'
[0.877s] DEBUG:colcon.colcon_core.event_reactor:joining thread
[0.887s] INFO:colcon.colcon_core.plugin_system:Skipping extension 'colcon_notification.desktop_notification.terminal_notifier': Not used on non-Darwin systems
[0.887s] INFO:colcon.colcon_core.plugin_system:Skipping extension 'colcon_notification.desktop_notification.win32': Not used on non-Windows systems
[0.887s] INFO:colcon.colcon_notification.desktop_notification:Sending desktop notification using 'notify2'
[0.898s] DEBUG:colcon.colcon_core.event_reactor:joined thread
[0.898s] INFO:colcon.colcon_core.shell:Creating prefix script '/home/jowi/dev_ws/install/local_setup.ps1'
[0.900s] INFO:colcon.colcon_core.shell:Creating prefix util module '/home/jowi/dev_ws/install/_local_setup_util_ps1.py'
[0.901s] INFO:colcon.colcon_core.shell:Creating prefix chain script '/home/jowi/dev_ws/install/setup.ps1'
[0.903s] INFO:colcon.colcon_core.shell:Creating prefix script '/home/jowi/dev_ws/install/local_setup.sh'
[0.904s] INFO:colcon.colcon_core.shell:Creating prefix util module '/home/jowi/dev_ws/install/_local_setup_util_sh.py'
[0.905s] INFO:colcon.colcon_core.shell:Creating prefix chain script '/home/jowi/dev_ws/install/setup.sh'
[0.907s] INFO:colcon.colcon_core.shell:Creating prefix script '/home/jowi/dev_ws/install/local_setup.bash'
[0.908s] INFO:colcon.colcon_core.shell:Creating prefix chain script '/home/jowi/dev_ws/install/setup.bash'
[0.909s] INFO:colcon.colcon_core.shell:Creating prefix script '/home/jowi/dev_ws/install/local_setup.zsh'
[0.910s] INFO:colcon.colcon_core.shell:Creating prefix chain script '/home/jowi/dev_ws/install/setup.zsh'
