[ 18%] Built target range_sensor_broadcaster_parameters
[ 45%] Built target gmock
[ 54%] [32m[1mLinking CXX shared library librange_sensor_broadcaster.so[0m
[ 63%] Built target range_sensor_broadcaster
[ 72%] [32m[1mLinking CXX executable test_range_sensor_broadcaster[0m
[ 81%] [32m[1mLinking CXX executable test_load_range_sensor_broadcaster[0m
[ 90%] Built target test_range_sensor_broadcaster
[100%] Built target test_load_range_sensor_broadcaster
-- Install configuration: ""
-- Execute custom install script
-- Up-to-date symlink: /home/jowi/dev_ws/install/range_sensor_broadcaster/include/range_sensor_broadcaster/range_sensor_broadcaster_parameters.hpp
-- Up-to-date symlink: /home/jowi/dev_ws/install/range_sensor_broadcaster/share/range_sensor_broadcaster//range_sensor_broadcaster.xml
-- Up-to-date symlink: /home/jowi/dev_ws/install/range_sensor_broadcaster/include/range_sensor_broadcaster/range_sensor_broadcaster.hpp
-- Up-to-date symlink: /home/jowi/dev_ws/install/range_sensor_broadcaster/include/range_sensor_broadcaster/visibility_control.h
-- Up-to-date symlink: /home/jowi/dev_ws/install/range_sensor_broadcaster/share/range_sensor_broadcaster/environment/library_path.sh
-- Up-to-date symlink: /home/jowi/dev_ws/install/range_sensor_broadcaster/share/range_sensor_broadcaster/environment/library_path.dsv
-- Up-to-date symlink: /home/jowi/dev_ws/install/range_sensor_broadcaster/share/ament_index/resource_index/package_run_dependencies/range_sensor_broadcaster
-- Up-to-date symlink: /home/jowi/dev_ws/install/range_sensor_broadcaster/share/ament_index/resource_index/parent_prefix_path/range_sensor_broadcaster
-- Up-to-date symlink: /home/jowi/dev_ws/install/range_sensor_broadcaster/share/range_sensor_broadcaster/environment/ament_prefix_path.sh
-- Up-to-date symlink: /home/jowi/dev_ws/install/range_sensor_broadcaster/share/range_sensor_broadcaster/environment/ament_prefix_path.dsv
-- Up-to-date symlink: /home/jowi/dev_ws/install/range_sensor_broadcaster/share/range_sensor_broadcaster/environment/path.sh
-- Up-to-date symlink: /home/jowi/dev_ws/install/range_sensor_broadcaster/share/range_sensor_broadcaster/environment/path.dsv
-- Up-to-date symlink: /home/jowi/dev_ws/install/range_sensor_broadcaster/share/range_sensor_broadcaster/local_setup.bash
-- Up-to-date symlink: /home/jowi/dev_ws/install/range_sensor_broadcaster/share/range_sensor_broadcaster/local_setup.sh
-- Up-to-date symlink: /home/jowi/dev_ws/install/range_sensor_broadcaster/share/range_sensor_broadcaster/local_setup.zsh
-- Up-to-date symlink: /home/jowi/dev_ws/install/range_sensor_broadcaster/share/range_sensor_broadcaster/local_setup.dsv
-- Symlinking: /home/jowi/dev_ws/install/range_sensor_broadcaster/share/range_sensor_broadcaster/package.dsv
-- Up-to-date symlink: /home/jowi/dev_ws/install/range_sensor_broadcaster/share/ament_index/resource_index/packages/range_sensor_broadcaster
-- Up-to-date symlink: /home/jowi/dev_ws/install/range_sensor_broadcaster/share/ament_index/resource_index/controller_interface__pluginlib__plugin/range_sensor_broadcaster
-- Up-to-date symlink: /home/jowi/dev_ws/install/range_sensor_broadcaster/share/range_sensor_broadcaster/cmake/ament_cmake_export_dependencies-extras.cmake
-- Up-to-date symlink: /home/jowi/dev_ws/install/range_sensor_broadcaster/share/range_sensor_broadcaster/cmake/ament_cmake_export_targets-extras.cmake
-- Up-to-date symlink: /home/jowi/dev_ws/install/range_sensor_broadcaster/share/range_sensor_broadcaster/cmake/range_sensor_broadcasterConfig.cmake
-- Up-to-date symlink: /home/jowi/dev_ws/install/range_sensor_broadcaster/share/range_sensor_broadcaster/cmake/range_sensor_broadcasterConfig-version.cmake
-- Up-to-date symlink: /home/jowi/dev_ws/install/range_sensor_broadcaster/share/range_sensor_broadcaster/package.xml
-- Installing: /home/jowi/dev_ws/install/range_sensor_broadcaster/lib/librange_sensor_broadcaster.so
-- Set non-toolchain portion of runtime path of "/home/jowi/dev_ws/install/range_sensor_broadcaster/lib/librange_sensor_broadcaster.so" to ""
-- Up-to-date: /home/jowi/dev_ws/install/range_sensor_broadcaster/share/range_sensor_broadcaster/cmake/export_range_sensor_broadcasterExport.cmake
-- Up-to-date: /home/jowi/dev_ws/install/range_sensor_broadcaster/share/range_sensor_broadcaster/cmake/export_range_sensor_broadcasterExport-noconfig.cmake
