[0.035s] Invoking command in '/home/jowi/dev_ws/build/range_sensor_broadcaster': AMENT_PREFIX_PATH=/home/jowi/dev_ws/install/controller_manager:/home/jowi/dev_ws/install/hardware_interface_testing:/home/jowi/dev_ws/install/controller_interface:/home/jowi/dev_ws/install/hardware_interface:/home/jowi/dev_ws/install/ros2_control_test_assets:/home/jowi/dev_ws/install/controller_manager_msgs:/home/jowi/dev_ws/install/control_msgs:${AMENT_PREFIX_PATH} CMAKE_PREFIX_PATH=/home/jowi/dev_ws/install/controller_manager:/home/jowi/dev_ws/install/hardware_interface_testing:/home/jowi/dev_ws/install/controller_interface:/home/jowi/dev_ws/install/hardware_interface:/home/jowi/dev_ws/install/ros2_control_test_assets:/home/jowi/dev_ws/install/controller_manager_msgs:/home/jowi/dev_ws/install/control_msgs:/opt/ros/humble LD_LIBRARY_PATH=/home/jowi/dev_ws/install/controller_manager/lib:/home/jowi/dev_ws/install/hardware_interface_testing/lib:/home/jowi/dev_ws/install/controller_interface/lib:/home/jowi/dev_ws/install/hardware_interface/lib:/home/jowi/dev_ws/install/controller_manager_msgs/lib:/home/jowi/dev_ws/install/control_msgs/lib:${LD_LIBRARY_PATH} PYTHONPATH=/home/jowi/dev_ws/install/controller_manager/local/lib/python3.10/dist-packages:/home/jowi/dev_ws/install/controller_manager_msgs/local/lib/python3.10/dist-packages:/home/jowi/dev_ws/install/control_msgs/local/lib/python3.10/dist-packages:${PYTHONPATH} /usr/local/bin/cmake --build /home/jowi/dev_ws/build/range_sensor_broadcaster -- -j8 -l8
[0.094s] [ 18%] Built target range_sensor_broadcaster_parameters
[0.104s] [ 45%] Built target gmock
[0.131s] [ 54%] [32m[1mLinking CXX shared library librange_sensor_broadcaster.so[0m
[0.781s] [ 63%] Built target range_sensor_broadcaster
[0.813s] [ 72%] [32m[1mLinking CXX executable test_range_sensor_broadcaster[0m
[0.826s] [ 81%] [32m[1mLinking CXX executable test_load_range_sensor_broadcaster[0m
[2.908s] [ 90%] Built target test_range_sensor_broadcaster
[3.104s] [100%] Built target test_load_range_sensor_broadcaster
[3.110s] Invoked command in '/home/jowi/dev_ws/build/range_sensor_broadcaster' returned '0': AMENT_PREFIX_PATH=/home/jowi/dev_ws/install/controller_manager:/home/jowi/dev_ws/install/hardware_interface_testing:/home/jowi/dev_ws/install/controller_interface:/home/jowi/dev_ws/install/hardware_interface:/home/jowi/dev_ws/install/ros2_control_test_assets:/home/jowi/dev_ws/install/controller_manager_msgs:/home/jowi/dev_ws/install/control_msgs:${AMENT_PREFIX_PATH} CMAKE_PREFIX_PATH=/home/jowi/dev_ws/install/controller_manager:/home/jowi/dev_ws/install/hardware_interface_testing:/home/jowi/dev_ws/install/controller_interface:/home/jowi/dev_ws/install/hardware_interface:/home/jowi/dev_ws/install/ros2_control_test_assets:/home/jowi/dev_ws/install/controller_manager_msgs:/home/jowi/dev_ws/install/control_msgs:/opt/ros/humble LD_LIBRARY_PATH=/home/jowi/dev_ws/install/controller_manager/lib:/home/jowi/dev_ws/install/hardware_interface_testing/lib:/home/jowi/dev_ws/install/controller_interface/lib:/home/jowi/dev_ws/install/hardware_interface/lib:/home/jowi/dev_ws/install/controller_manager_msgs/lib:/home/jowi/dev_ws/install/control_msgs/lib:${LD_LIBRARY_PATH} PYTHONPATH=/home/jowi/dev_ws/install/controller_manager/local/lib/python3.10/dist-packages:/home/jowi/dev_ws/install/controller_manager_msgs/local/lib/python3.10/dist-packages:/home/jowi/dev_ws/install/control_msgs/local/lib/python3.10/dist-packages:${PYTHONPATH} /usr/local/bin/cmake --build /home/jowi/dev_ws/build/range_sensor_broadcaster -- -j8 -l8
[3.113s] Invoking command in '/home/jowi/dev_ws/build/range_sensor_broadcaster': AMENT_PREFIX_PATH=/home/jowi/dev_ws/install/controller_manager:/home/jowi/dev_ws/install/hardware_interface_testing:/home/jowi/dev_ws/install/controller_interface:/home/jowi/dev_ws/install/hardware_interface:/home/jowi/dev_ws/install/ros2_control_test_assets:/home/jowi/dev_ws/install/controller_manager_msgs:/home/jowi/dev_ws/install/control_msgs:${AMENT_PREFIX_PATH} CMAKE_PREFIX_PATH=/home/jowi/dev_ws/install/controller_manager:/home/jowi/dev_ws/install/hardware_interface_testing:/home/jowi/dev_ws/install/controller_interface:/home/jowi/dev_ws/install/hardware_interface:/home/jowi/dev_ws/install/ros2_control_test_assets:/home/jowi/dev_ws/install/controller_manager_msgs:/home/jowi/dev_ws/install/control_msgs:/opt/ros/humble LD_LIBRARY_PATH=/home/jowi/dev_ws/install/controller_manager/lib:/home/jowi/dev_ws/install/hardware_interface_testing/lib:/home/jowi/dev_ws/install/controller_interface/lib:/home/jowi/dev_ws/install/hardware_interface/lib:/home/jowi/dev_ws/install/controller_manager_msgs/lib:/home/jowi/dev_ws/install/control_msgs/lib:${LD_LIBRARY_PATH} PYTHONPATH=/home/jowi/dev_ws/install/controller_manager/local/lib/python3.10/dist-packages:/home/jowi/dev_ws/install/controller_manager_msgs/local/lib/python3.10/dist-packages:/home/jowi/dev_ws/install/control_msgs/local/lib/python3.10/dist-packages:${PYTHONPATH} /usr/local/bin/cmake --install /home/jowi/dev_ws/build/range_sensor_broadcaster
[3.116s] -- Install configuration: ""
[3.117s] -- Execute custom install script
[3.118s] -- Up-to-date symlink: /home/jowi/dev_ws/install/range_sensor_broadcaster/include/range_sensor_broadcaster/range_sensor_broadcaster_parameters.hpp
[3.119s] -- Up-to-date symlink: /home/jowi/dev_ws/install/range_sensor_broadcaster/share/range_sensor_broadcaster//range_sensor_broadcaster.xml
[3.119s] -- Up-to-date symlink: /home/jowi/dev_ws/install/range_sensor_broadcaster/include/range_sensor_broadcaster/range_sensor_broadcaster.hpp
[3.119s] -- Up-to-date symlink: /home/jowi/dev_ws/install/range_sensor_broadcaster/include/range_sensor_broadcaster/visibility_control.h
[3.120s] -- Up-to-date symlink: /home/jowi/dev_ws/install/range_sensor_broadcaster/share/range_sensor_broadcaster/environment/library_path.sh
[3.120s] -- Up-to-date symlink: /home/jowi/dev_ws/install/range_sensor_broadcaster/share/range_sensor_broadcaster/environment/library_path.dsv
[3.121s] -- Up-to-date symlink: /home/jowi/dev_ws/install/range_sensor_broadcaster/share/ament_index/resource_index/package_run_dependencies/range_sensor_broadcaster
[3.122s] -- Up-to-date symlink: /home/jowi/dev_ws/install/range_sensor_broadcaster/share/ament_index/resource_index/parent_prefix_path/range_sensor_broadcaster
[3.122s] -- Up-to-date symlink: /home/jowi/dev_ws/install/range_sensor_broadcaster/share/range_sensor_broadcaster/environment/ament_prefix_path.sh
[3.122s] -- Up-to-date symlink: /home/jowi/dev_ws/install/range_sensor_broadcaster/share/range_sensor_broadcaster/environment/ament_prefix_path.dsv
[3.123s] -- Up-to-date symlink: /home/jowi/dev_ws/install/range_sensor_broadcaster/share/range_sensor_broadcaster/environment/path.sh
[3.123s] -- Up-to-date symlink: /home/jowi/dev_ws/install/range_sensor_broadcaster/share/range_sensor_broadcaster/environment/path.dsv
[3.123s] -- Up-to-date symlink: /home/jowi/dev_ws/install/range_sensor_broadcaster/share/range_sensor_broadcaster/local_setup.bash
[3.124s] -- Up-to-date symlink: /home/jowi/dev_ws/install/range_sensor_broadcaster/share/range_sensor_broadcaster/local_setup.sh
[3.124s] -- Up-to-date symlink: /home/jowi/dev_ws/install/range_sensor_broadcaster/share/range_sensor_broadcaster/local_setup.zsh
[3.125s] -- Up-to-date symlink: /home/jowi/dev_ws/install/range_sensor_broadcaster/share/range_sensor_broadcaster/local_setup.dsv
[3.125s] -- Symlinking: /home/jowi/dev_ws/install/range_sensor_broadcaster/share/range_sensor_broadcaster/package.dsv
[3.134s] -- Up-to-date symlink: /home/jowi/dev_ws/install/range_sensor_broadcaster/share/ament_index/resource_index/packages/range_sensor_broadcaster
[3.135s] -- Up-to-date symlink: /home/jowi/dev_ws/install/range_sensor_broadcaster/share/ament_index/resource_index/controller_interface__pluginlib__plugin/range_sensor_broadcaster
[3.135s] -- Up-to-date symlink: /home/jowi/dev_ws/install/range_sensor_broadcaster/share/range_sensor_broadcaster/cmake/ament_cmake_export_dependencies-extras.cmake
[3.135s] -- Up-to-date symlink: /home/jowi/dev_ws/install/range_sensor_broadcaster/share/range_sensor_broadcaster/cmake/ament_cmake_export_targets-extras.cmake
[3.136s] -- Up-to-date symlink: /home/jowi/dev_ws/install/range_sensor_broadcaster/share/range_sensor_broadcaster/cmake/range_sensor_broadcasterConfig.cmake
[3.136s] -- Up-to-date symlink: /home/jowi/dev_ws/install/range_sensor_broadcaster/share/range_sensor_broadcaster/cmake/range_sensor_broadcasterConfig-version.cmake
[3.136s] -- Up-to-date symlink: /home/jowi/dev_ws/install/range_sensor_broadcaster/share/range_sensor_broadcaster/package.xml
[3.138s] -- Installing: /home/jowi/dev_ws/install/range_sensor_broadcaster/lib/librange_sensor_broadcaster.so
[3.141s] -- Set non-toolchain portion of runtime path of "/home/jowi/dev_ws/install/range_sensor_broadcaster/lib/librange_sensor_broadcaster.so" to ""
[3.142s] -- Up-to-date: /home/jowi/dev_ws/install/range_sensor_broadcaster/share/range_sensor_broadcaster/cmake/export_range_sensor_broadcasterExport.cmake
[3.142s] -- Up-to-date: /home/jowi/dev_ws/install/range_sensor_broadcaster/share/range_sensor_broadcaster/cmake/export_range_sensor_broadcasterExport-noconfig.cmake
[3.145s] Invoked command in '/home/jowi/dev_ws/build/range_sensor_broadcaster' returned '0': AMENT_PREFIX_PATH=/home/jowi/dev_ws/install/controller_manager:/home/jowi/dev_ws/install/hardware_interface_testing:/home/jowi/dev_ws/install/controller_interface:/home/jowi/dev_ws/install/hardware_interface:/home/jowi/dev_ws/install/ros2_control_test_assets:/home/jowi/dev_ws/install/controller_manager_msgs:/home/jowi/dev_ws/install/control_msgs:${AMENT_PREFIX_PATH} CMAKE_PREFIX_PATH=/home/jowi/dev_ws/install/controller_manager:/home/jowi/dev_ws/install/hardware_interface_testing:/home/jowi/dev_ws/install/controller_interface:/home/jowi/dev_ws/install/hardware_interface:/home/jowi/dev_ws/install/ros2_control_test_assets:/home/jowi/dev_ws/install/controller_manager_msgs:/home/jowi/dev_ws/install/control_msgs:/opt/ros/humble LD_LIBRARY_PATH=/home/jowi/dev_ws/install/controller_manager/lib:/home/jowi/dev_ws/install/hardware_interface_testing/lib:/home/jowi/dev_ws/install/controller_interface/lib:/home/jowi/dev_ws/install/hardware_interface/lib:/home/jowi/dev_ws/install/controller_manager_msgs/lib:/home/jowi/dev_ws/install/control_msgs/lib:${LD_LIBRARY_PATH} PYTHONPATH=/home/jowi/dev_ws/install/controller_manager/local/lib/python3.10/dist-packages:/home/jowi/dev_ws/install/controller_manager_msgs/local/lib/python3.10/dist-packages:/home/jowi/dev_ws/install/control_msgs/local/lib/python3.10/dist-packages:${PYTHONPATH} /usr/local/bin/cmake --install /home/jowi/dev_ws/build/range_sensor_broadcaster
