[0.033s] Invoking command in '/home/jowi/dev_ws/build/joint_state_broadcaster': AMENT_PREFIX_PATH=/home/jowi/dev_ws/install/controller_manager:/home/jowi/dev_ws/install/hardware_interface_testing:/home/jowi/dev_ws/install/controller_interface:/home/jowi/dev_ws/install/hardware_interface:/home/jowi/dev_ws/install/ros2_control_test_assets:/home/jowi/dev_ws/install/controller_manager_msgs:/home/jowi/dev_ws/install/control_msgs:${AMENT_PREFIX_PATH} CMAKE_PREFIX_PATH=/home/jowi/dev_ws/install/controller_manager:/home/jowi/dev_ws/install/hardware_interface_testing:/home/jowi/dev_ws/install/controller_interface:/home/jowi/dev_ws/install/hardware_interface:/home/jowi/dev_ws/install/ros2_control_test_assets:/home/jowi/dev_ws/install/controller_manager_msgs:/home/jowi/dev_ws/install/control_msgs:/opt/ros/humble LD_LIBRARY_PATH=/home/jowi/dev_ws/install/controller_manager/lib:/home/jowi/dev_ws/install/hardware_interface_testing/lib:/home/jowi/dev_ws/install/controller_interface/lib:/home/jowi/dev_ws/install/hardware_interface/lib:/home/jowi/dev_ws/install/controller_manager_msgs/lib:/home/jowi/dev_ws/install/control_msgs/lib:${LD_LIBRARY_PATH} PYTHONPATH=/home/jowi/dev_ws/install/controller_manager/local/lib/python3.10/dist-packages:/home/jowi/dev_ws/install/controller_manager_msgs/local/lib/python3.10/dist-packages:/home/jowi/dev_ws/install/control_msgs/local/lib/python3.10/dist-packages:${PYTHONPATH} /usr/local/bin/cmake --build /home/jowi/dev_ws/build/joint_state_broadcaster -- -j8 -l8
[0.092s] [ 15%] Built target joint_state_broadcaster_parameters
[0.100s] [ 30%] Built target gmock_main
[0.104s] [ 53%] Built target gmock
[0.133s] [ 61%] [32m[1mLinking CXX shared library libjoint_state_broadcaster.so[0m
[0.996s] [ 69%] Built target joint_state_broadcaster
[1.030s] [ 76%] [32m[1mLinking CXX executable test_load_joint_state_broadcaster[0m
[1.033s] [ 84%] [32m[1mLinking CXX executable test_joint_state_broadcaster[0m
[3.609s] [ 92%] Built target test_load_joint_state_broadcaster
[3.646s] [100%] Built target test_joint_state_broadcaster
[3.653s] Invoked command in '/home/jowi/dev_ws/build/joint_state_broadcaster' returned '0': AMENT_PREFIX_PATH=/home/jowi/dev_ws/install/controller_manager:/home/jowi/dev_ws/install/hardware_interface_testing:/home/jowi/dev_ws/install/controller_interface:/home/jowi/dev_ws/install/hardware_interface:/home/jowi/dev_ws/install/ros2_control_test_assets:/home/jowi/dev_ws/install/controller_manager_msgs:/home/jowi/dev_ws/install/control_msgs:${AMENT_PREFIX_PATH} CMAKE_PREFIX_PATH=/home/jowi/dev_ws/install/controller_manager:/home/jowi/dev_ws/install/hardware_interface_testing:/home/jowi/dev_ws/install/controller_interface:/home/jowi/dev_ws/install/hardware_interface:/home/jowi/dev_ws/install/ros2_control_test_assets:/home/jowi/dev_ws/install/controller_manager_msgs:/home/jowi/dev_ws/install/control_msgs:/opt/ros/humble LD_LIBRARY_PATH=/home/jowi/dev_ws/install/controller_manager/lib:/home/jowi/dev_ws/install/hardware_interface_testing/lib:/home/jowi/dev_ws/install/controller_interface/lib:/home/jowi/dev_ws/install/hardware_interface/lib:/home/jowi/dev_ws/install/controller_manager_msgs/lib:/home/jowi/dev_ws/install/control_msgs/lib:${LD_LIBRARY_PATH} PYTHONPATH=/home/jowi/dev_ws/install/controller_manager/local/lib/python3.10/dist-packages:/home/jowi/dev_ws/install/controller_manager_msgs/local/lib/python3.10/dist-packages:/home/jowi/dev_ws/install/control_msgs/local/lib/python3.10/dist-packages:${PYTHONPATH} /usr/local/bin/cmake --build /home/jowi/dev_ws/build/joint_state_broadcaster -- -j8 -l8
[3.655s] Invoking command in '/home/jowi/dev_ws/build/joint_state_broadcaster': AMENT_PREFIX_PATH=/home/jowi/dev_ws/install/controller_manager:/home/jowi/dev_ws/install/hardware_interface_testing:/home/jowi/dev_ws/install/controller_interface:/home/jowi/dev_ws/install/hardware_interface:/home/jowi/dev_ws/install/ros2_control_test_assets:/home/jowi/dev_ws/install/controller_manager_msgs:/home/jowi/dev_ws/install/control_msgs:${AMENT_PREFIX_PATH} CMAKE_PREFIX_PATH=/home/jowi/dev_ws/install/controller_manager:/home/jowi/dev_ws/install/hardware_interface_testing:/home/jowi/dev_ws/install/controller_interface:/home/jowi/dev_ws/install/hardware_interface:/home/jowi/dev_ws/install/ros2_control_test_assets:/home/jowi/dev_ws/install/controller_manager_msgs:/home/jowi/dev_ws/install/control_msgs:/opt/ros/humble LD_LIBRARY_PATH=/home/jowi/dev_ws/install/controller_manager/lib:/home/jowi/dev_ws/install/hardware_interface_testing/lib:/home/jowi/dev_ws/install/controller_interface/lib:/home/jowi/dev_ws/install/hardware_interface/lib:/home/jowi/dev_ws/install/controller_manager_msgs/lib:/home/jowi/dev_ws/install/control_msgs/lib:${LD_LIBRARY_PATH} PYTHONPATH=/home/jowi/dev_ws/install/controller_manager/local/lib/python3.10/dist-packages:/home/jowi/dev_ws/install/controller_manager_msgs/local/lib/python3.10/dist-packages:/home/jowi/dev_ws/install/control_msgs/local/lib/python3.10/dist-packages:${PYTHONPATH} /usr/local/bin/cmake --install /home/jowi/dev_ws/build/joint_state_broadcaster
[3.659s] -- Install configuration: ""
[3.660s] -- Execute custom install script
[3.660s] -- Up-to-date symlink: /home/jowi/dev_ws/install/joint_state_broadcaster/include/joint_state_broadcaster/joint_state_broadcaster_parameters.hpp
[3.661s] -- Up-to-date symlink: /home/jowi/dev_ws/install/joint_state_broadcaster/share/joint_state_broadcaster//joint_state_plugin.xml
[3.661s] -- Up-to-date symlink: /home/jowi/dev_ws/install/joint_state_broadcaster/include/joint_state_broadcaster/joint_state_broadcaster/joint_state_broadcaster.hpp
[3.662s] -- Up-to-date symlink: /home/jowi/dev_ws/install/joint_state_broadcaster/include/joint_state_broadcaster/joint_state_broadcaster/visibility_control.h
[3.662s] -- Up-to-date symlink: /home/jowi/dev_ws/install/joint_state_broadcaster/share/joint_state_broadcaster/environment/library_path.sh
[3.662s] -- Up-to-date symlink: /home/jowi/dev_ws/install/joint_state_broadcaster/share/joint_state_broadcaster/environment/library_path.dsv
[3.663s] -- Up-to-date symlink: /home/jowi/dev_ws/install/joint_state_broadcaster/share/ament_index/resource_index/package_run_dependencies/joint_state_broadcaster
[3.664s] -- Up-to-date symlink: /home/jowi/dev_ws/install/joint_state_broadcaster/share/ament_index/resource_index/parent_prefix_path/joint_state_broadcaster
[3.664s] -- Up-to-date symlink: /home/jowi/dev_ws/install/joint_state_broadcaster/share/joint_state_broadcaster/environment/ament_prefix_path.sh
[3.664s] -- Up-to-date symlink: /home/jowi/dev_ws/install/joint_state_broadcaster/share/joint_state_broadcaster/environment/ament_prefix_path.dsv
[3.665s] -- Up-to-date symlink: /home/jowi/dev_ws/install/joint_state_broadcaster/share/joint_state_broadcaster/environment/path.sh
[3.666s] -- Up-to-date symlink: /home/jowi/dev_ws/install/joint_state_broadcaster/share/joint_state_broadcaster/environment/path.dsv
[3.666s] -- Up-to-date symlink: /home/jowi/dev_ws/install/joint_state_broadcaster/share/joint_state_broadcaster/local_setup.bash
[3.666s] -- Up-to-date symlink: /home/jowi/dev_ws/install/joint_state_broadcaster/share/joint_state_broadcaster/local_setup.sh
[3.666s] -- Up-to-date symlink: /home/jowi/dev_ws/install/joint_state_broadcaster/share/joint_state_broadcaster/local_setup.zsh
[3.667s] -- Up-to-date symlink: /home/jowi/dev_ws/install/joint_state_broadcaster/share/joint_state_broadcaster/local_setup.dsv
[3.667s] -- Symlinking: /home/jowi/dev_ws/install/joint_state_broadcaster/share/joint_state_broadcaster/package.dsv
[3.672s] -- Up-to-date symlink: /home/jowi/dev_ws/install/joint_state_broadcaster/share/ament_index/resource_index/packages/joint_state_broadcaster
[3.672s] -- Up-to-date symlink: /home/jowi/dev_ws/install/joint_state_broadcaster/share/ament_index/resource_index/controller_interface__pluginlib__plugin/joint_state_broadcaster
[3.673s] -- Up-to-date symlink: /home/jowi/dev_ws/install/joint_state_broadcaster/share/joint_state_broadcaster/cmake/ament_cmake_export_dependencies-extras.cmake
[3.674s] -- Up-to-date symlink: /home/jowi/dev_ws/install/joint_state_broadcaster/share/joint_state_broadcaster/cmake/ament_cmake_export_targets-extras.cmake
[3.674s] -- Up-to-date symlink: /home/jowi/dev_ws/install/joint_state_broadcaster/share/joint_state_broadcaster/cmake/joint_state_broadcasterConfig.cmake
[3.675s] -- Up-to-date symlink: /home/jowi/dev_ws/install/joint_state_broadcaster/share/joint_state_broadcaster/cmake/joint_state_broadcasterConfig-version.cmake
[3.675s] -- Up-to-date symlink: /home/jowi/dev_ws/install/joint_state_broadcaster/share/joint_state_broadcaster/package.xml
[3.677s] -- Installing: /home/jowi/dev_ws/install/joint_state_broadcaster/lib/libjoint_state_broadcaster.so
[3.682s] -- Set non-toolchain portion of runtime path of "/home/jowi/dev_ws/install/joint_state_broadcaster/lib/libjoint_state_broadcaster.so" to ""
[3.683s] -- Up-to-date: /home/jowi/dev_ws/install/joint_state_broadcaster/share/joint_state_broadcaster/cmake/export_joint_state_broadcasterExport.cmake
[3.684s] -- Up-to-date: /home/jowi/dev_ws/install/joint_state_broadcaster/share/joint_state_broadcaster/cmake/export_joint_state_broadcasterExport-noconfig.cmake
[3.686s] Invoked command in '/home/jowi/dev_ws/build/joint_state_broadcaster' returned '0': AMENT_PREFIX_PATH=/home/jowi/dev_ws/install/controller_manager:/home/jowi/dev_ws/install/hardware_interface_testing:/home/jowi/dev_ws/install/controller_interface:/home/jowi/dev_ws/install/hardware_interface:/home/jowi/dev_ws/install/ros2_control_test_assets:/home/jowi/dev_ws/install/controller_manager_msgs:/home/jowi/dev_ws/install/control_msgs:${AMENT_PREFIX_PATH} CMAKE_PREFIX_PATH=/home/jowi/dev_ws/install/controller_manager:/home/jowi/dev_ws/install/hardware_interface_testing:/home/jowi/dev_ws/install/controller_interface:/home/jowi/dev_ws/install/hardware_interface:/home/jowi/dev_ws/install/ros2_control_test_assets:/home/jowi/dev_ws/install/controller_manager_msgs:/home/jowi/dev_ws/install/control_msgs:/opt/ros/humble LD_LIBRARY_PATH=/home/jowi/dev_ws/install/controller_manager/lib:/home/jowi/dev_ws/install/hardware_interface_testing/lib:/home/jowi/dev_ws/install/controller_interface/lib:/home/jowi/dev_ws/install/hardware_interface/lib:/home/jowi/dev_ws/install/controller_manager_msgs/lib:/home/jowi/dev_ws/install/control_msgs/lib:${LD_LIBRARY_PATH} PYTHONPATH=/home/jowi/dev_ws/install/controller_manager/local/lib/python3.10/dist-packages:/home/jowi/dev_ws/install/controller_manager_msgs/local/lib/python3.10/dist-packages:/home/jowi/dev_ws/install/control_msgs/local/lib/python3.10/dist-packages:${PYTHONPATH} /usr/local/bin/cmake --install /home/jowi/dev_ws/build/joint_state_broadcaster
