[0.015s] Invoking command in '/home/jowi/dev_ws/build/controller_interface': AMENT_PREFIX_PATH=/home/jowi/dev_ws/install/hardware_interface:/home/jowi/dev_ws/install/ros2_control_test_assets:/home/jowi/dev_ws/install/control_msgs:${AMENT_PREFIX_PATH} CMAKE_PREFIX_PATH=/home/jowi/dev_ws/install/hardware_interface:/home/jowi/dev_ws/install/ros2_control_test_assets:/home/jowi/dev_ws/install/control_msgs:/opt/ros/humble LD_LIBRARY_PATH=/home/jowi/dev_ws/install/hardware_interface/lib:/home/jowi/dev_ws/install/control_msgs/lib:${LD_LIBRARY_PATH} PYTHONPATH=/home/jowi/dev_ws/install/control_msgs/local/lib/python3.10/dist-packages:${PYTHONPATH} /usr/local/bin/cmake --build /home/jowi/dev_ws/build/controller_interface -- -j8 -l8
[0.039s] -- Found ament_cmake: 1.3.11 (/opt/ros/humble/share/ament_cmake/cmake)
[0.487s] -- Override CMake install command with custom implementation using symlinks instead of copying resources
[0.498s] -- Found hardware_interface: 2.48.0 (/opt/ros/humble/share/hardware_interface/cmake)
[0.558s] -- Found rosidl_generator_c: 3.1.6 (/opt/ros/humble/share/rosidl_generator_c/cmake)
[0.563s] -- Found rosidl_adapter: 3.1.6 (/opt/ros/humble/share/rosidl_adapter/cmake)
[0.575s] -- Found rosidl_generator_cpp: 3.1.6 (/opt/ros/humble/share/rosidl_generator_cpp/cmake)
[0.595s] -- Using all available rosidl_typesupport_c: rosidl_typesupport_fastrtps_c;rosidl_typesupport_introspection_c
[0.621s] -- Using all available rosidl_typesupport_cpp: rosidl_typesupport_fastrtps_cpp;rosidl_typesupport_introspection_cpp
[0.943s] -- Found rmw_implementation_cmake: 6.1.2 (/opt/ros/humble/share/rmw_implementation_cmake/cmake)
[0.945s] -- Found rmw_fastrtps_cpp: 6.2.7 (/opt/ros/humble/share/rmw_fastrtps_cpp/cmake)
[0.975s] -- Found TinyXML2 via Config file: TinyXML2_DIR-NOTFOUND
[0.987s] -- Found TinyXML2 via Config file: TinyXML2_DIR-NOTFOUND
[1.010s] -- Found TinyXML2 via Config file: TinyXML2_DIR-NOTFOUND
[1.020s] -- Found TinyXML2 via Config file: TinyXML2_DIR-NOTFOUND
[1.035s] -- Using RMW implementation 'rmw_fastrtps_cpp' as default
[1.154s] -- Found ament_cmake_gmock: 1.3.11 (/opt/ros/humble/share/ament_cmake_gmock/cmake)
[1.155s] -- Found gmock sources under '/opt/ros/humble/src/gmock_vendor': C++ tests using 'Google Mock' will be built
[1.159s] -- Found ament_cmake_gtest: 1.3.11 (/opt/ros/humble/share/ament_cmake_gtest/cmake)
[1.161s] -- Found gtest sources under '/opt/ros/humble/src/gtest_vendor': C++ tests using 'Google Test' will be built
[1.935s] -- Configuring done (1.9s)
[2.865s] -- Generating done (0.7s)
[2.966s] -- Build files have been written to: /home/jowi/dev_ws/build/controller_interface
[3.040s] [  4%] Built target ament_generate_version_header__controller_interface
[3.060s] [ 16%] Built target gmock
[3.065s] [ 25%] Built target gmock_main
[3.137s] [ 29%] [32mBuilding CXX object CMakeFiles/test_force_torque_sensor.dir/test/test_force_torque_sensor.cpp.o[0m
[3.139s] [ 33%] [32mBuilding CXX object CMakeFiles/test_pose_sensor.dir/test/test_pose_sensor.cpp.o[0m
[3.141s] [ 37%] [32mBuilding CXX object CMakeFiles/test_imu_sensor.dir/test/test_imu_sensor.cpp.o[0m
[3.142s] [ 45%] [32mBuilding CXX object CMakeFiles/controller_interface.dir/src/controller_interface_base.cpp.o[0m
[3.143s] [ 45%] [32mBuilding CXX object CMakeFiles/test_semantic_component_interface.dir/test/test_semantic_component_interface.cpp.o[0m
[3.145s] [ 50%] [32mBuilding CXX object CMakeFiles/controller_interface.dir/src/controller_interface.cpp.o[0m
[3.153s] [ 54%] [32mBuilding CXX object CMakeFiles/controller_interface.dir/src/chainable_controller_interface.cpp.o[0m
[9.022s] [ 58%] [32m[1mLinking CXX executable test_pose_sensor[0m
[9.238s] [ 62%] [32m[1mLinking CXX executable test_semantic_component_interface[0m
[9.248s] [ 66%] [32m[1mLinking CXX executable test_force_torque_sensor[0m
[9.506s] [ 70%] [32m[1mLinking CXX executable test_imu_sensor[0m
[10.526s] [ 70%] Built target test_pose_sensor
[10.530s] [ 70%] Built target test_force_torque_sensor
[10.555s] [ 70%] Built target test_semantic_component_interface
[10.597s] [ 70%] Built target test_imu_sensor
[11.639s] [ 75%] [32m[1mLinking CXX shared library libcontroller_interface.so[0m
[11.838s] [ 75%] Built target controller_interface
[11.867s] [ 83%] [32mBuilding CXX object CMakeFiles/test_chainable_controller_interface.dir/test/test_chainable_controller_interface.cpp.o[0m
[11.867s] [ 83%] [32mBuilding CXX object CMakeFiles/test_controller_with_options.dir/test/test_controller_with_options.cpp.o[0m
[11.870s] [ 87%] [32mBuilding CXX object CMakeFiles/test_controller_interface.dir/test/test_controller_interface.cpp.o[0m
[16.725s] [ 91%] [32m[1mLinking CXX executable test_controller_with_options[0m
[17.136s] [ 91%] Built target test_controller_with_options
[17.365s] [ 95%] [32m[1mLinking CXX executable test_controller_interface[0m
[17.726s] [ 95%] Built target test_controller_interface
[17.748s] [100%] [32m[1mLinking CXX executable test_chainable_controller_interface[0m
[18.024s] [100%] Built target test_chainable_controller_interface
[18.030s] Invoked command in '/home/jowi/dev_ws/build/controller_interface' returned '0': AMENT_PREFIX_PATH=/home/jowi/dev_ws/install/hardware_interface:/home/jowi/dev_ws/install/ros2_control_test_assets:/home/jowi/dev_ws/install/control_msgs:${AMENT_PREFIX_PATH} CMAKE_PREFIX_PATH=/home/jowi/dev_ws/install/hardware_interface:/home/jowi/dev_ws/install/ros2_control_test_assets:/home/jowi/dev_ws/install/control_msgs:/opt/ros/humble LD_LIBRARY_PATH=/home/jowi/dev_ws/install/hardware_interface/lib:/home/jowi/dev_ws/install/control_msgs/lib:${LD_LIBRARY_PATH} PYTHONPATH=/home/jowi/dev_ws/install/control_msgs/local/lib/python3.10/dist-packages:${PYTHONPATH} /usr/local/bin/cmake --build /home/jowi/dev_ws/build/controller_interface -- -j8 -l8
[18.032s] Invoking command in '/home/jowi/dev_ws/build/controller_interface': AMENT_PREFIX_PATH=/home/jowi/dev_ws/install/hardware_interface:/home/jowi/dev_ws/install/ros2_control_test_assets:/home/jowi/dev_ws/install/control_msgs:${AMENT_PREFIX_PATH} CMAKE_PREFIX_PATH=/home/jowi/dev_ws/install/hardware_interface:/home/jowi/dev_ws/install/ros2_control_test_assets:/home/jowi/dev_ws/install/control_msgs:/opt/ros/humble LD_LIBRARY_PATH=/home/jowi/dev_ws/install/hardware_interface/lib:/home/jowi/dev_ws/install/control_msgs/lib:${LD_LIBRARY_PATH} PYTHONPATH=/home/jowi/dev_ws/install/control_msgs/local/lib/python3.10/dist-packages:${PYTHONPATH} /usr/local/bin/cmake --install /home/jowi/dev_ws/build/controller_interface
[18.035s] -- Install configuration: ""
[18.036s] -- Execute custom install script
[18.037s] -- Up-to-date symlink: /home/jowi/dev_ws/install/controller_interface/include/controller_interface/chainable_controller_interface.hpp
[18.037s] -- Up-to-date symlink: /home/jowi/dev_ws/install/controller_interface/include/controller_interface/controller_interface.hpp
[18.037s] -- Up-to-date symlink: /home/jowi/dev_ws/install/controller_interface/include/controller_interface/controller_interface_base.hpp
[18.037s] -- Up-to-date symlink: /home/jowi/dev_ws/install/controller_interface/include/controller_interface/helpers.hpp
[18.038s] -- Up-to-date symlink: /home/jowi/dev_ws/install/controller_interface/include/controller_interface/visibility_control.h
[18.039s] -- Up-to-date symlink: /home/jowi/dev_ws/install/controller_interface/include/semantic_components/force_torque_sensor.hpp
[18.039s] -- Up-to-date symlink: /home/jowi/dev_ws/install/controller_interface/include/semantic_components/imu_sensor.hpp
[18.039s] -- Up-to-date symlink: /home/jowi/dev_ws/install/controller_interface/include/semantic_components/pose_sensor.hpp
[18.039s] -- Up-to-date symlink: /home/jowi/dev_ws/install/controller_interface/include/semantic_components/range_sensor.hpp
[18.040s] -- Up-to-date symlink: /home/jowi/dev_ws/install/controller_interface/include/semantic_components/semantic_component_interface.hpp
[18.040s] -- Up-to-date symlink: /home/jowi/dev_ws/install/controller_interface/lib/libcontroller_interface.so
[18.041s] -- Up-to-date symlink: /home/jowi/dev_ws/install/controller_interface/share/controller_interface/environment/library_path.sh
[18.041s] -- Up-to-date symlink: /home/jowi/dev_ws/install/controller_interface/share/controller_interface/environment/library_path.dsv
[18.041s] -- Up-to-date symlink: /home/jowi/dev_ws/install/controller_interface/share/ament_index/resource_index/package_run_dependencies/controller_interface
[18.042s] -- Up-to-date symlink: /home/jowi/dev_ws/install/controller_interface/share/ament_index/resource_index/parent_prefix_path/controller_interface
[18.042s] -- Up-to-date symlink: /home/jowi/dev_ws/install/controller_interface/share/controller_interface/environment/ament_prefix_path.sh
[18.042s] -- Up-to-date symlink: /home/jowi/dev_ws/install/controller_interface/share/controller_interface/environment/ament_prefix_path.dsv
[18.042s] -- Up-to-date symlink: /home/jowi/dev_ws/install/controller_interface/share/controller_interface/environment/path.sh
[18.042s] -- Up-to-date symlink: /home/jowi/dev_ws/install/controller_interface/share/controller_interface/environment/path.dsv
[18.043s] -- Up-to-date symlink: /home/jowi/dev_ws/install/controller_interface/share/controller_interface/local_setup.bash
[18.043s] -- Up-to-date symlink: /home/jowi/dev_ws/install/controller_interface/share/controller_interface/local_setup.sh
[18.043s] -- Up-to-date symlink: /home/jowi/dev_ws/install/controller_interface/share/controller_interface/local_setup.zsh
[18.043s] -- Up-to-date symlink: /home/jowi/dev_ws/install/controller_interface/share/controller_interface/local_setup.dsv
[18.044s] -- Symlinking: /home/jowi/dev_ws/install/controller_interface/share/controller_interface/package.dsv
[18.048s] -- Up-to-date symlink: /home/jowi/dev_ws/install/controller_interface/share/ament_index/resource_index/packages/controller_interface
[18.048s] -- Up-to-date symlink: /home/jowi/dev_ws/install/controller_interface/share/controller_interface/cmake/ament_cmake_export_dependencies-extras.cmake
[18.048s] -- Up-to-date symlink: /home/jowi/dev_ws/install/controller_interface/share/controller_interface/cmake/ament_cmake_export_include_directories-extras.cmake
[18.049s] -- Up-to-date symlink: /home/jowi/dev_ws/install/controller_interface/share/controller_interface/cmake/ament_cmake_export_libraries-extras.cmake
[18.049s] -- Up-to-date symlink: /home/jowi/dev_ws/install/controller_interface/share/controller_interface/cmake/controller_interfaceConfig.cmake
[18.049s] -- Up-to-date symlink: /home/jowi/dev_ws/install/controller_interface/share/controller_interface/cmake/controller_interfaceConfig-version.cmake
[18.049s] -- Up-to-date symlink: /home/jowi/dev_ws/install/controller_interface/share/controller_interface/package.xml
[18.049s] -- Up-to-date symlink: /home/jowi/dev_ws/install/controller_interface/include/controller_interface/controller_interface/version.h
[18.052s] Invoked command in '/home/jowi/dev_ws/build/controller_interface' returned '0': AMENT_PREFIX_PATH=/home/jowi/dev_ws/install/hardware_interface:/home/jowi/dev_ws/install/ros2_control_test_assets:/home/jowi/dev_ws/install/control_msgs:${AMENT_PREFIX_PATH} CMAKE_PREFIX_PATH=/home/jowi/dev_ws/install/hardware_interface:/home/jowi/dev_ws/install/ros2_control_test_assets:/home/jowi/dev_ws/install/control_msgs:/opt/ros/humble LD_LIBRARY_PATH=/home/jowi/dev_ws/install/hardware_interface/lib:/home/jowi/dev_ws/install/control_msgs/lib:${LD_LIBRARY_PATH} PYTHONPATH=/home/jowi/dev_ws/install/control_msgs/local/lib/python3.10/dist-packages:${PYTHONPATH} /usr/local/bin/cmake --install /home/jowi/dev_ws/build/controller_interface
