[0.014s] Invoking command in '/home/jowi/dev_ws/build/hardware_interface': AMENT_PREFIX_PATH=/home/jowi/dev_ws/install/ros2_control_test_assets:/home/jowi/dev_ws/install/control_msgs:${AMENT_PREFIX_PATH} CMAKE_PREFIX_PATH=/home/jowi/dev_ws/install/ros2_control_test_assets:/home/jowi/dev_ws/install/control_msgs:/opt/ros/humble LD_LIBRARY_PATH=/home/jowi/dev_ws/install/control_msgs/lib:${LD_LIBRARY_PATH} PYTHONPATH=/home/jowi/dev_ws/install/control_msgs/local/lib/python3.10/dist-packages:${PYTHONPATH} /usr/local/bin/cmake --build /home/jowi/dev_ws/build/hardware_interface -- -j8 -l8
[0.043s] -- Found ament_cmake: 1.3.11 (/opt/ros/humble/share/ament_cmake/cmake)
[0.304s] -- Override CMake install command with custom implementation using symlinks instead of copying resources
[0.325s] -- Found control_msgs: 4.7.0 (/home/jowi/dev_ws/install/control_msgs/share/control_msgs/cmake)
[0.372s] -- Found rosidl_generator_c: 3.1.6 (/opt/ros/humble/share/rosidl_generator_c/cmake)
[0.377s] -- Found rosidl_adapter: 3.1.6 (/opt/ros/humble/share/rosidl_adapter/cmake)
[0.388s] -- Found rosidl_generator_cpp: 3.1.6 (/opt/ros/humble/share/rosidl_generator_cpp/cmake)
[0.406s] -- Using all available rosidl_typesupport_c: rosidl_typesupport_fastrtps_c;rosidl_typesupport_introspection_c
[0.427s] -- Using all available rosidl_typesupport_cpp: rosidl_typesupport_fastrtps_cpp;rosidl_typesupport_introspection_cpp
[0.634s] -- Found lifecycle_msgs: 1.2.1 (/opt/ros/humble/share/lifecycle_msgs/cmake)
[0.651s] -- Found pluginlib: 5.1.0 (/opt/ros/humble/share/pluginlib/cmake)
[0.678s] -- Found rclcpp_lifecycle: 16.0.11 (/opt/ros/humble/share/rclcpp_lifecycle/cmake)
[0.731s] -- Found rmw_implementation_cmake: 6.1.2 (/opt/ros/humble/share/rmw_implementation_cmake/cmake)
[0.735s] -- Found rmw_fastrtps_cpp: 6.2.7 (/opt/ros/humble/share/rmw_fastrtps_cpp/cmake)
[0.772s] -- Found TinyXML2 via Config file: TinyXML2_DIR-NOTFOUND
[0.784s] -- Found TinyXML2 via Config file: TinyXML2_DIR-NOTFOUND
[0.805s] -- Found TinyXML2 via Config file: TinyXML2_DIR-NOTFOUND
[0.814s] -- Found TinyXML2 via Config file: TinyXML2_DIR-NOTFOUND
[0.827s] -- Using RMW implementation 'rmw_fastrtps_cpp' as default
[0.909s] -- Found TinyXML2 via Config file: TinyXML2_DIR-NOTFOUND
[0.915s] -- Found ament_cmake_gmock: 1.3.11 (/opt/ros/humble/share/ament_cmake_gmock/cmake)
[0.916s] -- Found ros2_control_test_assets: 2.48.0 (/home/jowi/dev_ws/install/ros2_control_test_assets/share/ros2_control_test_assets/cmake)
[0.918s] -- Found gmock sources under '/opt/ros/humble/src/gmock_vendor': C++ tests using 'Google Mock' will be built
[0.922s] -- Found ament_cmake_gtest: 1.3.11 (/opt/ros/humble/share/ament_cmake_gtest/cmake)
[0.924s] -- Found gtest sources under '/opt/ros/humble/src/gtest_vendor': C++ tests using 'Google Test' will be built
[1.019s] -- Configuring done (1.0s)
[1.116s] -- Generating done (0.1s)
[1.141s] -- Build files have been written to: /home/jowi/dev_ws/build/hardware_interface
[1.167s] [  2%] Built target ament_generate_version_header__hardware_interface
[1.173s] [  8%] Built target gmock_main
[1.178s] [ 17%] Built target gmock
[1.194s] [ 20%] [32mBuilding CXX object CMakeFiles/hardware_interface.dir/src/actuator.cpp.o[0m
[1.194s] [ 22%] [32mBuilding CXX object CMakeFiles/hardware_interface.dir/src/component_parser.cpp.o[0m
[1.195s] [ 28%] Built target test_macros
[1.195s] [ 31%] [32mBuilding CXX object CMakeFiles/hardware_interface.dir/src/sensor.cpp.o[0m
[1.195s] [ 34%] [32mBuilding CXX object CMakeFiles/hardware_interface.dir/src/resource_manager.cpp.o[0m
[1.195s] [ 37%] [32mBuilding CXX object CMakeFiles/hardware_interface.dir/src/system.cpp.o[0m
[1.198s] [ 40%] [32mBuilding CXX object CMakeFiles/hardware_interface.dir/src/lexical_casts.cpp.o[0m
[7.142s] [ 42%] [32m[1mLinking CXX shared library libhardware_interface.so[0m
[7.498s] [ 42%] Built target hardware_interface
[7.525s] [ 45%] [32m[1mLinking CXX executable test_joint_handle[0m
[7.526s] [ 51%] [32m[1mLinking CXX shared library libfake_components.so[0m
[7.527s] [ 51%] [32m[1mLinking CXX shared library libmock_components.so[0m
[7.527s] [ 54%] [32m[1mLinking CXX executable test_inst_hardwares[0m
[7.528s] [ 57%] [32m[1mLinking CXX executable test_component_interfaces[0m
[7.530s] [ 60%] [32m[1mLinking CXX executable test_component_parser[0m
[7.537s] [ 62%] [32m[1mLinking CXX shared library libtest_hardware_components.so[0m
[7.538s] [ 65%] [32m[1mLinking CXX executable test_generic_system[0m
[8.545s] [ 77%] Built target test_hardware_components
[8.674s] [ 80%] Built target mock_components
[8.801s] [ 85%] Built target fake_components
[8.834s] [ 88%] Built target test_joint_handle
[8.866s] [ 91%] Built target test_inst_hardwares
[9.053s] [ 94%] Built target test_component_interfaces
[9.089s] [ 97%] Built target test_generic_system
[9.145s] [100%] Built target test_component_parser
[9.153s] Invoked command in '/home/jowi/dev_ws/build/hardware_interface' returned '0': AMENT_PREFIX_PATH=/home/jowi/dev_ws/install/ros2_control_test_assets:/home/jowi/dev_ws/install/control_msgs:${AMENT_PREFIX_PATH} CMAKE_PREFIX_PATH=/home/jowi/dev_ws/install/ros2_control_test_assets:/home/jowi/dev_ws/install/control_msgs:/opt/ros/humble LD_LIBRARY_PATH=/home/jowi/dev_ws/install/control_msgs/lib:${LD_LIBRARY_PATH} PYTHONPATH=/home/jowi/dev_ws/install/control_msgs/local/lib/python3.10/dist-packages:${PYTHONPATH} /usr/local/bin/cmake --build /home/jowi/dev_ws/build/hardware_interface -- -j8 -l8
[9.155s] Invoking command in '/home/jowi/dev_ws/build/hardware_interface': AMENT_PREFIX_PATH=/home/jowi/dev_ws/install/ros2_control_test_assets:/home/jowi/dev_ws/install/control_msgs:${AMENT_PREFIX_PATH} CMAKE_PREFIX_PATH=/home/jowi/dev_ws/install/ros2_control_test_assets:/home/jowi/dev_ws/install/control_msgs:/opt/ros/humble LD_LIBRARY_PATH=/home/jowi/dev_ws/install/control_msgs/lib:${LD_LIBRARY_PATH} PYTHONPATH=/home/jowi/dev_ws/install/control_msgs/local/lib/python3.10/dist-packages:${PYTHONPATH} /usr/local/bin/cmake --install /home/jowi/dev_ws/build/hardware_interface
[9.158s] -- Install configuration: ""
[9.160s] -- Execute custom install script
[9.160s] -- Up-to-date symlink: /home/jowi/dev_ws/install/hardware_interface/share/hardware_interface//mock_components_plugin_description.xml
[9.161s] -- Up-to-date symlink: /home/jowi/dev_ws/install/hardware_interface/share/hardware_interface//fake_components_plugin_description.xml
[9.162s] -- Up-to-date symlink: /home/jowi/dev_ws/install/hardware_interface/include/fake_components/generic_system.hpp
[9.162s] -- Up-to-date symlink: /home/jowi/dev_ws/install/hardware_interface/include/fake_components/visibility_control.h
[9.162s] -- Up-to-date symlink: /home/jowi/dev_ws/install/hardware_interface/include/hardware_interface/actuator.hpp
[9.162s] -- Up-to-date symlink: /home/jowi/dev_ws/install/hardware_interface/include/hardware_interface/actuator_interface.hpp
[9.163s] -- Up-to-date symlink: /home/jowi/dev_ws/install/hardware_interface/include/hardware_interface/component_parser.hpp
[9.163s] -- Up-to-date symlink: /home/jowi/dev_ws/install/hardware_interface/include/hardware_interface/controller_info.hpp
[9.163s] -- Up-to-date symlink: /home/jowi/dev_ws/install/hardware_interface/include/hardware_interface/handle.hpp
[9.164s] -- Up-to-date symlink: /home/jowi/dev_ws/install/hardware_interface/include/hardware_interface/hardware_component_info.hpp
[9.164s] -- Up-to-date symlink: /home/jowi/dev_ws/install/hardware_interface/include/hardware_interface/hardware_info.hpp
[9.164s] -- Up-to-date symlink: /home/jowi/dev_ws/install/hardware_interface/include/hardware_interface/lexical_casts.hpp
[9.164s] -- Up-to-date symlink: /home/jowi/dev_ws/install/hardware_interface/include/hardware_interface/loaned_command_interface.hpp
[9.165s] -- Up-to-date symlink: /home/jowi/dev_ws/install/hardware_interface/include/hardware_interface/loaned_state_interface.hpp
[9.165s] -- Up-to-date symlink: /home/jowi/dev_ws/install/hardware_interface/include/hardware_interface/macros.hpp
[9.165s] -- Up-to-date symlink: /home/jowi/dev_ws/install/hardware_interface/include/hardware_interface/resource_manager.hpp
[9.166s] -- Up-to-date symlink: /home/jowi/dev_ws/install/hardware_interface/include/hardware_interface/sensor.hpp
[9.166s] -- Up-to-date symlink: /home/jowi/dev_ws/install/hardware_interface/include/hardware_interface/sensor_interface.hpp
[9.166s] -- Up-to-date symlink: /home/jowi/dev_ws/install/hardware_interface/include/hardware_interface/system.hpp
[9.166s] -- Up-to-date symlink: /home/jowi/dev_ws/install/hardware_interface/include/hardware_interface/system_interface.hpp
[9.167s] -- Up-to-date symlink: /home/jowi/dev_ws/install/hardware_interface/include/hardware_interface/types/hardware_interface_return_values.hpp
[9.167s] -- Up-to-date symlink: /home/jowi/dev_ws/install/hardware_interface/include/hardware_interface/types/hardware_interface_type_values.hpp
[9.167s] -- Up-to-date symlink: /home/jowi/dev_ws/install/hardware_interface/include/hardware_interface/types/lifecycle_state_names.hpp
[9.168s] -- Up-to-date symlink: /home/jowi/dev_ws/install/hardware_interface/include/hardware_interface/visibility_control.h
[9.168s] -- Up-to-date symlink: /home/jowi/dev_ws/install/hardware_interface/include/mock_components/generic_system.hpp
[9.168s] -- Up-to-date symlink: /home/jowi/dev_ws/install/hardware_interface/include/mock_components/visibility_control.h
[9.169s] -- Up-to-date symlink: /home/jowi/dev_ws/install/hardware_interface/lib/libfake_components.so
[9.169s] -- Up-to-date symlink: /home/jowi/dev_ws/install/hardware_interface/lib/libmock_components.so
[9.169s] -- Up-to-date symlink: /home/jowi/dev_ws/install/hardware_interface/lib/libhardware_interface.so
[9.170s] -- Up-to-date symlink: /home/jowi/dev_ws/install/hardware_interface/lib/libtest_hardware_components.so
[9.170s] -- Up-to-date symlink: /home/jowi/dev_ws/install/hardware_interface/share/hardware_interface/test/test_hardware_components/test_hardware_components.xml
[9.171s] -- Up-to-date symlink: /home/jowi/dev_ws/install/hardware_interface/share/hardware_interface/environment/library_path.sh
[9.171s] -- Up-to-date symlink: /home/jowi/dev_ws/install/hardware_interface/share/hardware_interface/environment/library_path.dsv
[9.172s] -- Up-to-date symlink: /home/jowi/dev_ws/install/hardware_interface/share/ament_index/resource_index/package_run_dependencies/hardware_interface
[9.172s] -- Up-to-date symlink: /home/jowi/dev_ws/install/hardware_interface/share/ament_index/resource_index/parent_prefix_path/hardware_interface
[9.173s] -- Up-to-date symlink: /home/jowi/dev_ws/install/hardware_interface/share/hardware_interface/environment/ament_prefix_path.sh
[9.173s] -- Up-to-date symlink: /home/jowi/dev_ws/install/hardware_interface/share/hardware_interface/environment/ament_prefix_path.dsv
[9.174s] -- Up-to-date symlink: /home/jowi/dev_ws/install/hardware_interface/share/hardware_interface/environment/path.sh
[9.174s] -- Up-to-date symlink: /home/jowi/dev_ws/install/hardware_interface/share/hardware_interface/environment/path.dsv
[9.174s] -- Up-to-date symlink: /home/jowi/dev_ws/install/hardware_interface/share/hardware_interface/local_setup.bash
[9.175s] -- Up-to-date symlink: /home/jowi/dev_ws/install/hardware_interface/share/hardware_interface/local_setup.sh
[9.175s] -- Up-to-date symlink: /home/jowi/dev_ws/install/hardware_interface/share/hardware_interface/local_setup.zsh
[9.175s] -- Up-to-date symlink: /home/jowi/dev_ws/install/hardware_interface/share/hardware_interface/local_setup.dsv
[9.175s] -- Symlinking: /home/jowi/dev_ws/install/hardware_interface/share/hardware_interface/package.dsv
[9.181s] -- Up-to-date symlink: /home/jowi/dev_ws/install/hardware_interface/share/ament_index/resource_index/packages/hardware_interface
[9.181s] -- Up-to-date symlink: /home/jowi/dev_ws/install/hardware_interface/share/ament_index/resource_index/hardware_interface__pluginlib__plugin/hardware_interface
[9.182s] -- Up-to-date symlink: /home/jowi/dev_ws/install/hardware_interface/share/hardware_interface/cmake/ament_cmake_export_include_directories-extras.cmake
[9.182s] -- Up-to-date symlink: /home/jowi/dev_ws/install/hardware_interface/share/hardware_interface/cmake/ament_cmake_export_libraries-extras.cmake
[9.182s] -- Up-to-date symlink: /home/jowi/dev_ws/install/hardware_interface/share/hardware_interface/cmake/ament_cmake_export_dependencies-extras.cmake
[9.183s] -- Up-to-date symlink: /home/jowi/dev_ws/install/hardware_interface/share/hardware_interface/cmake/hardware_interfaceConfig.cmake
[9.183s] -- Up-to-date symlink: /home/jowi/dev_ws/install/hardware_interface/share/hardware_interface/cmake/hardware_interfaceConfig-version.cmake
[9.183s] -- Up-to-date symlink: /home/jowi/dev_ws/install/hardware_interface/share/hardware_interface/package.xml
[9.184s] -- Up-to-date symlink: /home/jowi/dev_ws/install/hardware_interface/include/hardware_interface/hardware_interface/version.h
[9.186s] Invoked command in '/home/jowi/dev_ws/build/hardware_interface' returned '0': AMENT_PREFIX_PATH=/home/jowi/dev_ws/install/ros2_control_test_assets:/home/jowi/dev_ws/install/control_msgs:${AMENT_PREFIX_PATH} CMAKE_PREFIX_PATH=/home/jowi/dev_ws/install/ros2_control_test_assets:/home/jowi/dev_ws/install/control_msgs:/opt/ros/humble LD_LIBRARY_PATH=/home/jowi/dev_ws/install/control_msgs/lib:${LD_LIBRARY_PATH} PYTHONPATH=/home/jowi/dev_ws/install/control_msgs/local/lib/python3.10/dist-packages:${PYTHONPATH} /usr/local/bin/cmake --install /home/jowi/dev_ws/build/hardware_interface
