[0.007s] Invoking command in '/home/jowi/dev_ws/build/joint_limits': CMAKE_PREFIX_PATH=/opt/ros/humble /usr/local/bin/cmake --build /home/jowi/dev_ws/build/joint_limits -- -j8 -l8
[0.034s] [ 14%] Built target ament_generate_version_header__joint_limits
[0.038s] [ 42%] Built target gtest_main
[0.042s] [ 71%] Built target gtest
[0.063s] [100%] Built target joint_limits_rosparam_test
[0.068s] Invoked command in '/home/jowi/dev_ws/build/joint_limits' returned '0': CMAKE_PREFIX_PATH=/opt/ros/humble /usr/local/bin/cmake --build /home/jowi/dev_ws/build/joint_limits -- -j8 -l8
[0.070s] Invoking command in '/home/jowi/dev_ws/build/joint_limits': CMAKE_PREFIX_PATH=/opt/ros/humble /usr/local/bin/cmake --install /home/jowi/dev_ws/build/joint_limits
[0.073s] -- Install configuration: ""
[0.073s] -- Execute custom install script
[0.074s] -- Up-to-date symlink: /home/jowi/dev_ws/install/joint_limits/include/joint_limits/joint_limits.hpp
[0.074s] -- Up-to-date symlink: /home/jowi/dev_ws/install/joint_limits/include/joint_limits/joint_limits_rosparam.hpp
[0.074s] -- Up-to-date symlink: /home/jowi/dev_ws/install/joint_limits/lib/joint_limits/joint_limits_rosparam_test
[0.074s] -- Up-to-date symlink: /home/jowi/dev_ws/install/joint_limits/share/joint_limits/test/joint_limits_rosparam.yaml
[0.075s] -- Up-to-date symlink: /home/jowi/dev_ws/install/joint_limits/include/joint_limits/joint_limits/joint_limits.hpp
[0.075s] -- Up-to-date symlink: /home/jowi/dev_ws/install/joint_limits/include/joint_limits/joint_limits/joint_limits_rosparam.hpp
[0.075s] -- Up-to-date symlink: /home/jowi/dev_ws/install/joint_limits/share/joint_limits/environment/library_path.sh
[0.075s] -- Up-to-date symlink: /home/jowi/dev_ws/install/joint_limits/share/joint_limits/environment/library_path.dsv
[0.076s] -- Up-to-date symlink: /home/jowi/dev_ws/install/joint_limits/share/ament_index/resource_index/package_run_dependencies/joint_limits
[0.076s] -- Up-to-date symlink: /home/jowi/dev_ws/install/joint_limits/share/ament_index/resource_index/parent_prefix_path/joint_limits
[0.076s] -- Up-to-date symlink: /home/jowi/dev_ws/install/joint_limits/share/joint_limits/environment/ament_prefix_path.sh
[0.076s] -- Up-to-date symlink: /home/jowi/dev_ws/install/joint_limits/share/joint_limits/environment/ament_prefix_path.dsv
[0.076s] -- Up-to-date symlink: /home/jowi/dev_ws/install/joint_limits/share/joint_limits/environment/path.sh
[0.077s] -- Up-to-date symlink: /home/jowi/dev_ws/install/joint_limits/share/joint_limits/environment/path.dsv
[0.077s] -- Up-to-date symlink: /home/jowi/dev_ws/install/joint_limits/share/joint_limits/local_setup.bash
[0.077s] -- Up-to-date symlink: /home/jowi/dev_ws/install/joint_limits/share/joint_limits/local_setup.sh
[0.077s] -- Up-to-date symlink: /home/jowi/dev_ws/install/joint_limits/share/joint_limits/local_setup.zsh
[0.078s] -- Up-to-date symlink: /home/jowi/dev_ws/install/joint_limits/share/joint_limits/local_setup.dsv
[0.078s] -- Symlinking: /home/jowi/dev_ws/install/joint_limits/share/joint_limits/package.dsv
[0.082s] -- Up-to-date symlink: /home/jowi/dev_ws/install/joint_limits/share/ament_index/resource_index/packages/joint_limits
[0.082s] -- Up-to-date symlink: /home/jowi/dev_ws/install/joint_limits/share/joint_limits/cmake/ament_cmake_export_targets-extras.cmake
[0.082s] -- Up-to-date symlink: /home/jowi/dev_ws/install/joint_limits/share/joint_limits/cmake/ament_cmake_export_dependencies-extras.cmake
[0.082s] -- Up-to-date symlink: /home/jowi/dev_ws/install/joint_limits/share/joint_limits/cmake/ament_cmake_export_include_directories-extras.cmake
[0.082s] -- Up-to-date symlink: /home/jowi/dev_ws/install/joint_limits/share/joint_limits/cmake/joint_limitsConfig.cmake
[0.083s] -- Up-to-date symlink: /home/jowi/dev_ws/install/joint_limits/share/joint_limits/cmake/joint_limitsConfig-version.cmake
[0.083s] -- Up-to-date symlink: /home/jowi/dev_ws/install/joint_limits/share/joint_limits/package.xml
[0.083s] -- Up-to-date symlink: /home/jowi/dev_ws/install/joint_limits/include/joint_limits/joint_limits/version.h
[0.084s] -- Up-to-date: /home/jowi/dev_ws/install/joint_limits/share/joint_limits/cmake/export_joint_limitsExport.cmake
[0.087s] Invoked command in '/home/jowi/dev_ws/build/joint_limits' returned '0': CMAKE_PREFIX_PATH=/opt/ros/humble /usr/local/bin/cmake --install /home/jowi/dev_ws/build/joint_limits
