[0.019s] Invoking command in '/home/jowi/dev_ws/build/joint_limits': CMAKE_PREFIX_PATH=${CMAKE_PREFIX_PATH}:/opt/ros/humble /usr/local/bin/cmake --build /home/jowi/dev_ws/build/joint_limits -- -j8 -l8
[0.055s] [  3%] Built target ament_generate_version_header__joint_limits
[0.063s] [ 10%] Built target joint_limiter_interface
[0.063s] [ 17%] Built target joint_limits_helpers
[0.066s] [ 25%] Built target gtest_main
[0.070s] [ 35%] Built target gmock
[0.071s] [ 42%] Built target gmock_main
[0.076s] [ 50%] Built target gtest
[0.117s] [ 57%] Built target test_joint_soft_limiter
[0.117s] [ 67%] Built target test_joint_range_limiter
[0.119s] [ 78%] Built target joint_saturation_limiter
[0.125s] [ 85%] Built target joint_limits_urdf_test
[0.128s] [ 92%] Built target joint_limits_rosparam_test
[0.133s] [100%] Built target test_joint_saturation_limiter
[0.144s] Invoked command in '/home/jowi/dev_ws/build/joint_limits' returned '0': CMAKE_PREFIX_PATH=${CMAKE_PREFIX_PATH}:/opt/ros/humble /usr/local/bin/cmake --build /home/jowi/dev_ws/build/joint_limits -- -j8 -l8
[0.146s] Invoking command in '/home/jowi/dev_ws/build/joint_limits': CMAKE_PREFIX_PATH=${CMAKE_PREFIX_PATH}:/opt/ros/humble /usr/local/bin/cmake --install /home/jowi/dev_ws/build/joint_limits
[0.150s] -- Install configuration: ""
[0.150s] -- Execute custom install script
[0.151s] -- Up-to-date symlink: /home/jowi/dev_ws/install/joint_limits/share/joint_limits//joint_limiters.xml
[0.151s] -- Up-to-date symlink: /home/jowi/dev_ws/install/joint_limits/lib/joint_limits/joint_limits_rosparam_test
[0.151s] -- Up-to-date symlink: /home/jowi/dev_ws/install/joint_limits/share/joint_limits/test/joint_limits_rosparam.yaml
[0.151s] -- Up-to-date symlink: /home/jowi/dev_ws/install/joint_limits/share/joint_limits/test/joint_saturation_limiter_param.yaml
[0.152s] -- Up-to-date symlink: /home/jowi/dev_ws/install/joint_limits/include/joint_limits/joint_limits/data_structures.hpp
[0.152s] -- Up-to-date symlink: /home/jowi/dev_ws/install/joint_limits/include/joint_limits/joint_limits/joint_limiter_interface.hpp
[0.152s] -- Up-to-date symlink: /home/jowi/dev_ws/install/joint_limits/include/joint_limits/joint_limits/joint_limits.hpp
[0.152s] -- Up-to-date symlink: /home/jowi/dev_ws/install/joint_limits/include/joint_limits/joint_limits/joint_limits_helpers.hpp
[0.153s] -- Up-to-date symlink: /home/jowi/dev_ws/install/joint_limits/include/joint_limits/joint_limits/joint_limits_rosparam.hpp
[0.153s] -- Up-to-date symlink: /home/jowi/dev_ws/install/joint_limits/include/joint_limits/joint_limits/joint_limits_urdf.hpp
[0.153s] -- Up-to-date symlink: /home/jowi/dev_ws/install/joint_limits/include/joint_limits/joint_limits/joint_saturation_limiter.hpp
[0.153s] -- Up-to-date symlink: /home/jowi/dev_ws/install/joint_limits/include/joint_limits/joint_limits/joint_soft_limiter.hpp
[0.153s] -- Up-to-date symlink: /home/jowi/dev_ws/install/joint_limits/share/joint_limits/environment/library_path.sh
[0.153s] -- Up-to-date symlink: /home/jowi/dev_ws/install/joint_limits/share/joint_limits/environment/library_path.dsv
[0.154s] -- Up-to-date symlink: /home/jowi/dev_ws/install/joint_limits/share/ament_index/resource_index/package_run_dependencies/joint_limits
[0.154s] -- Up-to-date symlink: /home/jowi/dev_ws/install/joint_limits/share/ament_index/resource_index/parent_prefix_path/joint_limits
[0.154s] -- Up-to-date symlink: /home/jowi/dev_ws/install/joint_limits/share/joint_limits/environment/ament_prefix_path.sh
[0.154s] -- Up-to-date symlink: /home/jowi/dev_ws/install/joint_limits/share/joint_limits/environment/ament_prefix_path.dsv
[0.155s] -- Up-to-date symlink: /home/jowi/dev_ws/install/joint_limits/share/joint_limits/environment/path.sh
[0.155s] -- Up-to-date symlink: /home/jowi/dev_ws/install/joint_limits/share/joint_limits/environment/path.dsv
[0.155s] -- Up-to-date symlink: /home/jowi/dev_ws/install/joint_limits/share/joint_limits/local_setup.bash
[0.155s] -- Up-to-date symlink: /home/jowi/dev_ws/install/joint_limits/share/joint_limits/local_setup.sh
[0.156s] -- Up-to-date symlink: /home/jowi/dev_ws/install/joint_limits/share/joint_limits/local_setup.zsh
[0.156s] -- Up-to-date symlink: /home/jowi/dev_ws/install/joint_limits/share/joint_limits/local_setup.dsv
[0.156s] -- Symlinking: /home/jowi/dev_ws/install/joint_limits/share/joint_limits/package.dsv
[0.161s] -- Up-to-date symlink: /home/jowi/dev_ws/install/joint_limits/share/ament_index/resource_index/packages/joint_limits
[0.161s] -- Up-to-date symlink: /home/jowi/dev_ws/install/joint_limits/share/ament_index/resource_index/joint_limits__pluginlib__plugin/joint_limits
[0.161s] -- Up-to-date symlink: /home/jowi/dev_ws/install/joint_limits/share/joint_limits/cmake/ament_cmake_export_targets-extras.cmake
[0.162s] -- Up-to-date symlink: /home/jowi/dev_ws/install/joint_limits/share/joint_limits/cmake/ament_cmake_export_dependencies-extras.cmake
[0.162s] -- Up-to-date symlink: /home/jowi/dev_ws/install/joint_limits/share/joint_limits/cmake/joint_limitsConfig.cmake
[0.162s] -- Up-to-date symlink: /home/jowi/dev_ws/install/joint_limits/share/joint_limits/cmake/joint_limitsConfig-version.cmake
[0.162s] -- Up-to-date symlink: /home/jowi/dev_ws/install/joint_limits/share/joint_limits/package.xml
[0.162s] -- Up-to-date symlink: /home/jowi/dev_ws/install/joint_limits/include/joint_limits/joint_limits/version.h
[0.163s] -- Up-to-date: /home/jowi/dev_ws/install/joint_limits/lib/libjoint_limiter_interface.so
[0.163s] -- Up-to-date: /home/jowi/dev_ws/install/joint_limits/lib/libjoint_saturation_limiter.so
[0.163s] -- Up-to-date: /home/jowi/dev_ws/install/joint_limits/lib/libjoint_limits_helpers.so
[0.164s] -- Up-to-date: /home/jowi/dev_ws/install/joint_limits/share/joint_limits/cmake/export_joint_limitsExport.cmake
[0.164s] -- Up-to-date: /home/jowi/dev_ws/install/joint_limits/share/joint_limits/cmake/export_joint_limitsExport-noconfig.cmake
[0.166s] Invoked command in '/home/jowi/dev_ws/build/joint_limits' returned '0': CMAKE_PREFIX_PATH=${CMAKE_PREFIX_PATH}:/opt/ros/humble /usr/local/bin/cmake --install /home/jowi/dev_ws/build/joint_limits
