[0.032s] Invoking command in '/home/jowi/dev_ws/build/columbus': CMAKE_PREFIX_PATH=${CMAKE_PREFIX_PATH}:/opt/ros/humble /usr/local/bin/cmake --build /home/jowi/dev_ws/build/columbus -- -j8 -l8
[0.084s] Invoked command in '/home/jowi/dev_ws/build/columbus' returned '0': CMAKE_PREFIX_PATH=${CMAKE_PREFIX_PATH}:/opt/ros/humble /usr/local/bin/cmake --build /home/jowi/dev_ws/build/columbus -- -j8 -l8
[0.090s] Invoking command in '/home/jowi/dev_ws/build/columbus': CMAKE_PREFIX_PATH=${CMAKE_PREFIX_PATH}:/opt/ros/humble /usr/local/bin/cmake --install /home/jowi/dev_ws/build/columbus
[0.104s] -- Install configuration: ""
[0.108s] -- Execute custom install script
[0.112s] -- Up-to-date symlink: /home/jowi/dev_ws/install/columbus/share/columbus/config/empty.yaml
[0.113s] -- Up-to-date symlink: /home/jowi/dev_ws/install/columbus/share/columbus/description/robot.urdf.xacro
[0.113s] -- Up-to-date symlink: /home/jowi/dev_ws/install/columbus/share/columbus/description/robot_core.xacro
[0.114s] -- Up-to-date symlink: /home/jowi/dev_ws/install/columbus/share/columbus/launch/rsp.launch.py
[0.115s] -- Up-to-date symlink: /home/jowi/dev_ws/install/columbus/share/columbus/worlds/empty.world
[0.115s] -- Up-to-date symlink: /home/jowi/dev_ws/install/columbus/share/ament_index/resource_index/package_run_dependencies/columbus
[0.116s] -- Up-to-date symlink: /home/jowi/dev_ws/install/columbus/share/ament_index/resource_index/parent_prefix_path/columbus
[0.116s] -- Up-to-date symlink: /home/jowi/dev_ws/install/columbus/share/columbus/environment/ament_prefix_path.sh
[0.117s] -- Up-to-date symlink: /home/jowi/dev_ws/install/columbus/share/columbus/environment/ament_prefix_path.dsv
[0.117s] -- Up-to-date symlink: /home/jowi/dev_ws/install/columbus/share/columbus/environment/path.sh
[0.118s] -- Up-to-date symlink: /home/jowi/dev_ws/install/columbus/share/columbus/environment/path.dsv
[0.118s] -- Up-to-date symlink: /home/jowi/dev_ws/install/columbus/share/columbus/local_setup.bash
[0.118s] -- Up-to-date symlink: /home/jowi/dev_ws/install/columbus/share/columbus/local_setup.sh
[0.119s] -- Up-to-date symlink: /home/jowi/dev_ws/install/columbus/share/columbus/local_setup.zsh
[0.119s] -- Up-to-date symlink: /home/jowi/dev_ws/install/columbus/share/columbus/local_setup.dsv
[0.120s] -- Symlinking: /home/jowi/dev_ws/install/columbus/share/columbus/package.dsv
[0.126s] -- Up-to-date symlink: /home/jowi/dev_ws/install/columbus/share/ament_index/resource_index/packages/columbus
[0.127s] -- Up-to-date symlink: /home/jowi/dev_ws/install/columbus/share/columbus/cmake/columbusConfig.cmake
[0.127s] -- Up-to-date symlink: /home/jowi/dev_ws/install/columbus/share/columbus/cmake/columbusConfig-version.cmake
[0.127s] -- Up-to-date symlink: /home/jowi/dev_ws/install/columbus/share/columbus/package.xml
[0.130s] Invoked command in '/home/jowi/dev_ws/build/columbus' returned '0': CMAKE_PREFIX_PATH=${CMAKE_PREFIX_PATH}:/opt/ros/humble /usr/local/bin/cmake --install /home/jowi/dev_ws/build/columbus
