running develop
running egg_info
creating twist_converter.egg-info
writing twist_converter.egg-info/PKG-INFO
writing dependency_links to twist_converter.egg-info/dependency_links.txt
writing entry points to twist_converter.egg-info/entry_points.txt
writing requirements to twist_converter.egg-info/requires.txt
writing top-level names to twist_converter.egg-info/top_level.txt
writing manifest file 'twist_converter.egg-info/SOURCES.txt'
reading manifest file 'twist_converter.egg-info/SOURCES.txt'
writing manifest file 'twist_converter.egg-info/SOURCES.txt'
running build_ext
Creating /home/jowi/dev_ws/install/twist_converter/lib/python3.10/site-packages/twist-converter.egg-link (link to .)
Installing twist_converter script to /home/jowi/dev_ws/install/twist_converter/lib/twist_converter

Installed /home/jowi/dev_ws/build/twist_converter
running symlink_data
creating /home/jowi/dev_ws/install/twist_converter/share/ament_index
creating /home/jowi/dev_ws/install/twist_converter/share/ament_index/resource_index
creating /home/jowi/dev_ws/install/twist_converter/share/ament_index/resource_index/packages
symbolically linking /home/jowi/dev_ws/build/twist_converter/resource/twist_converter -> /home/jowi/dev_ws/install/twist_converter/share/ament_index/resource_index/packages
symbolically linking /home/jowi/dev_ws/build/twist_converter/package.xml -> /home/jowi/dev_ws/install/twist_converter/share/twist_converter
