[0.021s] Invoking command in '/home/jowi/dev_ws/build/forward_command_controller': AMENT_PREFIX_PATH=/home/jowi/dev_ws/install/controller_manager:/home/jowi/dev_ws/install/hardware_interface_testing:/home/jowi/dev_ws/install/controller_interface:/home/jowi/dev_ws/install/hardware_interface:/home/jowi/dev_ws/install/ros2_control_test_assets:/home/jowi/dev_ws/install/controller_manager_msgs:/home/jowi/dev_ws/install/control_msgs:${AMENT_PREFIX_PATH} CMAKE_PREFIX_PATH=/home/jowi/dev_ws/install/controller_manager:/home/jowi/dev_ws/install/hardware_interface_testing:/home/jowi/dev_ws/install/controller_interface:/home/jowi/dev_ws/install/hardware_interface:/home/jowi/dev_ws/install/ros2_control_test_assets:/home/jowi/dev_ws/install/controller_manager_msgs:/home/jowi/dev_ws/install/control_msgs:/opt/ros/humble LD_LIBRARY_PATH=/home/jowi/dev_ws/install/controller_manager/lib:/home/jowi/dev_ws/install/hardware_interface_testing/lib:/home/jowi/dev_ws/install/controller_interface/lib:/home/jowi/dev_ws/install/hardware_interface/lib:/home/jowi/dev_ws/install/controller_manager_msgs/lib:/home/jowi/dev_ws/install/control_msgs/lib:${LD_LIBRARY_PATH} PYTHONPATH=/home/jowi/dev_ws/install/controller_manager/local/lib/python3.10/dist-packages:/home/jowi/dev_ws/install/controller_manager_msgs/local/lib/python3.10/dist-packages:/home/jowi/dev_ws/install/control_msgs/local/lib/python3.10/dist-packages:${PYTHONPATH} /usr/local/bin/cmake --build /home/jowi/dev_ws/build/forward_command_controller -- -j8 -l8
[0.061s] [ 19%] Built target forward_command_controller_parameters
[0.061s] [ 19%] Built target multi_interface_forward_command_controller_parameters
[0.069s] [ 28%] Built target gmock_main
[0.074s] [ 42%] Built target gmock
[0.099s] [ 47%] [32m[1mLinking CXX shared library libforward_command_controller.so[0m
[1.073s] [ 61%] Built target forward_command_controller
[1.104s] [ 66%] [32m[1mLinking CXX executable test_forward_command_controller[0m
[1.104s] [ 71%] [32m[1mLinking CXX executable test_load_forward_command_controller[0m
[1.105s] [ 76%] [32m[1mLinking CXX executable test_multi_interface_forward_command_controller[0m
[1.109s] [ 80%] [32m[1mLinking CXX executable test_load_multi_interface_forward_command_controller[0m
[4.848s] [ 85%] Built target test_forward_command_controller
[4.863s] [ 90%] Built target test_multi_interface_forward_command_controller
[5.797s] [ 95%] Built target test_load_multi_interface_forward_command_controller
[6.056s] [100%] Built target test_load_forward_command_controller
[6.072s] Invoked command in '/home/jowi/dev_ws/build/forward_command_controller' returned '0': AMENT_PREFIX_PATH=/home/jowi/dev_ws/install/controller_manager:/home/jowi/dev_ws/install/hardware_interface_testing:/home/jowi/dev_ws/install/controller_interface:/home/jowi/dev_ws/install/hardware_interface:/home/jowi/dev_ws/install/ros2_control_test_assets:/home/jowi/dev_ws/install/controller_manager_msgs:/home/jowi/dev_ws/install/control_msgs:${AMENT_PREFIX_PATH} CMAKE_PREFIX_PATH=/home/jowi/dev_ws/install/controller_manager:/home/jowi/dev_ws/install/hardware_interface_testing:/home/jowi/dev_ws/install/controller_interface:/home/jowi/dev_ws/install/hardware_interface:/home/jowi/dev_ws/install/ros2_control_test_assets:/home/jowi/dev_ws/install/controller_manager_msgs:/home/jowi/dev_ws/install/control_msgs:/opt/ros/humble LD_LIBRARY_PATH=/home/jowi/dev_ws/install/controller_manager/lib:/home/jowi/dev_ws/install/hardware_interface_testing/lib:/home/jowi/dev_ws/install/controller_interface/lib:/home/jowi/dev_ws/install/hardware_interface/lib:/home/jowi/dev_ws/install/controller_manager_msgs/lib:/home/jowi/dev_ws/install/control_msgs/lib:${LD_LIBRARY_PATH} PYTHONPATH=/home/jowi/dev_ws/install/controller_manager/local/lib/python3.10/dist-packages:/home/jowi/dev_ws/install/controller_manager_msgs/local/lib/python3.10/dist-packages:/home/jowi/dev_ws/install/control_msgs/local/lib/python3.10/dist-packages:${PYTHONPATH} /usr/local/bin/cmake --build /home/jowi/dev_ws/build/forward_command_controller -- -j8 -l8
[6.078s] Invoking command in '/home/jowi/dev_ws/build/forward_command_controller': AMENT_PREFIX_PATH=/home/jowi/dev_ws/install/controller_manager:/home/jowi/dev_ws/install/hardware_interface_testing:/home/jowi/dev_ws/install/controller_interface:/home/jowi/dev_ws/install/hardware_interface:/home/jowi/dev_ws/install/ros2_control_test_assets:/home/jowi/dev_ws/install/controller_manager_msgs:/home/jowi/dev_ws/install/control_msgs:${AMENT_PREFIX_PATH} CMAKE_PREFIX_PATH=/home/jowi/dev_ws/install/controller_manager:/home/jowi/dev_ws/install/hardware_interface_testing:/home/jowi/dev_ws/install/controller_interface:/home/jowi/dev_ws/install/hardware_interface:/home/jowi/dev_ws/install/ros2_control_test_assets:/home/jowi/dev_ws/install/controller_manager_msgs:/home/jowi/dev_ws/install/control_msgs:/opt/ros/humble LD_LIBRARY_PATH=/home/jowi/dev_ws/install/controller_manager/lib:/home/jowi/dev_ws/install/hardware_interface_testing/lib:/home/jowi/dev_ws/install/controller_interface/lib:/home/jowi/dev_ws/install/hardware_interface/lib:/home/jowi/dev_ws/install/controller_manager_msgs/lib:/home/jowi/dev_ws/install/control_msgs/lib:${LD_LIBRARY_PATH} PYTHONPATH=/home/jowi/dev_ws/install/controller_manager/local/lib/python3.10/dist-packages:/home/jowi/dev_ws/install/controller_manager_msgs/local/lib/python3.10/dist-packages:/home/jowi/dev_ws/install/control_msgs/local/lib/python3.10/dist-packages:${PYTHONPATH} /usr/local/bin/cmake --install /home/jowi/dev_ws/build/forward_command_controller
[6.082s] -- Install configuration: ""
[6.085s] -- Execute custom install script
[6.089s] -- Up-to-date symlink: /home/jowi/dev_ws/install/forward_command_controller/include/forward_command_controller/forward_command_controller_parameters.hpp
[6.092s] -- Up-to-date symlink: /home/jowi/dev_ws/install/forward_command_controller/include/forward_command_controller/multi_interface_forward_command_controller_parameters.hpp
[6.093s] -- Up-to-date symlink: /home/jowi/dev_ws/install/forward_command_controller/include/forward_command_controller/forward_command_controller_parameters.hpp
[6.093s] -- Up-to-date symlink: /home/jowi/dev_ws/install/forward_command_controller/include/forward_command_controller/multi_interface_forward_command_controller_parameters.hpp
[6.095s] -- Up-to-date symlink: /home/jowi/dev_ws/install/forward_command_controller/share/forward_command_controller//forward_command_plugin.xml
[6.101s] -- Up-to-date symlink: /home/jowi/dev_ws/install/forward_command_controller/include/forward_command_controller/forward_command_controller/forward_command_controller.hpp
[6.103s] -- Up-to-date symlink: /home/jowi/dev_ws/install/forward_command_controller/include/forward_command_controller/forward_command_controller/forward_controllers_base.hpp
[6.105s] -- Up-to-date symlink: /home/jowi/dev_ws/install/forward_command_controller/include/forward_command_controller/forward_command_controller/multi_interface_forward_command_controller.hpp
[6.107s] -- Up-to-date symlink: /home/jowi/dev_ws/install/forward_command_controller/include/forward_command_controller/forward_command_controller/visibility_control.h
[6.109s] -- Up-to-date symlink: /home/jowi/dev_ws/install/forward_command_controller/share/forward_command_controller/environment/library_path.sh
[6.110s] -- Up-to-date symlink: /home/jowi/dev_ws/install/forward_command_controller/share/forward_command_controller/environment/library_path.dsv
[6.111s] -- Up-to-date symlink: /home/jowi/dev_ws/install/forward_command_controller/share/ament_index/resource_index/package_run_dependencies/forward_command_controller
[6.112s] -- Up-to-date symlink: /home/jowi/dev_ws/install/forward_command_controller/share/ament_index/resource_index/parent_prefix_path/forward_command_controller
[6.113s] -- Up-to-date symlink: /home/jowi/dev_ws/install/forward_command_controller/share/forward_command_controller/environment/ament_prefix_path.sh
[6.113s] -- Up-to-date symlink: /home/jowi/dev_ws/install/forward_command_controller/share/forward_command_controller/environment/ament_prefix_path.dsv
[6.114s] -- Up-to-date symlink: /home/jowi/dev_ws/install/forward_command_controller/share/forward_command_controller/environment/path.sh
[6.114s] -- Up-to-date symlink: /home/jowi/dev_ws/install/forward_command_controller/share/forward_command_controller/environment/path.dsv
[6.115s] -- Up-to-date symlink: /home/jowi/dev_ws/install/forward_command_controller/share/forward_command_controller/local_setup.bash
[6.115s] -- Up-to-date symlink: /home/jowi/dev_ws/install/forward_command_controller/share/forward_command_controller/local_setup.sh
[6.116s] -- Up-to-date symlink: /home/jowi/dev_ws/install/forward_command_controller/share/forward_command_controller/local_setup.zsh
[6.116s] -- Up-to-date symlink: /home/jowi/dev_ws/install/forward_command_controller/share/forward_command_controller/local_setup.dsv
[6.116s] -- Symlinking: /home/jowi/dev_ws/install/forward_command_controller/share/forward_command_controller/package.dsv
[6.122s] -- Up-to-date symlink: /home/jowi/dev_ws/install/forward_command_controller/share/ament_index/resource_index/packages/forward_command_controller
[6.123s] -- Up-to-date symlink: /home/jowi/dev_ws/install/forward_command_controller/share/ament_index/resource_index/controller_interface__pluginlib__plugin/forward_command_controller
[6.123s] -- Up-to-date symlink: /home/jowi/dev_ws/install/forward_command_controller/share/forward_command_controller/cmake/ament_cmake_export_dependencies-extras.cmake
[6.123s] -- Up-to-date symlink: /home/jowi/dev_ws/install/forward_command_controller/share/forward_command_controller/cmake/ament_cmake_export_targets-extras.cmake
[6.124s] -- Up-to-date symlink: /home/jowi/dev_ws/install/forward_command_controller/share/forward_command_controller/cmake/forward_command_controllerConfig.cmake
[6.124s] -- Up-to-date symlink: /home/jowi/dev_ws/install/forward_command_controller/share/forward_command_controller/cmake/forward_command_controllerConfig-version.cmake
[6.124s] -- Up-to-date symlink: /home/jowi/dev_ws/install/forward_command_controller/share/forward_command_controller/package.xml
[6.126s] -- Installing: /home/jowi/dev_ws/install/forward_command_controller/lib/libforward_command_controller.so
[6.133s] -- Set non-toolchain portion of runtime path of "/home/jowi/dev_ws/install/forward_command_controller/lib/libforward_command_controller.so" to ""
[6.135s] -- Up-to-date: /home/jowi/dev_ws/install/forward_command_controller/share/forward_command_controller/cmake/export_forward_command_controllerExport.cmake
[6.135s] -- Up-to-date: /home/jowi/dev_ws/install/forward_command_controller/share/forward_command_controller/cmake/export_forward_command_controllerExport-noconfig.cmake
[6.137s] Invoked command in '/home/jowi/dev_ws/build/forward_command_controller' returned '0': AMENT_PREFIX_PATH=/home/jowi/dev_ws/install/controller_manager:/home/jowi/dev_ws/install/hardware_interface_testing:/home/jowi/dev_ws/install/controller_interface:/home/jowi/dev_ws/install/hardware_interface:/home/jowi/dev_ws/install/ros2_control_test_assets:/home/jowi/dev_ws/install/controller_manager_msgs:/home/jowi/dev_ws/install/control_msgs:${AMENT_PREFIX_PATH} CMAKE_PREFIX_PATH=/home/jowi/dev_ws/install/controller_manager:/home/jowi/dev_ws/install/hardware_interface_testing:/home/jowi/dev_ws/install/controller_interface:/home/jowi/dev_ws/install/hardware_interface:/home/jowi/dev_ws/install/ros2_control_test_assets:/home/jowi/dev_ws/install/controller_manager_msgs:/home/jowi/dev_ws/install/control_msgs:/opt/ros/humble LD_LIBRARY_PATH=/home/jowi/dev_ws/install/controller_manager/lib:/home/jowi/dev_ws/install/hardware_interface_testing/lib:/home/jowi/dev_ws/install/controller_interface/lib:/home/jowi/dev_ws/install/hardware_interface/lib:/home/jowi/dev_ws/install/controller_manager_msgs/lib:/home/jowi/dev_ws/install/control_msgs/lib:${LD_LIBRARY_PATH} PYTHONPATH=/home/jowi/dev_ws/install/controller_manager/local/lib/python3.10/dist-packages:/home/jowi/dev_ws/install/controller_manager_msgs/local/lib/python3.10/dist-packages:/home/jowi/dev_ws/install/control_msgs/local/lib/python3.10/dist-packages:${PYTHONPATH} /usr/local/bin/cmake --install /home/jowi/dev_ws/build/forward_command_controller
