[0.049s] Invoking command in '/home/jowi/dev_ws/build/pid_controller': AMENT_PREFIX_PATH=/home/jowi/dev_ws/install/controller_manager:/home/jowi/dev_ws/install/hardware_interface_testing:/home/jowi/dev_ws/install/controller_interface:/home/jowi/dev_ws/install/hardware_interface:/home/jowi/dev_ws/install/ros2_control_test_assets:/home/jowi/dev_ws/install/controller_manager_msgs:${AMENT_PREFIX_PATH} CMAKE_PREFIX_PATH=/home/jowi/dev_ws/install/controller_manager:/home/jowi/dev_ws/install/hardware_interface_testing:/home/jowi/dev_ws/install/controller_interface:/home/jowi/dev_ws/install/hardware_interface:/home/jowi/dev_ws/install/ros2_control_test_assets:/home/jowi/dev_ws/install/controller_manager_msgs:/home/jowi/dev_ws/install/columbus:/opt/ros/humble LD_LIBRARY_PATH=/home/jowi/dev_ws/install/controller_manager/lib:/home/jowi/dev_ws/install/hardware_interface_testing/lib:/home/jowi/dev_ws/install/controller_interface/lib:/home/jowi/dev_ws/install/hardware_interface/lib:/home/jowi/dev_ws/install/controller_manager_msgs/lib:${LD_LIBRARY_PATH} PYTHONPATH=/home/jowi/dev_ws/install/controller_manager/local/lib/python3.10/dist-packages:/home/jowi/dev_ws/install/controller_manager_msgs/local/lib/python3.10/dist-packages:${PYTHONPATH} /usr/local/bin/cmake /home/jowi/dev_ws/src/ros2_controllers/pid_controller -DAMENT_CMAKE_SYMLINK_INSTALL=1 -DCMAKE_INSTALL_PREFIX=/home/jowi/dev_ws/install/pid_controller
[0.134s] -- The CXX compiler identification is GNU 11.4.0
[0.154s] -- Detecting CXX compiler ABI info
[0.243s] -- Detecting CXX compiler ABI info - done
[0.262s] -- Check for working CXX compiler: /usr/bin/c++ - skipped
[0.268s] -- Detecting CXX compile features
[0.269s] -- Detecting CXX compile features - done
[0.283s] -- Found ament_cmake: 1.3.11 (/opt/ros/humble/share/ament_cmake/cmake)
[0.509s] -- Found Python3: /usr/bin/python3 (found version "3.10.12") found components: Interpreter 
[0.615s] -- Override CMake install command with custom implementation using symlinks instead of copying resources
[0.669s] -- Found angles: 1.15.0 (/opt/ros/humble/share/angles/cmake)
[0.674s] -- Found control_msgs: 4.7.0 (/opt/ros/humble/share/control_msgs/cmake)
[0.744s] -- Found rosidl_generator_c: 3.1.6 (/opt/ros/humble/share/rosidl_generator_c/cmake)
[0.754s] -- Found rosidl_adapter: 3.1.6 (/opt/ros/humble/share/rosidl_adapter/cmake)
[0.769s] -- Found rosidl_generator_cpp: 3.1.6 (/opt/ros/humble/share/rosidl_generator_cpp/cmake)
[0.797s] -- Using all available rosidl_typesupport_c: rosidl_typesupport_fastrtps_c;rosidl_typesupport_introspection_c
[0.826s] -- Using all available rosidl_typesupport_cpp: rosidl_typesupport_fastrtps_cpp;rosidl_typesupport_introspection_cpp
[1.069s] -- Found control_toolbox: 3.6.0 (/opt/ros/humble/share/control_toolbox/cmake)
[1.152s] -- Found rmw_implementation_cmake: 6.1.2 (/opt/ros/humble/share/rmw_implementation_cmake/cmake)
[1.158s] -- Found rmw_fastrtps_cpp: 6.2.7 (/opt/ros/humble/share/rmw_fastrtps_cpp/cmake)
[1.270s] -- Found OpenSSL: /usr/lib/x86_64-linux-gnu/libcrypto.so (found version "3.0.2")  
[1.305s] -- Found FastRTPS: /opt/ros/humble/include  
[1.353s] -- Using RMW implementation 'rmw_fastrtps_cpp' as default
[1.366s] -- Performing Test CMAKE_HAVE_LIBC_PTHREAD
[1.487s] -- Performing Test CMAKE_HAVE_LIBC_PTHREAD - Success
[1.488s] -- Found Threads: TRUE  
[1.714s] -- Found controller_interface: 2.48.0 (/home/jowi/dev_ws/install/controller_interface/share/controller_interface/cmake)
[1.741s] -- Found std_srvs: 4.2.4 (/opt/ros/humble/share/std_srvs/cmake)
[1.782s] -- Found ament_cmake_gmock: 1.3.11 (/opt/ros/humble/share/ament_cmake_gmock/cmake)
[1.784s] -- Found controller_manager: 2.48.0 (/home/jowi/dev_ws/install/controller_manager/share/controller_manager/cmake)
[1.829s] -- Found ros2_control_test_assets: 2.48.0 (/home/jowi/dev_ws/install/ros2_control_test_assets/share/ros2_control_test_assets/cmake)
[1.833s] -- Found gmock sources under '/opt/ros/humble/src/gmock_vendor': C++ tests using 'Google Mock' will be built
[1.899s] -- The C compiler identification is GNU 11.4.0
[1.908s] -- Detecting C compiler ABI info
[2.004s] -- Detecting C compiler ABI info - done
[2.021s] -- Check for working C compiler: /usr/bin/cc - skipped
[2.021s] -- Detecting C compile features
[2.022s] -- Detecting C compile features - done
[2.028s] -- Found ament_cmake_gtest: 1.3.11 (/opt/ros/humble/share/ament_cmake_gtest/cmake)
[2.030s] -- Found gtest sources under '/opt/ros/humble/src/gtest_vendor': C++ tests using 'Google Test' will be built
[2.054s] -- Found gmock sources under '/opt/ros/humble/src/gmock_vendor': C++ tests using 'Google Mock' will be built
[2.054s] -- Found ament_cmake_gtest: 1.3.11 (/opt/ros/humble/share/ament_cmake_gtest/cmake)
[2.055s] -- Found gtest sources under '/opt/ros/humble/src/gtest_vendor': C++ tests using 'Google Test' will be built
[2.075s] -- Found gmock sources under '/opt/ros/humble/src/gmock_vendor': C++ tests using 'Google Mock' will be built
[2.075s] -- Found ament_cmake_gtest: 1.3.11 (/opt/ros/humble/share/ament_cmake_gtest/cmake)
[2.076s] -- Found gtest sources under '/opt/ros/humble/src/gtest_vendor': C++ tests using 'Google Test' will be built
[2.095s] -- Found gmock sources under '/opt/ros/humble/src/gmock_vendor': C++ tests using 'Google Mock' will be built
[2.095s] -- Found ament_cmake_gtest: 1.3.11 (/opt/ros/humble/share/ament_cmake_gtest/cmake)
[2.096s] -- Found gtest sources under '/opt/ros/humble/src/gtest_vendor': C++ tests using 'Google Test' will be built
[2.221s] -- Configuring done (2.2s)
[2.319s] -- Generating done (0.1s)
[2.335s] -- Build files have been written to: /home/jowi/dev_ws/build/pid_controller
[2.349s] Invoked command in '/home/jowi/dev_ws/build/pid_controller' returned '0': AMENT_PREFIX_PATH=/home/jowi/dev_ws/install/controller_manager:/home/jowi/dev_ws/install/hardware_interface_testing:/home/jowi/dev_ws/install/controller_interface:/home/jowi/dev_ws/install/hardware_interface:/home/jowi/dev_ws/install/ros2_control_test_assets:/home/jowi/dev_ws/install/controller_manager_msgs:${AMENT_PREFIX_PATH} CMAKE_PREFIX_PATH=/home/jowi/dev_ws/install/controller_manager:/home/jowi/dev_ws/install/hardware_interface_testing:/home/jowi/dev_ws/install/controller_interface:/home/jowi/dev_ws/install/hardware_interface:/home/jowi/dev_ws/install/ros2_control_test_assets:/home/jowi/dev_ws/install/controller_manager_msgs:/home/jowi/dev_ws/install/columbus:/opt/ros/humble LD_LIBRARY_PATH=/home/jowi/dev_ws/install/controller_manager/lib:/home/jowi/dev_ws/install/hardware_interface_testing/lib:/home/jowi/dev_ws/install/controller_interface/lib:/home/jowi/dev_ws/install/hardware_interface/lib:/home/jowi/dev_ws/install/controller_manager_msgs/lib:${LD_LIBRARY_PATH} PYTHONPATH=/home/jowi/dev_ws/install/controller_manager/local/lib/python3.10/dist-packages:/home/jowi/dev_ws/install/controller_manager_msgs/local/lib/python3.10/dist-packages:${PYTHONPATH} /usr/local/bin/cmake /home/jowi/dev_ws/src/ros2_controllers/pid_controller -DAMENT_CMAKE_SYMLINK_INSTALL=1 -DCMAKE_INSTALL_PREFIX=/home/jowi/dev_ws/install/pid_controller
[2.351s] Invoking command in '/home/jowi/dev_ws/build/pid_controller': AMENT_PREFIX_PATH=/home/jowi/dev_ws/install/controller_manager:/home/jowi/dev_ws/install/hardware_interface_testing:/home/jowi/dev_ws/install/controller_interface:/home/jowi/dev_ws/install/hardware_interface:/home/jowi/dev_ws/install/ros2_control_test_assets:/home/jowi/dev_ws/install/controller_manager_msgs:${AMENT_PREFIX_PATH} CMAKE_PREFIX_PATH=/home/jowi/dev_ws/install/controller_manager:/home/jowi/dev_ws/install/hardware_interface_testing:/home/jowi/dev_ws/install/controller_interface:/home/jowi/dev_ws/install/hardware_interface:/home/jowi/dev_ws/install/ros2_control_test_assets:/home/jowi/dev_ws/install/controller_manager_msgs:/home/jowi/dev_ws/install/columbus:/opt/ros/humble LD_LIBRARY_PATH=/home/jowi/dev_ws/install/controller_manager/lib:/home/jowi/dev_ws/install/hardware_interface_testing/lib:/home/jowi/dev_ws/install/controller_interface/lib:/home/jowi/dev_ws/install/hardware_interface/lib:/home/jowi/dev_ws/install/controller_manager_msgs/lib:${LD_LIBRARY_PATH} PYTHONPATH=/home/jowi/dev_ws/install/controller_manager/local/lib/python3.10/dist-packages:/home/jowi/dev_ws/install/controller_manager_msgs/local/lib/python3.10/dist-packages:${PYTHONPATH} /usr/local/bin/cmake --build /home/jowi/dev_ws/build/pid_controller -- -j8 -l8
[2.379s] [ 23%] [32mBuilding CXX object gmock/CMakeFiles/gmock.dir/opt/ros/humble/src/gtest_vendor/src/gtest-all.cc.o[0m
[2.379s] [ 23%] [34m[1mRunning `/opt/ros/humble/bin/generate_parameter_library_cpp /home/jowi/dev_ws/build/pid_controller/include/pid_controller/pid_controller_parameters.hpp /home/jowi/dev_ws/src/ros2_controllers/pid_controller/src/pid_controller.yaml `[0m
[2.379s] [ 23%] [32mBuilding CXX object gmock/CMakeFiles/gmock_main.dir/src/gmock_main.cc.o[0m
[2.380s] [ 23%] [32mBuilding CXX object gmock/CMakeFiles/gmock.dir/src/gmock-all.cc.o[0m
[3.349s] [ 29%] [34m[1mCreating deprecated header file /home/jowi/dev_ws/build/pid_controller/include/pid_controller_parameters.hpp[0m
[3.381s] [ 29%] Built target pid_controller_parameters
[3.399s] [ 35%] [32mBuilding CXX object CMakeFiles/pid_controller.dir/src/pid_controller.cpp.o[0m
[4.321s] [ 41%] [32m[1mLinking CXX static library libgmock_main.a[0m
[4.374s] [ 41%] Built target gmock_main
[8.043s] [ 47%] [32m[1mLinking CXX static library libgmock.a[0m
[8.099s] [ 47%] Built target gmock
[8.112s] [ 52%] [32mBuilding CXX object CMakeFiles/test_load_pid_controller.dir/test/test_load_pid_controller.cpp.o[0m
[17.082s] [ 58%] [32m[1mLinking CXX executable test_load_pid_controller[0m
[18.505s] [ 58%] Built target test_load_pid_controller
[20.269s] [ 64%] [32m[1mLinking CXX shared library libpid_controller.so[0m
[21.376s] [ 64%] Built target pid_controller
[21.396s] [ 70%] [32mBuilding CXX object CMakeFiles/test_pid_controller.dir/test/test_pid_controller.cpp.o[0m
[21.396s] [ 76%] [32mBuilding CXX object CMakeFiles/test_pid_controller_preceding.dir/test/test_pid_controller_preceding.cpp.o[0m
[21.398s] [ 82%] [32mBuilding CXX object CMakeFiles/test_pid_controller_dual_interface.dir/test/test_pid_controller_dual_interface.cpp.o[0m
[32.369s] [ 88%] [32m[1mLinking CXX executable test_pid_controller_preceding[0m
[32.849s] [ 94%] [32m[1mLinking CXX executable test_pid_controller_dual_interface[0m
[33.657s] [ 94%] Built target test_pid_controller_preceding
[34.007s] [ 94%] Built target test_pid_controller_dual_interface
[39.209s] [100%] [32m[1mLinking CXX executable test_pid_controller[0m
[40.473s] [100%] Built target test_pid_controller
[40.482s] Invoked command in '/home/jowi/dev_ws/build/pid_controller' returned '0': AMENT_PREFIX_PATH=/home/jowi/dev_ws/install/controller_manager:/home/jowi/dev_ws/install/hardware_interface_testing:/home/jowi/dev_ws/install/controller_interface:/home/jowi/dev_ws/install/hardware_interface:/home/jowi/dev_ws/install/ros2_control_test_assets:/home/jowi/dev_ws/install/controller_manager_msgs:${AMENT_PREFIX_PATH} CMAKE_PREFIX_PATH=/home/jowi/dev_ws/install/controller_manager:/home/jowi/dev_ws/install/hardware_interface_testing:/home/jowi/dev_ws/install/controller_interface:/home/jowi/dev_ws/install/hardware_interface:/home/jowi/dev_ws/install/ros2_control_test_assets:/home/jowi/dev_ws/install/controller_manager_msgs:/home/jowi/dev_ws/install/columbus:/opt/ros/humble LD_LIBRARY_PATH=/home/jowi/dev_ws/install/controller_manager/lib:/home/jowi/dev_ws/install/hardware_interface_testing/lib:/home/jowi/dev_ws/install/controller_interface/lib:/home/jowi/dev_ws/install/hardware_interface/lib:/home/jowi/dev_ws/install/controller_manager_msgs/lib:${LD_LIBRARY_PATH} PYTHONPATH=/home/jowi/dev_ws/install/controller_manager/local/lib/python3.10/dist-packages:/home/jowi/dev_ws/install/controller_manager_msgs/local/lib/python3.10/dist-packages:${PYTHONPATH} /usr/local/bin/cmake --build /home/jowi/dev_ws/build/pid_controller -- -j8 -l8
[40.484s] Invoking command in '/home/jowi/dev_ws/build/pid_controller': AMENT_PREFIX_PATH=/home/jowi/dev_ws/install/controller_manager:/home/jowi/dev_ws/install/hardware_interface_testing:/home/jowi/dev_ws/install/controller_interface:/home/jowi/dev_ws/install/hardware_interface:/home/jowi/dev_ws/install/ros2_control_test_assets:/home/jowi/dev_ws/install/controller_manager_msgs:${AMENT_PREFIX_PATH} CMAKE_PREFIX_PATH=/home/jowi/dev_ws/install/controller_manager:/home/jowi/dev_ws/install/hardware_interface_testing:/home/jowi/dev_ws/install/controller_interface:/home/jowi/dev_ws/install/hardware_interface:/home/jowi/dev_ws/install/ros2_control_test_assets:/home/jowi/dev_ws/install/controller_manager_msgs:/home/jowi/dev_ws/install/columbus:/opt/ros/humble LD_LIBRARY_PATH=/home/jowi/dev_ws/install/controller_manager/lib:/home/jowi/dev_ws/install/hardware_interface_testing/lib:/home/jowi/dev_ws/install/controller_interface/lib:/home/jowi/dev_ws/install/hardware_interface/lib:/home/jowi/dev_ws/install/controller_manager_msgs/lib:${LD_LIBRARY_PATH} PYTHONPATH=/home/jowi/dev_ws/install/controller_manager/local/lib/python3.10/dist-packages:/home/jowi/dev_ws/install/controller_manager_msgs/local/lib/python3.10/dist-packages:${PYTHONPATH} /usr/local/bin/cmake --install /home/jowi/dev_ws/build/pid_controller
[40.487s] -- Install configuration: ""
[40.488s] -- Execute custom install script
[40.489s] -- Symlinking: /home/jowi/dev_ws/install/pid_controller/include/pid_controller/pid_controller_parameters.hpp
[40.494s] -- Symlinking: /home/jowi/dev_ws/install/pid_controller/share/pid_controller//pid_controller.xml
[40.500s] -- Symlinking: /home/jowi/dev_ws/install/pid_controller/include/pid_controller/pid_controller/pid_controller.hpp
[40.505s] -- Symlinking: /home/jowi/dev_ws/install/pid_controller/include/pid_controller/pid_controller/visibility_control.h
[40.511s] -- Symlinking: /home/jowi/dev_ws/install/pid_controller/share/pid_controller/environment/library_path.sh
[40.516s] -- Symlinking: /home/jowi/dev_ws/install/pid_controller/share/pid_controller/environment/library_path.dsv
[40.521s] -- Symlinking: /home/jowi/dev_ws/install/pid_controller/share/ament_index/resource_index/package_run_dependencies/pid_controller
[40.527s] -- Symlinking: /home/jowi/dev_ws/install/pid_controller/share/ament_index/resource_index/parent_prefix_path/pid_controller
[40.532s] -- Symlinking: /home/jowi/dev_ws/install/pid_controller/share/pid_controller/environment/ament_prefix_path.sh
[40.537s] -- Symlinking: /home/jowi/dev_ws/install/pid_controller/share/pid_controller/environment/ament_prefix_path.dsv
[40.543s] -- Symlinking: /home/jowi/dev_ws/install/pid_controller/share/pid_controller/environment/path.sh
[40.548s] -- Symlinking: /home/jowi/dev_ws/install/pid_controller/share/pid_controller/environment/path.dsv
[40.553s] -- Symlinking: /home/jowi/dev_ws/install/pid_controller/share/pid_controller/local_setup.bash
[40.558s] -- Symlinking: /home/jowi/dev_ws/install/pid_controller/share/pid_controller/local_setup.sh
[40.564s] -- Symlinking: /home/jowi/dev_ws/install/pid_controller/share/pid_controller/local_setup.zsh
[40.569s] -- Symlinking: /home/jowi/dev_ws/install/pid_controller/share/pid_controller/local_setup.dsv
[40.574s] -- Symlinking: /home/jowi/dev_ws/install/pid_controller/share/pid_controller/package.dsv
[40.579s] -- Symlinking: /home/jowi/dev_ws/install/pid_controller/share/ament_index/resource_index/packages/pid_controller
[40.585s] -- Symlinking: /home/jowi/dev_ws/install/pid_controller/share/ament_index/resource_index/controller_interface__pluginlib__plugin/pid_controller
[40.590s] -- Symlinking: /home/jowi/dev_ws/install/pid_controller/share/pid_controller/cmake/ament_cmake_export_dependencies-extras.cmake
[40.595s] -- Symlinking: /home/jowi/dev_ws/install/pid_controller/share/pid_controller/cmake/ament_cmake_export_targets-extras.cmake
[40.606s] -- Symlinking: /home/jowi/dev_ws/install/pid_controller/share/pid_controller/cmake/pid_controllerConfig.cmake
[40.612s] -- Symlinking: /home/jowi/dev_ws/install/pid_controller/share/pid_controller/cmake/pid_controllerConfig-version.cmake
[40.617s] -- Symlinking: /home/jowi/dev_ws/install/pid_controller/share/pid_controller/package.xml
[40.622s] -- Installing: /home/jowi/dev_ws/install/pid_controller/lib/libpid_controller.so
[40.634s] -- Set non-toolchain portion of runtime path of "/home/jowi/dev_ws/install/pid_controller/lib/libpid_controller.so" to ""
[40.634s] -- Installing: /home/jowi/dev_ws/install/pid_controller/share/pid_controller/cmake/export_pid_controllerExport.cmake
[40.634s] -- Installing: /home/jowi/dev_ws/install/pid_controller/share/pid_controller/cmake/export_pid_controllerExport-noconfig.cmake
[40.638s] Invoked command in '/home/jowi/dev_ws/build/pid_controller' returned '0': AMENT_PREFIX_PATH=/home/jowi/dev_ws/install/controller_manager:/home/jowi/dev_ws/install/hardware_interface_testing:/home/jowi/dev_ws/install/controller_interface:/home/jowi/dev_ws/install/hardware_interface:/home/jowi/dev_ws/install/ros2_control_test_assets:/home/jowi/dev_ws/install/controller_manager_msgs:${AMENT_PREFIX_PATH} CMAKE_PREFIX_PATH=/home/jowi/dev_ws/install/controller_manager:/home/jowi/dev_ws/install/hardware_interface_testing:/home/jowi/dev_ws/install/controller_interface:/home/jowi/dev_ws/install/hardware_interface:/home/jowi/dev_ws/install/ros2_control_test_assets:/home/jowi/dev_ws/install/controller_manager_msgs:/home/jowi/dev_ws/install/columbus:/opt/ros/humble LD_LIBRARY_PATH=/home/jowi/dev_ws/install/controller_manager/lib:/home/jowi/dev_ws/install/hardware_interface_testing/lib:/home/jowi/dev_ws/install/controller_interface/lib:/home/jowi/dev_ws/install/hardware_interface/lib:/home/jowi/dev_ws/install/controller_manager_msgs/lib:${LD_LIBRARY_PATH} PYTHONPATH=/home/jowi/dev_ws/install/controller_manager/local/lib/python3.10/dist-packages:/home/jowi/dev_ws/install/controller_manager_msgs/local/lib/python3.10/dist-packages:${PYTHONPATH} /usr/local/bin/cmake --install /home/jowi/dev_ws/build/pid_controller
