[0.843s] Invoking command in '/home/jowi/dev_ws/build/rqt_controller_manager': AMENT_PREFIX_PATH=/home/jowi/dev_ws/install/controller_manager:/home/jowi/dev_ws/install/hardware_interface_testing:/home/jowi/dev_ws/install/controller_interface:/home/jowi/dev_ws/install/hardware_interface:/home/jowi/dev_ws/install/ros2_control_test_assets:/home/jowi/dev_ws/install/controller_manager_msgs:${AMENT_PREFIX_PATH} CMAKE_PREFIX_PATH=/home/jowi/dev_ws/install/controller_manager:/home/jowi/dev_ws/install/hardware_interface_testing:/home/jowi/dev_ws/install/controller_interface:/home/jowi/dev_ws/install/hardware_interface:/home/jowi/dev_ws/install/ros2_control_test_assets:/home/jowi/dev_ws/install/controller_manager_msgs:${CMAKE_PREFIX_PATH} LD_LIBRARY_PATH=/home/jowi/dev_ws/install/controller_manager/lib:/home/jowi/dev_ws/install/hardware_interface_testing/lib:/home/jowi/dev_ws/install/controller_interface/lib:/home/jowi/dev_ws/install/hardware_interface/lib:/home/jowi/dev_ws/install/controller_manager_msgs/lib:${LD_LIBRARY_PATH} PYTHONPATH=/home/jowi/dev_ws/build/rqt_controller_manager/prefix_override:/usr/lib/python3/dist-packages/colcon_core/task/python/colcon_distutils_commands:/home/jowi/dev_ws/install/rqt_controller_manager/lib/python3.10/site-packages:/home/jowi/dev_ws/install/controller_manager/local/lib/python3.10/dist-packages:/home/jowi/dev_ws/install/controller_manager_msgs/local/lib/python3.10/dist-packages:${PYTHONPATH} /usr/bin/python3 -W ignore:setup.py install is deprecated -W ignore:easy_install command is deprecated setup.py develop --editable --build-directory /home/jowi/dev_ws/build/rqt_controller_manager/build --no-deps symlink_data
[1.208s] running develop
[1.501s] running egg_info
[1.502s] creating rqt_controller_manager.egg-info
[1.507s] writing rqt_controller_manager.egg-info/PKG-INFO
[1.507s] writing dependency_links to rqt_controller_manager.egg-info/dependency_links.txt
[1.507s] writing entry points to rqt_controller_manager.egg-info/entry_points.txt
[1.508s] writing requirements to rqt_controller_manager.egg-info/requires.txt
[1.508s] writing top-level names to rqt_controller_manager.egg-info/top_level.txt
[1.508s] writing manifest file 'rqt_controller_manager.egg-info/SOURCES.txt'
[1.516s] reading manifest file 'rqt_controller_manager.egg-info/SOURCES.txt'
[1.517s] writing manifest file 'rqt_controller_manager.egg-info/SOURCES.txt'
[1.519s] running build_ext
[1.519s] Creating /home/jowi/dev_ws/install/rqt_controller_manager/lib/python3.10/site-packages/rqt-controller-manager.egg-link (link to .)
[1.520s] Installing rqt_controller_manager script to /home/jowi/dev_ws/install/rqt_controller_manager/lib/rqt_controller_manager
[1.520s] 
[1.520s] Installed /home/jowi/dev_ws/build/rqt_controller_manager
[1.520s] running symlink_data
[1.521s] creating /home/jowi/dev_ws/install/rqt_controller_manager/share/ament_index
[1.521s] creating /home/jowi/dev_ws/install/rqt_controller_manager/share/ament_index/resource_index
[1.521s] creating /home/jowi/dev_ws/install/rqt_controller_manager/share/ament_index/resource_index/packages
[1.521s] symbolically linking /home/jowi/dev_ws/build/rqt_controller_manager/resource/rqt_controller_manager -> /home/jowi/dev_ws/install/rqt_controller_manager/share/ament_index/resource_index/packages
[1.521s] symbolically linking /home/jowi/dev_ws/build/rqt_controller_manager/package.xml -> /home/jowi/dev_ws/install/rqt_controller_manager/share/rqt_controller_manager
[1.521s] creating /home/jowi/dev_ws/install/rqt_controller_manager/share/rqt_controller_manager/resource
[1.521s] symbolically linking /home/jowi/dev_ws/build/rqt_controller_manager/resource/cm_icon.png -> /home/jowi/dev_ws/install/rqt_controller_manager/share/rqt_controller_manager/resource
[1.522s] symbolically linking /home/jowi/dev_ws/build/rqt_controller_manager/resource/led_off.png -> /home/jowi/dev_ws/install/rqt_controller_manager/share/rqt_controller_manager/resource
[1.522s] symbolically linking /home/jowi/dev_ws/build/rqt_controller_manager/resource/controller_manager.ui -> /home/jowi/dev_ws/install/rqt_controller_manager/share/rqt_controller_manager/resource
[1.522s] symbolically linking /home/jowi/dev_ws/build/rqt_controller_manager/resource/popup_info.ui -> /home/jowi/dev_ws/install/rqt_controller_manager/share/rqt_controller_manager/resource
[1.522s] symbolically linking /home/jowi/dev_ws/build/rqt_controller_manager/resource/led_green.png -> /home/jowi/dev_ws/install/rqt_controller_manager/share/rqt_controller_manager/resource
[1.522s] symbolically linking /home/jowi/dev_ws/build/rqt_controller_manager/resource/led_red.png -> /home/jowi/dev_ws/install/rqt_controller_manager/share/rqt_controller_manager/resource
[1.522s] symbolically linking /home/jowi/dev_ws/build/rqt_controller_manager/plugin.xml -> /home/jowi/dev_ws/install/rqt_controller_manager/share/rqt_controller_manager
[1.561s] Invoked command in '/home/jowi/dev_ws/build/rqt_controller_manager' returned '0': AMENT_PREFIX_PATH=/home/jowi/dev_ws/install/controller_manager:/home/jowi/dev_ws/install/hardware_interface_testing:/home/jowi/dev_ws/install/controller_interface:/home/jowi/dev_ws/install/hardware_interface:/home/jowi/dev_ws/install/ros2_control_test_assets:/home/jowi/dev_ws/install/controller_manager_msgs:${AMENT_PREFIX_PATH} CMAKE_PREFIX_PATH=/home/jowi/dev_ws/install/controller_manager:/home/jowi/dev_ws/install/hardware_interface_testing:/home/jowi/dev_ws/install/controller_interface:/home/jowi/dev_ws/install/hardware_interface:/home/jowi/dev_ws/install/ros2_control_test_assets:/home/jowi/dev_ws/install/controller_manager_msgs:${CMAKE_PREFIX_PATH} LD_LIBRARY_PATH=/home/jowi/dev_ws/install/controller_manager/lib:/home/jowi/dev_ws/install/hardware_interface_testing/lib:/home/jowi/dev_ws/install/controller_interface/lib:/home/jowi/dev_ws/install/hardware_interface/lib:/home/jowi/dev_ws/install/controller_manager_msgs/lib:${LD_LIBRARY_PATH} PYTHONPATH=/home/jowi/dev_ws/build/rqt_controller_manager/prefix_override:/usr/lib/python3/dist-packages/colcon_core/task/python/colcon_distutils_commands:/home/jowi/dev_ws/install/rqt_controller_manager/lib/python3.10/site-packages:/home/jowi/dev_ws/install/controller_manager/local/lib/python3.10/dist-packages:/home/jowi/dev_ws/install/controller_manager_msgs/local/lib/python3.10/dist-packages:${PYTHONPATH} /usr/bin/python3 -W ignore:setup.py install is deprecated -W ignore:easy_install command is deprecated setup.py develop --editable --build-directory /home/jowi/dev_ws/build/rqt_controller_manager/build --no-deps symlink_data
