[ 18%] Built target gmock_main
[ 45%] Built target gmock
[ 54%] [32m[1mLinking CXX shared library libvelocity_controllers.so[0m
[ 63%] Built target velocity_controllers
[ 72%] [32m[1mLinking CXX executable test_joint_group_velocity_controller[0m
[ 81%] [32m[1mLinking CXX executable test_load_joint_group_velocity_controller[0m
[ 90%] Built target test_joint_group_velocity_controller
[100%] Built target test_load_joint_group_velocity_controller
-- Install configuration: ""
-- Execute custom install script
-- Up-to-date symlink: /home/jowi/dev_ws/install/velocity_controllers/share/velocity_controllers//velocity_controllers_plugins.xml
-- Up-to-date symlink: /home/jowi/dev_ws/install/velocity_controllers/include/velocity_controllers/velocity_controllers/joint_group_velocity_controller.hpp
-- Up-to-date symlink: /home/jowi/dev_ws/install/velocity_controllers/include/velocity_controllers/velocity_controllers/visibility_control.h
-- Up-to-date symlink: /home/jowi/dev_ws/install/velocity_controllers/share/velocity_controllers/environment/library_path.sh
-- Up-to-date symlink: /home/jowi/dev_ws/install/velocity_controllers/share/velocity_controllers/environment/library_path.dsv
-- Up-to-date symlink: /home/jowi/dev_ws/install/velocity_controllers/share/ament_index/resource_index/package_run_dependencies/velocity_controllers
-- Up-to-date symlink: /home/jowi/dev_ws/install/velocity_controllers/share/ament_index/resource_index/parent_prefix_path/velocity_controllers
-- Up-to-date symlink: /home/jowi/dev_ws/install/velocity_controllers/share/velocity_controllers/environment/ament_prefix_path.sh
-- Up-to-date symlink: /home/jowi/dev_ws/install/velocity_controllers/share/velocity_controllers/environment/ament_prefix_path.dsv
-- Up-to-date symlink: /home/jowi/dev_ws/install/velocity_controllers/share/velocity_controllers/environment/path.sh
-- Up-to-date symlink: /home/jowi/dev_ws/install/velocity_controllers/share/velocity_controllers/environment/path.dsv
-- Up-to-date symlink: /home/jowi/dev_ws/install/velocity_controllers/share/velocity_controllers/local_setup.bash
-- Up-to-date symlink: /home/jowi/dev_ws/install/velocity_controllers/share/velocity_controllers/local_setup.sh
-- Up-to-date symlink: /home/jowi/dev_ws/install/velocity_controllers/share/velocity_controllers/local_setup.zsh
-- Up-to-date symlink: /home/jowi/dev_ws/install/velocity_controllers/share/velocity_controllers/local_setup.dsv
-- Symlinking: /home/jowi/dev_ws/install/velocity_controllers/share/velocity_controllers/package.dsv
-- Up-to-date symlink: /home/jowi/dev_ws/install/velocity_controllers/share/ament_index/resource_index/packages/velocity_controllers
-- Up-to-date symlink: /home/jowi/dev_ws/install/velocity_controllers/share/ament_index/resource_index/controller_interface__pluginlib__plugin/velocity_controllers
-- Up-to-date symlink: /home/jowi/dev_ws/install/velocity_controllers/share/velocity_controllers/cmake/ament_cmake_export_targets-extras.cmake
-- Up-to-date symlink: /home/jowi/dev_ws/install/velocity_controllers/share/velocity_controllers/cmake/ament_cmake_export_dependencies-extras.cmake
-- Up-to-date symlink: /home/jowi/dev_ws/install/velocity_controllers/share/velocity_controllers/cmake/velocity_controllersConfig.cmake
-- Up-to-date symlink: /home/jowi/dev_ws/install/velocity_controllers/share/velocity_controllers/cmake/velocity_controllersConfig-version.cmake
-- Up-to-date symlink: /home/jowi/dev_ws/install/velocity_controllers/share/velocity_controllers/package.xml
-- Installing: /home/jowi/dev_ws/install/velocity_controllers/lib/libvelocity_controllers.so
-- Set non-toolchain portion of runtime path of "/home/jowi/dev_ws/install/velocity_controllers/lib/libvelocity_controllers.so" to ""
-- Up-to-date: /home/jowi/dev_ws/install/velocity_controllers/share/velocity_controllers/cmake/export_velocity_controllersExport.cmake
-- Up-to-date: /home/jowi/dev_ws/install/velocity_controllers/share/velocity_controllers/cmake/export_velocity_controllersExport-noconfig.cmake
