[0.066s] Invoking command in '/home/jowi/dev_ws/build/velocity_controllers': AMENT_PREFIX_PATH=/home/jowi/dev_ws/install/forward_command_controller:/home/jowi/dev_ws/install/controller_manager:/home/jowi/dev_ws/install/hardware_interface_testing:/home/jowi/dev_ws/install/controller_interface:/home/jowi/dev_ws/install/hardware_interface:/home/jowi/dev_ws/install/ros2_control_test_assets:/home/jowi/dev_ws/install/controller_manager_msgs:/home/jowi/dev_ws/install/control_msgs:${AMENT_PREFIX_PATH} CMAKE_PREFIX_PATH=/home/jowi/dev_ws/install/forward_command_controller:/home/jowi/dev_ws/install/controller_manager:/home/jowi/dev_ws/install/hardware_interface_testing:/home/jowi/dev_ws/install/controller_interface:/home/jowi/dev_ws/install/hardware_interface:/home/jowi/dev_ws/install/ros2_control_test_assets:/home/jowi/dev_ws/install/controller_manager_msgs:/home/jowi/dev_ws/install/control_msgs:/opt/ros/humble LD_LIBRARY_PATH=/home/jowi/dev_ws/install/forward_command_controller/lib:/home/jowi/dev_ws/install/controller_manager/lib:/home/jowi/dev_ws/install/hardware_interface_testing/lib:/home/jowi/dev_ws/install/controller_interface/lib:/home/jowi/dev_ws/install/hardware_interface/lib:/home/jowi/dev_ws/install/controller_manager_msgs/lib:/home/jowi/dev_ws/install/control_msgs/lib:${LD_LIBRARY_PATH} PYTHONPATH=/home/jowi/dev_ws/install/controller_manager/local/lib/python3.10/dist-packages:/home/jowi/dev_ws/install/controller_manager_msgs/local/lib/python3.10/dist-packages:/home/jowi/dev_ws/install/control_msgs/local/lib/python3.10/dist-packages:${PYTHONPATH} /usr/local/bin/cmake --build /home/jowi/dev_ws/build/velocity_controllers -- -j8 -l8
[0.123s] [ 18%] Built target gmock_main
[0.126s] [ 45%] Built target gmock
[0.139s] [ 54%] [32m[1mLinking CXX shared library libvelocity_controllers.so[0m
[0.619s] [ 63%] Built target velocity_controllers
[0.648s] [ 72%] [32m[1mLinking CXX executable test_joint_group_velocity_controller[0m
[0.650s] [ 81%] [32m[1mLinking CXX executable test_load_joint_group_velocity_controller[0m
[2.059s] [ 90%] Built target test_joint_group_velocity_controller
[3.017s] [100%] Built target test_load_joint_group_velocity_controller
[3.024s] Invoked command in '/home/jowi/dev_ws/build/velocity_controllers' returned '0': AMENT_PREFIX_PATH=/home/jowi/dev_ws/install/forward_command_controller:/home/jowi/dev_ws/install/controller_manager:/home/jowi/dev_ws/install/hardware_interface_testing:/home/jowi/dev_ws/install/controller_interface:/home/jowi/dev_ws/install/hardware_interface:/home/jowi/dev_ws/install/ros2_control_test_assets:/home/jowi/dev_ws/install/controller_manager_msgs:/home/jowi/dev_ws/install/control_msgs:${AMENT_PREFIX_PATH} CMAKE_PREFIX_PATH=/home/jowi/dev_ws/install/forward_command_controller:/home/jowi/dev_ws/install/controller_manager:/home/jowi/dev_ws/install/hardware_interface_testing:/home/jowi/dev_ws/install/controller_interface:/home/jowi/dev_ws/install/hardware_interface:/home/jowi/dev_ws/install/ros2_control_test_assets:/home/jowi/dev_ws/install/controller_manager_msgs:/home/jowi/dev_ws/install/control_msgs:/opt/ros/humble LD_LIBRARY_PATH=/home/jowi/dev_ws/install/forward_command_controller/lib:/home/jowi/dev_ws/install/controller_manager/lib:/home/jowi/dev_ws/install/hardware_interface_testing/lib:/home/jowi/dev_ws/install/controller_interface/lib:/home/jowi/dev_ws/install/hardware_interface/lib:/home/jowi/dev_ws/install/controller_manager_msgs/lib:/home/jowi/dev_ws/install/control_msgs/lib:${LD_LIBRARY_PATH} PYTHONPATH=/home/jowi/dev_ws/install/controller_manager/local/lib/python3.10/dist-packages:/home/jowi/dev_ws/install/controller_manager_msgs/local/lib/python3.10/dist-packages:/home/jowi/dev_ws/install/control_msgs/local/lib/python3.10/dist-packages:${PYTHONPATH} /usr/local/bin/cmake --build /home/jowi/dev_ws/build/velocity_controllers -- -j8 -l8
[3.027s] Invoking command in '/home/jowi/dev_ws/build/velocity_controllers': AMENT_PREFIX_PATH=/home/jowi/dev_ws/install/forward_command_controller:/home/jowi/dev_ws/install/controller_manager:/home/jowi/dev_ws/install/hardware_interface_testing:/home/jowi/dev_ws/install/controller_interface:/home/jowi/dev_ws/install/hardware_interface:/home/jowi/dev_ws/install/ros2_control_test_assets:/home/jowi/dev_ws/install/controller_manager_msgs:/home/jowi/dev_ws/install/control_msgs:${AMENT_PREFIX_PATH} CMAKE_PREFIX_PATH=/home/jowi/dev_ws/install/forward_command_controller:/home/jowi/dev_ws/install/controller_manager:/home/jowi/dev_ws/install/hardware_interface_testing:/home/jowi/dev_ws/install/controller_interface:/home/jowi/dev_ws/install/hardware_interface:/home/jowi/dev_ws/install/ros2_control_test_assets:/home/jowi/dev_ws/install/controller_manager_msgs:/home/jowi/dev_ws/install/control_msgs:/opt/ros/humble LD_LIBRARY_PATH=/home/jowi/dev_ws/install/forward_command_controller/lib:/home/jowi/dev_ws/install/controller_manager/lib:/home/jowi/dev_ws/install/hardware_interface_testing/lib:/home/jowi/dev_ws/install/controller_interface/lib:/home/jowi/dev_ws/install/hardware_interface/lib:/home/jowi/dev_ws/install/controller_manager_msgs/lib:/home/jowi/dev_ws/install/control_msgs/lib:${LD_LIBRARY_PATH} PYTHONPATH=/home/jowi/dev_ws/install/controller_manager/local/lib/python3.10/dist-packages:/home/jowi/dev_ws/install/controller_manager_msgs/local/lib/python3.10/dist-packages:/home/jowi/dev_ws/install/control_msgs/local/lib/python3.10/dist-packages:${PYTHONPATH} /usr/local/bin/cmake --install /home/jowi/dev_ws/build/velocity_controllers
[3.030s] -- Install configuration: ""
[3.031s] -- Execute custom install script
[3.032s] -- Up-to-date symlink: /home/jowi/dev_ws/install/velocity_controllers/share/velocity_controllers//velocity_controllers_plugins.xml
[3.033s] -- Up-to-date symlink: /home/jowi/dev_ws/install/velocity_controllers/include/velocity_controllers/velocity_controllers/joint_group_velocity_controller.hpp
[3.033s] -- Up-to-date symlink: /home/jowi/dev_ws/install/velocity_controllers/include/velocity_controllers/velocity_controllers/visibility_control.h
[3.033s] -- Up-to-date symlink: /home/jowi/dev_ws/install/velocity_controllers/share/velocity_controllers/environment/library_path.sh
[3.033s] -- Up-to-date symlink: /home/jowi/dev_ws/install/velocity_controllers/share/velocity_controllers/environment/library_path.dsv
[3.034s] -- Up-to-date symlink: /home/jowi/dev_ws/install/velocity_controllers/share/ament_index/resource_index/package_run_dependencies/velocity_controllers
[3.034s] -- Up-to-date symlink: /home/jowi/dev_ws/install/velocity_controllers/share/ament_index/resource_index/parent_prefix_path/velocity_controllers
[3.035s] -- Up-to-date symlink: /home/jowi/dev_ws/install/velocity_controllers/share/velocity_controllers/environment/ament_prefix_path.sh
[3.035s] -- Up-to-date symlink: /home/jowi/dev_ws/install/velocity_controllers/share/velocity_controllers/environment/ament_prefix_path.dsv
[3.035s] -- Up-to-date symlink: /home/jowi/dev_ws/install/velocity_controllers/share/velocity_controllers/environment/path.sh
[3.036s] -- Up-to-date symlink: /home/jowi/dev_ws/install/velocity_controllers/share/velocity_controllers/environment/path.dsv
[3.036s] -- Up-to-date symlink: /home/jowi/dev_ws/install/velocity_controllers/share/velocity_controllers/local_setup.bash
[3.037s] -- Up-to-date symlink: /home/jowi/dev_ws/install/velocity_controllers/share/velocity_controllers/local_setup.sh
[3.037s] -- Up-to-date symlink: /home/jowi/dev_ws/install/velocity_controllers/share/velocity_controllers/local_setup.zsh
[3.037s] -- Up-to-date symlink: /home/jowi/dev_ws/install/velocity_controllers/share/velocity_controllers/local_setup.dsv
[3.037s] -- Symlinking: /home/jowi/dev_ws/install/velocity_controllers/share/velocity_controllers/package.dsv
[3.042s] -- Up-to-date symlink: /home/jowi/dev_ws/install/velocity_controllers/share/ament_index/resource_index/packages/velocity_controllers
[3.042s] -- Up-to-date symlink: /home/jowi/dev_ws/install/velocity_controllers/share/ament_index/resource_index/controller_interface__pluginlib__plugin/velocity_controllers
[3.042s] -- Up-to-date symlink: /home/jowi/dev_ws/install/velocity_controllers/share/velocity_controllers/cmake/ament_cmake_export_targets-extras.cmake
[3.043s] -- Up-to-date symlink: /home/jowi/dev_ws/install/velocity_controllers/share/velocity_controllers/cmake/ament_cmake_export_dependencies-extras.cmake
[3.043s] -- Up-to-date symlink: /home/jowi/dev_ws/install/velocity_controllers/share/velocity_controllers/cmake/velocity_controllersConfig.cmake
[3.043s] -- Up-to-date symlink: /home/jowi/dev_ws/install/velocity_controllers/share/velocity_controllers/cmake/velocity_controllersConfig-version.cmake
[3.044s] -- Up-to-date symlink: /home/jowi/dev_ws/install/velocity_controllers/share/velocity_controllers/package.xml
[3.046s] -- Installing: /home/jowi/dev_ws/install/velocity_controllers/lib/libvelocity_controllers.so
[3.046s] -- Set non-toolchain portion of runtime path of "/home/jowi/dev_ws/install/velocity_controllers/lib/libvelocity_controllers.so" to ""
[3.047s] -- Up-to-date: /home/jowi/dev_ws/install/velocity_controllers/share/velocity_controllers/cmake/export_velocity_controllersExport.cmake
[3.047s] -- Up-to-date: /home/jowi/dev_ws/install/velocity_controllers/share/velocity_controllers/cmake/export_velocity_controllersExport-noconfig.cmake
[3.049s] Invoked command in '/home/jowi/dev_ws/build/velocity_controllers' returned '0': AMENT_PREFIX_PATH=/home/jowi/dev_ws/install/forward_command_controller:/home/jowi/dev_ws/install/controller_manager:/home/jowi/dev_ws/install/hardware_interface_testing:/home/jowi/dev_ws/install/controller_interface:/home/jowi/dev_ws/install/hardware_interface:/home/jowi/dev_ws/install/ros2_control_test_assets:/home/jowi/dev_ws/install/controller_manager_msgs:/home/jowi/dev_ws/install/control_msgs:${AMENT_PREFIX_PATH} CMAKE_PREFIX_PATH=/home/jowi/dev_ws/install/forward_command_controller:/home/jowi/dev_ws/install/controller_manager:/home/jowi/dev_ws/install/hardware_interface_testing:/home/jowi/dev_ws/install/controller_interface:/home/jowi/dev_ws/install/hardware_interface:/home/jowi/dev_ws/install/ros2_control_test_assets:/home/jowi/dev_ws/install/controller_manager_msgs:/home/jowi/dev_ws/install/control_msgs:/opt/ros/humble LD_LIBRARY_PATH=/home/jowi/dev_ws/install/forward_command_controller/lib:/home/jowi/dev_ws/install/controller_manager/lib:/home/jowi/dev_ws/install/hardware_interface_testing/lib:/home/jowi/dev_ws/install/controller_interface/lib:/home/jowi/dev_ws/install/hardware_interface/lib:/home/jowi/dev_ws/install/controller_manager_msgs/lib:/home/jowi/dev_ws/install/control_msgs/lib:${LD_LIBRARY_PATH} PYTHONPATH=/home/jowi/dev_ws/install/controller_manager/local/lib/python3.10/dist-packages:/home/jowi/dev_ws/install/controller_manager_msgs/local/lib/python3.10/dist-packages:/home/jowi/dev_ws/install/control_msgs/local/lib/python3.10/dist-packages:${PYTHONPATH} /usr/local/bin/cmake --install /home/jowi/dev_ws/build/velocity_controllers
