[0.022s] Invoking command in '/home/jowi/dev_ws/build/diff_drive_controller': AMENT_PREFIX_PATH=/home/jowi/dev_ws/install/controller_manager:/home/jowi/dev_ws/install/hardware_interface_testing:/home/jowi/dev_ws/install/controller_interface:/home/jowi/dev_ws/install/hardware_interface:/home/jowi/dev_ws/install/ros2_control_test_assets:/home/jowi/dev_ws/install/controller_manager_msgs:/home/jowi/dev_ws/install/control_msgs:${AMENT_PREFIX_PATH} CMAKE_PREFIX_PATH=/home/jowi/dev_ws/install/controller_manager:/home/jowi/dev_ws/install/hardware_interface_testing:/home/jowi/dev_ws/install/controller_interface:/home/jowi/dev_ws/install/hardware_interface:/home/jowi/dev_ws/install/ros2_control_test_assets:/home/jowi/dev_ws/install/controller_manager_msgs:/home/jowi/dev_ws/install/control_msgs:/opt/ros/humble LD_LIBRARY_PATH=/home/jowi/dev_ws/install/controller_manager/lib:/home/jowi/dev_ws/install/hardware_interface_testing/lib:/home/jowi/dev_ws/install/controller_interface/lib:/home/jowi/dev_ws/install/hardware_interface/lib:/home/jowi/dev_ws/install/controller_manager_msgs/lib:/home/jowi/dev_ws/install/control_msgs/lib:${LD_LIBRARY_PATH} PYTHONPATH=/home/jowi/dev_ws/install/controller_manager/local/lib/python3.10/dist-packages:/home/jowi/dev_ws/install/controller_manager_msgs/local/lib/python3.10/dist-packages:/home/jowi/dev_ws/install/control_msgs/local/lib/python3.10/dist-packages:${PYTHONPATH} /usr/local/bin/cmake --build /home/jowi/dev_ws/build/diff_drive_controller -- -j8 -l8
[0.071s] [ 13%] Built target diff_drive_controller_parameters
[0.076s] [ 26%] Built target gmock_main
[0.085s] [ 46%] Built target gmock
[0.125s] [ 60%] [32m[1mLinking CXX shared library libdiff_drive_controller.so[0m
[0.125s] [ 60%] [32m[1mLinking CXX executable test_load_diff_drive_controller[0m
[3.360s] [ 80%] Built target diff_drive_controller
[3.382s] [ 86%] Built target test_load_diff_drive_controller
[3.390s] [ 93%] [32m[1mLinking CXX executable test_diff_drive_controller[0m
[5.416s] [100%] Built target test_diff_drive_controller
[5.422s] Invoked command in '/home/jowi/dev_ws/build/diff_drive_controller' returned '0': AMENT_PREFIX_PATH=/home/jowi/dev_ws/install/controller_manager:/home/jowi/dev_ws/install/hardware_interface_testing:/home/jowi/dev_ws/install/controller_interface:/home/jowi/dev_ws/install/hardware_interface:/home/jowi/dev_ws/install/ros2_control_test_assets:/home/jowi/dev_ws/install/controller_manager_msgs:/home/jowi/dev_ws/install/control_msgs:${AMENT_PREFIX_PATH} CMAKE_PREFIX_PATH=/home/jowi/dev_ws/install/controller_manager:/home/jowi/dev_ws/install/hardware_interface_testing:/home/jowi/dev_ws/install/controller_interface:/home/jowi/dev_ws/install/hardware_interface:/home/jowi/dev_ws/install/ros2_control_test_assets:/home/jowi/dev_ws/install/controller_manager_msgs:/home/jowi/dev_ws/install/control_msgs:/opt/ros/humble LD_LIBRARY_PATH=/home/jowi/dev_ws/install/controller_manager/lib:/home/jowi/dev_ws/install/hardware_interface_testing/lib:/home/jowi/dev_ws/install/controller_interface/lib:/home/jowi/dev_ws/install/hardware_interface/lib:/home/jowi/dev_ws/install/controller_manager_msgs/lib:/home/jowi/dev_ws/install/control_msgs/lib:${LD_LIBRARY_PATH} PYTHONPATH=/home/jowi/dev_ws/install/controller_manager/local/lib/python3.10/dist-packages:/home/jowi/dev_ws/install/controller_manager_msgs/local/lib/python3.10/dist-packages:/home/jowi/dev_ws/install/control_msgs/local/lib/python3.10/dist-packages:${PYTHONPATH} /usr/local/bin/cmake --build /home/jowi/dev_ws/build/diff_drive_controller -- -j8 -l8
[5.424s] Invoking command in '/home/jowi/dev_ws/build/diff_drive_controller': AMENT_PREFIX_PATH=/home/jowi/dev_ws/install/controller_manager:/home/jowi/dev_ws/install/hardware_interface_testing:/home/jowi/dev_ws/install/controller_interface:/home/jowi/dev_ws/install/hardware_interface:/home/jowi/dev_ws/install/ros2_control_test_assets:/home/jowi/dev_ws/install/controller_manager_msgs:/home/jowi/dev_ws/install/control_msgs:${AMENT_PREFIX_PATH} CMAKE_PREFIX_PATH=/home/jowi/dev_ws/install/controller_manager:/home/jowi/dev_ws/install/hardware_interface_testing:/home/jowi/dev_ws/install/controller_interface:/home/jowi/dev_ws/install/hardware_interface:/home/jowi/dev_ws/install/ros2_control_test_assets:/home/jowi/dev_ws/install/controller_manager_msgs:/home/jowi/dev_ws/install/control_msgs:/opt/ros/humble LD_LIBRARY_PATH=/home/jowi/dev_ws/install/controller_manager/lib:/home/jowi/dev_ws/install/hardware_interface_testing/lib:/home/jowi/dev_ws/install/controller_interface/lib:/home/jowi/dev_ws/install/hardware_interface/lib:/home/jowi/dev_ws/install/controller_manager_msgs/lib:/home/jowi/dev_ws/install/control_msgs/lib:${LD_LIBRARY_PATH} PYTHONPATH=/home/jowi/dev_ws/install/controller_manager/local/lib/python3.10/dist-packages:/home/jowi/dev_ws/install/controller_manager_msgs/local/lib/python3.10/dist-packages:/home/jowi/dev_ws/install/control_msgs/local/lib/python3.10/dist-packages:${PYTHONPATH} /usr/local/bin/cmake --install /home/jowi/dev_ws/build/diff_drive_controller
[5.427s] -- Install configuration: ""
[5.428s] -- Execute custom install script
[5.430s] -- Up-to-date symlink: /home/jowi/dev_ws/install/diff_drive_controller/include/diff_drive_controller/diff_drive_controller_parameters.hpp
[5.431s] -- Up-to-date symlink: /home/jowi/dev_ws/install/diff_drive_controller/share/diff_drive_controller//diff_drive_plugin.xml
[5.431s] -- Up-to-date symlink: /home/jowi/dev_ws/install/diff_drive_controller/include/diff_drive_controller/diff_drive_controller/diff_drive_controller.hpp
[5.432s] -- Up-to-date symlink: /home/jowi/dev_ws/install/diff_drive_controller/include/diff_drive_controller/diff_drive_controller/odometry.hpp
[5.432s] -- Up-to-date symlink: /home/jowi/dev_ws/install/diff_drive_controller/include/diff_drive_controller/diff_drive_controller/speed_limiter.hpp
[5.432s] -- Up-to-date symlink: /home/jowi/dev_ws/install/diff_drive_controller/include/diff_drive_controller/diff_drive_controller/visibility_control.h
[5.433s] -- Up-to-date symlink: /home/jowi/dev_ws/install/diff_drive_controller/share/diff_drive_controller/environment/library_path.sh
[5.433s] -- Up-to-date symlink: /home/jowi/dev_ws/install/diff_drive_controller/share/diff_drive_controller/environment/library_path.dsv
[5.434s] -- Up-to-date symlink: /home/jowi/dev_ws/install/diff_drive_controller/share/ament_index/resource_index/package_run_dependencies/diff_drive_controller
[5.434s] -- Up-to-date symlink: /home/jowi/dev_ws/install/diff_drive_controller/share/ament_index/resource_index/parent_prefix_path/diff_drive_controller
[5.435s] -- Up-to-date symlink: /home/jowi/dev_ws/install/diff_drive_controller/share/diff_drive_controller/environment/ament_prefix_path.sh
[5.435s] -- Up-to-date symlink: /home/jowi/dev_ws/install/diff_drive_controller/share/diff_drive_controller/environment/ament_prefix_path.dsv
[5.435s] -- Up-to-date symlink: /home/jowi/dev_ws/install/diff_drive_controller/share/diff_drive_controller/environment/path.sh
[5.436s] -- Up-to-date symlink: /home/jowi/dev_ws/install/diff_drive_controller/share/diff_drive_controller/environment/path.dsv
[5.436s] -- Up-to-date symlink: /home/jowi/dev_ws/install/diff_drive_controller/share/diff_drive_controller/local_setup.bash
[5.436s] -- Up-to-date symlink: /home/jowi/dev_ws/install/diff_drive_controller/share/diff_drive_controller/local_setup.sh
[5.436s] -- Up-to-date symlink: /home/jowi/dev_ws/install/diff_drive_controller/share/diff_drive_controller/local_setup.zsh
[5.437s] -- Up-to-date symlink: /home/jowi/dev_ws/install/diff_drive_controller/share/diff_drive_controller/local_setup.dsv
[5.437s] -- Symlinking: /home/jowi/dev_ws/install/diff_drive_controller/share/diff_drive_controller/package.dsv
[5.444s] -- Up-to-date symlink: /home/jowi/dev_ws/install/diff_drive_controller/share/ament_index/resource_index/packages/diff_drive_controller
[5.444s] -- Up-to-date symlink: /home/jowi/dev_ws/install/diff_drive_controller/share/ament_index/resource_index/controller_interface__pluginlib__plugin/diff_drive_controller
[5.445s] -- Up-to-date symlink: /home/jowi/dev_ws/install/diff_drive_controller/share/diff_drive_controller/cmake/ament_cmake_export_dependencies-extras.cmake
[5.445s] -- Up-to-date symlink: /home/jowi/dev_ws/install/diff_drive_controller/share/diff_drive_controller/cmake/ament_cmake_export_targets-extras.cmake
[5.445s] -- Up-to-date symlink: /home/jowi/dev_ws/install/diff_drive_controller/share/diff_drive_controller/cmake/diff_drive_controllerConfig.cmake
[5.446s] -- Up-to-date symlink: /home/jowi/dev_ws/install/diff_drive_controller/share/diff_drive_controller/cmake/diff_drive_controllerConfig-version.cmake
[5.446s] -- Up-to-date symlink: /home/jowi/dev_ws/install/diff_drive_controller/share/diff_drive_controller/package.xml
[5.447s] -- Installing: /home/jowi/dev_ws/install/diff_drive_controller/lib/libdiff_drive_controller.so
[5.460s] -- Set non-toolchain portion of runtime path of "/home/jowi/dev_ws/install/diff_drive_controller/lib/libdiff_drive_controller.so" to ""
[5.462s] -- Up-to-date: /home/jowi/dev_ws/install/diff_drive_controller/share/diff_drive_controller/cmake/export_diff_drive_controllerExport.cmake
[5.462s] -- Up-to-date: /home/jowi/dev_ws/install/diff_drive_controller/share/diff_drive_controller/cmake/export_diff_drive_controllerExport-noconfig.cmake
[5.464s] Invoked command in '/home/jowi/dev_ws/build/diff_drive_controller' returned '0': AMENT_PREFIX_PATH=/home/jowi/dev_ws/install/controller_manager:/home/jowi/dev_ws/install/hardware_interface_testing:/home/jowi/dev_ws/install/controller_interface:/home/jowi/dev_ws/install/hardware_interface:/home/jowi/dev_ws/install/ros2_control_test_assets:/home/jowi/dev_ws/install/controller_manager_msgs:/home/jowi/dev_ws/install/control_msgs:${AMENT_PREFIX_PATH} CMAKE_PREFIX_PATH=/home/jowi/dev_ws/install/controller_manager:/home/jowi/dev_ws/install/hardware_interface_testing:/home/jowi/dev_ws/install/controller_interface:/home/jowi/dev_ws/install/hardware_interface:/home/jowi/dev_ws/install/ros2_control_test_assets:/home/jowi/dev_ws/install/controller_manager_msgs:/home/jowi/dev_ws/install/control_msgs:/opt/ros/humble LD_LIBRARY_PATH=/home/jowi/dev_ws/install/controller_manager/lib:/home/jowi/dev_ws/install/hardware_interface_testing/lib:/home/jowi/dev_ws/install/controller_interface/lib:/home/jowi/dev_ws/install/hardware_interface/lib:/home/jowi/dev_ws/install/controller_manager_msgs/lib:/home/jowi/dev_ws/install/control_msgs/lib:${LD_LIBRARY_PATH} PYTHONPATH=/home/jowi/dev_ws/install/controller_manager/local/lib/python3.10/dist-packages:/home/jowi/dev_ws/install/controller_manager_msgs/local/lib/python3.10/dist-packages:/home/jowi/dev_ws/install/control_msgs/local/lib/python3.10/dist-packages:${PYTHONPATH} /usr/local/bin/cmake --install /home/jowi/dev_ws/build/diff_drive_controller
