[0.021s] Invoking command in '/home/jowi/dev_ws/build/steering_controllers_library': AMENT_PREFIX_PATH=/home/jowi/dev_ws/install/controller_manager:/home/jowi/dev_ws/install/hardware_interface_testing:/home/jowi/dev_ws/install/controller_interface:/home/jowi/dev_ws/install/hardware_interface:/home/jowi/dev_ws/install/ros2_control_test_assets:/home/jowi/dev_ws/install/controller_manager_msgs:/home/jowi/dev_ws/install/control_msgs:${AMENT_PREFIX_PATH} CMAKE_PREFIX_PATH=/home/jowi/dev_ws/install/controller_manager:/home/jowi/dev_ws/install/hardware_interface_testing:/home/jowi/dev_ws/install/controller_interface:/home/jowi/dev_ws/install/hardware_interface:/home/jowi/dev_ws/install/ros2_control_test_assets:/home/jowi/dev_ws/install/controller_manager_msgs:/home/jowi/dev_ws/install/control_msgs:/opt/ros/humble LD_LIBRARY_PATH=/home/jowi/dev_ws/install/controller_manager/lib:/home/jowi/dev_ws/install/hardware_interface_testing/lib:/home/jowi/dev_ws/install/controller_interface/lib:/home/jowi/dev_ws/install/hardware_interface/lib:/home/jowi/dev_ws/install/controller_manager_msgs/lib:/home/jowi/dev_ws/install/control_msgs/lib:${LD_LIBRARY_PATH} PYTHONPATH=/home/jowi/dev_ws/install/controller_manager/local/lib/python3.10/dist-packages:/home/jowi/dev_ws/install/controller_manager_msgs/local/lib/python3.10/dist-packages:/home/jowi/dev_ws/install/control_msgs/local/lib/python3.10/dist-packages:${PYTHONPATH} /usr/local/bin/cmake --build /home/jowi/dev_ws/build/steering_controllers_library -- -j8 -l8
[0.068s] [ 14%] Built target steering_controllers_library_parameters
[0.075s] [ 28%] Built target gmock_main
[0.080s] [ 50%] Built target gmock
[0.109s] [ 57%] [32m[1mLinking CXX shared library libsteering_controllers_library.so[0m
[2.171s] [ 71%] Built target steering_controllers_library
[2.215s] [ 78%] [32m[1mLinking CXX executable test_steering_odometry[0m
[2.235s] [ 85%] [32m[1mLinking CXX executable test_steering_controllers_library[0m
[5.533s] [ 92%] Built target test_steering_odometry
[5.987s] [100%] Built target test_steering_controllers_library
[5.994s] Invoked command in '/home/jowi/dev_ws/build/steering_controllers_library' returned '0': AMENT_PREFIX_PATH=/home/jowi/dev_ws/install/controller_manager:/home/jowi/dev_ws/install/hardware_interface_testing:/home/jowi/dev_ws/install/controller_interface:/home/jowi/dev_ws/install/hardware_interface:/home/jowi/dev_ws/install/ros2_control_test_assets:/home/jowi/dev_ws/install/controller_manager_msgs:/home/jowi/dev_ws/install/control_msgs:${AMENT_PREFIX_PATH} CMAKE_PREFIX_PATH=/home/jowi/dev_ws/install/controller_manager:/home/jowi/dev_ws/install/hardware_interface_testing:/home/jowi/dev_ws/install/controller_interface:/home/jowi/dev_ws/install/hardware_interface:/home/jowi/dev_ws/install/ros2_control_test_assets:/home/jowi/dev_ws/install/controller_manager_msgs:/home/jowi/dev_ws/install/control_msgs:/opt/ros/humble LD_LIBRARY_PATH=/home/jowi/dev_ws/install/controller_manager/lib:/home/jowi/dev_ws/install/hardware_interface_testing/lib:/home/jowi/dev_ws/install/controller_interface/lib:/home/jowi/dev_ws/install/hardware_interface/lib:/home/jowi/dev_ws/install/controller_manager_msgs/lib:/home/jowi/dev_ws/install/control_msgs/lib:${LD_LIBRARY_PATH} PYTHONPATH=/home/jowi/dev_ws/install/controller_manager/local/lib/python3.10/dist-packages:/home/jowi/dev_ws/install/controller_manager_msgs/local/lib/python3.10/dist-packages:/home/jowi/dev_ws/install/control_msgs/local/lib/python3.10/dist-packages:${PYTHONPATH} /usr/local/bin/cmake --build /home/jowi/dev_ws/build/steering_controllers_library -- -j8 -l8
[5.996s] Invoking command in '/home/jowi/dev_ws/build/steering_controllers_library': AMENT_PREFIX_PATH=/home/jowi/dev_ws/install/controller_manager:/home/jowi/dev_ws/install/hardware_interface_testing:/home/jowi/dev_ws/install/controller_interface:/home/jowi/dev_ws/install/hardware_interface:/home/jowi/dev_ws/install/ros2_control_test_assets:/home/jowi/dev_ws/install/controller_manager_msgs:/home/jowi/dev_ws/install/control_msgs:${AMENT_PREFIX_PATH} CMAKE_PREFIX_PATH=/home/jowi/dev_ws/install/controller_manager:/home/jowi/dev_ws/install/hardware_interface_testing:/home/jowi/dev_ws/install/controller_interface:/home/jowi/dev_ws/install/hardware_interface:/home/jowi/dev_ws/install/ros2_control_test_assets:/home/jowi/dev_ws/install/controller_manager_msgs:/home/jowi/dev_ws/install/control_msgs:/opt/ros/humble LD_LIBRARY_PATH=/home/jowi/dev_ws/install/controller_manager/lib:/home/jowi/dev_ws/install/hardware_interface_testing/lib:/home/jowi/dev_ws/install/controller_interface/lib:/home/jowi/dev_ws/install/hardware_interface/lib:/home/jowi/dev_ws/install/controller_manager_msgs/lib:/home/jowi/dev_ws/install/control_msgs/lib:${LD_LIBRARY_PATH} PYTHONPATH=/home/jowi/dev_ws/install/controller_manager/local/lib/python3.10/dist-packages:/home/jowi/dev_ws/install/controller_manager_msgs/local/lib/python3.10/dist-packages:/home/jowi/dev_ws/install/control_msgs/local/lib/python3.10/dist-packages:${PYTHONPATH} /usr/local/bin/cmake --install /home/jowi/dev_ws/build/steering_controllers_library
[6.001s] -- Install configuration: ""
[6.002s] -- Execute custom install script
[6.003s] -- Up-to-date symlink: /home/jowi/dev_ws/install/steering_controllers_library/include/steering_controllers_library/steering_controllers_library_parameters.hpp
[6.004s] -- Up-to-date symlink: /home/jowi/dev_ws/install/steering_controllers_library/include/steering_controllers_library/steering_controllers_library/steering_controllers_library.hpp
[6.004s] -- Up-to-date symlink: /home/jowi/dev_ws/install/steering_controllers_library/include/steering_controllers_library/steering_controllers_library/steering_odometry.hpp
[6.005s] -- Up-to-date symlink: /home/jowi/dev_ws/install/steering_controllers_library/include/steering_controllers_library/steering_controllers_library/visibility_control.h
[6.007s] -- Up-to-date symlink: /home/jowi/dev_ws/install/steering_controllers_library/share/steering_controllers_library/environment/library_path.sh
[6.007s] -- Up-to-date symlink: /home/jowi/dev_ws/install/steering_controllers_library/share/steering_controllers_library/environment/library_path.dsv
[6.009s] -- Up-to-date symlink: /home/jowi/dev_ws/install/steering_controllers_library/share/ament_index/resource_index/package_run_dependencies/steering_controllers_library
[6.010s] -- Up-to-date symlink: /home/jowi/dev_ws/install/steering_controllers_library/share/ament_index/resource_index/parent_prefix_path/steering_controllers_library
[6.010s] -- Up-to-date symlink: /home/jowi/dev_ws/install/steering_controllers_library/share/steering_controllers_library/environment/ament_prefix_path.sh
[6.011s] -- Up-to-date symlink: /home/jowi/dev_ws/install/steering_controllers_library/share/steering_controllers_library/environment/ament_prefix_path.dsv
[6.011s] -- Up-to-date symlink: /home/jowi/dev_ws/install/steering_controllers_library/share/steering_controllers_library/environment/path.sh
[6.011s] -- Up-to-date symlink: /home/jowi/dev_ws/install/steering_controllers_library/share/steering_controllers_library/environment/path.dsv
[6.012s] -- Up-to-date symlink: /home/jowi/dev_ws/install/steering_controllers_library/share/steering_controllers_library/local_setup.bash
[6.013s] -- Up-to-date symlink: /home/jowi/dev_ws/install/steering_controllers_library/share/steering_controllers_library/local_setup.sh
[6.013s] -- Up-to-date symlink: /home/jowi/dev_ws/install/steering_controllers_library/share/steering_controllers_library/local_setup.zsh
[6.013s] -- Up-to-date symlink: /home/jowi/dev_ws/install/steering_controllers_library/share/steering_controllers_library/local_setup.dsv
[6.013s] -- Symlinking: /home/jowi/dev_ws/install/steering_controllers_library/share/steering_controllers_library/package.dsv
[6.018s] -- Up-to-date symlink: /home/jowi/dev_ws/install/steering_controllers_library/share/ament_index/resource_index/packages/steering_controllers_library
[6.018s] -- Up-to-date symlink: /home/jowi/dev_ws/install/steering_controllers_library/share/steering_controllers_library/cmake/ament_cmake_export_dependencies-extras.cmake
[6.019s] -- Up-to-date symlink: /home/jowi/dev_ws/install/steering_controllers_library/share/steering_controllers_library/cmake/ament_cmake_export_targets-extras.cmake
[6.019s] -- Up-to-date symlink: /home/jowi/dev_ws/install/steering_controllers_library/share/steering_controllers_library/cmake/steering_controllers_libraryConfig.cmake
[6.019s] -- Up-to-date symlink: /home/jowi/dev_ws/install/steering_controllers_library/share/steering_controllers_library/cmake/steering_controllers_libraryConfig-version.cmake
[6.019s] -- Up-to-date symlink: /home/jowi/dev_ws/install/steering_controllers_library/share/steering_controllers_library/package.xml
[6.021s] -- Installing: /home/jowi/dev_ws/install/steering_controllers_library/lib/libsteering_controllers_library.so
[6.033s] -- Set non-toolchain portion of runtime path of "/home/jowi/dev_ws/install/steering_controllers_library/lib/libsteering_controllers_library.so" to ""
[6.035s] -- Up-to-date: /home/jowi/dev_ws/install/steering_controllers_library/share/steering_controllers_library/cmake/export_steering_controllers_libraryExport.cmake
[6.035s] -- Up-to-date: /home/jowi/dev_ws/install/steering_controllers_library/share/steering_controllers_library/cmake/export_steering_controllers_libraryExport-noconfig.cmake
[6.037s] Invoked command in '/home/jowi/dev_ws/build/steering_controllers_library' returned '0': AMENT_PREFIX_PATH=/home/jowi/dev_ws/install/controller_manager:/home/jowi/dev_ws/install/hardware_interface_testing:/home/jowi/dev_ws/install/controller_interface:/home/jowi/dev_ws/install/hardware_interface:/home/jowi/dev_ws/install/ros2_control_test_assets:/home/jowi/dev_ws/install/controller_manager_msgs:/home/jowi/dev_ws/install/control_msgs:${AMENT_PREFIX_PATH} CMAKE_PREFIX_PATH=/home/jowi/dev_ws/install/controller_manager:/home/jowi/dev_ws/install/hardware_interface_testing:/home/jowi/dev_ws/install/controller_interface:/home/jowi/dev_ws/install/hardware_interface:/home/jowi/dev_ws/install/ros2_control_test_assets:/home/jowi/dev_ws/install/controller_manager_msgs:/home/jowi/dev_ws/install/control_msgs:/opt/ros/humble LD_LIBRARY_PATH=/home/jowi/dev_ws/install/controller_manager/lib:/home/jowi/dev_ws/install/hardware_interface_testing/lib:/home/jowi/dev_ws/install/controller_interface/lib:/home/jowi/dev_ws/install/hardware_interface/lib:/home/jowi/dev_ws/install/controller_manager_msgs/lib:/home/jowi/dev_ws/install/control_msgs/lib:${LD_LIBRARY_PATH} PYTHONPATH=/home/jowi/dev_ws/install/controller_manager/local/lib/python3.10/dist-packages:/home/jowi/dev_ws/install/controller_manager_msgs/local/lib/python3.10/dist-packages:/home/jowi/dev_ws/install/control_msgs/local/lib/python3.10/dist-packages:${PYTHONPATH} /usr/local/bin/cmake --install /home/jowi/dev_ws/build/steering_controllers_library
