[0.080s] Invoking command in '/home/jowi/dev_ws/build/effort_controllers': AMENT_PREFIX_PATH=/home/jowi/dev_ws/install/forward_command_controller:/home/jowi/dev_ws/install/controller_manager:/home/jowi/dev_ws/install/hardware_interface_testing:/home/jowi/dev_ws/install/controller_interface:/home/jowi/dev_ws/install/hardware_interface:/home/jowi/dev_ws/install/ros2_control_test_assets:/home/jowi/dev_ws/install/controller_manager_msgs:/home/jowi/dev_ws/install/control_msgs:${AMENT_PREFIX_PATH} CMAKE_PREFIX_PATH=/home/jowi/dev_ws/install/forward_command_controller:/home/jowi/dev_ws/install/controller_manager:/home/jowi/dev_ws/install/hardware_interface_testing:/home/jowi/dev_ws/install/controller_interface:/home/jowi/dev_ws/install/hardware_interface:/home/jowi/dev_ws/install/ros2_control_test_assets:/home/jowi/dev_ws/install/controller_manager_msgs:/home/jowi/dev_ws/install/control_msgs:/opt/ros/humble LD_LIBRARY_PATH=/home/jowi/dev_ws/install/forward_command_controller/lib:/home/jowi/dev_ws/install/controller_manager/lib:/home/jowi/dev_ws/install/hardware_interface_testing/lib:/home/jowi/dev_ws/install/controller_interface/lib:/home/jowi/dev_ws/install/hardware_interface/lib:/home/jowi/dev_ws/install/controller_manager_msgs/lib:/home/jowi/dev_ws/install/control_msgs/lib:${LD_LIBRARY_PATH} PYTHONPATH=/home/jowi/dev_ws/install/controller_manager/local/lib/python3.10/dist-packages:/home/jowi/dev_ws/install/controller_manager_msgs/local/lib/python3.10/dist-packages:/home/jowi/dev_ws/install/control_msgs/local/lib/python3.10/dist-packages:${PYTHONPATH} /usr/local/bin/cmake --build /home/jowi/dev_ws/build/effort_controllers -- -j8 -l8
[0.157s] [ 18%] Built target gmock_main
[0.162s] [ 45%] Built target gmock
[0.176s] [ 54%] [32m[1mLinking CXX shared library libeffort_controllers.so[0m
[1.336s] [ 63%] Built target effort_controllers
[1.377s] [ 72%] [32m[1mLinking CXX executable test_joint_group_effort_controller[0m
[1.383s] [ 81%] [32m[1mLinking CXX executable test_load_joint_group_effort_controller[0m
[4.009s] [ 90%] Built target test_joint_group_effort_controller
[5.591s] [100%] Built target test_load_joint_group_effort_controller
[5.599s] Invoked command in '/home/jowi/dev_ws/build/effort_controllers' returned '0': AMENT_PREFIX_PATH=/home/jowi/dev_ws/install/forward_command_controller:/home/jowi/dev_ws/install/controller_manager:/home/jowi/dev_ws/install/hardware_interface_testing:/home/jowi/dev_ws/install/controller_interface:/home/jowi/dev_ws/install/hardware_interface:/home/jowi/dev_ws/install/ros2_control_test_assets:/home/jowi/dev_ws/install/controller_manager_msgs:/home/jowi/dev_ws/install/control_msgs:${AMENT_PREFIX_PATH} CMAKE_PREFIX_PATH=/home/jowi/dev_ws/install/forward_command_controller:/home/jowi/dev_ws/install/controller_manager:/home/jowi/dev_ws/install/hardware_interface_testing:/home/jowi/dev_ws/install/controller_interface:/home/jowi/dev_ws/install/hardware_interface:/home/jowi/dev_ws/install/ros2_control_test_assets:/home/jowi/dev_ws/install/controller_manager_msgs:/home/jowi/dev_ws/install/control_msgs:/opt/ros/humble LD_LIBRARY_PATH=/home/jowi/dev_ws/install/forward_command_controller/lib:/home/jowi/dev_ws/install/controller_manager/lib:/home/jowi/dev_ws/install/hardware_interface_testing/lib:/home/jowi/dev_ws/install/controller_interface/lib:/home/jowi/dev_ws/install/hardware_interface/lib:/home/jowi/dev_ws/install/controller_manager_msgs/lib:/home/jowi/dev_ws/install/control_msgs/lib:${LD_LIBRARY_PATH} PYTHONPATH=/home/jowi/dev_ws/install/controller_manager/local/lib/python3.10/dist-packages:/home/jowi/dev_ws/install/controller_manager_msgs/local/lib/python3.10/dist-packages:/home/jowi/dev_ws/install/control_msgs/local/lib/python3.10/dist-packages:${PYTHONPATH} /usr/local/bin/cmake --build /home/jowi/dev_ws/build/effort_controllers -- -j8 -l8
[5.602s] Invoking command in '/home/jowi/dev_ws/build/effort_controllers': AMENT_PREFIX_PATH=/home/jowi/dev_ws/install/forward_command_controller:/home/jowi/dev_ws/install/controller_manager:/home/jowi/dev_ws/install/hardware_interface_testing:/home/jowi/dev_ws/install/controller_interface:/home/jowi/dev_ws/install/hardware_interface:/home/jowi/dev_ws/install/ros2_control_test_assets:/home/jowi/dev_ws/install/controller_manager_msgs:/home/jowi/dev_ws/install/control_msgs:${AMENT_PREFIX_PATH} CMAKE_PREFIX_PATH=/home/jowi/dev_ws/install/forward_command_controller:/home/jowi/dev_ws/install/controller_manager:/home/jowi/dev_ws/install/hardware_interface_testing:/home/jowi/dev_ws/install/controller_interface:/home/jowi/dev_ws/install/hardware_interface:/home/jowi/dev_ws/install/ros2_control_test_assets:/home/jowi/dev_ws/install/controller_manager_msgs:/home/jowi/dev_ws/install/control_msgs:/opt/ros/humble LD_LIBRARY_PATH=/home/jowi/dev_ws/install/forward_command_controller/lib:/home/jowi/dev_ws/install/controller_manager/lib:/home/jowi/dev_ws/install/hardware_interface_testing/lib:/home/jowi/dev_ws/install/controller_interface/lib:/home/jowi/dev_ws/install/hardware_interface/lib:/home/jowi/dev_ws/install/controller_manager_msgs/lib:/home/jowi/dev_ws/install/control_msgs/lib:${LD_LIBRARY_PATH} PYTHONPATH=/home/jowi/dev_ws/install/controller_manager/local/lib/python3.10/dist-packages:/home/jowi/dev_ws/install/controller_manager_msgs/local/lib/python3.10/dist-packages:/home/jowi/dev_ws/install/control_msgs/local/lib/python3.10/dist-packages:${PYTHONPATH} /usr/local/bin/cmake --install /home/jowi/dev_ws/build/effort_controllers
[5.606s] -- Install configuration: ""
[5.607s] -- Execute custom install script
[5.608s] -- Up-to-date symlink: /home/jowi/dev_ws/install/effort_controllers/share/effort_controllers//effort_controllers_plugins.xml
[5.609s] -- Up-to-date symlink: /home/jowi/dev_ws/install/effort_controllers/include/effort_controllers/effort_controllers/joint_group_effort_controller.hpp
[5.610s] -- Up-to-date symlink: /home/jowi/dev_ws/install/effort_controllers/include/effort_controllers/effort_controllers/visibility_control.h
[5.610s] -- Up-to-date symlink: /home/jowi/dev_ws/install/effort_controllers/share/effort_controllers/environment/library_path.sh
[5.610s] -- Up-to-date symlink: /home/jowi/dev_ws/install/effort_controllers/share/effort_controllers/environment/library_path.dsv
[5.612s] -- Up-to-date symlink: /home/jowi/dev_ws/install/effort_controllers/share/ament_index/resource_index/package_run_dependencies/effort_controllers
[5.613s] -- Up-to-date symlink: /home/jowi/dev_ws/install/effort_controllers/share/ament_index/resource_index/parent_prefix_path/effort_controllers
[5.613s] -- Up-to-date symlink: /home/jowi/dev_ws/install/effort_controllers/share/effort_controllers/environment/ament_prefix_path.sh
[5.614s] -- Up-to-date symlink: /home/jowi/dev_ws/install/effort_controllers/share/effort_controllers/environment/ament_prefix_path.dsv
[5.614s] -- Up-to-date symlink: /home/jowi/dev_ws/install/effort_controllers/share/effort_controllers/environment/path.sh
[5.615s] -- Up-to-date symlink: /home/jowi/dev_ws/install/effort_controllers/share/effort_controllers/environment/path.dsv
[5.615s] -- Up-to-date symlink: /home/jowi/dev_ws/install/effort_controllers/share/effort_controllers/local_setup.bash
[5.616s] -- Up-to-date symlink: /home/jowi/dev_ws/install/effort_controllers/share/effort_controllers/local_setup.sh
[5.616s] -- Up-to-date symlink: /home/jowi/dev_ws/install/effort_controllers/share/effort_controllers/local_setup.zsh
[5.617s] -- Up-to-date symlink: /home/jowi/dev_ws/install/effort_controllers/share/effort_controllers/local_setup.dsv
[5.617s] -- Symlinking: /home/jowi/dev_ws/install/effort_controllers/share/effort_controllers/package.dsv
[5.623s] -- Up-to-date symlink: /home/jowi/dev_ws/install/effort_controllers/share/ament_index/resource_index/packages/effort_controllers
[5.624s] -- Up-to-date symlink: /home/jowi/dev_ws/install/effort_controllers/share/ament_index/resource_index/controller_interface__pluginlib__plugin/effort_controllers
[5.624s] -- Up-to-date symlink: /home/jowi/dev_ws/install/effort_controllers/share/effort_controllers/cmake/ament_cmake_export_targets-extras.cmake
[5.625s] -- Up-to-date symlink: /home/jowi/dev_ws/install/effort_controllers/share/effort_controllers/cmake/ament_cmake_export_dependencies-extras.cmake
[5.626s] -- Up-to-date symlink: /home/jowi/dev_ws/install/effort_controllers/share/effort_controllers/cmake/effort_controllersConfig.cmake
[5.627s] -- Up-to-date symlink: /home/jowi/dev_ws/install/effort_controllers/share/effort_controllers/cmake/effort_controllersConfig-version.cmake
[5.630s] -- Up-to-date symlink: /home/jowi/dev_ws/install/effort_controllers/share/effort_controllers/package.xml
[5.640s] -- Installing: /home/jowi/dev_ws/install/effort_controllers/lib/libeffort_controllers.so
[5.640s] -- Set non-toolchain portion of runtime path of "/home/jowi/dev_ws/install/effort_controllers/lib/libeffort_controllers.so" to ""
[5.646s] -- Up-to-date: /home/jowi/dev_ws/install/effort_controllers/share/effort_controllers/cmake/export_effort_controllersExport.cmake
[5.646s] -- Up-to-date: /home/jowi/dev_ws/install/effort_controllers/share/effort_controllers/cmake/export_effort_controllersExport-noconfig.cmake
[5.649s] Invoked command in '/home/jowi/dev_ws/build/effort_controllers' returned '0': AMENT_PREFIX_PATH=/home/jowi/dev_ws/install/forward_command_controller:/home/jowi/dev_ws/install/controller_manager:/home/jowi/dev_ws/install/hardware_interface_testing:/home/jowi/dev_ws/install/controller_interface:/home/jowi/dev_ws/install/hardware_interface:/home/jowi/dev_ws/install/ros2_control_test_assets:/home/jowi/dev_ws/install/controller_manager_msgs:/home/jowi/dev_ws/install/control_msgs:${AMENT_PREFIX_PATH} CMAKE_PREFIX_PATH=/home/jowi/dev_ws/install/forward_command_controller:/home/jowi/dev_ws/install/controller_manager:/home/jowi/dev_ws/install/hardware_interface_testing:/home/jowi/dev_ws/install/controller_interface:/home/jowi/dev_ws/install/hardware_interface:/home/jowi/dev_ws/install/ros2_control_test_assets:/home/jowi/dev_ws/install/controller_manager_msgs:/home/jowi/dev_ws/install/control_msgs:/opt/ros/humble LD_LIBRARY_PATH=/home/jowi/dev_ws/install/forward_command_controller/lib:/home/jowi/dev_ws/install/controller_manager/lib:/home/jowi/dev_ws/install/hardware_interface_testing/lib:/home/jowi/dev_ws/install/controller_interface/lib:/home/jowi/dev_ws/install/hardware_interface/lib:/home/jowi/dev_ws/install/controller_manager_msgs/lib:/home/jowi/dev_ws/install/control_msgs/lib:${LD_LIBRARY_PATH} PYTHONPATH=/home/jowi/dev_ws/install/controller_manager/local/lib/python3.10/dist-packages:/home/jowi/dev_ws/install/controller_manager_msgs/local/lib/python3.10/dist-packages:/home/jowi/dev_ws/install/control_msgs/local/lib/python3.10/dist-packages:${PYTHONPATH} /usr/local/bin/cmake --install /home/jowi/dev_ws/build/effort_controllers
